14:11:27 NeuralNetwork.py[37] INFO Activation relu loss type softmax
INFO (theano.gof.compilelock): Waiting for existing lock by process '19454' (I am process '19453')
14:11:28 compilelock.py[223] INFO Waiting for existing lock by process '19454' (I am process '19453')
INFO (theano.gof.compilelock): To manually release the lock, delete /home/tianbo/.theano/compiledir_Linux-2.6.32-71.el6.x86_64-x86_64-with-centos-6.0-Final-x86_64-2.7.6-64/lock_dir
14:11:28 compilelock.py[225] INFO To manually release the lock, delete /home/tianbo/.theano/compiledir_Linux-2.6.32-71.el6.x86_64-x86_64-with-centos-6.0-Final-x86_64-2.7.6-64/lock_dir
14:11:35 CNN.py[31] INFO Layer output: (100, 32, 14, 14)
14:11:35 CNN.py[31] INFO Layer output: (100, 32, 5, 5)
14:11:35 CNN.py[36] INFO Output to FC: 800
14:11:35 NeuralNetwork.py[56] INFO loading model from cnn/relu-softmax---epoch-99.model
14:11:35 NeuralNetwork.py[58] INFO Load done.
14:11:35 NeuralNetwork.py[60] INFO start fitting epoch 10 batchsize 100 LR [1e-05, 2e-05]
14:11:36 NeuralNetwork.py[79] INFO Epoch 0 Batch 0 Avg loss 0.489053
14:12:37 NeuralNetwork.py[79] INFO Epoch 0 Batch 79 Avg loss 0.543461
14:13:37 NeuralNetwork.py[79] INFO Epoch 0 Batch 158 Avg loss 0.541908
14:14:38 NeuralNetwork.py[79] INFO Epoch 0 Batch 237 Avg loss 0.537577
14:15:38 NeuralNetwork.py[79] INFO Epoch 0 Batch 316 Avg loss 0.530429
14:16:38 NeuralNetwork.py[79] INFO Epoch 0 Batch 394 Avg loss 0.524913
14:17:38 NeuralNetwork.py[79] INFO Epoch 0 Batch 473 Avg loss 0.516768
14:17:58 NeuralNetwork.py[86] INFO Epoch 0 Loss 0.515147 Time elapsed 382.875351
14:17:58 NeuralNetwork.py[193] INFO Model dumped to cnn/new-relu-softmax-epoch-0.model
14:17:59 NeuralNetwork.py[79] INFO Epoch 1 Batch 0 Avg loss 0.519726
14:18:59 NeuralNetwork.py[79] INFO Epoch 1 Batch 79 Avg loss 0.518161
14:20:00 NeuralNetwork.py[79] INFO Epoch 1 Batch 157 Avg loss 0.520398
14:21:00 NeuralNetwork.py[79] INFO Epoch 1 Batch 236 Avg loss 0.519492
14:22:00 NeuralNetwork.py[79] INFO Epoch 1 Batch 315 Avg loss 0.513987
14:23:00 NeuralNetwork.py[79] INFO Epoch 1 Batch 395 Avg loss 0.510718
14:24:01 NeuralNetwork.py[79] INFO Epoch 1 Batch 475 Avg loss 0.505316
14:24:19 NeuralNetwork.py[86] INFO Epoch 1 Loss 0.504189 Time elapsed 380.535328
14:24:19 NeuralNetwork.py[193] INFO Model dumped to cnn/new-relu-softmax-epoch-1.model
14:24:20 NeuralNetwork.py[79] INFO Epoch 2 Batch 0 Avg loss 0.516823
14:25:21 NeuralNetwork.py[79] INFO Epoch 2 Batch 80 Avg loss 0.510240
14:26:21 NeuralNetwork.py[79] INFO Epoch 2 Batch 160 Avg loss 0.513714
14:27:21 NeuralNetwork.py[79] INFO Epoch 2 Batch 239 Avg loss 0.511940
14:28:22 NeuralNetwork.py[79] INFO Epoch 2 Batch 318 Avg loss 0.507463
14:29:22 NeuralNetwork.py[79] INFO Epoch 2 Batch 397 Avg loss 0.505949
14:30:23 NeuralNetwork.py[79] INFO Epoch 2 Batch 476 Avg loss 0.500806
14:30:40 NeuralNetwork.py[86] INFO Epoch 2 Loss 0.500100 Time elapsed 381.265975
14:30:41 NeuralNetwork.py[193] INFO Model dumped to cnn/new-relu-softmax-epoch-2.model
14:30:41 NeuralNetwork.py[79] INFO Epoch 3 Batch 0 Avg loss 0.516044
14:31:42 NeuralNetwork.py[79] INFO Epoch 3 Batch 79 Avg loss 0.505774
14:32:42 NeuralNetwork.py[79] INFO Epoch 3 Batch 158 Avg loss 0.509065
14:33:43 NeuralNetwork.py[79] INFO Epoch 3 Batch 237 Avg loss 0.507871
14:34:43 NeuralNetwork.py[79] INFO Epoch 3 Batch 316 Avg loss 0.503892
14:35:43 NeuralNetwork.py[79] INFO Epoch 3 Batch 395 Avg loss 0.501799
14:36:44 NeuralNetwork.py[79] INFO Epoch 3 Batch 474 Avg loss 0.498096
14:37:03 NeuralNetwork.py[86] INFO Epoch 3 Loss 0.497323 Time elapsed 382.078709
14:37:03 NeuralNetwork.py[193] INFO Model dumped to cnn/new-relu-softmax-epoch-3.model
14:37:03 NeuralNetwork.py[79] INFO Epoch 4 Batch 0 Avg loss 0.513279
14:38:04 NeuralNetwork.py[79] INFO Epoch 4 Batch 80 Avg loss 0.501824
14:39:05 NeuralNetwork.py[79] INFO Epoch 4 Batch 160 Avg loss 0.505506
14:40:05 NeuralNetwork.py[79] INFO Epoch 4 Batch 239 Avg loss 0.504325
14:41:05 NeuralNetwork.py[79] INFO Epoch 4 Batch 318 Avg loss 0.500428
14:42:05 NeuralNetwork.py[79] INFO Epoch 4 Batch 397 Avg loss 0.499696
14:43:05 NeuralNetwork.py[79] INFO Epoch 4 Batch 475 Avg loss 0.495798
14:43:24 NeuralNetwork.py[86] INFO Epoch 4 Loss 0.495096 Time elapsed 380.928460
14:43:24 NeuralNetwork.py[193] INFO Model dumped to cnn/new-relu-softmax-epoch-4.model
14:43:24 NeuralNetwork.py[79] INFO Epoch 5 Batch 0 Avg loss 0.510371
14:44:25 NeuralNetwork.py[79] INFO Epoch 5 Batch 78 Avg loss 0.500767
14:45:25 NeuralNetwork.py[79] INFO Epoch 5 Batch 157 Avg loss 0.502156
14:46:25 NeuralNetwork.py[79] INFO Epoch 5 Batch 237 Avg loss 0.501898
14:47:26 NeuralNetwork.py[79] INFO Epoch 5 Batch 316 Avg loss 0.498357
14:48:26 NeuralNetwork.py[79] INFO Epoch 5 Batch 396 Avg loss 0.497134
14:49:27 NeuralNetwork.py[79] INFO Epoch 5 Batch 475 Avg loss 0.493935
14:49:45 NeuralNetwork.py[86] INFO Epoch 5 Loss 0.493283 Time elapsed 381.060510
14:49:45 NeuralNetwork.py[193] INFO Model dumped to cnn/new-relu-softmax-epoch-5.model
14:49:46 NeuralNetwork.py[79] INFO Epoch 6 Batch 0 Avg loss 0.507599
14:50:46 NeuralNetwork.py[79] INFO Epoch 6 Batch 79 Avg loss 0.496527
14:51:46 NeuralNetwork.py[79] INFO Epoch 6 Batch 158 Avg loss 0.500198
14:52:47 NeuralNetwork.py[79] INFO Epoch 6 Batch 237 Avg loss 0.499676
14:53:47 NeuralNetwork.py[79] INFO Epoch 6 Batch 316 Avg loss 0.496272
14:54:48 NeuralNetwork.py[79] INFO Epoch 6 Batch 395 Avg loss 0.494938
14:55:48 NeuralNetwork.py[79] INFO Epoch 6 Batch 474 Avg loss 0.492277
14:56:08 NeuralNetwork.py[86] INFO Epoch 6 Loss 0.491678 Time elapsed 382.745212
14:56:08 NeuralNetwork.py[193] INFO Model dumped to cnn/new-relu-softmax-epoch-6.model
14:56:08 NeuralNetwork.py[79] INFO Epoch 7 Batch 0 Avg loss 0.504369
14:57:09 NeuralNetwork.py[79] INFO Epoch 7 Batch 79 Avg loss 0.494467
14:58:09 NeuralNetwork.py[79] INFO Epoch 7 Batch 158 Avg loss 0.498106
14:59:10 NeuralNetwork.py[79] INFO Epoch 7 Batch 237 Avg loss 0.497707
15:00:10 NeuralNetwork.py[79] INFO Epoch 7 Batch 316 Avg loss 0.494439
15:01:10 NeuralNetwork.py[79] INFO Epoch 7 Batch 395 Avg loss 0.493253
15:02:11 NeuralNetwork.py[79] INFO Epoch 7 Batch 474 Avg loss 0.490800
15:02:30 NeuralNetwork.py[86] INFO Epoch 7 Loss 0.490220 Time elapsed 382.057468
15:02:30 NeuralNetwork.py[193] INFO Model dumped to cnn/new-relu-softmax-epoch-7.model
15:02:31 NeuralNetwork.py[79] INFO Epoch 8 Batch 0 Avg loss 0.501351
15:03:31 NeuralNetwork.py[79] INFO Epoch 8 Batch 79 Avg loss 0.492581
15:04:31 NeuralNetwork.py[79] INFO Epoch 8 Batch 158 Avg loss 0.496237
15:05:31 NeuralNetwork.py[79] INFO Epoch 8 Batch 237 Avg loss 0.495966
15:06:32 NeuralNetwork.py[79] INFO Epoch 8 Batch 316 Avg loss 0.492807
15:07:32 NeuralNetwork.py[79] INFO Epoch 8 Batch 395 Avg loss 0.491771
15:08:33 NeuralNetwork.py[79] INFO Epoch 8 Batch 474 Avg loss 0.489484
15:08:52 NeuralNetwork.py[86] INFO Epoch 8 Loss 0.488924 Time elapsed 382.404413
15:08:52 NeuralNetwork.py[193] INFO Model dumped to cnn/new-relu-softmax-epoch-8.model
15:08:53 NeuralNetwork.py[79] INFO Epoch 9 Batch 0 Avg loss 0.498864
15:09:53 NeuralNetwork.py[79] INFO Epoch 9 Batch 79 Avg loss 0.490950
15:10:53 NeuralNetwork.py[79] INFO Epoch 9 Batch 158 Avg loss 0.494634
15:11:54 NeuralNetwork.py[79] INFO Epoch 9 Batch 237 Avg loss 0.494437
15:12:55 NeuralNetwork.py[79] INFO Epoch 9 Batch 316 Avg loss 0.491340
15:13:55 NeuralNetwork.py[79] INFO Epoch 9 Batch 395 Avg loss 0.490415
15:14:56 NeuralNetwork.py[79] INFO Epoch 9 Batch 474 Avg loss 0.488267
15:15:15 NeuralNetwork.py[86] INFO Epoch 9 Loss 0.487717 Time elapsed 382.293011
15:15:15 NeuralNetwork.py[193] INFO Model dumped to cnn/new-relu-softmax-epoch-9.model
15:15:15 NeuralNetwork.py[148] INFO Start testing: len 10000 batch_size 100
15:15:45 NeuralNetwork.py[161] INFO Done forward. Outputs: 10000
15:15:45 NeuralNetwork.py[165] INFO 10000 tested.
(0.69650000000000001, array([[705,  33,  65,  24,  30,  10,  15,   7,  76,  35],
       [ 27, 799,   3,  12,   8,   5,  14,   4,  30,  98],
       [ 73,   8, 538,  73,  80,  73,  76,  51,  18,  10],
       [ 26,  12,  54, 485,  87, 181,  79,  40,  19,  17],
       [ 12,   7,  55,  55, 690,  35,  50,  73,  18,   5],
       [ 13,   3,  38, 176,  45, 607,  27,  72,   7,  12],
       [ 10,   4,  29,  58,  41,  23, 796,  19,  12,   8],
       [ 15,   2,  40,  35,  69,  80,  15, 728,   3,  13],
       [ 53,  35,  15,  12,   8,  11,   6,   3, 820,  37],
       [ 35,  76,   9,   9,   7,  10,  11,  23,  23, 797]]))
