02:05:14 NeuralNetwork.py[37] INFO Activation sigmoid loss type mse
INFO (theano.gof.compilelock): Waiting for existing lock by process '28629' (I am process '28627')
02:05:14 compilelock.py[223] INFO Waiting for existing lock by process '28629' (I am process '28627')
INFO (theano.gof.compilelock): To manually release the lock, delete /home/tianbo/.theano/compiledir_Linux-2.6.32-71.el6.x86_64-x86_64-with-centos-6.0-Final-x86_64-2.7.6-64/lock_dir
02:05:14 compilelock.py[225] INFO To manually release the lock, delete /home/tianbo/.theano/compiledir_Linux-2.6.32-71.el6.x86_64-x86_64-with-centos-6.0-Final-x86_64-2.7.6-64/lock_dir
02:05:20 CNN.py[31] INFO Layer output: (100, 32, 14, 14)
02:05:20 CNN.py[31] INFO Layer output: (100, 32, 5, 5)
02:05:20 CNN.py[36] INFO Output to FC: 800
02:05:20 NeuralNetwork.py[60] INFO start fitting epoch 100 batchsize 100 LR [0.0001, 0.0002]
02:05:21 NeuralNetwork.py[79] INFO Epoch 0 Batch 0 Avg loss 1.252134
02:06:21 NeuralNetwork.py[79] INFO Epoch 0 Batch 74 Avg loss 0.876328
02:07:22 NeuralNetwork.py[79] INFO Epoch 0 Batch 147 Avg loss 0.701899
02:08:22 NeuralNetwork.py[79] INFO Epoch 0 Batch 220 Avg loss 0.624840
02:09:22 NeuralNetwork.py[79] INFO Epoch 0 Batch 293 Avg loss 0.583094
02:10:22 NeuralNetwork.py[79] INFO Epoch 0 Batch 365 Avg loss 0.557486
02:11:23 NeuralNetwork.py[79] INFO Epoch 0 Batch 437 Avg loss 0.540051
02:12:13 NeuralNetwork.py[86] INFO Epoch 0 Loss 0.528980 Time elapsed 412.957406
02:12:13 NeuralNetwork.py[193] INFO Model dumped to cnn/sigmoid-mse---epoch-0.model
02:12:14 NeuralNetwork.py[79] INFO Epoch 1 Batch 0 Avg loss 0.450621
02:13:15 NeuralNetwork.py[79] INFO Epoch 1 Batch 74 Avg loss 0.450453
02:14:15 NeuralNetwork.py[79] INFO Epoch 1 Batch 148 Avg loss 0.450356
02:15:16 NeuralNetwork.py[79] INFO Epoch 1 Batch 222 Avg loss 0.450291
02:16:16 NeuralNetwork.py[79] INFO Epoch 1 Batch 296 Avg loss 0.450246
02:17:16 NeuralNetwork.py[79] INFO Epoch 1 Batch 370 Avg loss 0.450214
02:18:16 NeuralNetwork.py[79] INFO Epoch 1 Batch 444 Avg loss 0.450187
02:19:01 NeuralNetwork.py[86] INFO Epoch 1 Loss 0.450172 Time elapsed 407.835364
02:19:01 NeuralNetwork.py[193] INFO Model dumped to cnn/sigmoid-mse---epoch-1.model
02:19:02 NeuralNetwork.py[79] INFO Epoch 2 Batch 0 Avg loss 0.450070
02:20:02 NeuralNetwork.py[79] INFO Epoch 2 Batch 74 Avg loss 0.450044
02:21:02 NeuralNetwork.py[79] INFO Epoch 2 Batch 148 Avg loss 0.450039
02:22:02 NeuralNetwork.py[79] INFO Epoch 2 Batch 222 Avg loss 0.450036
02:23:02 NeuralNetwork.py[79] INFO Epoch 2 Batch 296 Avg loss 0.450035
02:24:03 NeuralNetwork.py[79] INFO Epoch 2 Batch 370 Avg loss 0.450035
02:25:03 NeuralNetwork.py[79] INFO Epoch 2 Batch 444 Avg loss 0.450033
02:25:48 NeuralNetwork.py[86] INFO Epoch 2 Loss 0.450032 Time elapsed 406.323784
02:25:48 NeuralNetwork.py[193] INFO Model dumped to cnn/sigmoid-mse---epoch-2.model
02:25:48 NeuralNetwork.py[79] INFO Epoch 3 Batch 0 Avg loss 0.450051
02:26:49 NeuralNetwork.py[79] INFO Epoch 3 Batch 74 Avg loss 0.450029
02:27:49 NeuralNetwork.py[79] INFO Epoch 3 Batch 148 Avg loss 0.450027
02:28:50 NeuralNetwork.py[79] INFO Epoch 3 Batch 222 Avg loss 0.450026
02:29:50 NeuralNetwork.py[79] INFO Epoch 3 Batch 296 Avg loss 0.450026
02:30:50 NeuralNetwork.py[79] INFO Epoch 3 Batch 370 Avg loss 0.450027
02:31:50 NeuralNetwork.py[79] INFO Epoch 3 Batch 444 Avg loss 0.450026
02:32:35 NeuralNetwork.py[86] INFO Epoch 3 Loss 0.450026 Time elapsed 407.367922
02:32:35 NeuralNetwork.py[193] INFO Model dumped to cnn/sigmoid-mse---epoch-3.model
02:32:36 NeuralNetwork.py[79] INFO Epoch 4 Batch 0 Avg loss 0.450050
02:33:37 NeuralNetwork.py[79] INFO Epoch 4 Batch 75 Avg loss 0.450028
02:34:37 NeuralNetwork.py[79] INFO Epoch 4 Batch 149 Avg loss 0.450026
02:35:37 NeuralNetwork.py[79] INFO Epoch 4 Batch 223 Avg loss 0.450025
02:36:38 NeuralNetwork.py[79] INFO Epoch 4 Batch 298 Avg loss 0.450025
02:37:38 NeuralNetwork.py[79] INFO Epoch 4 Batch 372 Avg loss 0.450026
02:38:39 NeuralNetwork.py[79] INFO Epoch 4 Batch 447 Avg loss 0.450025
02:39:21 NeuralNetwork.py[86] INFO Epoch 4 Loss 0.450025 Time elapsed 406.162358
02:39:21 NeuralNetwork.py[193] INFO Model dumped to cnn/sigmoid-mse---epoch-4.model
02:39:22 NeuralNetwork.py[79] INFO Epoch 5 Batch 0 Avg loss 0.450050
02:40:23 NeuralNetwork.py[79] INFO Epoch 5 Batch 75 Avg loss 0.450028
02:41:24 NeuralNetwork.py[79] INFO Epoch 5 Batch 149 Avg loss 0.450026
02:42:24 NeuralNetwork.py[79] INFO Epoch 5 Batch 223 Avg loss 0.450024
02:43:24 NeuralNetwork.py[79] INFO Epoch 5 Batch 298 Avg loss 0.450025
02:44:25 NeuralNetwork.py[79] INFO Epoch 5 Batch 373 Avg loss 0.450026
02:45:25 NeuralNetwork.py[79] INFO Epoch 5 Batch 447 Avg loss 0.450025
02:46:07 NeuralNetwork.py[86] INFO Epoch 5 Loss 0.450025 Time elapsed 405.847515
02:46:07 NeuralNetwork.py[193] INFO Model dumped to cnn/sigmoid-mse---epoch-5.model
02:46:08 NeuralNetwork.py[79] INFO Epoch 6 Batch 0 Avg loss 0.450050
02:47:09 NeuralNetwork.py[79] INFO Epoch 6 Batch 75 Avg loss 0.450028
02:48:09 NeuralNetwork.py[79] INFO Epoch 6 Batch 149 Avg loss 0.450026
02:49:09 NeuralNetwork.py[79] INFO Epoch 6 Batch 223 Avg loss 0.450024
02:50:10 NeuralNetwork.py[79] INFO Epoch 6 Batch 298 Avg loss 0.450025
02:51:10 NeuralNetwork.py[79] INFO Epoch 6 Batch 372 Avg loss 0.450026
02:52:11 NeuralNetwork.py[79] INFO Epoch 6 Batch 447 Avg loss 0.450025
02:52:53 NeuralNetwork.py[86] INFO Epoch 6 Loss 0.450025 Time elapsed 405.795005
02:52:53 NeuralNetwork.py[193] INFO Model dumped to cnn/sigmoid-mse---epoch-6.model
02:52:54 NeuralNetwork.py[79] INFO Epoch 7 Batch 0 Avg loss 0.450051
02:53:55 NeuralNetwork.py[79] INFO Epoch 7 Batch 75 Avg loss 0.450028
02:54:56 NeuralNetwork.py[79] INFO Epoch 7 Batch 150 Avg loss 0.450025
02:55:56 NeuralNetwork.py[79] INFO Epoch 7 Batch 225 Avg loss 0.450024
02:56:57 NeuralNetwork.py[79] INFO Epoch 7 Batch 299 Avg loss 0.450025
02:57:57 NeuralNetwork.py[79] INFO Epoch 7 Batch 374 Avg loss 0.450025
02:58:58 NeuralNetwork.py[79] INFO Epoch 7 Batch 449 Avg loss 0.450025
02:59:39 NeuralNetwork.py[86] INFO Epoch 7 Loss 0.450025 Time elapsed 405.539405
02:59:39 NeuralNetwork.py[193] INFO Model dumped to cnn/sigmoid-mse---epoch-7.model
02:59:40 NeuralNetwork.py[79] INFO Epoch 8 Batch 0 Avg loss 0.450051
03:00:40 NeuralNetwork.py[79] INFO Epoch 8 Batch 75 Avg loss 0.450028
03:01:41 NeuralNetwork.py[79] INFO Epoch 8 Batch 150 Avg loss 0.450025
03:02:42 NeuralNetwork.py[79] INFO Epoch 8 Batch 225 Avg loss 0.450024
03:03:42 NeuralNetwork.py[79] INFO Epoch 8 Batch 300 Avg loss 0.450025
03:04:43 NeuralNetwork.py[79] INFO Epoch 8 Batch 375 Avg loss 0.450025
03:05:43 NeuralNetwork.py[79] INFO Epoch 8 Batch 449 Avg loss 0.450025
03:06:24 NeuralNetwork.py[86] INFO Epoch 8 Loss 0.450025 Time elapsed 404.875776
03:06:24 NeuralNetwork.py[193] INFO Model dumped to cnn/sigmoid-mse---epoch-8.model
03:06:25 NeuralNetwork.py[79] INFO Epoch 9 Batch 0 Avg loss 0.450052
03:07:25 NeuralNetwork.py[79] INFO Epoch 9 Batch 74 Avg loss 0.450028
03:08:25 NeuralNetwork.py[79] INFO Epoch 9 Batch 148 Avg loss 0.450025
03:09:26 NeuralNetwork.py[79] INFO Epoch 9 Batch 223 Avg loss 0.450024
03:10:27 NeuralNetwork.py[79] INFO Epoch 9 Batch 298 Avg loss 0.450025
03:11:27 NeuralNetwork.py[79] INFO Epoch 9 Batch 373 Avg loss 0.450026
03:12:28 NeuralNetwork.py[79] INFO Epoch 9 Batch 447 Avg loss 0.450025
03:13:10 NeuralNetwork.py[86] INFO Epoch 9 Loss 0.450025 Time elapsed 405.716333
03:13:10 NeuralNetwork.py[193] INFO Model dumped to cnn/sigmoid-mse---epoch-9.model
03:13:11 NeuralNetwork.py[79] INFO Epoch 10 Batch 0 Avg loss 0.450052
03:14:11 NeuralNetwork.py[79] INFO Epoch 10 Batch 68 Avg loss 0.450026
03:15:11 NeuralNetwork.py[79] INFO Epoch 10 Batch 143 Avg loss 0.450024
03:16:12 NeuralNetwork.py[79] INFO Epoch 10 Batch 218 Avg loss 0.450024
03:17:13 NeuralNetwork.py[79] INFO Epoch 10 Batch 292 Avg loss 0.450024
03:18:13 NeuralNetwork.py[79] INFO Epoch 10 Batch 367 Avg loss 0.450026
03:19:14 NeuralNetwork.py[79] INFO Epoch 10 Batch 442 Avg loss 0.450025
03:20:00 NeuralNetwork.py[86] INFO Epoch 10 Loss 0.450025 Time elapsed 410.496371
03:20:00 NeuralNetwork.py[193] INFO Model dumped to cnn/sigmoid-mse---epoch-10.model
03:20:01 NeuralNetwork.py[79] INFO Epoch 11 Batch 0 Avg loss 0.450053
03:21:01 NeuralNetwork.py[79] INFO Epoch 11 Batch 74 Avg loss 0.450028
03:22:01 NeuralNetwork.py[79] INFO Epoch 11 Batch 148 Avg loss 0.450025
03:23:02 NeuralNetwork.py[79] INFO Epoch 11 Batch 222 Avg loss 0.450024
03:24:02 NeuralNetwork.py[79] INFO Epoch 11 Batch 297 Avg loss 0.450025
03:25:02 NeuralNetwork.py[79] INFO Epoch 11 Batch 371 Avg loss 0.450026
03:26:03 NeuralNetwork.py[79] INFO Epoch 11 Batch 442 Avg loss 0.450025
03:26:49 NeuralNetwork.py[86] INFO Epoch 11 Loss 0.450025 Time elapsed 409.054073
03:26:50 NeuralNetwork.py[193] INFO Model dumped to cnn/sigmoid-mse---epoch-11.model
03:26:50 NeuralNetwork.py[79] INFO Epoch 12 Batch 0 Avg loss 0.450053
03:27:51 NeuralNetwork.py[79] INFO Epoch 12 Batch 74 Avg loss 0.450028
03:28:52 NeuralNetwork.py[79] INFO Epoch 12 Batch 148 Avg loss 0.450025
03:29:52 NeuralNetwork.py[79] INFO Epoch 12 Batch 222 Avg loss 0.450024
03:30:53 NeuralNetwork.py[79] INFO Epoch 12 Batch 296 Avg loss 0.450024
03:31:54 NeuralNetwork.py[79] INFO Epoch 12 Batch 370 Avg loss 0.450026
03:32:54 NeuralNetwork.py[79] INFO Epoch 12 Batch 444 Avg loss 0.450025
03:33:39 NeuralNetwork.py[86] INFO Epoch 12 Loss 0.450025 Time elapsed 409.693191
03:33:39 NeuralNetwork.py[193] INFO Model dumped to cnn/sigmoid-mse---epoch-12.model
03:33:40 NeuralNetwork.py[79] INFO Epoch 13 Batch 0 Avg loss 0.450053
03:34:41 NeuralNetwork.py[79] INFO Epoch 13 Batch 74 Avg loss 0.450028
03:35:41 NeuralNetwork.py[79] INFO Epoch 13 Batch 148 Avg loss 0.450025
03:36:42 NeuralNetwork.py[79] INFO Epoch 13 Batch 222 Avg loss 0.450024
03:37:42 NeuralNetwork.py[79] INFO Epoch 13 Batch 295 Avg loss 0.450024
03:38:43 NeuralNetwork.py[79] INFO Epoch 13 Batch 369 Avg loss 0.450026
03:39:43 NeuralNetwork.py[79] INFO Epoch 13 Batch 443 Avg loss 0.450025
03:40:29 NeuralNetwork.py[86] INFO Epoch 13 Loss 0.450025 Time elapsed 409.938554
03:40:29 NeuralNetwork.py[193] INFO Model dumped to cnn/sigmoid-mse---epoch-13.model
03:40:30 NeuralNetwork.py[79] INFO Epoch 14 Batch 0 Avg loss 0.450054
03:41:31 NeuralNetwork.py[79] INFO Epoch 14 Batch 74 Avg loss 0.450028
03:42:31 NeuralNetwork.py[79] INFO Epoch 14 Batch 148 Avg loss 0.450025
03:43:32 NeuralNetwork.py[79] INFO Epoch 14 Batch 222 Avg loss 0.450024
03:44:32 NeuralNetwork.py[79] INFO Epoch 14 Batch 296 Avg loss 0.450024
03:45:33 NeuralNetwork.py[79] INFO Epoch 14 Batch 370 Avg loss 0.450026
03:46:34 NeuralNetwork.py[79] INFO Epoch 14 Batch 444 Avg loss 0.450025
03:47:19 NeuralNetwork.py[86] INFO Epoch 14 Loss 0.450025 Time elapsed 409.378290
03:47:19 NeuralNetwork.py[193] INFO Model dumped to cnn/sigmoid-mse---epoch-14.model
03:47:20 NeuralNetwork.py[79] INFO Epoch 15 Batch 0 Avg loss 0.450054
03:48:20 NeuralNetwork.py[79] INFO Epoch 15 Batch 74 Avg loss 0.450028
03:49:21 NeuralNetwork.py[79] INFO Epoch 15 Batch 148 Avg loss 0.450025
03:50:21 NeuralNetwork.py[79] INFO Epoch 15 Batch 222 Avg loss 0.450024
03:51:22 NeuralNetwork.py[79] INFO Epoch 15 Batch 296 Avg loss 0.450024
03:52:22 NeuralNetwork.py[79] INFO Epoch 15 Batch 370 Avg loss 0.450026
03:53:22 NeuralNetwork.py[79] INFO Epoch 15 Batch 443 Avg loss 0.450025
03:54:08 NeuralNetwork.py[86] INFO Epoch 15 Loss 0.450025 Time elapsed 409.548572
03:54:08 NeuralNetwork.py[193] INFO Model dumped to cnn/sigmoid-mse---epoch-15.model
03:54:09 NeuralNetwork.py[79] INFO Epoch 16 Batch 0 Avg loss 0.450055
03:55:10 NeuralNetwork.py[79] INFO Epoch 16 Batch 74 Avg loss 0.450028
03:56:11 NeuralNetwork.py[79] INFO Epoch 16 Batch 148 Avg loss 0.450025
03:57:11 NeuralNetwork.py[79] INFO Epoch 16 Batch 222 Avg loss 0.450024
03:58:12 NeuralNetwork.py[79] INFO Epoch 16 Batch 296 Avg loss 0.450024
03:59:12 NeuralNetwork.py[79] INFO Epoch 16 Batch 370 Avg loss 0.450026
04:00:13 NeuralNetwork.py[79] INFO Epoch 16 Batch 444 Avg loss 0.450025
04:00:59 NeuralNetwork.py[86] INFO Epoch 16 Loss 0.450025 Time elapsed 410.244783
04:00:59 NeuralNetwork.py[193] INFO Model dumped to cnn/sigmoid-mse---epoch-16.model
04:01:00 NeuralNetwork.py[79] INFO Epoch 17 Batch 0 Avg loss 0.450055
04:02:00 NeuralNetwork.py[79] INFO Epoch 17 Batch 74 Avg loss 0.450028
04:03:01 NeuralNetwork.py[79] INFO Epoch 17 Batch 148 Avg loss 0.450025
04:04:02 NeuralNetwork.py[79] INFO Epoch 17 Batch 222 Avg loss 0.450024
04:05:02 NeuralNetwork.py[79] INFO Epoch 17 Batch 296 Avg loss 0.450024
04:06:03 NeuralNetwork.py[79] INFO Epoch 17 Batch 370 Avg loss 0.450026
04:07:03 NeuralNetwork.py[79] INFO Epoch 17 Batch 444 Avg loss 0.450025
04:07:48 NeuralNetwork.py[86] INFO Epoch 17 Loss 0.450025 Time elapsed 409.438408
04:07:48 NeuralNetwork.py[193] INFO Model dumped to cnn/sigmoid-mse---epoch-17.model
04:07:49 NeuralNetwork.py[79] INFO Epoch 18 Batch 0 Avg loss 0.450056
04:08:50 NeuralNetwork.py[79] INFO Epoch 18 Batch 74 Avg loss 0.450028
04:09:50 NeuralNetwork.py[79] INFO Epoch 18 Batch 148 Avg loss 0.450025
04:10:51 NeuralNetwork.py[79] INFO Epoch 18 Batch 222 Avg loss 0.450024
04:11:52 NeuralNetwork.py[79] INFO Epoch 18 Batch 296 Avg loss 0.450024
04:12:52 NeuralNetwork.py[79] INFO Epoch 18 Batch 370 Avg loss 0.450026
04:13:53 NeuralNetwork.py[79] INFO Epoch 18 Batch 444 Avg loss 0.450025
04:14:38 NeuralNetwork.py[86] INFO Epoch 18 Loss 0.450025 Time elapsed 409.659105
04:14:38 NeuralNetwork.py[193] INFO Model dumped to cnn/sigmoid-mse---epoch-18.model
04:14:39 NeuralNetwork.py[79] INFO Epoch 19 Batch 0 Avg loss 0.450056
04:15:40 NeuralNetwork.py[79] INFO Epoch 19 Batch 74 Avg loss 0.450028
04:16:40 NeuralNetwork.py[79] INFO Epoch 19 Batch 148 Avg loss 0.450025
04:17:41 NeuralNetwork.py[79] INFO Epoch 19 Batch 222 Avg loss 0.450024
04:18:42 NeuralNetwork.py[79] INFO Epoch 19 Batch 296 Avg loss 0.450024
04:19:42 NeuralNetwork.py[79] INFO Epoch 19 Batch 370 Avg loss 0.450026
04:20:43 NeuralNetwork.py[79] INFO Epoch 19 Batch 444 Avg loss 0.450025
04:21:28 NeuralNetwork.py[86] INFO Epoch 19 Loss 0.450025 Time elapsed 409.951015
04:21:28 NeuralNetwork.py[193] INFO Model dumped to cnn/sigmoid-mse---epoch-19.model
04:21:29 NeuralNetwork.py[79] INFO Epoch 20 Batch 0 Avg loss 0.450056
04:22:30 NeuralNetwork.py[79] INFO Epoch 20 Batch 74 Avg loss 0.450028
04:23:30 NeuralNetwork.py[79] INFO Epoch 20 Batch 148 Avg loss 0.450025
04:24:31 NeuralNetwork.py[79] INFO Epoch 20 Batch 222 Avg loss 0.450024
04:25:32 NeuralNetwork.py[79] INFO Epoch 20 Batch 296 Avg loss 0.450024
04:26:32 NeuralNetwork.py[79] INFO Epoch 20 Batch 370 Avg loss 0.450026
04:27:33 NeuralNetwork.py[79] INFO Epoch 20 Batch 442 Avg loss 0.450025
04:28:24 NeuralNetwork.py[86] INFO Epoch 20 Loss 0.450025 Time elapsed 415.595580
04:28:24 NeuralNetwork.py[193] INFO Model dumped to cnn/sigmoid-mse---epoch-20.model
04:28:25 NeuralNetwork.py[79] INFO Epoch 21 Batch 0 Avg loss 0.450057
04:29:25 NeuralNetwork.py[79] INFO Epoch 21 Batch 74 Avg loss 0.450028
04:30:26 NeuralNetwork.py[79] INFO Epoch 21 Batch 148 Avg loss 0.450025
04:31:27 NeuralNetwork.py[79] INFO Epoch 21 Batch 222 Avg loss 0.450024
04:32:28 NeuralNetwork.py[79] INFO Epoch 21 Batch 296 Avg loss 0.450024
04:33:28 NeuralNetwork.py[79] INFO Epoch 21 Batch 370 Avg loss 0.450026
04:34:29 NeuralNetwork.py[79] INFO Epoch 21 Batch 443 Avg loss 0.450025
04:35:15 NeuralNetwork.py[86] INFO Epoch 21 Loss 0.450025 Time elapsed 410.655208
04:35:15 NeuralNetwork.py[193] INFO Model dumped to cnn/sigmoid-mse---epoch-21.model
04:35:16 NeuralNetwork.py[79] INFO Epoch 22 Batch 0 Avg loss 0.450057
04:36:16 NeuralNetwork.py[79] INFO Epoch 22 Batch 74 Avg loss 0.450028
04:37:17 NeuralNetwork.py[79] INFO Epoch 22 Batch 148 Avg loss 0.450025
04:38:18 NeuralNetwork.py[79] INFO Epoch 22 Batch 222 Avg loss 0.450024
04:39:18 NeuralNetwork.py[79] INFO Epoch 22 Batch 296 Avg loss 0.450024
04:40:19 NeuralNetwork.py[79] INFO Epoch 22 Batch 370 Avg loss 0.450026
04:41:20 NeuralNetwork.py[79] INFO Epoch 22 Batch 444 Avg loss 0.450025
04:42:05 NeuralNetwork.py[86] INFO Epoch 22 Loss 0.450025 Time elapsed 410.370852
04:42:05 NeuralNetwork.py[193] INFO Model dumped to cnn/sigmoid-mse---epoch-22.model
04:42:06 NeuralNetwork.py[79] INFO Epoch 23 Batch 0 Avg loss 0.450058
04:43:06 NeuralNetwork.py[79] INFO Epoch 23 Batch 73 Avg loss 0.450028
04:44:07 NeuralNetwork.py[79] INFO Epoch 23 Batch 147 Avg loss 0.450025
04:45:08 NeuralNetwork.py[79] INFO Epoch 23 Batch 221 Avg loss 0.450024
04:46:08 NeuralNetwork.py[79] INFO Epoch 23 Batch 295 Avg loss 0.450024
04:47:09 NeuralNetwork.py[79] INFO Epoch 23 Batch 369 Avg loss 0.450026
04:48:09 NeuralNetwork.py[79] INFO Epoch 23 Batch 442 Avg loss 0.450025
04:48:56 NeuralNetwork.py[86] INFO Epoch 23 Loss 0.450025 Time elapsed 411.077642
04:48:56 NeuralNetwork.py[193] INFO Model dumped to cnn/sigmoid-mse---epoch-23.model
04:48:57 NeuralNetwork.py[79] INFO Epoch 24 Batch 0 Avg loss 0.450058
04:49:58 NeuralNetwork.py[79] INFO Epoch 24 Batch 74 Avg loss 0.450028
04:50:59 NeuralNetwork.py[79] INFO Epoch 24 Batch 148 Avg loss 0.450025
04:51:59 NeuralNetwork.py[79] INFO Epoch 24 Batch 221 Avg loss 0.450024
04:52:59 NeuralNetwork.py[79] INFO Epoch 24 Batch 294 Avg loss 0.450024
04:53:59 NeuralNetwork.py[79] INFO Epoch 24 Batch 367 Avg loss 0.450026
04:55:00 NeuralNetwork.py[79] INFO Epoch 24 Batch 441 Avg loss 0.450025
04:55:47 NeuralNetwork.py[86] INFO Epoch 24 Loss 0.450025 Time elapsed 410.789422
04:55:47 NeuralNetwork.py[193] INFO Model dumped to cnn/sigmoid-mse---epoch-24.model
04:55:48 NeuralNetwork.py[79] INFO Epoch 25 Batch 0 Avg loss 0.450058
04:56:48 NeuralNetwork.py[79] INFO Epoch 25 Batch 73 Avg loss 0.450028
04:57:48 NeuralNetwork.py[79] INFO Epoch 25 Batch 146 Avg loss 0.450025
04:58:49 NeuralNetwork.py[79] INFO Epoch 25 Batch 220 Avg loss 0.450024
04:59:49 NeuralNetwork.py[79] INFO Epoch 25 Batch 293 Avg loss 0.450024
05:00:50 NeuralNetwork.py[79] INFO Epoch 25 Batch 367 Avg loss 0.450026
05:01:50 NeuralNetwork.py[79] INFO Epoch 25 Batch 440 Avg loss 0.450025
05:02:39 NeuralNetwork.py[86] INFO Epoch 25 Loss 0.450025 Time elapsed 411.417307
05:02:39 NeuralNetwork.py[193] INFO Model dumped to cnn/sigmoid-mse---epoch-25.model
05:02:40 NeuralNetwork.py[79] INFO Epoch 26 Batch 0 Avg loss 0.450059
05:03:40 NeuralNetwork.py[79] INFO Epoch 26 Batch 73 Avg loss 0.450028
05:04:40 NeuralNetwork.py[79] INFO Epoch 26 Batch 146 Avg loss 0.450025
05:05:40 NeuralNetwork.py[79] INFO Epoch 26 Batch 220 Avg loss 0.450024
05:06:40 NeuralNetwork.py[79] INFO Epoch 26 Batch 293 Avg loss 0.450024
05:07:41 NeuralNetwork.py[79] INFO Epoch 26 Batch 366 Avg loss 0.450025
05:08:41 NeuralNetwork.py[79] INFO Epoch 26 Batch 439 Avg loss 0.450025
05:09:31 NeuralNetwork.py[86] INFO Epoch 26 Loss 0.450025 Time elapsed 411.942951
05:09:31 NeuralNetwork.py[193] INFO Model dumped to cnn/sigmoid-mse---epoch-26.model
05:09:32 NeuralNetwork.py[79] INFO Epoch 27 Batch 0 Avg loss 0.450059
05:10:32 NeuralNetwork.py[79] INFO Epoch 27 Batch 73 Avg loss 0.450028
05:11:32 NeuralNetwork.py[79] INFO Epoch 27 Batch 146 Avg loss 0.450025
05:12:32 NeuralNetwork.py[79] INFO Epoch 27 Batch 219 Avg loss 0.450024
05:13:33 NeuralNetwork.py[79] INFO Epoch 27 Batch 293 Avg loss 0.450024
05:14:33 NeuralNetwork.py[79] INFO Epoch 27 Batch 366 Avg loss 0.450025
05:15:33 NeuralNetwork.py[79] INFO Epoch 27 Batch 439 Avg loss 0.450025
05:16:23 NeuralNetwork.py[86] INFO Epoch 27 Loss 0.450025 Time elapsed 412.192507
05:16:23 NeuralNetwork.py[193] INFO Model dumped to cnn/sigmoid-mse---epoch-27.model
05:16:24 NeuralNetwork.py[79] INFO Epoch 28 Batch 0 Avg loss 0.450060
05:17:25 NeuralNetwork.py[79] INFO Epoch 28 Batch 74 Avg loss 0.450028
05:18:25 NeuralNetwork.py[79] INFO Epoch 28 Batch 147 Avg loss 0.450025
05:19:25 NeuralNetwork.py[79] INFO Epoch 28 Batch 220 Avg loss 0.450024
05:20:26 NeuralNetwork.py[79] INFO Epoch 28 Batch 294 Avg loss 0.450024
05:21:26 NeuralNetwork.py[79] INFO Epoch 28 Batch 368 Avg loss 0.450026
05:22:27 NeuralNetwork.py[79] INFO Epoch 28 Batch 442 Avg loss 0.450025
05:23:14 NeuralNetwork.py[86] INFO Epoch 28 Loss 0.450025 Time elapsed 410.727457
05:23:14 NeuralNetwork.py[193] INFO Model dumped to cnn/sigmoid-mse---epoch-28.model
05:23:15 NeuralNetwork.py[79] INFO Epoch 29 Batch 0 Avg loss 0.450060
05:24:15 NeuralNetwork.py[79] INFO Epoch 29 Batch 73 Avg loss 0.450028
05:25:16 NeuralNetwork.py[79] INFO Epoch 29 Batch 147 Avg loss 0.450025
05:26:16 NeuralNetwork.py[79] INFO Epoch 29 Batch 221 Avg loss 0.450024
05:27:17 NeuralNetwork.py[79] INFO Epoch 29 Batch 294 Avg loss 0.450024
05:28:17 NeuralNetwork.py[79] INFO Epoch 29 Batch 369 Avg loss 0.450026
05:29:18 NeuralNetwork.py[79] INFO Epoch 29 Batch 442 Avg loss 0.450025
05:30:05 NeuralNetwork.py[86] INFO Epoch 29 Loss 0.450025 Time elapsed 411.133637
05:30:05 NeuralNetwork.py[193] INFO Model dumped to cnn/sigmoid-mse---epoch-29.model
05:30:06 NeuralNetwork.py[79] INFO Epoch 30 Batch 0 Avg loss 0.450060
05:31:06 NeuralNetwork.py[79] INFO Epoch 30 Batch 74 Avg loss 0.450028
05:32:07 NeuralNetwork.py[79] INFO Epoch 30 Batch 148 Avg loss 0.450025
05:33:07 NeuralNetwork.py[79] INFO Epoch 30 Batch 222 Avg loss 0.450024
05:34:07 NeuralNetwork.py[79] INFO Epoch 30 Batch 297 Avg loss 0.450024
05:35:08 NeuralNetwork.py[79] INFO Epoch 30 Batch 372 Avg loss 0.450026
05:36:09 NeuralNetwork.py[79] INFO Epoch 30 Batch 447 Avg loss 0.450025
05:36:52 NeuralNetwork.py[86] INFO Epoch 30 Loss 0.450025 Time elapsed 406.472985
05:36:52 NeuralNetwork.py[193] INFO Model dumped to cnn/sigmoid-mse---epoch-30.model
05:36:53 NeuralNetwork.py[79] INFO Epoch 31 Batch 0 Avg loss 0.450061
05:37:53 NeuralNetwork.py[79] INFO Epoch 31 Batch 75 Avg loss 0.450028
05:38:54 NeuralNetwork.py[79] INFO Epoch 31 Batch 150 Avg loss 0.450025
05:39:55 NeuralNetwork.py[79] INFO Epoch 31 Batch 224 Avg loss 0.450024
05:40:55 NeuralNetwork.py[79] INFO Epoch 31 Batch 299 Avg loss 0.450025
05:41:56 NeuralNetwork.py[79] INFO Epoch 31 Batch 374 Avg loss 0.450025
05:42:57 NeuralNetwork.py[79] INFO Epoch 31 Batch 449 Avg loss 0.450025
05:43:37 NeuralNetwork.py[86] INFO Epoch 31 Loss 0.450025 Time elapsed 405.545705
05:43:37 NeuralNetwork.py[193] INFO Model dumped to cnn/sigmoid-mse---epoch-31.model
05:43:38 NeuralNetwork.py[79] INFO Epoch 32 Batch 0 Avg loss 0.450061
05:44:38 NeuralNetwork.py[79] INFO Epoch 32 Batch 74 Avg loss 0.450028
05:45:38 NeuralNetwork.py[79] INFO Epoch 32 Batch 148 Avg loss 0.450025
05:46:39 NeuralNetwork.py[79] INFO Epoch 32 Batch 222 Avg loss 0.450024
05:47:39 NeuralNetwork.py[79] INFO Epoch 32 Batch 297 Avg loss 0.450024
05:48:40 NeuralNetwork.py[79] INFO Epoch 32 Batch 371 Avg loss 0.450026
05:49:40 NeuralNetwork.py[79] INFO Epoch 32 Batch 446 Avg loss 0.450025
05:50:23 NeuralNetwork.py[86] INFO Epoch 32 Loss 0.450025 Time elapsed 405.605271
05:50:23 NeuralNetwork.py[193] INFO Model dumped to cnn/sigmoid-mse---epoch-32.model
05:50:24 NeuralNetwork.py[79] INFO Epoch 33 Batch 0 Avg loss 0.450061
05:51:24 NeuralNetwork.py[79] INFO Epoch 33 Batch 74 Avg loss 0.450028
05:52:25 NeuralNetwork.py[79] INFO Epoch 33 Batch 149 Avg loss 0.450026
05:53:25 NeuralNetwork.py[79] INFO Epoch 33 Batch 223 Avg loss 0.450024
05:54:26 NeuralNetwork.py[79] INFO Epoch 33 Batch 297 Avg loss 0.450024
05:55:27 NeuralNetwork.py[79] INFO Epoch 33 Batch 372 Avg loss 0.450026
05:56:27 NeuralNetwork.py[79] INFO Epoch 33 Batch 447 Avg loss 0.450025
05:57:10 NeuralNetwork.py[86] INFO Epoch 33 Loss 0.450025 Time elapsed 406.320280
05:57:10 NeuralNetwork.py[193] INFO Model dumped to cnn/sigmoid-mse---epoch-33.model
05:57:10 NeuralNetwork.py[79] INFO Epoch 34 Batch 0 Avg loss 0.450062
05:58:10 NeuralNetwork.py[79] INFO Epoch 34 Batch 74 Avg loss 0.450028
05:59:11 NeuralNetwork.py[79] INFO Epoch 34 Batch 148 Avg loss 0.450025
06:00:11 NeuralNetwork.py[79] INFO Epoch 34 Batch 223 Avg loss 0.450024
06:01:12 NeuralNetwork.py[79] INFO Epoch 34 Batch 298 Avg loss 0.450024
06:02:13 NeuralNetwork.py[79] INFO Epoch 34 Batch 373 Avg loss 0.450025
06:03:13 NeuralNetwork.py[79] INFO Epoch 34 Batch 448 Avg loss 0.450025
06:03:54 NeuralNetwork.py[86] INFO Epoch 34 Loss 0.450025 Time elapsed 404.766639
06:03:54 NeuralNetwork.py[193] INFO Model dumped to cnn/sigmoid-mse---epoch-34.model
06:03:55 NeuralNetwork.py[79] INFO Epoch 35 Batch 0 Avg loss 0.450062
06:04:55 NeuralNetwork.py[79] INFO Epoch 35 Batch 74 Avg loss 0.450028
06:05:56 NeuralNetwork.py[79] INFO Epoch 35 Batch 149 Avg loss 0.450026
06:06:57 NeuralNetwork.py[79] INFO Epoch 35 Batch 224 Avg loss 0.450024
06:07:57 NeuralNetwork.py[79] INFO Epoch 35 Batch 298 Avg loss 0.450024
06:08:57 NeuralNetwork.py[79] INFO Epoch 35 Batch 373 Avg loss 0.450025
06:09:58 NeuralNetwork.py[79] INFO Epoch 35 Batch 448 Avg loss 0.450025
06:10:39 NeuralNetwork.py[86] INFO Epoch 35 Loss 0.450025 Time elapsed 404.660485
06:10:39 NeuralNetwork.py[193] INFO Model dumped to cnn/sigmoid-mse---epoch-35.model
06:10:40 NeuralNetwork.py[79] INFO Epoch 36 Batch 0 Avg loss 0.450062
06:11:41 NeuralNetwork.py[79] INFO Epoch 36 Batch 75 Avg loss 0.450028
06:12:41 NeuralNetwork.py[79] INFO Epoch 36 Batch 149 Avg loss 0.450025
06:13:42 NeuralNetwork.py[79] INFO Epoch 36 Batch 224 Avg loss 0.450024
06:14:42 NeuralNetwork.py[79] INFO Epoch 36 Batch 298 Avg loss 0.450024
06:15:43 NeuralNetwork.py[79] INFO Epoch 36 Batch 373 Avg loss 0.450025
06:16:43 NeuralNetwork.py[79] INFO Epoch 36 Batch 448 Avg loss 0.450025
06:17:24 NeuralNetwork.py[86] INFO Epoch 36 Loss 0.450025 Time elapsed 405.228653
06:17:25 NeuralNetwork.py[193] INFO Model dumped to cnn/sigmoid-mse---epoch-36.model
06:17:25 NeuralNetwork.py[79] INFO Epoch 37 Batch 0 Avg loss 0.450063
06:18:26 NeuralNetwork.py[79] INFO Epoch 37 Batch 75 Avg loss 0.450028
06:19:26 NeuralNetwork.py[79] INFO Epoch 37 Batch 149 Avg loss 0.450025
06:20:27 NeuralNetwork.py[79] INFO Epoch 37 Batch 223 Avg loss 0.450024
06:21:27 NeuralNetwork.py[79] INFO Epoch 37 Batch 297 Avg loss 0.450024
06:22:27 NeuralNetwork.py[79] INFO Epoch 37 Batch 371 Avg loss 0.450026
06:23:28 NeuralNetwork.py[79] INFO Epoch 37 Batch 445 Avg loss 0.450025
06:24:12 NeuralNetwork.py[86] INFO Epoch 37 Loss 0.450025 Time elapsed 406.983039
06:24:12 NeuralNetwork.py[193] INFO Model dumped to cnn/sigmoid-mse---epoch-37.model
06:24:12 NeuralNetwork.py[79] INFO Epoch 38 Batch 0 Avg loss 0.450063
06:25:13 NeuralNetwork.py[79] INFO Epoch 38 Batch 74 Avg loss 0.450028
06:26:13 NeuralNetwork.py[79] INFO Epoch 38 Batch 149 Avg loss 0.450025
06:27:14 NeuralNetwork.py[79] INFO Epoch 38 Batch 224 Avg loss 0.450024
06:28:14 NeuralNetwork.py[79] INFO Epoch 38 Batch 299 Avg loss 0.450024
06:29:15 NeuralNetwork.py[79] INFO Epoch 38 Batch 373 Avg loss 0.450025
06:30:15 NeuralNetwork.py[79] INFO Epoch 38 Batch 447 Avg loss 0.450025
06:30:58 NeuralNetwork.py[86] INFO Epoch 38 Loss 0.450025 Time elapsed 405.925064
06:30:58 NeuralNetwork.py[193] INFO Model dumped to cnn/sigmoid-mse---epoch-38.model
06:30:59 NeuralNetwork.py[79] INFO Epoch 39 Batch 0 Avg loss 0.450063
06:31:59 NeuralNetwork.py[79] INFO Epoch 39 Batch 74 Avg loss 0.450028
06:32:59 NeuralNetwork.py[79] INFO Epoch 39 Batch 148 Avg loss 0.450025
06:34:00 NeuralNetwork.py[79] INFO Epoch 39 Batch 223 Avg loss 0.450024
06:35:00 NeuralNetwork.py[79] INFO Epoch 39 Batch 298 Avg loss 0.450024
06:36:01 NeuralNetwork.py[79] INFO Epoch 39 Batch 368 Avg loss 0.450025
06:37:01 NeuralNetwork.py[79] INFO Epoch 39 Batch 442 Avg loss 0.450025
06:37:48 NeuralNetwork.py[86] INFO Epoch 39 Loss 0.450025 Time elapsed 410.385087
06:37:48 NeuralNetwork.py[193] INFO Model dumped to cnn/sigmoid-mse---epoch-39.model
06:37:49 NeuralNetwork.py[79] INFO Epoch 40 Batch 0 Avg loss 0.450064
06:38:50 NeuralNetwork.py[79] INFO Epoch 40 Batch 74 Avg loss 0.450028
06:39:50 NeuralNetwork.py[79] INFO Epoch 40 Batch 147 Avg loss 0.450025
06:40:50 NeuralNetwork.py[79] INFO Epoch 40 Batch 221 Avg loss 0.450024
06:41:51 NeuralNetwork.py[79] INFO Epoch 40 Batch 295 Avg loss 0.450024
06:42:52 NeuralNetwork.py[79] INFO Epoch 40 Batch 369 Avg loss 0.450026
06:43:52 NeuralNetwork.py[79] INFO Epoch 40 Batch 443 Avg loss 0.450025
06:44:38 NeuralNetwork.py[86] INFO Epoch 40 Loss 0.450025 Time elapsed 410.008211
06:44:38 NeuralNetwork.py[193] INFO Model dumped to cnn/sigmoid-mse---epoch-40.model
06:44:39 NeuralNetwork.py[79] INFO Epoch 41 Batch 0 Avg loss 0.450064
06:45:40 NeuralNetwork.py[79] INFO Epoch 41 Batch 74 Avg loss 0.450028
06:46:40 NeuralNetwork.py[79] INFO Epoch 41 Batch 148 Avg loss 0.450025
06:47:41 NeuralNetwork.py[79] INFO Epoch 41 Batch 222 Avg loss 0.450024
06:48:42 NeuralNetwork.py[79] INFO Epoch 41 Batch 296 Avg loss 0.450024
06:49:43 NeuralNetwork.py[79] INFO Epoch 41 Batch 370 Avg loss 0.450026
06:50:43 NeuralNetwork.py[79] INFO Epoch 41 Batch 443 Avg loss 0.450025
06:51:29 NeuralNetwork.py[86] INFO Epoch 41 Loss 0.450025 Time elapsed 410.574493
06:51:29 NeuralNetwork.py[193] INFO Model dumped to cnn/sigmoid-mse---epoch-41.model
06:51:30 NeuralNetwork.py[79] INFO Epoch 42 Batch 0 Avg loss 0.450064
06:52:30 NeuralNetwork.py[79] INFO Epoch 42 Batch 73 Avg loss 0.450028
06:53:31 NeuralNetwork.py[79] INFO Epoch 42 Batch 147 Avg loss 0.450025
06:54:31 NeuralNetwork.py[79] INFO Epoch 42 Batch 221 Avg loss 0.450024
06:55:32 NeuralNetwork.py[79] INFO Epoch 42 Batch 295 Avg loss 0.450024
06:56:33 NeuralNetwork.py[79] INFO Epoch 42 Batch 369 Avg loss 0.450026
06:57:33 NeuralNetwork.py[79] INFO Epoch 42 Batch 443 Avg loss 0.450025
06:58:19 NeuralNetwork.py[86] INFO Epoch 42 Loss 0.450025 Time elapsed 410.386882
06:58:19 NeuralNetwork.py[193] INFO Model dumped to cnn/sigmoid-mse---epoch-42.model
06:58:20 NeuralNetwork.py[79] INFO Epoch 43 Batch 0 Avg loss 0.450064
06:59:21 NeuralNetwork.py[79] INFO Epoch 43 Batch 74 Avg loss 0.450028
07:00:22 NeuralNetwork.py[79] INFO Epoch 43 Batch 148 Avg loss 0.450025
07:01:22 NeuralNetwork.py[79] INFO Epoch 43 Batch 222 Avg loss 0.450024
07:02:23 NeuralNetwork.py[79] INFO Epoch 43 Batch 296 Avg loss 0.450024
07:03:24 NeuralNetwork.py[79] INFO Epoch 43 Batch 370 Avg loss 0.450026
07:04:24 NeuralNetwork.py[79] INFO Epoch 43 Batch 444 Avg loss 0.450025
07:05:09 NeuralNetwork.py[86] INFO Epoch 43 Loss 0.450025 Time elapsed 409.751496
07:05:09 NeuralNetwork.py[193] INFO Model dumped to cnn/sigmoid-mse---epoch-43.model
07:05:10 NeuralNetwork.py[79] INFO Epoch 44 Batch 0 Avg loss 0.450065
07:06:11 NeuralNetwork.py[79] INFO Epoch 44 Batch 74 Avg loss 0.450028
07:07:12 NeuralNetwork.py[79] INFO Epoch 44 Batch 148 Avg loss 0.450025
07:08:12 NeuralNetwork.py[79] INFO Epoch 44 Batch 222 Avg loss 0.450024
07:09:13 NeuralNetwork.py[79] INFO Epoch 44 Batch 296 Avg loss 0.450024
07:10:13 NeuralNetwork.py[79] INFO Epoch 44 Batch 370 Avg loss 0.450026
07:11:14 NeuralNetwork.py[79] INFO Epoch 44 Batch 444 Avg loss 0.450025
07:11:59 NeuralNetwork.py[86] INFO Epoch 44 Loss 0.450025 Time elapsed 410.035345
07:11:59 NeuralNetwork.py[193] INFO Model dumped to cnn/sigmoid-mse---epoch-44.model
07:12:00 NeuralNetwork.py[79] INFO Epoch 45 Batch 0 Avg loss 0.450065
07:13:01 NeuralNetwork.py[79] INFO Epoch 45 Batch 74 Avg loss 0.450028
07:14:02 NeuralNetwork.py[79] INFO Epoch 45 Batch 148 Avg loss 0.450025
07:15:02 NeuralNetwork.py[79] INFO Epoch 45 Batch 221 Avg loss 0.450024
07:16:02 NeuralNetwork.py[79] INFO Epoch 45 Batch 295 Avg loss 0.450024
07:17:03 NeuralNetwork.py[79] INFO Epoch 45 Batch 369 Avg loss 0.450026
07:18:04 NeuralNetwork.py[79] INFO Epoch 45 Batch 443 Avg loss 0.450025
07:18:49 NeuralNetwork.py[86] INFO Epoch 45 Loss 0.450025 Time elapsed 409.914268
07:18:49 NeuralNetwork.py[193] INFO Model dumped to cnn/sigmoid-mse---epoch-45.model
07:18:50 NeuralNetwork.py[79] INFO Epoch 46 Batch 0 Avg loss 0.450065
07:19:51 NeuralNetwork.py[79] INFO Epoch 46 Batch 74 Avg loss 0.450028
07:20:52 NeuralNetwork.py[79] INFO Epoch 46 Batch 148 Avg loss 0.450025
07:21:52 NeuralNetwork.py[79] INFO Epoch 46 Batch 222 Avg loss 0.450024
07:22:53 NeuralNetwork.py[79] INFO Epoch 46 Batch 296 Avg loss 0.450024
07:23:54 NeuralNetwork.py[79] INFO Epoch 46 Batch 370 Avg loss 0.450026
07:24:54 NeuralNetwork.py[79] INFO Epoch 46 Batch 444 Avg loss 0.450025
07:25:40 NeuralNetwork.py[86] INFO Epoch 46 Loss 0.450025 Time elapsed 410.229130
07:25:40 NeuralNetwork.py[193] INFO Model dumped to cnn/sigmoid-mse---epoch-46.model
07:25:41 NeuralNetwork.py[79] INFO Epoch 47 Batch 0 Avg loss 0.450066
07:26:41 NeuralNetwork.py[79] INFO Epoch 47 Batch 73 Avg loss 0.450028
07:27:41 NeuralNetwork.py[79] INFO Epoch 47 Batch 146 Avg loss 0.450025
07:28:41 NeuralNetwork.py[79] INFO Epoch 47 Batch 219 Avg loss 0.450024
07:29:41 NeuralNetwork.py[79] INFO Epoch 47 Batch 292 Avg loss 0.450024
07:30:42 NeuralNetwork.py[79] INFO Epoch 47 Batch 365 Avg loss 0.450025
07:31:42 NeuralNetwork.py[79] INFO Epoch 47 Batch 438 Avg loss 0.450025
07:32:32 NeuralNetwork.py[86] INFO Epoch 47 Loss 0.450025 Time elapsed 412.111034
07:32:32 NeuralNetwork.py[193] INFO Model dumped to cnn/sigmoid-mse---epoch-47.model
07:32:33 NeuralNetwork.py[79] INFO Epoch 48 Batch 0 Avg loss 0.450066
07:33:34 NeuralNetwork.py[79] INFO Epoch 48 Batch 74 Avg loss 0.450028
07:34:34 NeuralNetwork.py[79] INFO Epoch 48 Batch 148 Avg loss 0.450025
07:35:35 NeuralNetwork.py[79] INFO Epoch 48 Batch 222 Avg loss 0.450024
07:36:35 NeuralNetwork.py[79] INFO Epoch 48 Batch 295 Avg loss 0.450024
07:37:36 NeuralNetwork.py[79] INFO Epoch 48 Batch 368 Avg loss 0.450025
07:38:36 NeuralNetwork.py[79] INFO Epoch 48 Batch 441 Avg loss 0.450025
07:39:23 NeuralNetwork.py[86] INFO Epoch 48 Loss 0.450025 Time elapsed 411.265288
07:39:23 NeuralNetwork.py[193] INFO Model dumped to cnn/sigmoid-mse---epoch-48.model
07:39:24 NeuralNetwork.py[79] INFO Epoch 49 Batch 0 Avg loss 0.450066
07:40:25 NeuralNetwork.py[79] INFO Epoch 49 Batch 74 Avg loss 0.450028
07:41:26 NeuralNetwork.py[79] INFO Epoch 49 Batch 148 Avg loss 0.450025
07:42:26 NeuralNetwork.py[79] INFO Epoch 49 Batch 222 Avg loss 0.450024
07:43:27 NeuralNetwork.py[79] INFO Epoch 49 Batch 296 Avg loss 0.450024
07:44:28 NeuralNetwork.py[79] INFO Epoch 49 Batch 370 Avg loss 0.450026
07:45:29 NeuralNetwork.py[79] INFO Epoch 49 Batch 444 Avg loss 0.450025
07:46:14 NeuralNetwork.py[86] INFO Epoch 49 Loss 0.450025 Time elapsed 410.213410
07:46:14 NeuralNetwork.py[193] INFO Model dumped to cnn/sigmoid-mse---epoch-49.model
07:46:15 NeuralNetwork.py[79] INFO Epoch 50 Batch 0 Avg loss 0.450067
07:47:15 NeuralNetwork.py[79] INFO Epoch 50 Batch 74 Avg loss 0.450028
07:48:15 NeuralNetwork.py[79] INFO Epoch 50 Batch 147 Avg loss 0.450025
07:49:16 NeuralNetwork.py[79] INFO Epoch 50 Batch 221 Avg loss 0.450024
07:50:17 NeuralNetwork.py[79] INFO Epoch 50 Batch 295 Avg loss 0.450024
07:51:17 NeuralNetwork.py[79] INFO Epoch 50 Batch 368 Avg loss 0.450025
07:52:17 NeuralNetwork.py[79] INFO Epoch 50 Batch 441 Avg loss 0.450025
07:53:06 NeuralNetwork.py[86] INFO Epoch 50 Loss 0.450025 Time elapsed 411.920286
07:53:06 NeuralNetwork.py[193] INFO Model dumped to cnn/sigmoid-mse---epoch-50.model
07:53:07 NeuralNetwork.py[79] INFO Epoch 51 Batch 0 Avg loss 0.450067
07:54:07 NeuralNetwork.py[79] INFO Epoch 51 Batch 75 Avg loss 0.450028
07:55:08 NeuralNetwork.py[79] INFO Epoch 51 Batch 149 Avg loss 0.450025
07:56:08 NeuralNetwork.py[79] INFO Epoch 51 Batch 223 Avg loss 0.450024
07:57:08 NeuralNetwork.py[79] INFO Epoch 51 Batch 298 Avg loss 0.450024
07:58:09 NeuralNetwork.py[79] INFO Epoch 51 Batch 373 Avg loss 0.450025
07:59:10 NeuralNetwork.py[79] INFO Epoch 51 Batch 448 Avg loss 0.450025
07:59:51 NeuralNetwork.py[86] INFO Epoch 51 Loss 0.450025 Time elapsed 405.598230
07:59:51 NeuralNetwork.py[193] INFO Model dumped to cnn/sigmoid-mse---epoch-51.model
07:59:52 NeuralNetwork.py[79] INFO Epoch 52 Batch 0 Avg loss 0.450067
08:00:52 NeuralNetwork.py[79] INFO Epoch 52 Batch 74 Avg loss 0.450028
08:01:53 NeuralNetwork.py[79] INFO Epoch 52 Batch 149 Avg loss 0.450025
08:02:54 NeuralNetwork.py[79] INFO Epoch 52 Batch 223 Avg loss 0.450024
08:03:54 NeuralNetwork.py[79] INFO Epoch 52 Batch 297 Avg loss 0.450024
08:04:55 NeuralNetwork.py[79] INFO Epoch 52 Batch 371 Avg loss 0.450026
08:05:55 NeuralNetwork.py[79] INFO Epoch 52 Batch 446 Avg loss 0.450025
08:06:38 NeuralNetwork.py[86] INFO Epoch 52 Loss 0.450025 Time elapsed 406.832683
08:06:38 NeuralNetwork.py[193] INFO Model dumped to cnn/sigmoid-mse---epoch-52.model
08:06:39 NeuralNetwork.py[79] INFO Epoch 53 Batch 0 Avg loss 0.450067
08:07:39 NeuralNetwork.py[79] INFO Epoch 53 Batch 74 Avg loss 0.450028
08:08:40 NeuralNetwork.py[79] INFO Epoch 53 Batch 149 Avg loss 0.450025
08:09:41 NeuralNetwork.py[79] INFO Epoch 53 Batch 221 Avg loss 0.450024
08:10:41 NeuralNetwork.py[79] INFO Epoch 53 Batch 295 Avg loss 0.450024
08:11:41 NeuralNetwork.py[79] INFO Epoch 53 Batch 367 Avg loss 0.450025
08:12:42 NeuralNetwork.py[79] INFO Epoch 53 Batch 441 Avg loss 0.450025
08:13:29 NeuralNetwork.py[86] INFO Epoch 53 Loss 0.450025 Time elapsed 410.788754
08:13:29 NeuralNetwork.py[193] INFO Model dumped to cnn/sigmoid-mse---epoch-53.model
08:13:30 NeuralNetwork.py[79] INFO Epoch 54 Batch 0 Avg loss 0.450068
08:14:31 NeuralNetwork.py[79] INFO Epoch 54 Batch 73 Avg loss 0.450028
08:15:31 NeuralNetwork.py[79] INFO Epoch 54 Batch 148 Avg loss 0.450025
08:16:32 NeuralNetwork.py[79] INFO Epoch 54 Batch 223 Avg loss 0.450024
08:17:33 NeuralNetwork.py[79] INFO Epoch 54 Batch 298 Avg loss 0.450024
08:18:33 NeuralNetwork.py[79] INFO Epoch 54 Batch 372 Avg loss 0.450026
08:19:34 NeuralNetwork.py[79] INFO Epoch 54 Batch 447 Avg loss 0.450025
08:20:16 NeuralNetwork.py[86] INFO Epoch 54 Loss 0.450025 Time elapsed 406.539231
08:20:16 NeuralNetwork.py[193] INFO Model dumped to cnn/sigmoid-mse---epoch-54.model
08:20:17 NeuralNetwork.py[79] INFO Epoch 55 Batch 0 Avg loss 0.450068
08:21:17 NeuralNetwork.py[79] INFO Epoch 55 Batch 74 Avg loss 0.450028
08:22:17 NeuralNetwork.py[79] INFO Epoch 55 Batch 149 Avg loss 0.450025
08:23:17 NeuralNetwork.py[79] INFO Epoch 55 Batch 223 Avg loss 0.450024
08:24:18 NeuralNetwork.py[79] INFO Epoch 55 Batch 298 Avg loss 0.450024
08:25:18 NeuralNetwork.py[79] INFO Epoch 55 Batch 371 Avg loss 0.450026
08:26:18 NeuralNetwork.py[79] INFO Epoch 55 Batch 445 Avg loss 0.450025
08:27:02 NeuralNetwork.py[86] INFO Epoch 55 Loss 0.450024 Time elapsed 406.211268
08:27:02 NeuralNetwork.py[193] INFO Model dumped to cnn/sigmoid-mse---epoch-55.model
08:27:03 NeuralNetwork.py[79] INFO Epoch 56 Batch 0 Avg loss 0.450068
08:28:04 NeuralNetwork.py[79] INFO Epoch 56 Batch 75 Avg loss 0.450028
08:29:04 NeuralNetwork.py[79] INFO Epoch 56 Batch 149 Avg loss 0.450025
08:30:05 NeuralNetwork.py[79] INFO Epoch 56 Batch 224 Avg loss 0.450024
08:31:05 NeuralNetwork.py[79] INFO Epoch 56 Batch 298 Avg loss 0.450024
08:32:05 NeuralNetwork.py[79] INFO Epoch 56 Batch 373 Avg loss 0.450025
08:33:06 NeuralNetwork.py[79] INFO Epoch 56 Batch 448 Avg loss 0.450025
08:33:48 NeuralNetwork.py[86] INFO Epoch 56 Loss 0.450024 Time elapsed 405.638515
08:33:48 NeuralNetwork.py[193] INFO Model dumped to cnn/sigmoid-mse---epoch-56.model
08:33:49 NeuralNetwork.py[79] INFO Epoch 57 Batch 0 Avg loss 0.450068
08:34:49 NeuralNetwork.py[79] INFO Epoch 57 Batch 74 Avg loss 0.450028
08:35:50 NeuralNetwork.py[79] INFO Epoch 57 Batch 149 Avg loss 0.450025
08:36:50 NeuralNetwork.py[79] INFO Epoch 57 Batch 224 Avg loss 0.450024
08:37:51 NeuralNetwork.py[79] INFO Epoch 57 Batch 299 Avg loss 0.450024
08:38:51 NeuralNetwork.py[79] INFO Epoch 57 Batch 373 Avg loss 0.450025
08:39:52 NeuralNetwork.py[79] INFO Epoch 57 Batch 448 Avg loss 0.450025
08:40:33 NeuralNetwork.py[86] INFO Epoch 57 Loss 0.450024 Time elapsed 405.104705
08:40:33 NeuralNetwork.py[193] INFO Model dumped to cnn/sigmoid-mse---epoch-57.model
08:40:34 NeuralNetwork.py[79] INFO Epoch 58 Batch 0 Avg loss 0.450069
08:41:35 NeuralNetwork.py[79] INFO Epoch 58 Batch 75 Avg loss 0.450028
08:42:36 NeuralNetwork.py[79] INFO Epoch 58 Batch 150 Avg loss 0.450025
08:43:36 NeuralNetwork.py[79] INFO Epoch 58 Batch 225 Avg loss 0.450023
08:44:36 NeuralNetwork.py[79] INFO Epoch 58 Batch 299 Avg loss 0.450024
08:45:36 NeuralNetwork.py[79] INFO Epoch 58 Batch 373 Avg loss 0.450025
08:46:36 NeuralNetwork.py[79] INFO Epoch 58 Batch 447 Avg loss 0.450025
08:47:19 NeuralNetwork.py[86] INFO Epoch 58 Loss 0.450024 Time elapsed 405.322205
08:47:19 NeuralNetwork.py[193] INFO Model dumped to cnn/sigmoid-mse---epoch-58.model
08:47:19 NeuralNetwork.py[79] INFO Epoch 59 Batch 0 Avg loss 0.450069
08:48:20 NeuralNetwork.py[79] INFO Epoch 59 Batch 75 Avg loss 0.450028
08:49:21 NeuralNetwork.py[79] INFO Epoch 59 Batch 150 Avg loss 0.450025
08:50:21 NeuralNetwork.py[79] INFO Epoch 59 Batch 224 Avg loss 0.450024
08:51:22 NeuralNetwork.py[79] INFO Epoch 59 Batch 299 Avg loss 0.450024
08:52:22 NeuralNetwork.py[79] INFO Epoch 59 Batch 373 Avg loss 0.450025
08:53:22 NeuralNetwork.py[79] INFO Epoch 59 Batch 447 Avg loss 0.450025
08:54:04 NeuralNetwork.py[86] INFO Epoch 59 Loss 0.450024 Time elapsed 405.497391
08:54:04 NeuralNetwork.py[193] INFO Model dumped to cnn/sigmoid-mse---epoch-59.model
08:54:05 NeuralNetwork.py[79] INFO Epoch 60 Batch 0 Avg loss 0.450069
08:55:06 NeuralNetwork.py[79] INFO Epoch 60 Batch 75 Avg loss 0.450028
08:56:06 NeuralNetwork.py[79] INFO Epoch 60 Batch 149 Avg loss 0.450025
08:57:06 NeuralNetwork.py[79] INFO Epoch 60 Batch 223 Avg loss 0.450024
08:58:07 NeuralNetwork.py[79] INFO Epoch 60 Batch 295 Avg loss 0.450024
08:59:08 NeuralNetwork.py[79] INFO Epoch 60 Batch 369 Avg loss 0.450025
09:00:08 NeuralNetwork.py[79] INFO Epoch 60 Batch 443 Avg loss 0.450025
09:00:54 NeuralNetwork.py[86] INFO Epoch 60 Loss 0.450024 Time elapsed 409.892483
09:00:54 NeuralNetwork.py[193] INFO Model dumped to cnn/sigmoid-mse---epoch-60.model
09:00:55 NeuralNetwork.py[79] INFO Epoch 61 Batch 0 Avg loss 0.450069
09:01:55 NeuralNetwork.py[79] INFO Epoch 61 Batch 73 Avg loss 0.450028
09:02:56 NeuralNetwork.py[79] INFO Epoch 61 Batch 147 Avg loss 0.450025
09:03:56 NeuralNetwork.py[79] INFO Epoch 61 Batch 221 Avg loss 0.450024
09:04:57 NeuralNetwork.py[79] INFO Epoch 61 Batch 295 Avg loss 0.450024
09:05:58 NeuralNetwork.py[79] INFO Epoch 61 Batch 369 Avg loss 0.450025
09:06:58 NeuralNetwork.py[79] INFO Epoch 61 Batch 443 Avg loss 0.450025
09:07:44 NeuralNetwork.py[86] INFO Epoch 61 Loss 0.450024 Time elapsed 409.728880
09:07:44 NeuralNetwork.py[193] INFO Model dumped to cnn/sigmoid-mse---epoch-61.model
09:07:45 NeuralNetwork.py[79] INFO Epoch 62 Batch 0 Avg loss 0.450070
09:08:46 NeuralNetwork.py[79] INFO Epoch 62 Batch 74 Avg loss 0.450028
09:09:46 NeuralNetwork.py[79] INFO Epoch 62 Batch 147 Avg loss 0.450025
09:10:46 NeuralNetwork.py[79] INFO Epoch 62 Batch 221 Avg loss 0.450024
09:11:47 NeuralNetwork.py[79] INFO Epoch 62 Batch 295 Avg loss 0.450024
09:12:48 NeuralNetwork.py[79] INFO Epoch 62 Batch 369 Avg loss 0.450025
09:13:48 NeuralNetwork.py[79] INFO Epoch 62 Batch 443 Avg loss 0.450025
09:14:34 NeuralNetwork.py[86] INFO Epoch 62 Loss 0.450024 Time elapsed 409.902009
09:14:34 NeuralNetwork.py[193] INFO Model dumped to cnn/sigmoid-mse---epoch-62.model
09:14:35 NeuralNetwork.py[79] INFO Epoch 63 Batch 0 Avg loss 0.450070
09:15:36 NeuralNetwork.py[79] INFO Epoch 63 Batch 74 Avg loss 0.450028
09:16:36 NeuralNetwork.py[79] INFO Epoch 63 Batch 148 Avg loss 0.450025
09:17:37 NeuralNetwork.py[79] INFO Epoch 63 Batch 222 Avg loss 0.450024
09:18:37 NeuralNetwork.py[79] INFO Epoch 63 Batch 295 Avg loss 0.450024
09:19:38 NeuralNetwork.py[79] INFO Epoch 63 Batch 369 Avg loss 0.450025
09:20:38 NeuralNetwork.py[79] INFO Epoch 63 Batch 443 Avg loss 0.450025
09:21:24 NeuralNetwork.py[86] INFO Epoch 63 Loss 0.450024 Time elapsed 410.279482
09:21:25 NeuralNetwork.py[193] INFO Model dumped to cnn/sigmoid-mse---epoch-63.model
09:21:25 NeuralNetwork.py[79] INFO Epoch 64 Batch 0 Avg loss 0.450070
09:22:26 NeuralNetwork.py[79] INFO Epoch 64 Batch 74 Avg loss 0.450028
09:23:27 NeuralNetwork.py[79] INFO Epoch 64 Batch 148 Avg loss 0.450025
09:24:27 NeuralNetwork.py[79] INFO Epoch 64 Batch 222 Avg loss 0.450024
09:25:28 NeuralNetwork.py[79] INFO Epoch 64 Batch 296 Avg loss 0.450024
09:26:29 NeuralNetwork.py[79] INFO Epoch 64 Batch 370 Avg loss 0.450025
09:27:29 NeuralNetwork.py[79] INFO Epoch 64 Batch 443 Avg loss 0.450025
09:28:15 NeuralNetwork.py[86] INFO Epoch 64 Loss 0.450024 Time elapsed 410.632017
09:28:15 NeuralNetwork.py[193] INFO Model dumped to cnn/sigmoid-mse---epoch-64.model
09:28:16 NeuralNetwork.py[79] INFO Epoch 65 Batch 0 Avg loss 0.450070
09:29:17 NeuralNetwork.py[79] INFO Epoch 65 Batch 74 Avg loss 0.450028
09:30:18 NeuralNetwork.py[79] INFO Epoch 65 Batch 148 Avg loss 0.450025
09:31:18 NeuralNetwork.py[79] INFO Epoch 65 Batch 222 Avg loss 0.450024
09:32:19 NeuralNetwork.py[79] INFO Epoch 65 Batch 295 Avg loss 0.450024
09:33:19 NeuralNetwork.py[79] INFO Epoch 65 Batch 368 Avg loss 0.450025
09:34:20 NeuralNetwork.py[79] INFO Epoch 65 Batch 442 Avg loss 0.450025
09:35:06 NeuralNetwork.py[86] INFO Epoch 65 Loss 0.450024 Time elapsed 411.101671
09:35:07 NeuralNetwork.py[193] INFO Model dumped to cnn/sigmoid-mse---epoch-65.model
09:35:07 NeuralNetwork.py[79] INFO Epoch 66 Batch 0 Avg loss 0.450071
09:36:08 NeuralNetwork.py[79] INFO Epoch 66 Batch 74 Avg loss 0.450028
09:37:09 NeuralNetwork.py[79] INFO Epoch 66 Batch 148 Avg loss 0.450025
09:38:09 NeuralNetwork.py[79] INFO Epoch 66 Batch 222 Avg loss 0.450024
09:39:10 NeuralNetwork.py[79] INFO Epoch 66 Batch 296 Avg loss 0.450024
09:40:11 NeuralNetwork.py[79] INFO Epoch 66 Batch 370 Avg loss 0.450025
09:41:11 NeuralNetwork.py[79] INFO Epoch 66 Batch 444 Avg loss 0.450025
09:41:57 NeuralNetwork.py[86] INFO Epoch 66 Loss 0.450024 Time elapsed 410.109229
09:41:57 NeuralNetwork.py[193] INFO Model dumped to cnn/sigmoid-mse---epoch-66.model
09:41:58 NeuralNetwork.py[79] INFO Epoch 67 Batch 0 Avg loss 0.450071
09:42:58 NeuralNetwork.py[79] INFO Epoch 67 Batch 73 Avg loss 0.450028
09:43:58 NeuralNetwork.py[79] INFO Epoch 67 Batch 146 Avg loss 0.450024
09:44:59 NeuralNetwork.py[79] INFO Epoch 67 Batch 221 Avg loss 0.450024
09:45:59 NeuralNetwork.py[79] INFO Epoch 67 Batch 296 Avg loss 0.450024
09:47:00 NeuralNetwork.py[79] INFO Epoch 67 Batch 371 Avg loss 0.450026
09:48:00 NeuralNetwork.py[79] INFO Epoch 67 Batch 445 Avg loss 0.450025
09:48:44 NeuralNetwork.py[86] INFO Epoch 67 Loss 0.450024 Time elapsed 407.215598
09:48:44 NeuralNetwork.py[193] INFO Model dumped to cnn/sigmoid-mse---epoch-67.model
09:48:45 NeuralNetwork.py[79] INFO Epoch 68 Batch 0 Avg loss 0.450071
09:49:45 NeuralNetwork.py[79] INFO Epoch 68 Batch 74 Avg loss 0.450028
09:50:45 NeuralNetwork.py[79] INFO Epoch 68 Batch 149 Avg loss 0.450025
09:51:45 NeuralNetwork.py[79] INFO Epoch 68 Batch 223 Avg loss 0.450024
09:52:45 NeuralNetwork.py[79] INFO Epoch 68 Batch 297 Avg loss 0.450024
09:53:46 NeuralNetwork.py[79] INFO Epoch 68 Batch 372 Avg loss 0.450025
09:54:47 NeuralNetwork.py[79] INFO Epoch 68 Batch 447 Avg loss 0.450025
09:55:29 NeuralNetwork.py[86] INFO Epoch 68 Loss 0.450024 Time elapsed 404.861481
09:55:29 NeuralNetwork.py[193] INFO Model dumped to cnn/sigmoid-mse---epoch-68.model
09:55:30 NeuralNetwork.py[79] INFO Epoch 69 Batch 0 Avg loss 0.450071
09:56:31 NeuralNetwork.py[79] INFO Epoch 69 Batch 75 Avg loss 0.450028
09:57:31 NeuralNetwork.py[79] INFO Epoch 69 Batch 150 Avg loss 0.450025
09:58:32 NeuralNetwork.py[79] INFO Epoch 69 Batch 225 Avg loss 0.450023
09:59:32 NeuralNetwork.py[79] INFO Epoch 69 Batch 300 Avg loss 0.450024
10:00:33 NeuralNetwork.py[79] INFO Epoch 69 Batch 375 Avg loss 0.450025
10:01:33 NeuralNetwork.py[79] INFO Epoch 69 Batch 449 Avg loss 0.450025
10:02:14 NeuralNetwork.py[86] INFO Epoch 69 Loss 0.450024 Time elapsed 404.721151
10:02:14 NeuralNetwork.py[193] INFO Model dumped to cnn/sigmoid-mse---epoch-69.model
10:02:15 NeuralNetwork.py[79] INFO Epoch 70 Batch 0 Avg loss 0.450071
10:03:15 NeuralNetwork.py[79] INFO Epoch 70 Batch 75 Avg loss 0.450028
10:04:16 NeuralNetwork.py[79] INFO Epoch 70 Batch 150 Avg loss 0.450025
10:05:16 NeuralNetwork.py[79] INFO Epoch 70 Batch 225 Avg loss 0.450023
10:06:17 NeuralNetwork.py[79] INFO Epoch 70 Batch 300 Avg loss 0.450024
10:07:17 NeuralNetwork.py[79] INFO Epoch 70 Batch 375 Avg loss 0.450025
10:08:17 NeuralNetwork.py[79] INFO Epoch 70 Batch 450 Avg loss 0.450025
10:08:57 NeuralNetwork.py[86] INFO Epoch 70 Loss 0.450024 Time elapsed 403.272699
10:08:57 NeuralNetwork.py[193] INFO Model dumped to cnn/sigmoid-mse---epoch-70.model
10:08:58 NeuralNetwork.py[79] INFO Epoch 71 Batch 0 Avg loss 0.450072
10:09:59 NeuralNetwork.py[79] INFO Epoch 71 Batch 75 Avg loss 0.450028
10:10:59 NeuralNetwork.py[79] INFO Epoch 71 Batch 149 Avg loss 0.450025
10:11:59 NeuralNetwork.py[79] INFO Epoch 71 Batch 223 Avg loss 0.450024
10:13:00 NeuralNetwork.py[79] INFO Epoch 71 Batch 298 Avg loss 0.450024
10:14:01 NeuralNetwork.py[79] INFO Epoch 71 Batch 373 Avg loss 0.450025
10:15:01 NeuralNetwork.py[79] INFO Epoch 71 Batch 448 Avg loss 0.450025
10:15:43 NeuralNetwork.py[86] INFO Epoch 71 Loss 0.450024 Time elapsed 405.559336
10:15:43 NeuralNetwork.py[193] INFO Model dumped to cnn/sigmoid-mse---epoch-71.model
10:15:44 NeuralNetwork.py[79] INFO Epoch 72 Batch 0 Avg loss 0.450072
10:16:44 NeuralNetwork.py[79] INFO Epoch 72 Batch 75 Avg loss 0.450028
10:17:45 NeuralNetwork.py[79] INFO Epoch 72 Batch 150 Avg loss 0.450025
10:18:46 NeuralNetwork.py[79] INFO Epoch 72 Batch 225 Avg loss 0.450023
10:19:46 NeuralNetwork.py[79] INFO Epoch 72 Batch 299 Avg loss 0.450024
10:20:46 NeuralNetwork.py[79] INFO Epoch 72 Batch 374 Avg loss 0.450025
10:21:47 NeuralNetwork.py[79] INFO Epoch 72 Batch 449 Avg loss 0.450025
10:22:28 NeuralNetwork.py[86] INFO Epoch 72 Loss 0.450024 Time elapsed 404.846509
10:22:28 NeuralNetwork.py[193] INFO Model dumped to cnn/sigmoid-mse---epoch-72.model
10:22:29 NeuralNetwork.py[79] INFO Epoch 73 Batch 0 Avg loss 0.450072
10:23:29 NeuralNetwork.py[79] INFO Epoch 73 Batch 75 Avg loss 0.450028
10:24:30 NeuralNetwork.py[79] INFO Epoch 73 Batch 150 Avg loss 0.450025
10:25:30 NeuralNetwork.py[79] INFO Epoch 73 Batch 224 Avg loss 0.450024
10:26:31 NeuralNetwork.py[79] INFO Epoch 73 Batch 299 Avg loss 0.450024
10:27:31 NeuralNetwork.py[79] INFO Epoch 73 Batch 374 Avg loss 0.450025
10:28:31 NeuralNetwork.py[79] INFO Epoch 73 Batch 449 Avg loss 0.450025
10:29:12 NeuralNetwork.py[86] INFO Epoch 73 Loss 0.450024 Time elapsed 403.726873
10:29:12 NeuralNetwork.py[193] INFO Model dumped to cnn/sigmoid-mse---epoch-73.model
10:29:12 NeuralNetwork.py[79] INFO Epoch 74 Batch 0 Avg loss 0.450072
10:30:13 NeuralNetwork.py[79] INFO Epoch 74 Batch 75 Avg loss 0.450028
10:31:14 NeuralNetwork.py[79] INFO Epoch 74 Batch 150 Avg loss 0.450025
10:32:14 NeuralNetwork.py[79] INFO Epoch 74 Batch 225 Avg loss 0.450023
10:33:15 NeuralNetwork.py[79] INFO Epoch 74 Batch 300 Avg loss 0.450024
10:34:15 NeuralNetwork.py[79] INFO Epoch 74 Batch 374 Avg loss 0.450025
10:35:15 NeuralNetwork.py[79] INFO Epoch 74 Batch 449 Avg loss 0.450025
10:35:56 NeuralNetwork.py[86] INFO Epoch 74 Loss 0.450024 Time elapsed 404.630465
10:35:56 NeuralNetwork.py[193] INFO Model dumped to cnn/sigmoid-mse---epoch-74.model
10:35:57 NeuralNetwork.py[79] INFO Epoch 75 Batch 0 Avg loss 0.450073
10:36:58 NeuralNetwork.py[79] INFO Epoch 75 Batch 75 Avg loss 0.450028
10:37:58 NeuralNetwork.py[79] INFO Epoch 75 Batch 150 Avg loss 0.450025
10:38:59 NeuralNetwork.py[79] INFO Epoch 75 Batch 225 Avg loss 0.450023
10:40:00 NeuralNetwork.py[79] INFO Epoch 75 Batch 300 Avg loss 0.450024
10:41:00 NeuralNetwork.py[79] INFO Epoch 75 Batch 374 Avg loss 0.450025
10:42:01 NeuralNetwork.py[79] INFO Epoch 75 Batch 448 Avg loss 0.450025
10:42:43 NeuralNetwork.py[86] INFO Epoch 75 Loss 0.450024 Time elapsed 406.557448
10:42:43 NeuralNetwork.py[193] INFO Model dumped to cnn/sigmoid-mse---epoch-75.model
10:42:44 NeuralNetwork.py[79] INFO Epoch 76 Batch 0 Avg loss 0.450073
10:43:45 NeuralNetwork.py[79] INFO Epoch 76 Batch 75 Avg loss 0.450028
10:44:45 NeuralNetwork.py[79] INFO Epoch 76 Batch 150 Avg loss 0.450025
10:45:46 NeuralNetwork.py[79] INFO Epoch 76 Batch 225 Avg loss 0.450023
10:46:46 NeuralNetwork.py[79] INFO Epoch 76 Batch 299 Avg loss 0.450024
10:47:46 NeuralNetwork.py[79] INFO Epoch 76 Batch 372 Avg loss 0.450025
10:48:46 NeuralNetwork.py[79] INFO Epoch 76 Batch 445 Avg loss 0.450025
10:49:31 NeuralNetwork.py[86] INFO Epoch 76 Loss 0.450024 Time elapsed 407.881509
10:49:31 NeuralNetwork.py[193] INFO Model dumped to cnn/sigmoid-mse---epoch-76.model
10:49:32 NeuralNetwork.py[79] INFO Epoch 77 Batch 0 Avg loss 0.450073
10:50:33 NeuralNetwork.py[79] INFO Epoch 77 Batch 74 Avg loss 0.450028
10:51:33 NeuralNetwork.py[79] INFO Epoch 77 Batch 148 Avg loss 0.450025
10:52:34 NeuralNetwork.py[79] INFO Epoch 77 Batch 221 Avg loss 0.450024
10:53:34 NeuralNetwork.py[79] INFO Epoch 77 Batch 294 Avg loss 0.450024
10:54:34 NeuralNetwork.py[79] INFO Epoch 77 Batch 367 Avg loss 0.450025
10:55:34 NeuralNetwork.py[79] INFO Epoch 77 Batch 440 Avg loss 0.450025
10:56:22 NeuralNetwork.py[86] INFO Epoch 77 Loss 0.450024 Time elapsed 411.404453
10:56:23 NeuralNetwork.py[193] INFO Model dumped to cnn/sigmoid-mse---epoch-77.model
10:56:23 NeuralNetwork.py[79] INFO Epoch 78 Batch 0 Avg loss 0.450073
10:57:24 NeuralNetwork.py[79] INFO Epoch 78 Batch 74 Avg loss 0.450028
10:58:25 NeuralNetwork.py[79] INFO Epoch 78 Batch 148 Avg loss 0.450025
10:59:26 NeuralNetwork.py[79] INFO Epoch 78 Batch 222 Avg loss 0.450023
11:00:26 NeuralNetwork.py[79] INFO Epoch 78 Batch 295 Avg loss 0.450024
11:01:26 NeuralNetwork.py[79] INFO Epoch 78 Batch 369 Avg loss 0.450025
11:02:27 NeuralNetwork.py[79] INFO Epoch 78 Batch 443 Avg loss 0.450025
11:03:13 NeuralNetwork.py[86] INFO Epoch 78 Loss 0.450024 Time elapsed 410.343628
11:03:13 NeuralNetwork.py[193] INFO Model dumped to cnn/sigmoid-mse---epoch-78.model
11:03:14 NeuralNetwork.py[79] INFO Epoch 79 Batch 0 Avg loss 0.450073
11:04:14 NeuralNetwork.py[79] INFO Epoch 79 Batch 73 Avg loss 0.450028
11:05:15 NeuralNetwork.py[79] INFO Epoch 79 Batch 147 Avg loss 0.450025
11:06:15 NeuralNetwork.py[79] INFO Epoch 79 Batch 220 Avg loss 0.450024
11:07:15 NeuralNetwork.py[79] INFO Epoch 79 Batch 294 Avg loss 0.450023
11:08:16 NeuralNetwork.py[79] INFO Epoch 79 Batch 368 Avg loss 0.450025
11:09:17 NeuralNetwork.py[79] INFO Epoch 79 Batch 443 Avg loss 0.450025
11:10:02 NeuralNetwork.py[86] INFO Epoch 79 Loss 0.450024 Time elapsed 408.612068
11:10:02 NeuralNetwork.py[193] INFO Model dumped to cnn/sigmoid-mse---epoch-79.model
11:10:03 NeuralNetwork.py[79] INFO Epoch 80 Batch 0 Avg loss 0.450074
11:11:03 NeuralNetwork.py[79] INFO Epoch 80 Batch 74 Avg loss 0.450028
11:12:04 NeuralNetwork.py[79] INFO Epoch 80 Batch 149 Avg loss 0.450025
11:13:04 NeuralNetwork.py[79] INFO Epoch 80 Batch 224 Avg loss 0.450024
11:14:05 NeuralNetwork.py[79] INFO Epoch 80 Batch 299 Avg loss 0.450024
11:15:06 NeuralNetwork.py[79] INFO Epoch 80 Batch 374 Avg loss 0.450025
11:16:06 NeuralNetwork.py[79] INFO Epoch 80 Batch 449 Avg loss 0.450025
11:16:47 NeuralNetwork.py[86] INFO Epoch 80 Loss 0.450024 Time elapsed 405.226387
11:16:47 NeuralNetwork.py[193] INFO Model dumped to cnn/sigmoid-mse---epoch-80.model
11:16:48 NeuralNetwork.py[79] INFO Epoch 81 Batch 0 Avg loss 0.450074
11:17:49 NeuralNetwork.py[79] INFO Epoch 81 Batch 74 Avg loss 0.450028
11:18:49 NeuralNetwork.py[79] INFO Epoch 81 Batch 147 Avg loss 0.450025
11:19:50 NeuralNetwork.py[79] INFO Epoch 81 Batch 222 Avg loss 0.450023
11:20:50 NeuralNetwork.py[79] INFO Epoch 81 Batch 297 Avg loss 0.450024
11:21:51 NeuralNetwork.py[79] INFO Epoch 81 Batch 371 Avg loss 0.450026
11:22:51 NeuralNetwork.py[79] INFO Epoch 81 Batch 446 Avg loss 0.450025
11:23:34 NeuralNetwork.py[86] INFO Epoch 81 Loss 0.450024 Time elapsed 406.957479
11:23:34 NeuralNetwork.py[193] INFO Model dumped to cnn/sigmoid-mse---epoch-81.model
11:23:35 NeuralNetwork.py[79] INFO Epoch 82 Batch 0 Avg loss 0.450074
11:24:35 NeuralNetwork.py[79] INFO Epoch 82 Batch 74 Avg loss 0.450028
11:25:36 NeuralNetwork.py[79] INFO Epoch 82 Batch 147 Avg loss 0.450025
11:26:36 NeuralNetwork.py[79] INFO Epoch 82 Batch 221 Avg loss 0.450024
11:27:36 NeuralNetwork.py[79] INFO Epoch 82 Batch 295 Avg loss 0.450024
11:28:37 NeuralNetwork.py[79] INFO Epoch 82 Batch 369 Avg loss 0.450025
11:29:37 NeuralNetwork.py[79] INFO Epoch 82 Batch 443 Avg loss 0.450025
11:30:22 NeuralNetwork.py[86] INFO Epoch 82 Loss 0.450024 Time elapsed 408.263379
11:30:23 NeuralNetwork.py[193] INFO Model dumped to cnn/sigmoid-mse---epoch-82.model
11:30:23 NeuralNetwork.py[79] INFO Epoch 83 Batch 0 Avg loss 0.450074
11:31:24 NeuralNetwork.py[79] INFO Epoch 83 Batch 75 Avg loss 0.450028
11:32:25 NeuralNetwork.py[79] INFO Epoch 83 Batch 150 Avg loss 0.450025
11:33:25 NeuralNetwork.py[79] INFO Epoch 83 Batch 224 Avg loss 0.450024
11:34:25 NeuralNetwork.py[79] INFO Epoch 83 Batch 298 Avg loss 0.450024
11:35:26 NeuralNetwork.py[79] INFO Epoch 83 Batch 372 Avg loss 0.450025
11:36:26 NeuralNetwork.py[79] INFO Epoch 83 Batch 447 Avg loss 0.450025
11:37:09 NeuralNetwork.py[86] INFO Epoch 83 Loss 0.450024 Time elapsed 406.080865
11:37:09 NeuralNetwork.py[193] INFO Model dumped to cnn/sigmoid-mse---epoch-83.model
11:37:10 NeuralNetwork.py[79] INFO Epoch 84 Batch 0 Avg loss 0.450074
11:38:10 NeuralNetwork.py[79] INFO Epoch 84 Batch 75 Avg loss 0.450028
11:39:11 NeuralNetwork.py[79] INFO Epoch 84 Batch 150 Avg loss 0.450025
11:40:11 NeuralNetwork.py[79] INFO Epoch 84 Batch 225 Avg loss 0.450023
11:41:11 NeuralNetwork.py[79] INFO Epoch 84 Batch 299 Avg loss 0.450024
11:42:11 NeuralNetwork.py[79] INFO Epoch 84 Batch 372 Avg loss 0.450025
11:43:12 NeuralNetwork.py[79] INFO Epoch 84 Batch 446 Avg loss 0.450025
11:43:55 NeuralNetwork.py[86] INFO Epoch 84 Loss 0.450024 Time elapsed 406.306131
11:43:55 NeuralNetwork.py[193] INFO Model dumped to cnn/sigmoid-mse---epoch-84.model
11:43:56 NeuralNetwork.py[79] INFO Epoch 85 Batch 0 Avg loss 0.450075
11:44:56 NeuralNetwork.py[79] INFO Epoch 85 Batch 75 Avg loss 0.450028
11:45:57 NeuralNetwork.py[79] INFO Epoch 85 Batch 150 Avg loss 0.450025
11:46:57 NeuralNetwork.py[79] INFO Epoch 85 Batch 225 Avg loss 0.450023
11:47:58 NeuralNetwork.py[79] INFO Epoch 85 Batch 300 Avg loss 0.450024
11:48:58 NeuralNetwork.py[79] INFO Epoch 85 Batch 375 Avg loss 0.450025
11:49:58 NeuralNetwork.py[79] INFO Epoch 85 Batch 449 Avg loss 0.450025
11:50:39 NeuralNetwork.py[86] INFO Epoch 85 Loss 0.450024 Time elapsed 404.101969
11:50:39 NeuralNetwork.py[193] INFO Model dumped to cnn/sigmoid-mse---epoch-85.model
11:50:40 NeuralNetwork.py[79] INFO Epoch 86 Batch 0 Avg loss 0.450075
11:51:41 NeuralNetwork.py[79] INFO Epoch 86 Batch 75 Avg loss 0.450028
11:52:41 NeuralNetwork.py[79] INFO Epoch 86 Batch 150 Avg loss 0.450025
11:53:41 NeuralNetwork.py[79] INFO Epoch 86 Batch 224 Avg loss 0.450024
11:54:41 NeuralNetwork.py[79] INFO Epoch 86 Batch 298 Avg loss 0.450024
11:55:42 NeuralNetwork.py[79] INFO Epoch 86 Batch 373 Avg loss 0.450025
11:56:43 NeuralNetwork.py[79] INFO Epoch 86 Batch 448 Avg loss 0.450025
11:57:24 NeuralNetwork.py[86] INFO Epoch 86 Loss 0.450024 Time elapsed 404.397216
11:57:24 NeuralNetwork.py[193] INFO Model dumped to cnn/sigmoid-mse---epoch-86.model
11:57:25 NeuralNetwork.py[79] INFO Epoch 87 Batch 0 Avg loss 0.450075
11:58:25 NeuralNetwork.py[79] INFO Epoch 87 Batch 75 Avg loss 0.450028
11:59:26 NeuralNetwork.py[79] INFO Epoch 87 Batch 150 Avg loss 0.450025
12:00:26 NeuralNetwork.py[79] INFO Epoch 87 Batch 225 Avg loss 0.450023
12:01:27 NeuralNetwork.py[79] INFO Epoch 87 Batch 300 Avg loss 0.450024
12:02:28 NeuralNetwork.py[79] INFO Epoch 87 Batch 375 Avg loss 0.450025
12:03:28 NeuralNetwork.py[79] INFO Epoch 87 Batch 450 Avg loss 0.450024
12:04:07 NeuralNetwork.py[86] INFO Epoch 87 Loss 0.450024 Time elapsed 403.459248
12:04:07 NeuralNetwork.py[193] INFO Model dumped to cnn/sigmoid-mse---epoch-87.model
12:04:08 NeuralNetwork.py[79] INFO Epoch 88 Batch 0 Avg loss 0.450075
12:05:09 NeuralNetwork.py[79] INFO Epoch 88 Batch 74 Avg loss 0.450028
12:06:10 NeuralNetwork.py[79] INFO Epoch 88 Batch 149 Avg loss 0.450025
12:07:10 NeuralNetwork.py[79] INFO Epoch 88 Batch 224 Avg loss 0.450024
12:08:11 NeuralNetwork.py[79] INFO Epoch 88 Batch 298 Avg loss 0.450024
12:09:12 NeuralNetwork.py[79] INFO Epoch 88 Batch 373 Avg loss 0.450025
12:10:12 NeuralNetwork.py[79] INFO Epoch 88 Batch 448 Avg loss 0.450025
12:10:53 NeuralNetwork.py[86] INFO Epoch 88 Loss 0.450024 Time elapsed 405.931179
12:10:54 NeuralNetwork.py[193] INFO Model dumped to cnn/sigmoid-mse---epoch-88.model
12:10:54 NeuralNetwork.py[79] INFO Epoch 89 Batch 0 Avg loss 0.450075
12:11:54 NeuralNetwork.py[79] INFO Epoch 89 Batch 74 Avg loss 0.450028
12:12:55 NeuralNetwork.py[79] INFO Epoch 89 Batch 149 Avg loss 0.450025
12:13:55 NeuralNetwork.py[79] INFO Epoch 89 Batch 224 Avg loss 0.450024
12:14:56 NeuralNetwork.py[79] INFO Epoch 89 Batch 297 Avg loss 0.450024
12:15:56 NeuralNetwork.py[79] INFO Epoch 89 Batch 371 Avg loss 0.450026
12:16:56 NeuralNetwork.py[79] INFO Epoch 89 Batch 444 Avg loss 0.450025
12:17:42 NeuralNetwork.py[86] INFO Epoch 89 Loss 0.450024 Time elapsed 408.075212
12:17:42 NeuralNetwork.py[193] INFO Model dumped to cnn/sigmoid-mse---epoch-89.model
12:17:43 NeuralNetwork.py[79] INFO Epoch 90 Batch 0 Avg loss 0.450075
12:18:43 NeuralNetwork.py[79] INFO Epoch 90 Batch 73 Avg loss 0.450028
12:19:43 NeuralNetwork.py[79] INFO Epoch 90 Batch 146 Avg loss 0.450024
12:20:43 NeuralNetwork.py[79] INFO Epoch 90 Batch 219 Avg loss 0.450024
12:21:43 NeuralNetwork.py[79] INFO Epoch 90 Batch 293 Avg loss 0.450023
12:22:44 NeuralNetwork.py[79] INFO Epoch 90 Batch 368 Avg loss 0.450025
12:23:45 NeuralNetwork.py[79] INFO Epoch 90 Batch 443 Avg loss 0.450025
12:24:30 NeuralNetwork.py[86] INFO Epoch 90 Loss 0.450024 Time elapsed 408.424757
12:24:30 NeuralNetwork.py[193] INFO Model dumped to cnn/sigmoid-mse---epoch-90.model
12:24:31 NeuralNetwork.py[79] INFO Epoch 91 Batch 0 Avg loss 0.450076
12:25:31 NeuralNetwork.py[79] INFO Epoch 91 Batch 73 Avg loss 0.450028
12:26:31 NeuralNetwork.py[79] INFO Epoch 91 Batch 146 Avg loss 0.450024
12:27:31 NeuralNetwork.py[79] INFO Epoch 91 Batch 219 Avg loss 0.450024
12:28:32 NeuralNetwork.py[79] INFO Epoch 91 Batch 293 Avg loss 0.450023
12:29:32 NeuralNetwork.py[79] INFO Epoch 91 Batch 368 Avg loss 0.450025
12:30:33 NeuralNetwork.py[79] INFO Epoch 91 Batch 443 Avg loss 0.450025
12:31:18 NeuralNetwork.py[86] INFO Epoch 91 Loss 0.450024 Time elapsed 407.582329
12:31:18 NeuralNetwork.py[193] INFO Model dumped to cnn/sigmoid-mse---epoch-91.model
12:31:19 NeuralNetwork.py[79] INFO Epoch 92 Batch 0 Avg loss 0.450076
12:32:20 NeuralNetwork.py[79] INFO Epoch 92 Batch 74 Avg loss 0.450028
12:33:20 NeuralNetwork.py[79] INFO Epoch 92 Batch 148 Avg loss 0.450024
12:34:21 NeuralNetwork.py[79] INFO Epoch 92 Batch 222 Avg loss 0.450023
12:35:21 NeuralNetwork.py[79] INFO Epoch 92 Batch 295 Avg loss 0.450024
12:36:21 NeuralNetwork.py[79] INFO Epoch 92 Batch 368 Avg loss 0.450025
12:37:21 NeuralNetwork.py[79] INFO Epoch 92 Batch 442 Avg loss 0.450025
12:38:08 NeuralNetwork.py[86] INFO Epoch 92 Loss 0.450024 Time elapsed 409.837155
12:38:08 NeuralNetwork.py[193] INFO Model dumped to cnn/sigmoid-mse---epoch-92.model
12:38:09 NeuralNetwork.py[79] INFO Epoch 93 Batch 0 Avg loss 0.450076
12:39:09 NeuralNetwork.py[79] INFO Epoch 93 Batch 74 Avg loss 0.450028
12:40:09 NeuralNetwork.py[79] INFO Epoch 93 Batch 149 Avg loss 0.450025
12:41:10 NeuralNetwork.py[79] INFO Epoch 93 Batch 224 Avg loss 0.450024
12:42:10 NeuralNetwork.py[79] INFO Epoch 93 Batch 298 Avg loss 0.450024
12:43:10 NeuralNetwork.py[79] INFO Epoch 93 Batch 372 Avg loss 0.450025
12:44:10 NeuralNetwork.py[79] INFO Epoch 93 Batch 446 Avg loss 0.450025
12:44:53 NeuralNetwork.py[86] INFO Epoch 93 Loss 0.450024 Time elapsed 405.489908
12:44:53 NeuralNetwork.py[193] INFO Model dumped to cnn/sigmoid-mse---epoch-93.model
12:44:54 NeuralNetwork.py[79] INFO Epoch 94 Batch 0 Avg loss 0.450076
12:45:54 NeuralNetwork.py[79] INFO Epoch 94 Batch 74 Avg loss 0.450028
12:46:55 NeuralNetwork.py[79] INFO Epoch 94 Batch 150 Avg loss 0.450025
12:47:55 NeuralNetwork.py[79] INFO Epoch 94 Batch 227 Avg loss 0.450023
12:48:55 NeuralNetwork.py[79] INFO Epoch 94 Batch 304 Avg loss 0.450024
12:49:55 NeuralNetwork.py[79] INFO Epoch 94 Batch 381 Avg loss 0.450025
12:50:55 NeuralNetwork.py[79] INFO Epoch 94 Batch 457 Avg loss 0.450024
12:51:29 NeuralNetwork.py[86] INFO Epoch 94 Loss 0.450024 Time elapsed 395.297696
12:51:29 NeuralNetwork.py[193] INFO Model dumped to cnn/sigmoid-mse---epoch-94.model
12:51:30 NeuralNetwork.py[79] INFO Epoch 95 Batch 0 Avg loss 0.450076
12:52:30 NeuralNetwork.py[79] INFO Epoch 95 Batch 76 Avg loss 0.450028
12:53:31 NeuralNetwork.py[79] INFO Epoch 95 Batch 153 Avg loss 0.450024
12:54:31 NeuralNetwork.py[79] INFO Epoch 95 Batch 230 Avg loss 0.450023
12:55:32 NeuralNetwork.py[79] INFO Epoch 95 Batch 306 Avg loss 0.450024
12:56:32 NeuralNetwork.py[79] INFO Epoch 95 Batch 382 Avg loss 0.450025
12:57:33 NeuralNetwork.py[79] INFO Epoch 95 Batch 459 Avg loss 0.450024
12:58:05 NeuralNetwork.py[86] INFO Epoch 95 Loss 0.450024 Time elapsed 395.984622
12:58:05 NeuralNetwork.py[193] INFO Model dumped to cnn/sigmoid-mse---epoch-95.model
12:58:06 NeuralNetwork.py[79] INFO Epoch 96 Batch 0 Avg loss 0.450076
12:59:06 NeuralNetwork.py[79] INFO Epoch 96 Batch 75 Avg loss 0.450028
13:00:07 NeuralNetwork.py[79] INFO Epoch 96 Batch 151 Avg loss 0.450025
13:01:07 NeuralNetwork.py[79] INFO Epoch 96 Batch 225 Avg loss 0.450023
13:02:08 NeuralNetwork.py[79] INFO Epoch 96 Batch 301 Avg loss 0.450023
13:03:08 NeuralNetwork.py[79] INFO Epoch 96 Batch 377 Avg loss 0.450025
13:04:08 NeuralNetwork.py[79] INFO Epoch 96 Batch 452 Avg loss 0.450024
13:04:47 NeuralNetwork.py[86] INFO Epoch 96 Loss 0.450024 Time elapsed 401.544560
13:04:47 NeuralNetwork.py[193] INFO Model dumped to cnn/sigmoid-mse---epoch-96.model
13:04:48 NeuralNetwork.py[79] INFO Epoch 97 Batch 0 Avg loss 0.450077
13:05:48 NeuralNetwork.py[79] INFO Epoch 97 Batch 75 Avg loss 0.450028
13:06:49 NeuralNetwork.py[79] INFO Epoch 97 Batch 149 Avg loss 0.450025
13:07:49 NeuralNetwork.py[79] INFO Epoch 97 Batch 223 Avg loss 0.450023
13:08:49 NeuralNetwork.py[79] INFO Epoch 97 Batch 298 Avg loss 0.450024
13:09:50 NeuralNetwork.py[79] INFO Epoch 97 Batch 373 Avg loss 0.450025
13:10:50 NeuralNetwork.py[79] INFO Epoch 97 Batch 447 Avg loss 0.450025
13:11:31 NeuralNetwork.py[86] INFO Epoch 97 Loss 0.450024 Time elapsed 404.395625
13:11:31 NeuralNetwork.py[193] INFO Model dumped to cnn/sigmoid-mse---epoch-97.model
13:11:32 NeuralNetwork.py[79] INFO Epoch 98 Batch 0 Avg loss 0.450077
13:12:32 NeuralNetwork.py[79] INFO Epoch 98 Batch 74 Avg loss 0.450028
13:13:33 NeuralNetwork.py[79] INFO Epoch 98 Batch 149 Avg loss 0.450025
13:14:33 NeuralNetwork.py[79] INFO Epoch 98 Batch 226 Avg loss 0.450023
13:15:34 NeuralNetwork.py[79] INFO Epoch 98 Batch 301 Avg loss 0.450023
13:16:34 NeuralNetwork.py[79] INFO Epoch 98 Batch 377 Avg loss 0.450025
13:17:35 NeuralNetwork.py[79] INFO Epoch 98 Batch 453 Avg loss 0.450024
13:18:11 NeuralNetwork.py[86] INFO Epoch 98 Loss 0.450024 Time elapsed 400.173581
13:18:12 NeuralNetwork.py[193] INFO Model dumped to cnn/sigmoid-mse---epoch-98.model
13:18:12 NeuralNetwork.py[79] INFO Epoch 99 Batch 0 Avg loss 0.450077
13:19:13 NeuralNetwork.py[79] INFO Epoch 99 Batch 75 Avg loss 0.450028
13:20:13 NeuralNetwork.py[79] INFO Epoch 99 Batch 151 Avg loss 0.450025
13:21:14 NeuralNetwork.py[79] INFO Epoch 99 Batch 226 Avg loss 0.450023
13:22:15 NeuralNetwork.py[79] INFO Epoch 99 Batch 301 Avg loss 0.450023
13:23:15 NeuralNetwork.py[79] INFO Epoch 99 Batch 376 Avg loss 0.450025
13:24:16 NeuralNetwork.py[79] INFO Epoch 99 Batch 452 Avg loss 0.450024
13:24:53 NeuralNetwork.py[86] INFO Epoch 99 Loss 0.450024 Time elapsed 401.198079
13:24:53 NeuralNetwork.py[193] INFO Model dumped to cnn/sigmoid-mse---epoch-99.model
13:24:53 NeuralNetwork.py[148] INFO Start testing: len 10000 batch_size 100
13:25:27 NeuralNetwork.py[161] INFO Done forward. Outputs: 10000
13:25:27 NeuralNetwork.py[165] INFO 10000 tested.
(0.10000000000000001, array([[   0,    0,    0,    0,    0, 1000,    0,    0,    0,    0],
       [   0,    0,    0,    0,    0, 1000,    0,    0,    0,    0],
       [   0,    0,    0,    0,    0, 1000,    0,    0,    0,    0],
       [   0,    0,    0,    0,    0, 1000,    0,    0,    0,    0],
       [   0,    0,    0,    0,    0, 1000,    0,    0,    0,    0],
       [   0,    0,    0,    0,    0, 1000,    0,    0,    0,    0],
       [   0,    0,    0,    0,    0, 1000,    0,    0,    0,    0],
       [   0,    0,    0,    0,    0, 1000,    0,    0,    0,    0],
       [   0,    0,    0,    0,    0, 1000,    0,    0,    0,    0],
       [   0,    0,    0,    0,    0, 1000,    0,    0,    0,    0]]))
