02:05:14 NeuralNetwork.py[37] INFO Activation tanh loss type mse
INFO (theano.gof.compilelock): Waiting for existing lock by process '28629' (I am process '28625')
02:05:14 compilelock.py[223] INFO Waiting for existing lock by process '28629' (I am process '28625')
INFO (theano.gof.compilelock): To manually release the lock, delete /home/tianbo/.theano/compiledir_Linux-2.6.32-71.el6.x86_64-x86_64-with-centos-6.0-Final-x86_64-2.7.6-64/lock_dir
02:05:14 compilelock.py[225] INFO To manually release the lock, delete /home/tianbo/.theano/compiledir_Linux-2.6.32-71.el6.x86_64-x86_64-with-centos-6.0-Final-x86_64-2.7.6-64/lock_dir
02:05:24 CNN.py[31] INFO Layer output: (100, 32, 14, 14)
02:05:24 CNN.py[31] INFO Layer output: (100, 32, 5, 5)
02:05:24 CNN.py[36] INFO Output to FC: 800
02:05:24 NeuralNetwork.py[60] INFO start fitting epoch 100 batchsize 100 LR [0.0001, 0.0002]
02:05:24 NeuralNetwork.py[79] INFO Epoch 0 Batch 0 Avg loss 0.499999
02:06:25 NeuralNetwork.py[79] INFO Epoch 0 Batch 73 Avg loss 0.494630
02:07:25 NeuralNetwork.py[79] INFO Epoch 0 Batch 145 Avg loss 0.488822
02:08:26 NeuralNetwork.py[79] INFO Epoch 0 Batch 214 Avg loss 0.482031
02:09:26 NeuralNetwork.py[79] INFO Epoch 0 Batch 283 Avg loss 0.474462
02:10:26 NeuralNetwork.py[79] INFO Epoch 0 Batch 352 Avg loss 0.469701
02:11:26 NeuralNetwork.py[79] INFO Epoch 0 Batch 421 Avg loss 0.466491
02:12:27 NeuralNetwork.py[79] INFO Epoch 0 Batch 492 Avg loss 0.464122
02:12:33 NeuralNetwork.py[86] INFO Epoch 0 Loss 0.463924 Time elapsed 429.144703
02:12:33 NeuralNetwork.py[193] INFO Model dumped to cnn/tanh-mse---epoch-0.model
02:12:34 NeuralNetwork.py[79] INFO Epoch 1 Batch 0 Avg loss 0.450835
02:13:34 NeuralNetwork.py[79] INFO Epoch 1 Batch 71 Avg loss 0.450054
02:14:34 NeuralNetwork.py[79] INFO Epoch 1 Batch 142 Avg loss 0.450033
02:15:34 NeuralNetwork.py[79] INFO Epoch 1 Batch 213 Avg loss 0.450030
02:16:34 NeuralNetwork.py[79] INFO Epoch 1 Batch 284 Avg loss 0.450022
02:17:35 NeuralNetwork.py[79] INFO Epoch 1 Batch 355 Avg loss 0.450016
02:18:35 NeuralNetwork.py[79] INFO Epoch 1 Batch 426 Avg loss 0.450003
02:19:35 NeuralNetwork.py[79] INFO Epoch 1 Batch 497 Avg loss 0.449983
02:19:37 NeuralNetwork.py[86] INFO Epoch 1 Loss 0.449983 Time elapsed 423.878091
02:19:37 NeuralNetwork.py[193] INFO Model dumped to cnn/tanh-mse---epoch-1.model
02:19:38 NeuralNetwork.py[79] INFO Epoch 2 Batch 0 Avg loss 0.450773
02:20:38 NeuralNetwork.py[79] INFO Epoch 2 Batch 71 Avg loss 0.449829
02:21:38 NeuralNetwork.py[79] INFO Epoch 2 Batch 142 Avg loss 0.449766
02:22:38 NeuralNetwork.py[79] INFO Epoch 2 Batch 213 Avg loss 0.449710
02:23:38 NeuralNetwork.py[79] INFO Epoch 2 Batch 284 Avg loss 0.449632
02:24:38 NeuralNetwork.py[79] INFO Epoch 2 Batch 355 Avg loss 0.449548
02:25:38 NeuralNetwork.py[79] INFO Epoch 2 Batch 426 Avg loss 0.449437
02:26:39 NeuralNetwork.py[79] INFO Epoch 2 Batch 498 Avg loss 0.449290
02:26:40 NeuralNetwork.py[86] INFO Epoch 2 Loss 0.449290 Time elapsed 423.155139
02:26:40 NeuralNetwork.py[193] INFO Model dumped to cnn/tanh-mse---epoch-2.model
02:26:41 NeuralNetwork.py[79] INFO Epoch 3 Batch 0 Avg loss 0.450061
02:27:42 NeuralNetwork.py[79] INFO Epoch 3 Batch 72 Avg loss 0.448090
02:28:42 NeuralNetwork.py[79] INFO Epoch 3 Batch 144 Avg loss 0.447820
02:29:43 NeuralNetwork.py[79] INFO Epoch 3 Batch 216 Avg loss 0.447537
02:30:44 NeuralNetwork.py[79] INFO Epoch 3 Batch 288 Avg loss 0.447196
02:31:45 NeuralNetwork.py[79] INFO Epoch 3 Batch 360 Avg loss 0.446829
02:32:45 NeuralNetwork.py[79] INFO Epoch 3 Batch 432 Avg loss 0.446396
02:33:42 NeuralNetwork.py[86] INFO Epoch 3 Loss 0.445938 Time elapsed 421.639012
02:33:42 NeuralNetwork.py[193] INFO Model dumped to cnn/tanh-mse---epoch-3.model
02:33:43 NeuralNetwork.py[79] INFO Epoch 4 Batch 0 Avg loss 0.444621
02:34:43 NeuralNetwork.py[79] INFO Epoch 4 Batch 71 Avg loss 0.441936
02:35:43 NeuralNetwork.py[79] INFO Epoch 4 Batch 142 Avg loss 0.441408
02:36:44 NeuralNetwork.py[79] INFO Epoch 4 Batch 214 Avg loss 0.440760
02:37:44 NeuralNetwork.py[79] INFO Epoch 4 Batch 285 Avg loss 0.439975
02:38:44 NeuralNetwork.py[79] INFO Epoch 4 Batch 356 Avg loss 0.439374
02:39:44 NeuralNetwork.py[79] INFO Epoch 4 Batch 427 Avg loss 0.438730
02:40:44 NeuralNetwork.py[79] INFO Epoch 4 Batch 498 Avg loss 0.438019
02:40:45 NeuralNetwork.py[86] INFO Epoch 4 Loss 0.438013 Time elapsed 422.915962
02:40:45 NeuralNetwork.py[193] INFO Model dumped to cnn/tanh-mse---epoch-4.model
02:40:46 NeuralNetwork.py[79] INFO Epoch 5 Batch 0 Avg loss 0.433780
02:41:46 NeuralNetwork.py[79] INFO Epoch 5 Batch 69 Avg loss 0.432346
02:42:47 NeuralNetwork.py[79] INFO Epoch 5 Batch 141 Avg loss 0.432065
02:43:47 NeuralNetwork.py[79] INFO Epoch 5 Batch 212 Avg loss 0.431133
02:44:47 NeuralNetwork.py[79] INFO Epoch 5 Batch 283 Avg loss 0.430048
02:45:48 NeuralNetwork.py[79] INFO Epoch 5 Batch 354 Avg loss 0.429402
02:46:48 NeuralNetwork.py[79] INFO Epoch 5 Batch 426 Avg loss 0.428581
02:47:48 NeuralNetwork.py[79] INFO Epoch 5 Batch 497 Avg loss 0.427584
02:47:50 NeuralNetwork.py[86] INFO Epoch 5 Loss 0.427558 Time elapsed 425.137815
02:47:50 NeuralNetwork.py[193] INFO Model dumped to cnn/tanh-mse---epoch-5.model
02:47:51 NeuralNetwork.py[79] INFO Epoch 6 Batch 0 Avg loss 0.422516
02:48:51 NeuralNetwork.py[79] INFO Epoch 6 Batch 71 Avg loss 0.419743
02:49:51 NeuralNetwork.py[79] INFO Epoch 6 Batch 142 Avg loss 0.419784
02:50:51 NeuralNetwork.py[79] INFO Epoch 6 Batch 213 Avg loss 0.418595
02:51:52 NeuralNetwork.py[79] INFO Epoch 6 Batch 284 Avg loss 0.417157
02:52:52 NeuralNetwork.py[79] INFO Epoch 6 Batch 355 Avg loss 0.416298
02:53:52 NeuralNetwork.py[79] INFO Epoch 6 Batch 426 Avg loss 0.415162
02:54:52 NeuralNetwork.py[79] INFO Epoch 6 Batch 497 Avg loss 0.413973
02:54:54 NeuralNetwork.py[86] INFO Epoch 6 Loss 0.413937 Time elapsed 423.815467
02:54:54 NeuralNetwork.py[193] INFO Model dumped to cnn/tanh-mse---epoch-6.model
02:54:55 NeuralNetwork.py[79] INFO Epoch 7 Batch 0 Avg loss 0.414791
02:55:55 NeuralNetwork.py[79] INFO Epoch 7 Batch 71 Avg loss 0.405133
02:56:55 NeuralNetwork.py[79] INFO Epoch 7 Batch 142 Avg loss 0.405959
02:57:55 NeuralNetwork.py[79] INFO Epoch 7 Batch 213 Avg loss 0.405522
02:58:56 NeuralNetwork.py[79] INFO Epoch 7 Batch 284 Avg loss 0.404703
02:59:56 NeuralNetwork.py[79] INFO Epoch 7 Batch 355 Avg loss 0.404647
03:00:56 NeuralNetwork.py[79] INFO Epoch 7 Batch 426 Avg loss 0.404362
03:01:56 NeuralNetwork.py[79] INFO Epoch 7 Batch 497 Avg loss 0.404025
03:01:58 NeuralNetwork.py[86] INFO Epoch 7 Loss 0.404008 Time elapsed 423.607256
03:01:58 NeuralNetwork.py[193] INFO Model dumped to cnn/tanh-mse---epoch-7.model
03:01:59 NeuralNetwork.py[79] INFO Epoch 8 Batch 0 Avg loss 0.410812
03:02:59 NeuralNetwork.py[79] INFO Epoch 8 Batch 71 Avg loss 0.400445
03:03:59 NeuralNetwork.py[79] INFO Epoch 8 Batch 142 Avg loss 0.401754
03:04:59 NeuralNetwork.py[79] INFO Epoch 8 Batch 213 Avg loss 0.401566
03:05:59 NeuralNetwork.py[79] INFO Epoch 8 Batch 284 Avg loss 0.400927
03:07:00 NeuralNetwork.py[79] INFO Epoch 8 Batch 355 Avg loss 0.401027
03:08:00 NeuralNetwork.py[79] INFO Epoch 8 Batch 426 Avg loss 0.400815
03:09:00 NeuralNetwork.py[79] INFO Epoch 8 Batch 497 Avg loss 0.400624
03:09:02 NeuralNetwork.py[86] INFO Epoch 8 Loss 0.400607 Time elapsed 424.024369
03:09:02 NeuralNetwork.py[193] INFO Model dumped to cnn/tanh-mse---epoch-8.model
03:09:03 NeuralNetwork.py[79] INFO Epoch 9 Batch 0 Avg loss 0.407006
03:10:03 NeuralNetwork.py[79] INFO Epoch 9 Batch 71 Avg loss 0.397347
03:11:03 NeuralNetwork.py[79] INFO Epoch 9 Batch 142 Avg loss 0.398989
03:12:04 NeuralNetwork.py[79] INFO Epoch 9 Batch 213 Avg loss 0.398937
03:13:04 NeuralNetwork.py[79] INFO Epoch 9 Batch 284 Avg loss 0.398369
03:14:04 NeuralNetwork.py[79] INFO Epoch 9 Batch 352 Avg loss 0.398535
03:15:04 NeuralNetwork.py[79] INFO Epoch 9 Batch 423 Avg loss 0.398366
03:16:05 NeuralNetwork.py[79] INFO Epoch 9 Batch 494 Avg loss 0.398259
03:16:09 NeuralNetwork.py[86] INFO Epoch 9 Loss 0.398229 Time elapsed 426.822694
03:16:09 NeuralNetwork.py[193] INFO Model dumped to cnn/tanh-mse---epoch-9.model
03:16:10 NeuralNetwork.py[79] INFO Epoch 10 Batch 0 Avg loss 0.402897
03:17:10 NeuralNetwork.py[79] INFO Epoch 10 Batch 71 Avg loss 0.395078
03:18:10 NeuralNetwork.py[79] INFO Epoch 10 Batch 142 Avg loss 0.396889
03:19:11 NeuralNetwork.py[79] INFO Epoch 10 Batch 213 Avg loss 0.396926
03:20:11 NeuralNetwork.py[79] INFO Epoch 10 Batch 284 Avg loss 0.396385
03:21:11 NeuralNetwork.py[79] INFO Epoch 10 Batch 355 Avg loss 0.396586
03:22:11 NeuralNetwork.py[79] INFO Epoch 10 Batch 426 Avg loss 0.396439
03:23:12 NeuralNetwork.py[79] INFO Epoch 10 Batch 497 Avg loss 0.396337
03:23:13 NeuralNetwork.py[86] INFO Epoch 10 Loss 0.396314 Time elapsed 424.446102
03:23:13 NeuralNetwork.py[193] INFO Model dumped to cnn/tanh-mse---epoch-10.model
03:23:14 NeuralNetwork.py[79] INFO Epoch 11 Batch 0 Avg loss 0.398907
03:24:15 NeuralNetwork.py[79] INFO Epoch 11 Batch 71 Avg loss 0.393173
03:25:15 NeuralNetwork.py[79] INFO Epoch 11 Batch 142 Avg loss 0.395041
03:26:15 NeuralNetwork.py[79] INFO Epoch 11 Batch 213 Avg loss 0.395117
03:27:16 NeuralNetwork.py[79] INFO Epoch 11 Batch 284 Avg loss 0.394588
03:28:16 NeuralNetwork.py[79] INFO Epoch 11 Batch 355 Avg loss 0.394777
03:29:16 NeuralNetwork.py[79] INFO Epoch 11 Batch 426 Avg loss 0.394636
03:30:17 NeuralNetwork.py[79] INFO Epoch 11 Batch 497 Avg loss 0.394516
03:30:18 NeuralNetwork.py[86] INFO Epoch 11 Loss 0.394491 Time elapsed 424.865229
03:30:18 NeuralNetwork.py[193] INFO Model dumped to cnn/tanh-mse---epoch-11.model
03:30:19 NeuralNetwork.py[79] INFO Epoch 12 Batch 0 Avg loss 0.395577
03:31:20 NeuralNetwork.py[79] INFO Epoch 12 Batch 71 Avg loss 0.391301
03:32:20 NeuralNetwork.py[79] INFO Epoch 12 Batch 142 Avg loss 0.393100
03:33:21 NeuralNetwork.py[79] INFO Epoch 12 Batch 213 Avg loss 0.393141
03:34:22 NeuralNetwork.py[79] INFO Epoch 12 Batch 284 Avg loss 0.392613
03:35:22 NeuralNetwork.py[79] INFO Epoch 12 Batch 355 Avg loss 0.392773
03:36:22 NeuralNetwork.py[79] INFO Epoch 12 Batch 426 Avg loss 0.392619
03:37:23 NeuralNetwork.py[79] INFO Epoch 12 Batch 496 Avg loss 0.392490
03:37:25 NeuralNetwork.py[86] INFO Epoch 12 Loss 0.392451 Time elapsed 426.708461
03:37:25 NeuralNetwork.py[193] INFO Model dumped to cnn/tanh-mse---epoch-12.model
03:37:26 NeuralNetwork.py[79] INFO Epoch 13 Batch 0 Avg loss 0.392716
03:38:27 NeuralNetwork.py[79] INFO Epoch 13 Batch 71 Avg loss 0.389137
03:39:28 NeuralNetwork.py[79] INFO Epoch 13 Batch 142 Avg loss 0.390904
03:40:28 NeuralNetwork.py[79] INFO Epoch 13 Batch 213 Avg loss 0.390897
03:41:29 NeuralNetwork.py[79] INFO Epoch 13 Batch 284 Avg loss 0.390329
03:42:29 NeuralNetwork.py[79] INFO Epoch 13 Batch 355 Avg loss 0.390463
03:43:30 NeuralNetwork.py[79] INFO Epoch 13 Batch 426 Avg loss 0.390277
03:44:30 NeuralNetwork.py[79] INFO Epoch 13 Batch 497 Avg loss 0.390123
03:44:32 NeuralNetwork.py[86] INFO Epoch 13 Loss 0.390095 Time elapsed 426.694380
03:44:32 NeuralNetwork.py[193] INFO Model dumped to cnn/tanh-mse---epoch-13.model
03:44:33 NeuralNetwork.py[79] INFO Epoch 14 Batch 0 Avg loss 0.389849
03:45:34 NeuralNetwork.py[79] INFO Epoch 14 Batch 71 Avg loss 0.386740
03:46:34 NeuralNetwork.py[79] INFO Epoch 14 Batch 142 Avg loss 0.388512
03:47:35 NeuralNetwork.py[79] INFO Epoch 14 Batch 213 Avg loss 0.388406
03:48:35 NeuralNetwork.py[79] INFO Epoch 14 Batch 284 Avg loss 0.387815
03:49:36 NeuralNetwork.py[79] INFO Epoch 14 Batch 355 Avg loss 0.387993
03:50:37 NeuralNetwork.py[79] INFO Epoch 14 Batch 426 Avg loss 0.387832
03:51:37 NeuralNetwork.py[79] INFO Epoch 14 Batch 497 Avg loss 0.387721
03:51:39 NeuralNetwork.py[86] INFO Epoch 14 Loss 0.387692 Time elapsed 426.904204
03:51:39 NeuralNetwork.py[193] INFO Model dumped to cnn/tanh-mse---epoch-14.model
03:51:40 NeuralNetwork.py[79] INFO Epoch 15 Batch 0 Avg loss 0.387169
03:52:41 NeuralNetwork.py[79] INFO Epoch 15 Batch 71 Avg loss 0.384301
03:53:41 NeuralNetwork.py[79] INFO Epoch 15 Batch 140 Avg loss 0.386045
03:54:41 NeuralNetwork.py[79] INFO Epoch 15 Batch 210 Avg loss 0.386061
03:55:41 NeuralNetwork.py[79] INFO Epoch 15 Batch 280 Avg loss 0.385433
03:56:41 NeuralNetwork.py[79] INFO Epoch 15 Batch 350 Avg loss 0.385607
03:57:42 NeuralNetwork.py[79] INFO Epoch 15 Batch 420 Avg loss 0.385564
03:58:42 NeuralNetwork.py[79] INFO Epoch 15 Batch 490 Avg loss 0.385561
03:58:50 NeuralNetwork.py[86] INFO Epoch 15 Loss 0.385445 Time elapsed 430.490571
03:58:50 NeuralNetwork.py[193] INFO Model dumped to cnn/tanh-mse---epoch-15.model
03:58:51 NeuralNetwork.py[79] INFO Epoch 16 Batch 0 Avg loss 0.384991
03:59:51 NeuralNetwork.py[79] INFO Epoch 16 Batch 70 Avg loss 0.382328
04:00:51 NeuralNetwork.py[79] INFO Epoch 16 Batch 140 Avg loss 0.383924
04:01:51 NeuralNetwork.py[79] INFO Epoch 16 Batch 210 Avg loss 0.383957
04:02:51 NeuralNetwork.py[79] INFO Epoch 16 Batch 280 Avg loss 0.383305
04:03:52 NeuralNetwork.py[79] INFO Epoch 16 Batch 350 Avg loss 0.383497
04:04:52 NeuralNetwork.py[79] INFO Epoch 16 Batch 420 Avg loss 0.383491
04:05:52 NeuralNetwork.py[79] INFO Epoch 16 Batch 490 Avg loss 0.383515
04:06:00 NeuralNetwork.py[86] INFO Epoch 16 Loss 0.383390 Time elapsed 430.163790
04:06:00 NeuralNetwork.py[193] INFO Model dumped to cnn/tanh-mse---epoch-16.model
04:06:01 NeuralNetwork.py[79] INFO Epoch 17 Batch 0 Avg loss 0.382622
04:07:01 NeuralNetwork.py[79] INFO Epoch 17 Batch 70 Avg loss 0.380230
04:08:01 NeuralNetwork.py[79] INFO Epoch 17 Batch 140 Avg loss 0.381801
04:09:02 NeuralNetwork.py[79] INFO Epoch 17 Batch 210 Avg loss 0.381908
04:10:02 NeuralNetwork.py[79] INFO Epoch 17 Batch 280 Avg loss 0.381276
04:11:02 NeuralNetwork.py[79] INFO Epoch 17 Batch 350 Avg loss 0.381483
04:12:02 NeuralNetwork.py[79] INFO Epoch 17 Batch 420 Avg loss 0.381506
04:13:02 NeuralNetwork.py[79] INFO Epoch 17 Batch 489 Avg loss 0.381562
04:13:11 NeuralNetwork.py[86] INFO Epoch 17 Loss 0.381434 Time elapsed 431.037603
04:13:11 NeuralNetwork.py[193] INFO Model dumped to cnn/tanh-mse---epoch-17.model
04:13:12 NeuralNetwork.py[79] INFO Epoch 18 Batch 0 Avg loss 0.380839
04:14:12 NeuralNetwork.py[79] INFO Epoch 18 Batch 70 Avg loss 0.378389
04:15:13 NeuralNetwork.py[79] INFO Epoch 18 Batch 140 Avg loss 0.379878
04:16:13 NeuralNetwork.py[79] INFO Epoch 18 Batch 210 Avg loss 0.380005
04:17:13 NeuralNetwork.py[79] INFO Epoch 18 Batch 280 Avg loss 0.379387
04:18:14 NeuralNetwork.py[79] INFO Epoch 18 Batch 350 Avg loss 0.379597
04:19:14 NeuralNetwork.py[79] INFO Epoch 18 Batch 420 Avg loss 0.379641
04:20:15 NeuralNetwork.py[79] INFO Epoch 18 Batch 490 Avg loss 0.379708
04:20:23 NeuralNetwork.py[86] INFO Epoch 18 Loss 0.379591 Time elapsed 431.428893
04:20:23 NeuralNetwork.py[193] INFO Model dumped to cnn/tanh-mse---epoch-18.model
04:20:24 NeuralNetwork.py[79] INFO Epoch 19 Batch 0 Avg loss 0.379089
04:21:24 NeuralNetwork.py[79] INFO Epoch 19 Batch 70 Avg loss 0.376626
04:22:24 NeuralNetwork.py[79] INFO Epoch 19 Batch 140 Avg loss 0.378035
04:23:24 NeuralNetwork.py[79] INFO Epoch 19 Batch 210 Avg loss 0.378173
04:24:24 NeuralNetwork.py[79] INFO Epoch 19 Batch 280 Avg loss 0.377569
04:25:24 NeuralNetwork.py[79] INFO Epoch 19 Batch 350 Avg loss 0.377770
04:26:25 NeuralNetwork.py[79] INFO Epoch 19 Batch 420 Avg loss 0.377833
04:27:26 NeuralNetwork.py[79] INFO Epoch 19 Batch 489 Avg loss 0.377919
04:27:35 NeuralNetwork.py[86] INFO Epoch 19 Loss 0.377800 Time elapsed 432.184342
04:27:35 NeuralNetwork.py[193] INFO Model dumped to cnn/tanh-mse---epoch-19.model
04:27:36 NeuralNetwork.py[79] INFO Epoch 20 Batch 0 Avg loss 0.377276
04:28:36 NeuralNetwork.py[79] INFO Epoch 20 Batch 69 Avg loss 0.374960
04:29:37 NeuralNetwork.py[79] INFO Epoch 20 Batch 139 Avg loss 0.376173
04:30:37 NeuralNetwork.py[79] INFO Epoch 20 Batch 209 Avg loss 0.376378
04:31:37 NeuralNetwork.py[79] INFO Epoch 20 Batch 279 Avg loss 0.375788
04:32:38 NeuralNetwork.py[79] INFO Epoch 20 Batch 349 Avg loss 0.375993
04:33:38 NeuralNetwork.py[79] INFO Epoch 20 Batch 419 Avg loss 0.376021
04:34:38 NeuralNetwork.py[79] INFO Epoch 20 Batch 489 Avg loss 0.376153
04:34:47 NeuralNetwork.py[86] INFO Epoch 20 Loss 0.376037 Time elapsed 431.896306
04:34:47 NeuralNetwork.py[193] INFO Model dumped to cnn/tanh-mse---epoch-20.model
04:34:48 NeuralNetwork.py[79] INFO Epoch 21 Batch 0 Avg loss 0.375372
04:35:48 NeuralNetwork.py[79] INFO Epoch 21 Batch 70 Avg loss 0.373146
04:36:48 NeuralNetwork.py[79] INFO Epoch 21 Batch 140 Avg loss 0.374455
04:37:48 NeuralNetwork.py[79] INFO Epoch 21 Batch 209 Avg loss 0.374606
04:38:49 NeuralNetwork.py[79] INFO Epoch 21 Batch 279 Avg loss 0.374031
04:39:49 NeuralNetwork.py[79] INFO Epoch 21 Batch 349 Avg loss 0.374235
04:40:49 NeuralNetwork.py[79] INFO Epoch 21 Batch 419 Avg loss 0.374274
04:41:49 NeuralNetwork.py[79] INFO Epoch 21 Batch 489 Avg loss 0.374412
04:41:58 NeuralNetwork.py[86] INFO Epoch 21 Loss 0.374298 Time elapsed 430.850792
04:41:58 NeuralNetwork.py[193] INFO Model dumped to cnn/tanh-mse---epoch-21.model
04:41:59 NeuralNetwork.py[79] INFO Epoch 22 Batch 0 Avg loss 0.373432
04:42:59 NeuralNetwork.py[79] INFO Epoch 22 Batch 70 Avg loss 0.371421
04:43:59 NeuralNetwork.py[79] INFO Epoch 22 Batch 140 Avg loss 0.372668
04:44:59 NeuralNetwork.py[79] INFO Epoch 22 Batch 210 Avg loss 0.372849
04:46:00 NeuralNetwork.py[79] INFO Epoch 22 Batch 280 Avg loss 0.372275
04:47:00 NeuralNetwork.py[79] INFO Epoch 22 Batch 350 Avg loss 0.372476
04:48:00 NeuralNetwork.py[79] INFO Epoch 22 Batch 420 Avg loss 0.372566
04:49:01 NeuralNetwork.py[79] INFO Epoch 22 Batch 490 Avg loss 0.372665
04:49:09 NeuralNetwork.py[86] INFO Epoch 22 Loss 0.372562 Time elapsed 430.626653
04:49:09 NeuralNetwork.py[193] INFO Model dumped to cnn/tanh-mse---epoch-22.model
04:49:09 NeuralNetwork.py[79] INFO Epoch 23 Batch 0 Avg loss 0.371391
04:50:10 NeuralNetwork.py[79] INFO Epoch 23 Batch 70 Avg loss 0.369706
04:51:10 NeuralNetwork.py[79] INFO Epoch 23 Batch 140 Avg loss 0.370869
04:52:10 NeuralNetwork.py[79] INFO Epoch 23 Batch 210 Avg loss 0.371075
04:53:11 NeuralNetwork.py[79] INFO Epoch 23 Batch 280 Avg loss 0.370517
04:54:11 NeuralNetwork.py[79] INFO Epoch 23 Batch 350 Avg loss 0.370723
04:55:11 NeuralNetwork.py[79] INFO Epoch 23 Batch 420 Avg loss 0.370819
04:56:11 NeuralNetwork.py[79] INFO Epoch 23 Batch 490 Avg loss 0.370921
04:56:19 NeuralNetwork.py[86] INFO Epoch 23 Loss 0.370822 Time elapsed 430.843966
04:56:20 NeuralNetwork.py[193] INFO Model dumped to cnn/tanh-mse---epoch-23.model
04:56:20 NeuralNetwork.py[79] INFO Epoch 24 Batch 0 Avg loss 0.369431
04:57:21 NeuralNetwork.py[79] INFO Epoch 24 Batch 70 Avg loss 0.367971
04:58:21 NeuralNetwork.py[79] INFO Epoch 24 Batch 140 Avg loss 0.369104
04:59:21 NeuralNetwork.py[79] INFO Epoch 24 Batch 210 Avg loss 0.369320
05:00:22 NeuralNetwork.py[79] INFO Epoch 24 Batch 280 Avg loss 0.368771
05:01:22 NeuralNetwork.py[79] INFO Epoch 24 Batch 350 Avg loss 0.368985
05:02:22 NeuralNetwork.py[79] INFO Epoch 24 Batch 420 Avg loss 0.369094
05:03:23 NeuralNetwork.py[79] INFO Epoch 24 Batch 490 Avg loss 0.369197
05:03:30 NeuralNetwork.py[86] INFO Epoch 24 Loss 0.369104 Time elapsed 430.788446
05:03:30 NeuralNetwork.py[193] INFO Model dumped to cnn/tanh-mse---epoch-24.model
05:03:31 NeuralNetwork.py[79] INFO Epoch 25 Batch 0 Avg loss 0.367535
05:04:32 NeuralNetwork.py[79] INFO Epoch 25 Batch 70 Avg loss 0.366210
05:05:33 NeuralNetwork.py[79] INFO Epoch 25 Batch 141 Avg loss 0.367473
05:06:33 NeuralNetwork.py[79] INFO Epoch 25 Batch 212 Avg loss 0.367490
05:07:34 NeuralNetwork.py[79] INFO Epoch 25 Batch 283 Avg loss 0.367018
05:08:35 NeuralNetwork.py[79] INFO Epoch 25 Batch 354 Avg loss 0.367348
05:09:36 NeuralNetwork.py[79] INFO Epoch 25 Batch 425 Avg loss 0.367387
05:10:37 NeuralNetwork.py[79] INFO Epoch 25 Batch 496 Avg loss 0.367459
05:10:39 NeuralNetwork.py[86] INFO Epoch 25 Loss 0.367418 Time elapsed 428.761355
05:10:39 NeuralNetwork.py[193] INFO Model dumped to cnn/tanh-mse---epoch-25.model
05:10:40 NeuralNetwork.py[79] INFO Epoch 26 Batch 0 Avg loss 0.365868
05:11:41 NeuralNetwork.py[79] INFO Epoch 26 Batch 71 Avg loss 0.364476
05:12:42 NeuralNetwork.py[79] INFO Epoch 26 Batch 142 Avg loss 0.365785
05:13:43 NeuralNetwork.py[79] INFO Epoch 26 Batch 213 Avg loss 0.365887
05:14:43 NeuralNetwork.py[79] INFO Epoch 26 Batch 284 Avg loss 0.365327
05:15:43 NeuralNetwork.py[79] INFO Epoch 26 Batch 354 Avg loss 0.365669
05:16:44 NeuralNetwork.py[79] INFO Epoch 26 Batch 425 Avg loss 0.365715
05:17:45 NeuralNetwork.py[79] INFO Epoch 26 Batch 496 Avg loss 0.365787
05:17:47 NeuralNetwork.py[86] INFO Epoch 26 Loss 0.365751 Time elapsed 427.798658
05:17:47 NeuralNetwork.py[193] INFO Model dumped to cnn/tanh-mse---epoch-26.model
05:17:48 NeuralNetwork.py[79] INFO Epoch 27 Batch 0 Avg loss 0.364597
05:18:49 NeuralNetwork.py[79] INFO Epoch 27 Batch 71 Avg loss 0.362944
05:19:50 NeuralNetwork.py[79] INFO Epoch 27 Batch 142 Avg loss 0.364142
05:20:50 NeuralNetwork.py[79] INFO Epoch 27 Batch 213 Avg loss 0.364221
05:21:51 NeuralNetwork.py[79] INFO Epoch 27 Batch 284 Avg loss 0.363659
05:22:51 NeuralNetwork.py[79] INFO Epoch 27 Batch 355 Avg loss 0.363990
05:23:52 NeuralNetwork.py[79] INFO Epoch 27 Batch 426 Avg loss 0.364050
05:24:53 NeuralNetwork.py[79] INFO Epoch 27 Batch 497 Avg loss 0.364134
05:24:55 NeuralNetwork.py[86] INFO Epoch 27 Loss 0.364109 Time elapsed 427.395801
05:24:55 NeuralNetwork.py[193] INFO Model dumped to cnn/tanh-mse---epoch-27.model
05:24:56 NeuralNetwork.py[79] INFO Epoch 28 Batch 0 Avg loss 0.362743
05:25:56 NeuralNetwork.py[79] INFO Epoch 28 Batch 71 Avg loss 0.361334
05:26:57 NeuralNetwork.py[79] INFO Epoch 28 Batch 142 Avg loss 0.362526
05:27:57 NeuralNetwork.py[79] INFO Epoch 28 Batch 213 Avg loss 0.362624
05:28:58 NeuralNetwork.py[79] INFO Epoch 28 Batch 282 Avg loss 0.362079
05:29:58 NeuralNetwork.py[79] INFO Epoch 28 Batch 348 Avg loss 0.362345
05:30:59 NeuralNetwork.py[79] INFO Epoch 28 Batch 418 Avg loss 0.362501
05:32:00 NeuralNetwork.py[79] INFO Epoch 28 Batch 488 Avg loss 0.362650
05:32:09 NeuralNetwork.py[86] INFO Epoch 28 Loss 0.362571 Time elapsed 434.300820
05:32:09 NeuralNetwork.py[193] INFO Model dumped to cnn/tanh-mse---epoch-28.model
05:32:10 NeuralNetwork.py[79] INFO Epoch 29 Batch 0 Avg loss 0.360874
05:33:10 NeuralNetwork.py[79] INFO Epoch 29 Batch 70 Avg loss 0.359945
05:34:11 NeuralNetwork.py[79] INFO Epoch 29 Batch 140 Avg loss 0.360934
05:35:11 NeuralNetwork.py[79] INFO Epoch 29 Batch 210 Avg loss 0.361154
05:36:11 NeuralNetwork.py[79] INFO Epoch 29 Batch 280 Avg loss 0.360599
05:37:11 NeuralNetwork.py[79] INFO Epoch 29 Batch 349 Avg loss 0.360876
05:38:12 NeuralNetwork.py[79] INFO Epoch 29 Batch 419 Avg loss 0.361056
05:39:12 NeuralNetwork.py[79] INFO Epoch 29 Batch 489 Avg loss 0.361202
05:39:21 NeuralNetwork.py[86] INFO Epoch 29 Loss 0.361124 Time elapsed 431.426353
05:39:21 NeuralNetwork.py[193] INFO Model dumped to cnn/tanh-mse---epoch-29.model
05:39:22 NeuralNetwork.py[79] INFO Epoch 30 Batch 0 Avg loss 0.359196
05:40:22 NeuralNetwork.py[79] INFO Epoch 30 Batch 69 Avg loss 0.358616
05:41:22 NeuralNetwork.py[79] INFO Epoch 30 Batch 139 Avg loss 0.359386
05:42:22 NeuralNetwork.py[79] INFO Epoch 30 Batch 209 Avg loss 0.359717
05:43:22 NeuralNetwork.py[79] INFO Epoch 30 Batch 279 Avg loss 0.359161
05:44:23 NeuralNetwork.py[79] INFO Epoch 30 Batch 349 Avg loss 0.359447
05:45:23 NeuralNetwork.py[79] INFO Epoch 30 Batch 419 Avg loss 0.359656
05:46:23 NeuralNetwork.py[79] INFO Epoch 30 Batch 489 Avg loss 0.359804
05:46:32 NeuralNetwork.py[86] INFO Epoch 30 Loss 0.359728 Time elapsed 431.345136
05:46:32 NeuralNetwork.py[193] INFO Model dumped to cnn/tanh-mse---epoch-30.model
05:46:33 NeuralNetwork.py[79] INFO Epoch 31 Batch 0 Avg loss 0.357728
05:47:33 NeuralNetwork.py[79] INFO Epoch 31 Batch 70 Avg loss 0.356958
05:48:34 NeuralNetwork.py[79] INFO Epoch 31 Batch 139 Avg loss 0.357888
05:49:34 NeuralNetwork.py[79] INFO Epoch 31 Batch 209 Avg loss 0.358279
05:50:34 NeuralNetwork.py[79] INFO Epoch 31 Batch 279 Avg loss 0.357751
05:51:35 NeuralNetwork.py[79] INFO Epoch 31 Batch 349 Avg loss 0.358059
05:52:35 NeuralNetwork.py[79] INFO Epoch 31 Batch 419 Avg loss 0.358289
05:53:36 NeuralNetwork.py[79] INFO Epoch 31 Batch 488 Avg loss 0.358432
05:53:45 NeuralNetwork.py[86] INFO Epoch 31 Loss 0.358361 Time elapsed 432.822145
05:53:45 NeuralNetwork.py[193] INFO Model dumped to cnn/tanh-mse---epoch-31.model
05:53:46 NeuralNetwork.py[79] INFO Epoch 32 Batch 0 Avg loss 0.355875
05:54:47 NeuralNetwork.py[79] INFO Epoch 32 Batch 70 Avg loss 0.355585
05:55:47 NeuralNetwork.py[79] INFO Epoch 32 Batch 140 Avg loss 0.356505
05:56:47 NeuralNetwork.py[79] INFO Epoch 32 Batch 210 Avg loss 0.356882
05:57:48 NeuralNetwork.py[79] INFO Epoch 32 Batch 280 Avg loss 0.356397
05:58:48 NeuralNetwork.py[79] INFO Epoch 32 Batch 350 Avg loss 0.356709
05:59:49 NeuralNetwork.py[79] INFO Epoch 32 Batch 420 Avg loss 0.357016
06:00:49 NeuralNetwork.py[79] INFO Epoch 32 Batch 490 Avg loss 0.357102
06:00:57 NeuralNetwork.py[86] INFO Epoch 32 Loss 0.357041 Time elapsed 431.431908
06:00:57 NeuralNetwork.py[193] INFO Model dumped to cnn/tanh-mse---epoch-32.model
06:00:58 NeuralNetwork.py[79] INFO Epoch 33 Batch 0 Avg loss 0.354073
06:01:58 NeuralNetwork.py[79] INFO Epoch 33 Batch 70 Avg loss 0.354304
06:02:58 NeuralNetwork.py[79] INFO Epoch 33 Batch 139 Avg loss 0.355139
06:03:59 NeuralNetwork.py[79] INFO Epoch 33 Batch 209 Avg loss 0.355598
06:04:59 NeuralNetwork.py[79] INFO Epoch 33 Batch 279 Avg loss 0.355080
06:06:00 NeuralNetwork.py[79] INFO Epoch 33 Batch 349 Avg loss 0.355437
06:07:00 NeuralNetwork.py[79] INFO Epoch 33 Batch 419 Avg loss 0.355730
06:08:01 NeuralNetwork.py[79] INFO Epoch 33 Batch 489 Avg loss 0.355857
06:08:10 NeuralNetwork.py[86] INFO Epoch 33 Loss 0.355786 Time elapsed 432.890462
06:08:10 NeuralNetwork.py[193] INFO Model dumped to cnn/tanh-mse---epoch-33.model
06:08:11 NeuralNetwork.py[79] INFO Epoch 34 Batch 0 Avg loss 0.353220
06:09:11 NeuralNetwork.py[79] INFO Epoch 34 Batch 70 Avg loss 0.352998
06:10:11 NeuralNetwork.py[79] INFO Epoch 34 Batch 140 Avg loss 0.353837
06:11:12 NeuralNetwork.py[79] INFO Epoch 34 Batch 210 Avg loss 0.354282
06:12:12 NeuralNetwork.py[79] INFO Epoch 34 Batch 280 Avg loss 0.353790
06:13:13 NeuralNetwork.py[79] INFO Epoch 34 Batch 350 Avg loss 0.354149
06:14:13 NeuralNetwork.py[79] INFO Epoch 34 Batch 420 Avg loss 0.354530
06:15:13 NeuralNetwork.py[79] INFO Epoch 34 Batch 489 Avg loss 0.354607
06:15:21 NeuralNetwork.py[86] INFO Epoch 34 Loss 0.354539 Time elapsed 431.710800
06:15:22 NeuralNetwork.py[193] INFO Model dumped to cnn/tanh-mse---epoch-34.model
06:15:23 NeuralNetwork.py[79] INFO Epoch 35 Batch 0 Avg loss 0.352711
06:16:23 NeuralNetwork.py[79] INFO Epoch 35 Batch 70 Avg loss 0.351752
06:17:23 NeuralNetwork.py[79] INFO Epoch 35 Batch 140 Avg loss 0.352525
06:18:24 NeuralNetwork.py[79] INFO Epoch 35 Batch 210 Avg loss 0.353021
06:19:25 NeuralNetwork.py[79] INFO Epoch 35 Batch 280 Avg loss 0.352524
06:20:25 NeuralNetwork.py[79] INFO Epoch 35 Batch 350 Avg loss 0.352888
06:21:26 NeuralNetwork.py[79] INFO Epoch 35 Batch 420 Avg loss 0.353295
06:22:26 NeuralNetwork.py[79] INFO Epoch 35 Batch 490 Avg loss 0.353350
06:22:34 NeuralNetwork.py[86] INFO Epoch 35 Loss 0.353303 Time elapsed 432.120578
06:22:34 NeuralNetwork.py[193] INFO Model dumped to cnn/tanh-mse---epoch-35.model
06:22:35 NeuralNetwork.py[79] INFO Epoch 36 Batch 0 Avg loss 0.352581
06:23:35 NeuralNetwork.py[79] INFO Epoch 36 Batch 70 Avg loss 0.350583
06:24:35 NeuralNetwork.py[79] INFO Epoch 36 Batch 140 Avg loss 0.351300
06:25:36 NeuralNetwork.py[79] INFO Epoch 36 Batch 210 Avg loss 0.351812
06:26:36 NeuralNetwork.py[79] INFO Epoch 36 Batch 280 Avg loss 0.351307
06:27:36 NeuralNetwork.py[79] INFO Epoch 36 Batch 350 Avg loss 0.351663
06:28:36 NeuralNetwork.py[79] INFO Epoch 36 Batch 420 Avg loss 0.352087
06:29:37 NeuralNetwork.py[79] INFO Epoch 36 Batch 490 Avg loss 0.352134
06:29:45 NeuralNetwork.py[86] INFO Epoch 36 Loss 0.352092 Time elapsed 430.564979
06:29:45 NeuralNetwork.py[193] INFO Model dumped to cnn/tanh-mse---epoch-36.model
06:29:46 NeuralNetwork.py[79] INFO Epoch 37 Batch 0 Avg loss 0.352177
06:30:46 NeuralNetwork.py[79] INFO Epoch 37 Batch 70 Avg loss 0.349456
06:31:46 NeuralNetwork.py[79] INFO Epoch 37 Batch 140 Avg loss 0.350099
06:32:47 NeuralNetwork.py[79] INFO Epoch 37 Batch 210 Avg loss 0.350613
06:33:47 NeuralNetwork.py[79] INFO Epoch 37 Batch 280 Avg loss 0.350101
06:34:47 NeuralNetwork.py[79] INFO Epoch 37 Batch 350 Avg loss 0.350452
06:35:48 NeuralNetwork.py[79] INFO Epoch 37 Batch 419 Avg loss 0.350843
06:36:49 NeuralNetwork.py[79] INFO Epoch 37 Batch 489 Avg loss 0.350938
06:36:58 NeuralNetwork.py[86] INFO Epoch 37 Loss 0.350885 Time elapsed 432.935959
06:36:58 NeuralNetwork.py[193] INFO Model dumped to cnn/tanh-mse---epoch-37.model
06:36:59 NeuralNetwork.py[79] INFO Epoch 38 Batch 0 Avg loss 0.351656
06:37:59 NeuralNetwork.py[79] INFO Epoch 38 Batch 70 Avg loss 0.348357
06:38:59 NeuralNetwork.py[79] INFO Epoch 38 Batch 140 Avg loss 0.348918
06:40:00 NeuralNetwork.py[79] INFO Epoch 38 Batch 210 Avg loss 0.349418
06:41:00 NeuralNetwork.py[79] INFO Epoch 38 Batch 280 Avg loss 0.348897
06:42:00 NeuralNetwork.py[79] INFO Epoch 38 Batch 350 Avg loss 0.349244
06:43:00 NeuralNetwork.py[79] INFO Epoch 38 Batch 420 Avg loss 0.349687
06:44:01 NeuralNetwork.py[79] INFO Epoch 38 Batch 490 Avg loss 0.349727
06:44:09 NeuralNetwork.py[86] INFO Epoch 38 Loss 0.349695 Time elapsed 430.870930
06:44:09 NeuralNetwork.py[193] INFO Model dumped to cnn/tanh-mse---epoch-38.model
06:44:10 NeuralNetwork.py[79] INFO Epoch 39 Batch 0 Avg loss 0.351024
06:45:10 NeuralNetwork.py[79] INFO Epoch 39 Batch 70 Avg loss 0.347266
06:46:10 NeuralNetwork.py[79] INFO Epoch 39 Batch 140 Avg loss 0.347759
06:47:11 NeuralNetwork.py[79] INFO Epoch 39 Batch 210 Avg loss 0.348242
06:48:11 NeuralNetwork.py[79] INFO Epoch 39 Batch 278 Avg loss 0.347678
06:49:11 NeuralNetwork.py[79] INFO Epoch 39 Batch 348 Avg loss 0.348061
06:50:12 NeuralNetwork.py[79] INFO Epoch 39 Batch 417 Avg loss 0.348491
06:51:12 NeuralNetwork.py[79] INFO Epoch 39 Batch 487 Avg loss 0.348557
06:51:22 NeuralNetwork.py[86] INFO Epoch 39 Loss 0.348506 Time elapsed 433.618594
06:51:22 NeuralNetwork.py[193] INFO Model dumped to cnn/tanh-mse---epoch-39.model
06:51:23 NeuralNetwork.py[79] INFO Epoch 40 Batch 0 Avg loss 0.350059
06:52:24 NeuralNetwork.py[79] INFO Epoch 40 Batch 69 Avg loss 0.346278
06:53:24 NeuralNetwork.py[79] INFO Epoch 40 Batch 139 Avg loss 0.346569
06:54:25 NeuralNetwork.py[79] INFO Epoch 40 Batch 209 Avg loss 0.347101
06:55:25 NeuralNetwork.py[79] INFO Epoch 40 Batch 278 Avg loss 0.346486
06:56:26 NeuralNetwork.py[79] INFO Epoch 40 Batch 348 Avg loss 0.346873
06:57:26 NeuralNetwork.py[79] INFO Epoch 40 Batch 418 Avg loss 0.347256
06:58:26 NeuralNetwork.py[79] INFO Epoch 40 Batch 488 Avg loss 0.347336
06:58:36 NeuralNetwork.py[86] INFO Epoch 40 Loss 0.347289 Time elapsed 433.569466
06:58:36 NeuralNetwork.py[193] INFO Model dumped to cnn/tanh-mse---epoch-40.model
06:58:37 NeuralNetwork.py[79] INFO Epoch 41 Batch 0 Avg loss 0.349143
06:59:37 NeuralNetwork.py[79] INFO Epoch 41 Batch 70 Avg loss 0.344847
07:00:38 NeuralNetwork.py[79] INFO Epoch 41 Batch 140 Avg loss 0.345356
07:01:39 NeuralNetwork.py[79] INFO Epoch 41 Batch 210 Avg loss 0.345827
07:02:39 NeuralNetwork.py[79] INFO Epoch 41 Batch 280 Avg loss 0.345287
07:03:40 NeuralNetwork.py[79] INFO Epoch 41 Batch 350 Avg loss 0.345630
07:04:40 NeuralNetwork.py[79] INFO Epoch 41 Batch 420 Avg loss 0.346056
07:05:41 NeuralNetwork.py[79] INFO Epoch 41 Batch 490 Avg loss 0.346070
07:05:49 NeuralNetwork.py[86] INFO Epoch 41 Loss 0.346038 Time elapsed 432.699807
07:05:49 NeuralNetwork.py[193] INFO Model dumped to cnn/tanh-mse---epoch-41.model
07:05:50 NeuralNetwork.py[79] INFO Epoch 42 Batch 0 Avg loss 0.348203
07:06:51 NeuralNetwork.py[79] INFO Epoch 42 Batch 70 Avg loss 0.343650
07:07:51 NeuralNetwork.py[79] INFO Epoch 42 Batch 140 Avg loss 0.344151
07:08:52 NeuralNetwork.py[79] INFO Epoch 42 Batch 210 Avg loss 0.344607
07:09:52 NeuralNetwork.py[79] INFO Epoch 42 Batch 280 Avg loss 0.344043
07:10:52 NeuralNetwork.py[79] INFO Epoch 42 Batch 349 Avg loss 0.344402
07:11:53 NeuralNetwork.py[79] INFO Epoch 42 Batch 419 Avg loss 0.344771
07:12:53 NeuralNetwork.py[79] INFO Epoch 42 Batch 489 Avg loss 0.344835
07:13:03 NeuralNetwork.py[86] INFO Epoch 42 Loss 0.344781 Time elapsed 433.600662
07:13:03 NeuralNetwork.py[193] INFO Model dumped to cnn/tanh-mse---epoch-42.model
07:13:03 NeuralNetwork.py[79] INFO Epoch 43 Batch 0 Avg loss 0.346984
07:14:04 NeuralNetwork.py[79] INFO Epoch 43 Batch 70 Avg loss 0.342409
07:15:05 NeuralNetwork.py[79] INFO Epoch 43 Batch 140 Avg loss 0.342912
07:16:05 NeuralNetwork.py[79] INFO Epoch 43 Batch 210 Avg loss 0.343384
07:17:06 NeuralNetwork.py[79] INFO Epoch 43 Batch 280 Avg loss 0.342804
07:18:06 NeuralNetwork.py[79] INFO Epoch 43 Batch 350 Avg loss 0.343152
07:19:07 NeuralNetwork.py[79] INFO Epoch 43 Batch 420 Avg loss 0.343578
07:20:07 NeuralNetwork.py[79] INFO Epoch 43 Batch 490 Avg loss 0.343567
07:20:15 NeuralNetwork.py[86] INFO Epoch 43 Loss 0.343535 Time elapsed 432.669287
07:20:15 NeuralNetwork.py[193] INFO Model dumped to cnn/tanh-mse---epoch-43.model
07:20:16 NeuralNetwork.py[79] INFO Epoch 44 Batch 0 Avg loss 0.346019
07:21:17 NeuralNetwork.py[79] INFO Epoch 44 Batch 69 Avg loss 0.341388
07:22:17 NeuralNetwork.py[79] INFO Epoch 44 Batch 137 Avg loss 0.341720
07:23:17 NeuralNetwork.py[79] INFO Epoch 44 Batch 206 Avg loss 0.342374
07:24:18 NeuralNetwork.py[79] INFO Epoch 44 Batch 276 Avg loss 0.341525
07:25:19 NeuralNetwork.py[79] INFO Epoch 44 Batch 346 Avg loss 0.341949
07:26:19 NeuralNetwork.py[79] INFO Epoch 44 Batch 416 Avg loss 0.342417
07:27:20 NeuralNetwork.py[79] INFO Epoch 44 Batch 481 Avg loss 0.342354
07:27:35 NeuralNetwork.py[86] INFO Epoch 44 Loss 0.342307 Time elapsed 439.699269
07:27:35 NeuralNetwork.py[193] INFO Model dumped to cnn/tanh-mse---epoch-44.model
07:27:36 NeuralNetwork.py[79] INFO Epoch 45 Batch 0 Avg loss 0.345021
07:28:37 NeuralNetwork.py[79] INFO Epoch 45 Batch 68 Avg loss 0.340304
07:29:37 NeuralNetwork.py[79] INFO Epoch 45 Batch 138 Avg loss 0.340479
07:30:38 NeuralNetwork.py[79] INFO Epoch 45 Batch 208 Avg loss 0.341084
07:31:39 NeuralNetwork.py[79] INFO Epoch 45 Batch 278 Avg loss 0.340308
07:32:39 NeuralNetwork.py[79] INFO Epoch 45 Batch 348 Avg loss 0.340713
07:33:39 NeuralNetwork.py[79] INFO Epoch 45 Batch 418 Avg loss 0.341099
07:34:40 NeuralNetwork.py[79] INFO Epoch 45 Batch 488 Avg loss 0.341105
07:34:49 NeuralNetwork.py[86] INFO Epoch 45 Loss 0.341061 Time elapsed 434.192117
07:34:50 NeuralNetwork.py[193] INFO Model dumped to cnn/tanh-mse---epoch-45.model
07:34:50 NeuralNetwork.py[79] INFO Epoch 46 Batch 0 Avg loss 0.343962
07:35:51 NeuralNetwork.py[79] INFO Epoch 46 Batch 70 Avg loss 0.338805
07:36:52 NeuralNetwork.py[79] INFO Epoch 46 Batch 140 Avg loss 0.339269
07:37:52 NeuralNetwork.py[79] INFO Epoch 46 Batch 210 Avg loss 0.339726
07:38:53 NeuralNetwork.py[79] INFO Epoch 46 Batch 280 Avg loss 0.339090
07:39:54 NeuralNetwork.py[79] INFO Epoch 46 Batch 350 Avg loss 0.339463
07:40:54 NeuralNetwork.py[79] INFO Epoch 46 Batch 420 Avg loss 0.339907
07:41:55 NeuralNetwork.py[79] INFO Epoch 46 Batch 490 Avg loss 0.339855
07:42:03 NeuralNetwork.py[86] INFO Epoch 46 Loss 0.339828 Time elapsed 433.322495
07:42:03 NeuralNetwork.py[193] INFO Model dumped to cnn/tanh-mse---epoch-46.model
07:42:04 NeuralNetwork.py[79] INFO Epoch 47 Batch 0 Avg loss 0.342734
07:43:05 NeuralNetwork.py[79] INFO Epoch 47 Batch 70 Avg loss 0.337645
07:44:05 NeuralNetwork.py[79] INFO Epoch 47 Batch 140 Avg loss 0.338096
07:45:06 NeuralNetwork.py[79] INFO Epoch 47 Batch 210 Avg loss 0.338561
07:46:06 NeuralNetwork.py[79] INFO Epoch 47 Batch 279 Avg loss 0.337877
07:47:07 NeuralNetwork.py[79] INFO Epoch 47 Batch 349 Avg loss 0.338285
07:48:07 NeuralNetwork.py[79] INFO Epoch 47 Batch 419 Avg loss 0.338666
07:49:08 NeuralNetwork.py[79] INFO Epoch 47 Batch 489 Avg loss 0.338663
07:49:17 NeuralNetwork.py[86] INFO Epoch 47 Loss 0.338614 Time elapsed 433.539533
07:49:17 NeuralNetwork.py[193] INFO Model dumped to cnn/tanh-mse---epoch-47.model
07:49:18 NeuralNetwork.py[79] INFO Epoch 48 Batch 0 Avg loss 0.341594
07:50:18 NeuralNetwork.py[79] INFO Epoch 48 Batch 70 Avg loss 0.336597
07:51:18 NeuralNetwork.py[79] INFO Epoch 48 Batch 136 Avg loss 0.336937
07:52:19 NeuralNetwork.py[79] INFO Epoch 48 Batch 204 Avg loss 0.337603
07:53:19 NeuralNetwork.py[79] INFO Epoch 48 Batch 273 Avg loss 0.336634
07:54:19 NeuralNetwork.py[79] INFO Epoch 48 Batch 342 Avg loss 0.337033
07:55:20 NeuralNetwork.py[79] INFO Epoch 48 Batch 412 Avg loss 0.337564
07:56:21 NeuralNetwork.py[79] INFO Epoch 48 Batch 482 Avg loss 0.337507
07:56:35 NeuralNetwork.py[86] INFO Epoch 48 Loss 0.337435 Time elapsed 438.666897
07:56:35 NeuralNetwork.py[193] INFO Model dumped to cnn/tanh-mse---epoch-48.model
07:56:36 NeuralNetwork.py[79] INFO Epoch 49 Batch 0 Avg loss 0.340373
07:57:37 NeuralNetwork.py[79] INFO Epoch 49 Batch 70 Avg loss 0.335617
07:58:37 NeuralNetwork.py[79] INFO Epoch 49 Batch 140 Avg loss 0.335910
07:59:38 NeuralNetwork.py[79] INFO Epoch 49 Batch 210 Avg loss 0.336335
08:00:38 NeuralNetwork.py[79] INFO Epoch 49 Batch 280 Avg loss 0.335568
08:01:39 NeuralNetwork.py[79] INFO Epoch 49 Batch 350 Avg loss 0.335950
08:02:40 NeuralNetwork.py[79] INFO Epoch 49 Batch 420 Avg loss 0.336380
08:03:40 NeuralNetwork.py[79] INFO Epoch 49 Batch 490 Avg loss 0.336317
08:03:48 NeuralNetwork.py[86] INFO Epoch 49 Loss 0.336288 Time elapsed 432.745203
08:03:48 NeuralNetwork.py[193] INFO Model dumped to cnn/tanh-mse---epoch-49.model
08:03:49 NeuralNetwork.py[79] INFO Epoch 50 Batch 0 Avg loss 0.339416
08:04:50 NeuralNetwork.py[79] INFO Epoch 50 Batch 70 Avg loss 0.334677
08:05:50 NeuralNetwork.py[79] INFO Epoch 50 Batch 140 Avg loss 0.334869
08:06:51 NeuralNetwork.py[79] INFO Epoch 50 Batch 210 Avg loss 0.335270
08:07:52 NeuralNetwork.py[79] INFO Epoch 50 Batch 280 Avg loss 0.334464
08:08:52 NeuralNetwork.py[79] INFO Epoch 50 Batch 350 Avg loss 0.334833
08:09:52 NeuralNetwork.py[79] INFO Epoch 50 Batch 419 Avg loss 0.335223
08:10:52 NeuralNetwork.py[79] INFO Epoch 50 Batch 487 Avg loss 0.335231
08:11:03 NeuralNetwork.py[86] INFO Epoch 50 Loss 0.335170 Time elapsed 434.857030
08:11:03 NeuralNetwork.py[193] INFO Model dumped to cnn/tanh-mse---epoch-50.model
08:11:04 NeuralNetwork.py[79] INFO Epoch 51 Batch 0 Avg loss 0.338627
08:12:05 NeuralNetwork.py[79] INFO Epoch 51 Batch 70 Avg loss 0.333749
08:13:05 NeuralNetwork.py[79] INFO Epoch 51 Batch 140 Avg loss 0.333857
08:14:05 NeuralNetwork.py[79] INFO Epoch 51 Batch 207 Avg loss 0.334355
08:15:05 NeuralNetwork.py[79] INFO Epoch 51 Batch 277 Avg loss 0.333373
08:16:06 NeuralNetwork.py[79] INFO Epoch 51 Batch 348 Avg loss 0.333761
08:17:07 NeuralNetwork.py[79] INFO Epoch 51 Batch 419 Avg loss 0.334138
08:18:08 NeuralNetwork.py[79] INFO Epoch 51 Batch 490 Avg loss 0.334117
08:18:16 NeuralNetwork.py[86] INFO Epoch 51 Loss 0.334091 Time elapsed 432.283607
08:18:16 NeuralNetwork.py[193] INFO Model dumped to cnn/tanh-mse---epoch-51.model
08:18:17 NeuralNetwork.py[79] INFO Epoch 52 Batch 0 Avg loss 0.337981
08:19:17 NeuralNetwork.py[79] INFO Epoch 52 Batch 71 Avg loss 0.332766
08:20:18 NeuralNetwork.py[79] INFO Epoch 52 Batch 142 Avg loss 0.332965
08:21:19 NeuralNetwork.py[79] INFO Epoch 52 Batch 212 Avg loss 0.333138
08:22:20 NeuralNetwork.py[79] INFO Epoch 52 Batch 283 Avg loss 0.332351
08:23:20 NeuralNetwork.py[79] INFO Epoch 52 Batch 353 Avg loss 0.332787
08:24:20 NeuralNetwork.py[79] INFO Epoch 52 Batch 423 Avg loss 0.333082
08:25:21 NeuralNetwork.py[79] INFO Epoch 52 Batch 493 Avg loss 0.333061
08:25:26 NeuralNetwork.py[86] INFO Epoch 52 Loss 0.333063 Time elapsed 430.010276
08:25:26 NeuralNetwork.py[193] INFO Model dumped to cnn/tanh-mse---epoch-52.model
08:25:27 NeuralNetwork.py[79] INFO Epoch 53 Batch 0 Avg loss 0.337386
08:26:27 NeuralNetwork.py[79] INFO Epoch 53 Batch 70 Avg loss 0.331894
08:27:27 NeuralNetwork.py[79] INFO Epoch 53 Batch 140 Avg loss 0.331893
08:28:27 NeuralNetwork.py[79] INFO Epoch 53 Batch 210 Avg loss 0.332232
08:29:28 NeuralNetwork.py[79] INFO Epoch 53 Batch 280 Avg loss 0.331362
08:30:28 NeuralNetwork.py[79] INFO Epoch 53 Batch 350 Avg loss 0.331717
08:31:28 NeuralNetwork.py[79] INFO Epoch 53 Batch 421 Avg loss 0.332170
08:32:29 NeuralNetwork.py[79] INFO Epoch 53 Batch 491 Avg loss 0.332086
08:32:35 NeuralNetwork.py[86] INFO Epoch 53 Loss 0.332085 Time elapsed 429.518497
08:32:35 NeuralNetwork.py[193] INFO Model dumped to cnn/tanh-mse---epoch-53.model
08:32:36 NeuralNetwork.py[79] INFO Epoch 54 Batch 0 Avg loss 0.336839
08:33:36 NeuralNetwork.py[79] INFO Epoch 54 Batch 70 Avg loss 0.331000
08:34:37 NeuralNetwork.py[79] INFO Epoch 54 Batch 140 Avg loss 0.330964
08:35:37 NeuralNetwork.py[79] INFO Epoch 54 Batch 210 Avg loss 0.331289
08:36:37 NeuralNetwork.py[79] INFO Epoch 54 Batch 280 Avg loss 0.330412
08:37:37 NeuralNetwork.py[79] INFO Epoch 54 Batch 350 Avg loss 0.330771
08:38:37 NeuralNetwork.py[79] INFO Epoch 54 Batch 420 Avg loss 0.331201
08:39:37 NeuralNetwork.py[79] INFO Epoch 54 Batch 490 Avg loss 0.331166
08:39:45 NeuralNetwork.py[86] INFO Epoch 54 Loss 0.331143 Time elapsed 429.163024
08:39:45 NeuralNetwork.py[193] INFO Model dumped to cnn/tanh-mse---epoch-54.model
08:39:46 NeuralNetwork.py[79] INFO Epoch 55 Batch 0 Avg loss 0.336394
08:40:46 NeuralNetwork.py[79] INFO Epoch 55 Batch 70 Avg loss 0.330112
08:41:46 NeuralNetwork.py[79] INFO Epoch 55 Batch 140 Avg loss 0.330060
08:42:46 NeuralNetwork.py[79] INFO Epoch 55 Batch 210 Avg loss 0.330380
08:43:46 NeuralNetwork.py[79] INFO Epoch 55 Batch 280 Avg loss 0.329500
08:44:46 NeuralNetwork.py[79] INFO Epoch 55 Batch 350 Avg loss 0.329864
08:45:46 NeuralNetwork.py[79] INFO Epoch 55 Batch 420 Avg loss 0.330282
08:46:47 NeuralNetwork.py[79] INFO Epoch 55 Batch 491 Avg loss 0.330232
08:46:54 NeuralNetwork.py[86] INFO Epoch 55 Loss 0.330235 Time elapsed 429.008542
08:46:54 NeuralNetwork.py[193] INFO Model dumped to cnn/tanh-mse---epoch-55.model
08:46:55 NeuralNetwork.py[79] INFO Epoch 56 Batch 0 Avg loss 0.335928
08:47:56 NeuralNetwork.py[79] INFO Epoch 56 Batch 71 Avg loss 0.329215
08:48:56 NeuralNetwork.py[79] INFO Epoch 56 Batch 141 Avg loss 0.329383
08:49:56 NeuralNetwork.py[79] INFO Epoch 56 Batch 211 Avg loss 0.329457
08:50:56 NeuralNetwork.py[79] INFO Epoch 56 Batch 281 Avg loss 0.328648
08:51:56 NeuralNetwork.py[79] INFO Epoch 56 Batch 351 Avg loss 0.329020
08:52:56 NeuralNetwork.py[79] INFO Epoch 56 Batch 421 Avg loss 0.329434
08:53:56 NeuralNetwork.py[79] INFO Epoch 56 Batch 491 Avg loss 0.329368
08:54:03 NeuralNetwork.py[86] INFO Epoch 56 Loss 0.329372 Time elapsed 429.265932
08:54:03 NeuralNetwork.py[193] INFO Model dumped to cnn/tanh-mse---epoch-56.model
08:54:04 NeuralNetwork.py[79] INFO Epoch 57 Batch 0 Avg loss 0.335465
08:55:04 NeuralNetwork.py[79] INFO Epoch 57 Batch 70 Avg loss 0.328479
08:56:04 NeuralNetwork.py[79] INFO Epoch 57 Batch 140 Avg loss 0.328372
08:57:04 NeuralNetwork.py[79] INFO Epoch 57 Batch 210 Avg loss 0.328662
08:58:05 NeuralNetwork.py[79] INFO Epoch 57 Batch 280 Avg loss 0.327783
08:59:06 NeuralNetwork.py[79] INFO Epoch 57 Batch 350 Avg loss 0.328169
09:00:06 NeuralNetwork.py[79] INFO Epoch 57 Batch 419 Avg loss 0.328546
09:01:06 NeuralNetwork.py[79] INFO Epoch 57 Batch 488 Avg loss 0.328574
09:01:16 NeuralNetwork.py[86] INFO Epoch 57 Loss 0.328539 Time elapsed 432.254857
09:01:16 NeuralNetwork.py[193] INFO Model dumped to cnn/tanh-mse---epoch-57.model
09:01:16 NeuralNetwork.py[79] INFO Epoch 58 Batch 0 Avg loss 0.334920
09:02:17 NeuralNetwork.py[79] INFO Epoch 58 Batch 70 Avg loss 0.327736
09:03:18 NeuralNetwork.py[79] INFO Epoch 58 Batch 140 Avg loss 0.327595
09:04:18 NeuralNetwork.py[79] INFO Epoch 58 Batch 210 Avg loss 0.327861
09:05:19 NeuralNetwork.py[79] INFO Epoch 58 Batch 280 Avg loss 0.326981
09:06:19 NeuralNetwork.py[79] INFO Epoch 58 Batch 349 Avg loss 0.327392
09:07:19 NeuralNetwork.py[79] INFO Epoch 58 Batch 419 Avg loss 0.327748
09:08:20 NeuralNetwork.py[79] INFO Epoch 58 Batch 489 Avg loss 0.327780
09:08:29 NeuralNetwork.py[86] INFO Epoch 58 Loss 0.327741 Time elapsed 433.168958
09:08:29 NeuralNetwork.py[193] INFO Model dumped to cnn/tanh-mse---epoch-58.model
09:08:30 NeuralNetwork.py[79] INFO Epoch 59 Batch 0 Avg loss 0.334211
09:09:30 NeuralNetwork.py[79] INFO Epoch 59 Batch 69 Avg loss 0.327164
09:10:30 NeuralNetwork.py[79] INFO Epoch 59 Batch 139 Avg loss 0.326885
09:11:31 NeuralNetwork.py[79] INFO Epoch 59 Batch 209 Avg loss 0.327135
09:12:31 NeuralNetwork.py[79] INFO Epoch 59 Batch 279 Avg loss 0.326191
09:13:32 NeuralNetwork.py[79] INFO Epoch 59 Batch 349 Avg loss 0.326625
09:14:33 NeuralNetwork.py[79] INFO Epoch 59 Batch 419 Avg loss 0.326975
09:15:33 NeuralNetwork.py[79] INFO Epoch 59 Batch 489 Avg loss 0.327010
09:15:42 NeuralNetwork.py[86] INFO Epoch 59 Loss 0.326970 Time elapsed 432.671318
09:15:42 NeuralNetwork.py[193] INFO Model dumped to cnn/tanh-mse---epoch-59.model
09:15:43 NeuralNetwork.py[79] INFO Epoch 60 Batch 0 Avg loss 0.333564
09:16:43 NeuralNetwork.py[79] INFO Epoch 60 Batch 70 Avg loss 0.326333
09:17:44 NeuralNetwork.py[79] INFO Epoch 60 Batch 140 Avg loss 0.326125
09:18:44 NeuralNetwork.py[79] INFO Epoch 60 Batch 210 Avg loss 0.326342
09:19:45 NeuralNetwork.py[79] INFO Epoch 60 Batch 280 Avg loss 0.325462
09:20:45 NeuralNetwork.py[79] INFO Epoch 60 Batch 350 Avg loss 0.325866
09:21:46 NeuralNetwork.py[79] INFO Epoch 60 Batch 420 Avg loss 0.326256
09:22:46 NeuralNetwork.py[79] INFO Epoch 60 Batch 490 Avg loss 0.326246
09:22:54 NeuralNetwork.py[86] INFO Epoch 60 Loss 0.326221 Time elapsed 432.046277
09:22:54 NeuralNetwork.py[193] INFO Model dumped to cnn/tanh-mse---epoch-60.model
09:22:55 NeuralNetwork.py[79] INFO Epoch 61 Batch 0 Avg loss 0.332853
09:23:55 NeuralNetwork.py[79] INFO Epoch 61 Batch 70 Avg loss 0.325661
09:24:55 NeuralNetwork.py[79] INFO Epoch 61 Batch 139 Avg loss 0.325456
09:25:56 NeuralNetwork.py[79] INFO Epoch 61 Batch 209 Avg loss 0.325664
09:26:56 NeuralNetwork.py[79] INFO Epoch 61 Batch 279 Avg loss 0.324719
09:27:56 NeuralNetwork.py[79] INFO Epoch 61 Batch 349 Avg loss 0.325157
09:28:57 NeuralNetwork.py[79] INFO Epoch 61 Batch 419 Avg loss 0.325492
09:29:57 NeuralNetwork.py[79] INFO Epoch 61 Batch 489 Avg loss 0.325533
09:30:06 NeuralNetwork.py[86] INFO Epoch 61 Loss 0.325490 Time elapsed 431.637509
09:30:06 NeuralNetwork.py[193] INFO Model dumped to cnn/tanh-mse---epoch-61.model
09:30:07 NeuralNetwork.py[79] INFO Epoch 62 Batch 0 Avg loss 0.332133
09:31:07 NeuralNetwork.py[79] INFO Epoch 62 Batch 70 Avg loss 0.324987
09:32:07 NeuralNetwork.py[79] INFO Epoch 62 Batch 140 Avg loss 0.324715
09:33:08 NeuralNetwork.py[79] INFO Epoch 62 Batch 208 Avg loss 0.325018
09:34:08 NeuralNetwork.py[79] INFO Epoch 62 Batch 278 Avg loss 0.324002
09:35:09 NeuralNetwork.py[79] INFO Epoch 62 Batch 348 Avg loss 0.324441
09:36:09 NeuralNetwork.py[79] INFO Epoch 62 Batch 418 Avg loss 0.324800
09:37:09 NeuralNetwork.py[79] INFO Epoch 62 Batch 488 Avg loss 0.324821
09:37:19 NeuralNetwork.py[86] INFO Epoch 62 Loss 0.324778 Time elapsed 432.993865
09:37:19 NeuralNetwork.py[193] INFO Model dumped to cnn/tanh-mse---epoch-62.model
09:37:20 NeuralNetwork.py[79] INFO Epoch 63 Batch 0 Avg loss 0.331460
09:38:20 NeuralNetwork.py[79] INFO Epoch 63 Batch 70 Avg loss 0.324359
09:39:20 NeuralNetwork.py[79] INFO Epoch 63 Batch 140 Avg loss 0.324021
09:40:21 NeuralNetwork.py[79] INFO Epoch 63 Batch 210 Avg loss 0.324201
09:41:21 NeuralNetwork.py[79] INFO Epoch 63 Batch 280 Avg loss 0.323327
09:42:21 NeuralNetwork.py[79] INFO Epoch 63 Batch 350 Avg loss 0.323728
09:43:21 NeuralNetwork.py[79] INFO Epoch 63 Batch 420 Avg loss 0.324101
09:44:21 NeuralNetwork.py[79] INFO Epoch 63 Batch 490 Avg loss 0.324107
09:44:29 NeuralNetwork.py[86] INFO Epoch 63 Loss 0.324080 Time elapsed 430.232415
09:44:29 NeuralNetwork.py[193] INFO Model dumped to cnn/tanh-mse---epoch-63.model
09:44:30 NeuralNetwork.py[79] INFO Epoch 64 Batch 0 Avg loss 0.330790
09:45:30 NeuralNetwork.py[79] INFO Epoch 64 Batch 70 Avg loss 0.323725
09:46:30 NeuralNetwork.py[79] INFO Epoch 64 Batch 140 Avg loss 0.323347
09:47:31 NeuralNetwork.py[79] INFO Epoch 64 Batch 210 Avg loss 0.323526
09:48:31 NeuralNetwork.py[79] INFO Epoch 64 Batch 280 Avg loss 0.322654
09:49:31 NeuralNetwork.py[79] INFO Epoch 64 Batch 350 Avg loss 0.323055
09:50:31 NeuralNetwork.py[79] INFO Epoch 64 Batch 420 Avg loss 0.323426
09:51:32 NeuralNetwork.py[79] INFO Epoch 64 Batch 490 Avg loss 0.323436
09:51:39 NeuralNetwork.py[86] INFO Epoch 64 Loss 0.323408 Time elapsed 430.145509
09:51:40 NeuralNetwork.py[193] INFO Model dumped to cnn/tanh-mse---epoch-64.model
09:51:40 NeuralNetwork.py[79] INFO Epoch 65 Batch 0 Avg loss 0.330090
09:52:41 NeuralNetwork.py[79] INFO Epoch 65 Batch 70 Avg loss 0.323114
09:53:41 NeuralNetwork.py[79] INFO Epoch 65 Batch 140 Avg loss 0.322695
09:54:41 NeuralNetwork.py[79] INFO Epoch 65 Batch 210 Avg loss 0.322875
09:55:41 NeuralNetwork.py[79] INFO Epoch 65 Batch 280 Avg loss 0.322007
09:56:42 NeuralNetwork.py[79] INFO Epoch 65 Batch 350 Avg loss 0.322408
09:57:42 NeuralNetwork.py[79] INFO Epoch 65 Batch 421 Avg loss 0.322798
09:58:42 NeuralNetwork.py[79] INFO Epoch 65 Batch 491 Avg loss 0.322761
09:58:49 NeuralNetwork.py[86] INFO Epoch 65 Loss 0.322760 Time elapsed 429.781432
09:58:50 NeuralNetwork.py[193] INFO Model dumped to cnn/tanh-mse---epoch-65.model
09:58:50 NeuralNetwork.py[79] INFO Epoch 66 Batch 0 Avg loss 0.329377
09:59:51 NeuralNetwork.py[79] INFO Epoch 66 Batch 70 Avg loss 0.322518
10:00:51 NeuralNetwork.py[79] INFO Epoch 66 Batch 140 Avg loss 0.322063
10:01:52 NeuralNetwork.py[79] INFO Epoch 66 Batch 210 Avg loss 0.322246
10:02:52 NeuralNetwork.py[79] INFO Epoch 66 Batch 280 Avg loss 0.321373
10:03:52 NeuralNetwork.py[79] INFO Epoch 66 Batch 350 Avg loss 0.321774
10:04:53 NeuralNetwork.py[79] INFO Epoch 66 Batch 420 Avg loss 0.322141
10:05:53 NeuralNetwork.py[79] INFO Epoch 66 Batch 490 Avg loss 0.322152
10:06:01 NeuralNetwork.py[86] INFO Epoch 66 Loss 0.322123 Time elapsed 431.191904
10:06:01 NeuralNetwork.py[193] INFO Model dumped to cnn/tanh-mse---epoch-66.model
10:06:02 NeuralNetwork.py[79] INFO Epoch 67 Batch 0 Avg loss 0.328736
10:07:02 NeuralNetwork.py[79] INFO Epoch 67 Batch 70 Avg loss 0.321929
10:08:02 NeuralNetwork.py[79] INFO Epoch 67 Batch 140 Avg loss 0.321443
10:09:02 NeuralNetwork.py[79] INFO Epoch 67 Batch 210 Avg loss 0.321625
10:10:03 NeuralNetwork.py[79] INFO Epoch 67 Batch 280 Avg loss 0.320753
10:11:03 NeuralNetwork.py[79] INFO Epoch 67 Batch 350 Avg loss 0.321158
10:12:03 NeuralNetwork.py[79] INFO Epoch 67 Batch 420 Avg loss 0.321525
10:13:04 NeuralNetwork.py[79] INFO Epoch 67 Batch 490 Avg loss 0.321534
10:13:11 NeuralNetwork.py[86] INFO Epoch 67 Loss 0.321505 Time elapsed 430.653520
10:13:12 NeuralNetwork.py[193] INFO Model dumped to cnn/tanh-mse---epoch-67.model
10:13:12 NeuralNetwork.py[79] INFO Epoch 68 Batch 0 Avg loss 0.328052
10:14:13 NeuralNetwork.py[79] INFO Epoch 68 Batch 70 Avg loss 0.321336
10:15:13 NeuralNetwork.py[79] INFO Epoch 68 Batch 140 Avg loss 0.320838
10:16:13 NeuralNetwork.py[79] INFO Epoch 68 Batch 210 Avg loss 0.321024
10:17:13 NeuralNetwork.py[79] INFO Epoch 68 Batch 280 Avg loss 0.320153
10:18:13 NeuralNetwork.py[79] INFO Epoch 68 Batch 350 Avg loss 0.320564
10:19:13 NeuralNetwork.py[79] INFO Epoch 68 Batch 419 Avg loss 0.320899
10:20:14 NeuralNetwork.py[79] INFO Epoch 68 Batch 489 Avg loss 0.320951
10:20:23 NeuralNetwork.py[86] INFO Epoch 68 Loss 0.320903 Time elapsed 431.138813
10:20:23 NeuralNetwork.py[193] INFO Model dumped to cnn/tanh-mse---epoch-68.model
10:20:24 NeuralNetwork.py[79] INFO Epoch 69 Batch 0 Avg loss 0.327274
10:21:24 NeuralNetwork.py[79] INFO Epoch 69 Batch 69 Avg loss 0.320928
10:22:24 NeuralNetwork.py[79] INFO Epoch 69 Batch 138 Avg loss 0.320273
10:23:25 NeuralNetwork.py[79] INFO Epoch 69 Batch 208 Avg loss 0.320539
10:24:26 NeuralNetwork.py[79] INFO Epoch 69 Batch 278 Avg loss 0.319542
10:25:26 NeuralNetwork.py[79] INFO Epoch 69 Batch 348 Avg loss 0.320002
10:26:27 NeuralNetwork.py[79] INFO Epoch 69 Batch 417 Avg loss 0.320349
10:27:27 NeuralNetwork.py[79] INFO Epoch 69 Batch 487 Avg loss 0.320388
10:27:37 NeuralNetwork.py[86] INFO Epoch 69 Loss 0.320316 Time elapsed 434.659942
10:27:38 NeuralNetwork.py[193] INFO Model dumped to cnn/tanh-mse---epoch-69.model
10:27:38 NeuralNetwork.py[79] INFO Epoch 70 Batch 0 Avg loss 0.326503
10:28:39 NeuralNetwork.py[79] INFO Epoch 70 Batch 71 Avg loss 0.320122
10:29:40 NeuralNetwork.py[79] INFO Epoch 70 Batch 142 Avg loss 0.319761
10:30:40 NeuralNetwork.py[79] INFO Epoch 70 Batch 212 Avg loss 0.319752
10:31:41 NeuralNetwork.py[79] INFO Epoch 70 Batch 282 Avg loss 0.318969
10:32:41 NeuralNetwork.py[79] INFO Epoch 70 Batch 352 Avg loss 0.319439
10:33:42 NeuralNetwork.py[79] INFO Epoch 70 Batch 422 Avg loss 0.319773
10:34:42 NeuralNetwork.py[79] INFO Epoch 70 Batch 492 Avg loss 0.319727
10:34:49 NeuralNetwork.py[86] INFO Epoch 70 Loss 0.319742 Time elapsed 430.941778
10:34:49 NeuralNetwork.py[193] INFO Model dumped to cnn/tanh-mse---epoch-70.model
10:34:49 NeuralNetwork.py[79] INFO Epoch 71 Batch 0 Avg loss 0.325754
10:35:50 NeuralNetwork.py[79] INFO Epoch 71 Batch 69 Avg loss 0.319812
10:36:50 NeuralNetwork.py[79] INFO Epoch 71 Batch 139 Avg loss 0.319125
10:37:51 NeuralNetwork.py[79] INFO Epoch 71 Batch 209 Avg loss 0.319311
10:38:51 NeuralNetwork.py[79] INFO Epoch 71 Batch 279 Avg loss 0.318395
10:39:51 NeuralNetwork.py[79] INFO Epoch 71 Batch 349 Avg loss 0.318871
10:40:52 NeuralNetwork.py[79] INFO Epoch 71 Batch 419 Avg loss 0.319188
10:41:52 NeuralNetwork.py[79] INFO Epoch 71 Batch 490 Avg loss 0.319210
10:42:00 NeuralNetwork.py[86] INFO Epoch 71 Loss 0.319177 Time elapsed 431.466957
10:42:00 NeuralNetwork.py[193] INFO Model dumped to cnn/tanh-mse---epoch-71.model
10:42:01 NeuralNetwork.py[79] INFO Epoch 72 Batch 0 Avg loss 0.325089
10:43:01 NeuralNetwork.py[79] INFO Epoch 72 Batch 70 Avg loss 0.319100
10:44:02 NeuralNetwork.py[79] INFO Epoch 72 Batch 141 Avg loss 0.318690
10:45:02 NeuralNetwork.py[79] INFO Epoch 72 Batch 211 Avg loss 0.318629
10:46:02 NeuralNetwork.py[79] INFO Epoch 72 Batch 281 Avg loss 0.317865
10:47:03 NeuralNetwork.py[79] INFO Epoch 72 Batch 352 Avg loss 0.318316
10:48:04 NeuralNetwork.py[79] INFO Epoch 72 Batch 423 Avg loss 0.318605
10:49:04 NeuralNetwork.py[79] INFO Epoch 72 Batch 494 Avg loss 0.318603
10:49:09 NeuralNetwork.py[86] INFO Epoch 72 Loss 0.318614 Time elapsed 428.502067
10:49:09 NeuralNetwork.py[193] INFO Model dumped to cnn/tanh-mse---epoch-72.model
10:49:10 NeuralNetwork.py[79] INFO Epoch 73 Batch 0 Avg loss 0.324466
10:50:10 NeuralNetwork.py[79] INFO Epoch 73 Batch 70 Avg loss 0.318581
10:51:10 NeuralNetwork.py[79] INFO Epoch 73 Batch 140 Avg loss 0.317959
10:52:11 NeuralNetwork.py[79] INFO Epoch 73 Batch 210 Avg loss 0.318134
10:53:11 NeuralNetwork.py[79] INFO Epoch 73 Batch 280 Avg loss 0.317296
10:54:12 NeuralNetwork.py[79] INFO Epoch 73 Batch 350 Avg loss 0.317747
10:55:12 NeuralNetwork.py[79] INFO Epoch 73 Batch 420 Avg loss 0.318116
10:56:13 NeuralNetwork.py[79] INFO Epoch 73 Batch 490 Avg loss 0.318105
10:56:21 NeuralNetwork.py[86] INFO Epoch 73 Loss 0.318071 Time elapsed 432.043458
10:56:21 NeuralNetwork.py[193] INFO Model dumped to cnn/tanh-mse---epoch-73.model
10:56:22 NeuralNetwork.py[79] INFO Epoch 74 Batch 0 Avg loss 0.323825
10:57:22 NeuralNetwork.py[79] INFO Epoch 74 Batch 70 Avg loss 0.318060
10:58:23 NeuralNetwork.py[79] INFO Epoch 74 Batch 140 Avg loss 0.317411
10:59:24 NeuralNetwork.py[79] INFO Epoch 74 Batch 210 Avg loss 0.317590
11:00:24 NeuralNetwork.py[79] INFO Epoch 74 Batch 280 Avg loss 0.316755
11:01:24 NeuralNetwork.py[79] INFO Epoch 74 Batch 350 Avg loss 0.317212
11:02:25 NeuralNetwork.py[79] INFO Epoch 74 Batch 421 Avg loss 0.317600
11:03:26 NeuralNetwork.py[79] INFO Epoch 74 Batch 492 Avg loss 0.317516
11:03:32 NeuralNetwork.py[86] INFO Epoch 74 Loss 0.317533 Time elapsed 430.646421
11:03:32 NeuralNetwork.py[193] INFO Model dumped to cnn/tanh-mse---epoch-74.model
11:03:33 NeuralNetwork.py[79] INFO Epoch 75 Batch 0 Avg loss 0.323191
11:04:33 NeuralNetwork.py[79] INFO Epoch 75 Batch 70 Avg loss 0.317549
11:05:33 NeuralNetwork.py[79] INFO Epoch 75 Batch 141 Avg loss 0.317065
11:06:34 NeuralNetwork.py[79] INFO Epoch 75 Batch 211 Avg loss 0.317000
11:07:34 NeuralNetwork.py[79] INFO Epoch 75 Batch 281 Avg loss 0.316250
11:08:34 NeuralNetwork.py[79] INFO Epoch 75 Batch 351 Avg loss 0.316704
11:09:35 NeuralNetwork.py[79] INFO Epoch 75 Batch 421 Avg loss 0.317078
11:10:35 NeuralNetwork.py[79] INFO Epoch 75 Batch 491 Avg loss 0.317014
11:10:42 NeuralNetwork.py[86] INFO Epoch 75 Loss 0.317010 Time elapsed 429.942151
11:10:42 NeuralNetwork.py[193] INFO Model dumped to cnn/tanh-mse---epoch-75.model
11:10:43 NeuralNetwork.py[79] INFO Epoch 76 Batch 0 Avg loss 0.322538
11:11:43 NeuralNetwork.py[79] INFO Epoch 76 Batch 70 Avg loss 0.317042
11:12:44 NeuralNetwork.py[79] INFO Epoch 76 Batch 140 Avg loss 0.316354
11:13:45 NeuralNetwork.py[79] INFO Epoch 76 Batch 210 Avg loss 0.316540
11:14:45 NeuralNetwork.py[79] INFO Epoch 76 Batch 280 Avg loss 0.315714
11:15:46 NeuralNetwork.py[79] INFO Epoch 76 Batch 350 Avg loss 0.316174
11:16:47 NeuralNetwork.py[79] INFO Epoch 76 Batch 420 Avg loss 0.316542
11:17:47 NeuralNetwork.py[79] INFO Epoch 76 Batch 490 Avg loss 0.316521
11:17:55 NeuralNetwork.py[86] INFO Epoch 76 Loss 0.316490 Time elapsed 433.216584
11:17:55 NeuralNetwork.py[193] INFO Model dumped to cnn/tanh-mse---epoch-76.model
11:17:56 NeuralNetwork.py[79] INFO Epoch 77 Batch 0 Avg loss 0.321909
11:18:57 NeuralNetwork.py[79] INFO Epoch 77 Batch 69 Avg loss 0.316686
11:19:57 NeuralNetwork.py[79] INFO Epoch 77 Batch 139 Avg loss 0.315885
11:20:58 NeuralNetwork.py[79] INFO Epoch 77 Batch 209 Avg loss 0.316073
11:21:58 NeuralNetwork.py[79] INFO Epoch 77 Batch 279 Avg loss 0.315183
11:22:59 NeuralNetwork.py[79] INFO Epoch 77 Batch 349 Avg loss 0.315681
11:23:59 NeuralNetwork.py[79] INFO Epoch 77 Batch 419 Avg loss 0.316003
11:24:59 NeuralNetwork.py[79] INFO Epoch 77 Batch 489 Avg loss 0.316022
11:25:07 NeuralNetwork.py[86] INFO Epoch 77 Loss 0.315975 Time elapsed 432.341767
11:25:08 NeuralNetwork.py[193] INFO Model dumped to cnn/tanh-mse---epoch-77.model
11:25:08 NeuralNetwork.py[79] INFO Epoch 78 Batch 0 Avg loss 0.321152
11:26:09 NeuralNetwork.py[79] INFO Epoch 78 Batch 70 Avg loss 0.316007
11:27:10 NeuralNetwork.py[79] INFO Epoch 78 Batch 140 Avg loss 0.315331
11:28:10 NeuralNetwork.py[79] INFO Epoch 78 Batch 210 Avg loss 0.315518
11:29:10 NeuralNetwork.py[79] INFO Epoch 78 Batch 280 Avg loss 0.314699
11:30:10 NeuralNetwork.py[79] INFO Epoch 78 Batch 350 Avg loss 0.315153
11:31:11 NeuralNetwork.py[79] INFO Epoch 78 Batch 420 Avg loss 0.315519
11:32:11 NeuralNetwork.py[79] INFO Epoch 78 Batch 490 Avg loss 0.315496
11:32:19 NeuralNetwork.py[86] INFO Epoch 78 Loss 0.315467 Time elapsed 430.941742
11:32:19 NeuralNetwork.py[193] INFO Model dumped to cnn/tanh-mse---epoch-78.model
11:32:20 NeuralNetwork.py[79] INFO Epoch 79 Batch 0 Avg loss 0.320450
11:33:20 NeuralNetwork.py[79] INFO Epoch 79 Batch 70 Avg loss 0.315509
11:34:21 NeuralNetwork.py[79] INFO Epoch 79 Batch 140 Avg loss 0.314842
11:35:21 NeuralNetwork.py[79] INFO Epoch 79 Batch 210 Avg loss 0.315026
11:36:21 NeuralNetwork.py[79] INFO Epoch 79 Batch 280 Avg loss 0.314211
11:37:22 NeuralNetwork.py[79] INFO Epoch 79 Batch 350 Avg loss 0.314658
11:38:23 NeuralNetwork.py[79] INFO Epoch 79 Batch 420 Avg loss 0.315023
11:39:23 NeuralNetwork.py[79] INFO Epoch 79 Batch 490 Avg loss 0.314997
11:39:31 NeuralNetwork.py[86] INFO Epoch 79 Loss 0.314970 Time elapsed 431.984744
11:39:31 NeuralNetwork.py[193] INFO Model dumped to cnn/tanh-mse---epoch-79.model
11:39:32 NeuralNetwork.py[79] INFO Epoch 80 Batch 0 Avg loss 0.319773
11:40:32 NeuralNetwork.py[79] INFO Epoch 80 Batch 70 Avg loss 0.315015
11:41:32 NeuralNetwork.py[79] INFO Epoch 80 Batch 140 Avg loss 0.314363
11:42:33 NeuralNetwork.py[79] INFO Epoch 80 Batch 210 Avg loss 0.314545
11:43:33 NeuralNetwork.py[79] INFO Epoch 80 Batch 280 Avg loss 0.313732
11:44:33 NeuralNetwork.py[79] INFO Epoch 80 Batch 350 Avg loss 0.314171
11:45:34 NeuralNetwork.py[79] INFO Epoch 80 Batch 420 Avg loss 0.314533
11:46:34 NeuralNetwork.py[79] INFO Epoch 80 Batch 490 Avg loss 0.314508
11:46:42 NeuralNetwork.py[86] INFO Epoch 80 Loss 0.314481 Time elapsed 430.766036
11:46:42 NeuralNetwork.py[193] INFO Model dumped to cnn/tanh-mse---epoch-80.model
11:46:43 NeuralNetwork.py[79] INFO Epoch 81 Batch 0 Avg loss 0.319073
11:47:43 NeuralNetwork.py[79] INFO Epoch 81 Batch 70 Avg loss 0.314522
11:48:44 NeuralNetwork.py[79] INFO Epoch 81 Batch 140 Avg loss 0.313893
11:49:44 NeuralNetwork.py[79] INFO Epoch 81 Batch 209 Avg loss 0.314119
11:50:44 NeuralNetwork.py[79] INFO Epoch 81 Batch 279 Avg loss 0.313238
11:51:45 NeuralNetwork.py[79] INFO Epoch 81 Batch 349 Avg loss 0.313712
11:52:45 NeuralNetwork.py[79] INFO Epoch 81 Batch 419 Avg loss 0.314028
11:53:46 NeuralNetwork.py[79] INFO Epoch 81 Batch 489 Avg loss 0.314040
11:53:55 NeuralNetwork.py[86] INFO Epoch 81 Loss 0.314001 Time elapsed 432.954280
11:53:55 NeuralNetwork.py[193] INFO Model dumped to cnn/tanh-mse---epoch-81.model
11:53:56 NeuralNetwork.py[79] INFO Epoch 82 Batch 0 Avg loss 0.318458
11:54:56 NeuralNetwork.py[79] INFO Epoch 82 Batch 70 Avg loss 0.314055
11:55:57 NeuralNetwork.py[79] INFO Epoch 82 Batch 140 Avg loss 0.313449
11:56:58 NeuralNetwork.py[79] INFO Epoch 82 Batch 210 Avg loss 0.313620
11:57:58 NeuralNetwork.py[79] INFO Epoch 82 Batch 280 Avg loss 0.312806
11:58:58 NeuralNetwork.py[79] INFO Epoch 82 Batch 350 Avg loss 0.313234
11:59:59 NeuralNetwork.py[79] INFO Epoch 82 Batch 420 Avg loss 0.313589
12:00:59 NeuralNetwork.py[79] INFO Epoch 82 Batch 490 Avg loss 0.313563
12:01:07 NeuralNetwork.py[86] INFO Epoch 82 Loss 0.313540 Time elapsed 432.143777
12:01:07 NeuralNetwork.py[193] INFO Model dumped to cnn/tanh-mse---epoch-82.model
12:01:08 NeuralNetwork.py[79] INFO Epoch 83 Batch 0 Avg loss 0.317887
12:02:08 NeuralNetwork.py[79] INFO Epoch 83 Batch 69 Avg loss 0.313757
12:03:08 NeuralNetwork.py[79] INFO Epoch 83 Batch 139 Avg loss 0.313060
12:04:09 NeuralNetwork.py[79] INFO Epoch 83 Batch 210 Avg loss 0.313174
12:05:09 NeuralNetwork.py[79] INFO Epoch 83 Batch 280 Avg loss 0.312359
12:06:09 NeuralNetwork.py[79] INFO Epoch 83 Batch 350 Avg loss 0.312780
12:07:09 NeuralNetwork.py[79] INFO Epoch 83 Batch 420 Avg loss 0.313133
12:08:10 NeuralNetwork.py[79] INFO Epoch 83 Batch 490 Avg loss 0.313105
12:08:17 NeuralNetwork.py[86] INFO Epoch 83 Loss 0.313084 Time elapsed 430.424557
12:08:17 NeuralNetwork.py[193] INFO Model dumped to cnn/tanh-mse---epoch-83.model
12:08:18 NeuralNetwork.py[79] INFO Epoch 84 Batch 0 Avg loss 0.317290
12:09:18 NeuralNetwork.py[79] INFO Epoch 84 Batch 70 Avg loss 0.313134
12:10:18 NeuralNetwork.py[79] INFO Epoch 84 Batch 140 Avg loss 0.312569
12:11:19 NeuralNetwork.py[79] INFO Epoch 84 Batch 210 Avg loss 0.312724
12:12:19 NeuralNetwork.py[79] INFO Epoch 84 Batch 281 Avg loss 0.311927
12:13:19 NeuralNetwork.py[79] INFO Epoch 84 Batch 351 Avg loss 0.312341
12:14:20 NeuralNetwork.py[79] INFO Epoch 84 Batch 421 Avg loss 0.312700
12:15:20 NeuralNetwork.py[79] INFO Epoch 84 Batch 491 Avg loss 0.312627
12:15:27 NeuralNetwork.py[86] INFO Epoch 84 Loss 0.312636 Time elapsed 429.411625
12:15:27 NeuralNetwork.py[193] INFO Model dumped to cnn/tanh-mse---epoch-84.model
12:15:28 NeuralNetwork.py[79] INFO Epoch 85 Batch 0 Avg loss 0.316739
12:16:28 NeuralNetwork.py[79] INFO Epoch 85 Batch 70 Avg loss 0.312690
12:17:28 NeuralNetwork.py[79] INFO Epoch 85 Batch 140 Avg loss 0.312153
12:18:29 NeuralNetwork.py[79] INFO Epoch 85 Batch 210 Avg loss 0.312294
12:19:29 NeuralNetwork.py[79] INFO Epoch 85 Batch 280 Avg loss 0.311480
12:20:30 NeuralNetwork.py[79] INFO Epoch 85 Batch 350 Avg loss 0.311898
12:21:31 NeuralNetwork.py[79] INFO Epoch 85 Batch 420 Avg loss 0.312254
12:22:31 NeuralNetwork.py[79] INFO Epoch 85 Batch 490 Avg loss 0.312223
12:22:39 NeuralNetwork.py[86] INFO Epoch 85 Loss 0.312205 Time elapsed 432.110180
12:22:39 NeuralNetwork.py[193] INFO Model dumped to cnn/tanh-mse---epoch-85.model
12:22:40 NeuralNetwork.py[79] INFO Epoch 86 Batch 0 Avg loss 0.316208
12:23:41 NeuralNetwork.py[79] INFO Epoch 86 Batch 70 Avg loss 0.312203
12:24:41 NeuralNetwork.py[79] INFO Epoch 86 Batch 140 Avg loss 0.311690
12:25:42 NeuralNetwork.py[79] INFO Epoch 86 Batch 210 Avg loss 0.311838
12:26:42 NeuralNetwork.py[79] INFO Epoch 86 Batch 279 Avg loss 0.311015
12:27:42 NeuralNetwork.py[79] INFO Epoch 86 Batch 349 Avg loss 0.311464
12:28:42 NeuralNetwork.py[79] INFO Epoch 86 Batch 419 Avg loss 0.311783
12:29:43 NeuralNetwork.py[79] INFO Epoch 86 Batch 489 Avg loss 0.311790
12:29:52 NeuralNetwork.py[86] INFO Epoch 86 Loss 0.311759 Time elapsed 432.595770
12:29:52 NeuralNetwork.py[193] INFO Model dumped to cnn/tanh-mse---epoch-86.model
12:29:53 NeuralNetwork.py[79] INFO Epoch 87 Batch 0 Avg loss 0.315685
12:30:53 NeuralNetwork.py[79] INFO Epoch 87 Batch 70 Avg loss 0.311746
12:31:54 NeuralNetwork.py[79] INFO Epoch 87 Batch 140 Avg loss 0.311249
12:32:55 NeuralNetwork.py[79] INFO Epoch 87 Batch 210 Avg loss 0.311395
12:33:56 NeuralNetwork.py[79] INFO Epoch 87 Batch 280 Avg loss 0.310589
12:34:57 NeuralNetwork.py[79] INFO Epoch 87 Batch 350 Avg loss 0.311001
12:35:57 NeuralNetwork.py[79] INFO Epoch 87 Batch 420 Avg loss 0.311369
12:36:58 NeuralNetwork.py[79] INFO Epoch 87 Batch 490 Avg loss 0.311340
12:37:06 NeuralNetwork.py[86] INFO Epoch 87 Loss 0.311324 Time elapsed 433.912084
12:37:06 NeuralNetwork.py[193] INFO Model dumped to cnn/tanh-mse---epoch-87.model
12:37:07 NeuralNetwork.py[79] INFO Epoch 88 Batch 0 Avg loss 0.315146
12:38:07 NeuralNetwork.py[79] INFO Epoch 88 Batch 70 Avg loss 0.311279
12:39:08 NeuralNetwork.py[79] INFO Epoch 88 Batch 140 Avg loss 0.310812
12:40:09 NeuralNetwork.py[79] INFO Epoch 88 Batch 210 Avg loss 0.310965
12:41:09 NeuralNetwork.py[79] INFO Epoch 88 Batch 280 Avg loss 0.310161
12:42:10 NeuralNetwork.py[79] INFO Epoch 88 Batch 350 Avg loss 0.310570
12:43:10 NeuralNetwork.py[79] INFO Epoch 88 Batch 420 Avg loss 0.310940
12:44:10 NeuralNetwork.py[79] INFO Epoch 88 Batch 491 Avg loss 0.310881
12:44:17 NeuralNetwork.py[86] INFO Epoch 88 Loss 0.310896 Time elapsed 431.257628
12:44:17 NeuralNetwork.py[193] INFO Model dumped to cnn/tanh-mse---epoch-88.model
12:44:18 NeuralNetwork.py[79] INFO Epoch 89 Batch 0 Avg loss 0.314691
12:45:19 NeuralNetwork.py[79] INFO Epoch 89 Batch 71 Avg loss 0.310763
12:46:19 NeuralNetwork.py[79] INFO Epoch 89 Batch 142 Avg loss 0.310511
12:47:20 NeuralNetwork.py[79] INFO Epoch 89 Batch 212 Avg loss 0.310433
12:48:20 NeuralNetwork.py[79] INFO Epoch 89 Batch 282 Avg loss 0.309714
12:49:21 NeuralNetwork.py[79] INFO Epoch 89 Batch 352 Avg loss 0.310164
12:50:21 NeuralNetwork.py[79] INFO Epoch 89 Batch 422 Avg loss 0.310502
12:51:21 NeuralNetwork.py[79] INFO Epoch 89 Batch 493 Avg loss 0.310459
12:51:27 NeuralNetwork.py[86] INFO Epoch 89 Loss 0.310476 Time elapsed 429.192540
12:51:27 NeuralNetwork.py[193] INFO Model dumped to cnn/tanh-mse---epoch-89.model
12:51:27 NeuralNetwork.py[79] INFO Epoch 90 Batch 0 Avg loss 0.314128
12:52:28 NeuralNetwork.py[79] INFO Epoch 90 Batch 71 Avg loss 0.310291
12:53:28 NeuralNetwork.py[79] INFO Epoch 90 Batch 141 Avg loss 0.310128
12:54:28 NeuralNetwork.py[79] INFO Epoch 90 Batch 211 Avg loss 0.310036
12:55:29 NeuralNetwork.py[79] INFO Epoch 90 Batch 283 Avg loss 0.309263
12:56:29 NeuralNetwork.py[79] INFO Epoch 90 Batch 354 Avg loss 0.309779
12:57:29 NeuralNetwork.py[79] INFO Epoch 90 Batch 424 Avg loss 0.310049
12:58:30 NeuralNetwork.py[79] INFO Epoch 90 Batch 495 Avg loss 0.310013
12:58:33 NeuralNetwork.py[86] INFO Epoch 90 Loss 0.310058 Time elapsed 426.190775
12:58:33 NeuralNetwork.py[193] INFO Model dumped to cnn/tanh-mse---epoch-90.model
12:58:34 NeuralNetwork.py[79] INFO Epoch 91 Batch 0 Avg loss 0.313675
12:59:34 NeuralNetwork.py[79] INFO Epoch 91 Batch 71 Avg loss 0.309871
13:00:34 NeuralNetwork.py[79] INFO Epoch 91 Batch 142 Avg loss 0.309657
13:01:34 NeuralNetwork.py[79] INFO Epoch 91 Batch 213 Avg loss 0.309651
13:02:34 NeuralNetwork.py[79] INFO Epoch 91 Batch 286 Avg loss 0.308923
13:03:35 NeuralNetwork.py[79] INFO Epoch 91 Batch 359 Avg loss 0.309415
13:04:35 NeuralNetwork.py[79] INFO Epoch 91 Batch 429 Avg loss 0.309645
13:05:35 NeuralNetwork.py[86] INFO Epoch 91 Loss 0.309651 Time elapsed 421.657445
13:05:35 NeuralNetwork.py[193] INFO Model dumped to cnn/tanh-mse---epoch-91.model
13:05:35 NeuralNetwork.py[79] INFO Epoch 92 Batch 0 Avg loss 0.313184
13:06:36 NeuralNetwork.py[79] INFO Epoch 92 Batch 71 Avg loss 0.309416
13:07:37 NeuralNetwork.py[79] INFO Epoch 92 Batch 141 Avg loss 0.309289
13:08:37 NeuralNetwork.py[79] INFO Epoch 92 Batch 211 Avg loss 0.309205
13:09:37 NeuralNetwork.py[79] INFO Epoch 92 Batch 282 Avg loss 0.308462
13:10:37 NeuralNetwork.py[79] INFO Epoch 92 Batch 354 Avg loss 0.308951
13:11:38 NeuralNetwork.py[79] INFO Epoch 92 Batch 425 Avg loss 0.309266
13:12:38 NeuralNetwork.py[79] INFO Epoch 92 Batch 497 Avg loss 0.309231
13:12:40 NeuralNetwork.py[86] INFO Epoch 92 Loss 0.309241 Time elapsed 425.049744
13:12:40 NeuralNetwork.py[193] INFO Model dumped to cnn/tanh-mse---epoch-92.model
13:12:41 NeuralNetwork.py[79] INFO Epoch 93 Batch 0 Avg loss 0.312652
13:13:41 NeuralNetwork.py[79] INFO Epoch 93 Batch 72 Avg loss 0.308775
13:14:41 NeuralNetwork.py[79] INFO Epoch 93 Batch 142 Avg loss 0.308805
13:15:42 NeuralNetwork.py[79] INFO Epoch 93 Batch 213 Avg loss 0.308815
13:16:42 NeuralNetwork.py[79] INFO Epoch 93 Batch 283 Avg loss 0.308036
13:17:42 NeuralNetwork.py[79] INFO Epoch 93 Batch 354 Avg loss 0.308542
13:18:43 NeuralNetwork.py[79] INFO Epoch 93 Batch 425 Avg loss 0.308863
13:19:44 NeuralNetwork.py[79] INFO Epoch 93 Batch 496 Avg loss 0.308826
13:19:46 NeuralNetwork.py[86] INFO Epoch 93 Loss 0.308838 Time elapsed 426.555176
13:19:46 NeuralNetwork.py[193] INFO Model dumped to cnn/tanh-mse---epoch-93.model
13:19:47 NeuralNetwork.py[79] INFO Epoch 94 Batch 0 Avg loss 0.312160
13:20:47 NeuralNetwork.py[79] INFO Epoch 94 Batch 71 Avg loss 0.308480
13:21:48 NeuralNetwork.py[79] INFO Epoch 94 Batch 141 Avg loss 0.308418
13:22:48 NeuralNetwork.py[79] INFO Epoch 94 Batch 211 Avg loss 0.308365
13:23:48 NeuralNetwork.py[79] INFO Epoch 94 Batch 282 Avg loss 0.307637
13:24:49 NeuralNetwork.py[79] INFO Epoch 94 Batch 354 Avg loss 0.308125
13:25:49 NeuralNetwork.py[79] INFO Epoch 94 Batch 426 Avg loss 0.308416
13:26:50 NeuralNetwork.py[79] INFO Epoch 94 Batch 498 Avg loss 0.308410
13:26:50 NeuralNetwork.py[86] INFO Epoch 94 Loss 0.308428 Time elapsed 423.876178
13:26:50 NeuralNetwork.py[193] INFO Model dumped to cnn/tanh-mse---epoch-94.model
13:26:51 NeuralNetwork.py[79] INFO Epoch 95 Batch 0 Avg loss 0.311677
13:27:52 NeuralNetwork.py[79] INFO Epoch 95 Batch 71 Avg loss 0.308015
13:28:52 NeuralNetwork.py[79] INFO Epoch 95 Batch 144 Avg loss 0.308012
13:29:53 NeuralNetwork.py[79] INFO Epoch 95 Batch 216 Avg loss 0.307882
13:30:53 NeuralNetwork.py[79] INFO Epoch 95 Batch 287 Avg loss 0.307292
13:31:53 NeuralNetwork.py[79] INFO Epoch 95 Batch 360 Avg loss 0.307776
13:32:54 NeuralNetwork.py[79] INFO Epoch 95 Batch 433 Avg loss 0.308033
13:33:49 NeuralNetwork.py[86] INFO Epoch 95 Loss 0.308030 Time elapsed 418.214568
13:33:49 NeuralNetwork.py[193] INFO Model dumped to cnn/tanh-mse---epoch-95.model
13:33:50 NeuralNetwork.py[79] INFO Epoch 96 Batch 0 Avg loss 0.311211
13:34:50 NeuralNetwork.py[79] INFO Epoch 96 Batch 72 Avg loss 0.307384
13:35:50 NeuralNetwork.py[79] INFO Epoch 96 Batch 144 Avg loss 0.307594
13:36:51 NeuralNetwork.py[79] INFO Epoch 96 Batch 217 Avg loss 0.307558
13:37:51 NeuralNetwork.py[79] INFO Epoch 96 Batch 290 Avg loss 0.306837
13:38:52 NeuralNetwork.py[79] INFO Epoch 96 Batch 363 Avg loss 0.307344
13:39:52 NeuralNetwork.py[79] INFO Epoch 96 Batch 435 Avg loss 0.307669
13:40:46 NeuralNetwork.py[86] INFO Epoch 96 Loss 0.307638 Time elapsed 416.787838
13:40:46 NeuralNetwork.py[193] INFO Model dumped to cnn/tanh-mse---epoch-96.model
13:40:47 NeuralNetwork.py[79] INFO Epoch 97 Batch 0 Avg loss 0.310794
13:41:47 NeuralNetwork.py[79] INFO Epoch 97 Batch 73 Avg loss 0.306862
13:42:47 NeuralNetwork.py[79] INFO Epoch 97 Batch 145 Avg loss 0.307131
13:43:48 NeuralNetwork.py[79] INFO Epoch 97 Batch 218 Avg loss 0.307202
13:44:48 NeuralNetwork.py[79] INFO Epoch 97 Batch 290 Avg loss 0.306446
13:45:48 NeuralNetwork.py[79] INFO Epoch 97 Batch 361 Avg loss 0.307021
13:46:49 NeuralNetwork.py[79] INFO Epoch 97 Batch 434 Avg loss 0.307278
13:47:45 NeuralNetwork.py[86] INFO Epoch 97 Loss 0.307253 Time elapsed 419.138682
13:47:45 NeuralNetwork.py[193] INFO Model dumped to cnn/tanh-mse---epoch-97.model
13:47:46 NeuralNetwork.py[79] INFO Epoch 98 Batch 0 Avg loss 0.310422
13:48:46 NeuralNetwork.py[79] INFO Epoch 98 Batch 71 Avg loss 0.306721
13:49:47 NeuralNetwork.py[79] INFO Epoch 98 Batch 145 Avg loss 0.306742
13:50:47 NeuralNetwork.py[79] INFO Epoch 98 Batch 215 Avg loss 0.306758
13:51:48 NeuralNetwork.py[79] INFO Epoch 98 Batch 287 Avg loss 0.306124
13:52:48 NeuralNetwork.py[79] INFO Epoch 98 Batch 359 Avg loss 0.306596
13:53:48 NeuralNetwork.py[79] INFO Epoch 98 Batch 431 Avg loss 0.306854
13:54:46 NeuralNetwork.py[86] INFO Epoch 98 Loss 0.306874 Time elapsed 420.609261
13:54:46 NeuralNetwork.py[193] INFO Model dumped to cnn/tanh-mse---epoch-98.model
13:54:47 NeuralNetwork.py[79] INFO Epoch 99 Batch 0 Avg loss 0.310089
13:55:47 NeuralNetwork.py[79] INFO Epoch 99 Batch 71 Avg loss 0.306296
13:56:47 NeuralNetwork.py[79] INFO Epoch 99 Batch 141 Avg loss 0.306366
13:57:47 NeuralNetwork.py[79] INFO Epoch 99 Batch 213 Avg loss 0.306401
13:58:48 NeuralNetwork.py[79] INFO Epoch 99 Batch 286 Avg loss 0.305730
13:59:49 NeuralNetwork.py[79] INFO Epoch 99 Batch 359 Avg loss 0.306215
14:00:49 NeuralNetwork.py[79] INFO Epoch 99 Batch 432 Avg loss 0.306545
14:01:45 NeuralNetwork.py[86] INFO Epoch 99 Loss 0.306497 Time elapsed 419.063534
14:01:45 NeuralNetwork.py[193] INFO Model dumped to cnn/tanh-mse---epoch-99.model
14:01:45 NeuralNetwork.py[148] INFO Start testing: len 10000 batch_size 100
14:02:24 NeuralNetwork.py[161] INFO Done forward. Outputs: 10000
14:02:24 NeuralNetwork.py[165] INFO 10000 tested.
(0.60840000000000005, array([[627,  58,  34,  14,   6,   9,  19,  16, 173,  44],
       [ 23, 808,   5,   6,   1,   5,  17,   6,  44,  85],
       [111,  37, 380,  47,  61, 115, 117,  69,  41,  22],
       [ 31,  39,  56, 312,  26, 294, 120,  41,  49,  32],
       [ 53,  23,  56,  37, 412,  59, 137, 177,  32,  14],
       [ 22,  19,  62, 112,  29, 600,  30,  57,  40,  29],
       [ 12,  13,  38,  37,  16,  31, 806,  14,  15,  18],
       [ 30,  18,  28,  32,  40,  98,  17, 670,  12,  55],
       [ 85,  53,   6,  10,   1,   7,   8,   6, 791,  33],
       [ 36, 178,   4,   8,   2,   7,  17,  19,  51, 678]]))
