02:05:14 NeuralNetwork.py[37] INFO Activation relu loss type mse
02:05:14 CNN.py[31] INFO Layer output: (100, 32, 14, 14)
02:05:14 CNN.py[31] INFO Layer output: (100, 32, 5, 5)
02:05:14 CNN.py[36] INFO Output to FC: 800
02:05:14 NeuralNetwork.py[60] INFO start fitting epoch 100 batchsize 100 LR [0.0001, 0.0002]
02:05:15 NeuralNetwork.py[79] INFO Epoch 0 Batch 0 Avg loss 0.499999
02:06:15 NeuralNetwork.py[79] INFO Epoch 0 Batch 79 Avg loss 0.495335
02:07:15 NeuralNetwork.py[79] INFO Epoch 0 Batch 156 Avg loss 0.490136
02:08:16 NeuralNetwork.py[79] INFO Epoch 0 Batch 233 Avg loss 0.483990
02:09:16 NeuralNetwork.py[79] INFO Epoch 0 Batch 311 Avg loss 0.476385
02:10:17 NeuralNetwork.py[79] INFO Epoch 0 Batch 390 Avg loss 0.471333
02:11:18 NeuralNetwork.py[79] INFO Epoch 0 Batch 468 Avg loss 0.467330
02:11:41 NeuralNetwork.py[86] INFO Epoch 0 Loss 0.465995 Time elapsed 386.430353
02:11:41 NeuralNetwork.py[193] INFO Model dumped to cnn/relu-mse---epoch-0.model
02:11:42 NeuralNetwork.py[79] INFO Epoch 1 Batch 0 Avg loss 0.445461
02:12:42 NeuralNetwork.py[79] INFO Epoch 1 Batch 80 Avg loss 0.445451
02:13:42 NeuralNetwork.py[79] INFO Epoch 1 Batch 160 Avg loss 0.445581
02:14:43 NeuralNetwork.py[79] INFO Epoch 1 Batch 240 Avg loss 0.444806
02:15:43 NeuralNetwork.py[79] INFO Epoch 1 Batch 320 Avg loss 0.444411
02:16:44 NeuralNetwork.py[79] INFO Epoch 1 Batch 400 Avg loss 0.444089
02:17:44 NeuralNetwork.py[79] INFO Epoch 1 Batch 480 Avg loss 0.443715
02:17:59 NeuralNetwork.py[86] INFO Epoch 1 Loss 0.443638 Time elapsed 377.633476
02:17:59 NeuralNetwork.py[193] INFO Model dumped to cnn/relu-mse---epoch-1.model
02:18:00 NeuralNetwork.py[79] INFO Epoch 2 Batch 0 Avg loss 0.439793
02:19:00 NeuralNetwork.py[79] INFO Epoch 2 Batch 80 Avg loss 0.440778
02:20:00 NeuralNetwork.py[79] INFO Epoch 2 Batch 160 Avg loss 0.440890
02:21:01 NeuralNetwork.py[79] INFO Epoch 2 Batch 240 Avg loss 0.439705
02:22:01 NeuralNetwork.py[79] INFO Epoch 2 Batch 320 Avg loss 0.438785
02:23:02 NeuralNetwork.py[79] INFO Epoch 2 Batch 399 Avg loss 0.437792
02:24:02 NeuralNetwork.py[79] INFO Epoch 2 Batch 478 Avg loss 0.436337
02:24:18 NeuralNetwork.py[86] INFO Epoch 2 Loss 0.436010 Time elapsed 378.822167
02:24:18 NeuralNetwork.py[193] INFO Model dumped to cnn/relu-mse---epoch-2.model
02:24:18 NeuralNetwork.py[79] INFO Epoch 3 Batch 0 Avg loss 0.426981
02:25:19 NeuralNetwork.py[79] INFO Epoch 3 Batch 80 Avg loss 0.424648
02:26:20 NeuralNetwork.py[79] INFO Epoch 3 Batch 160 Avg loss 0.423839
02:27:20 NeuralNetwork.py[79] INFO Epoch 3 Batch 240 Avg loss 0.421137
02:28:21 NeuralNetwork.py[79] INFO Epoch 3 Batch 320 Avg loss 0.418818
02:29:21 NeuralNetwork.py[79] INFO Epoch 3 Batch 400 Avg loss 0.416422
02:30:22 NeuralNetwork.py[79] INFO Epoch 3 Batch 480 Avg loss 0.413946
02:30:36 NeuralNetwork.py[86] INFO Epoch 3 Loss 0.413323 Time elapsed 378.349960
02:30:36 NeuralNetwork.py[193] INFO Model dumped to cnn/relu-mse---epoch-3.model
02:30:37 NeuralNetwork.py[79] INFO Epoch 4 Batch 0 Avg loss 0.404991
02:31:37 NeuralNetwork.py[79] INFO Epoch 4 Batch 80 Avg loss 0.396160
02:32:38 NeuralNetwork.py[79] INFO Epoch 4 Batch 160 Avg loss 0.395013
02:33:38 NeuralNetwork.py[79] INFO Epoch 4 Batch 240 Avg loss 0.392438
02:34:39 NeuralNetwork.py[79] INFO Epoch 4 Batch 319 Avg loss 0.391472
02:35:39 NeuralNetwork.py[79] INFO Epoch 4 Batch 399 Avg loss 0.390867
02:36:40 NeuralNetwork.py[79] INFO Epoch 4 Batch 479 Avg loss 0.389530
02:36:55 NeuralNetwork.py[86] INFO Epoch 4 Loss 0.389245 Time elapsed 378.721927
02:36:55 NeuralNetwork.py[193] INFO Model dumped to cnn/relu-mse---epoch-4.model
02:36:56 NeuralNetwork.py[79] INFO Epoch 5 Batch 0 Avg loss 0.385298
02:37:56 NeuralNetwork.py[79] INFO Epoch 5 Batch 80 Avg loss 0.379060
02:38:57 NeuralNetwork.py[79] INFO Epoch 5 Batch 160 Avg loss 0.379801
02:39:57 NeuralNetwork.py[79] INFO Epoch 5 Batch 239 Avg loss 0.377876
02:40:57 NeuralNetwork.py[79] INFO Epoch 5 Batch 318 Avg loss 0.377512
02:41:58 NeuralNetwork.py[79] INFO Epoch 5 Batch 398 Avg loss 0.377240
02:42:58 NeuralNetwork.py[79] INFO Epoch 5 Batch 478 Avg loss 0.376278
02:43:14 NeuralNetwork.py[86] INFO Epoch 5 Loss 0.376022 Time elapsed 378.974176
02:43:14 NeuralNetwork.py[193] INFO Model dumped to cnn/relu-mse---epoch-5.model
02:43:15 NeuralNetwork.py[79] INFO Epoch 6 Batch 0 Avg loss 0.367380
02:44:15 NeuralNetwork.py[79] INFO Epoch 6 Batch 80 Avg loss 0.366703
02:45:16 NeuralNetwork.py[79] INFO Epoch 6 Batch 160 Avg loss 0.368621
02:46:16 NeuralNetwork.py[79] INFO Epoch 6 Batch 240 Avg loss 0.367110
02:47:17 NeuralNetwork.py[79] INFO Epoch 6 Batch 320 Avg loss 0.367206
02:48:18 NeuralNetwork.py[79] INFO Epoch 6 Batch 400 Avg loss 0.367018
02:49:18 NeuralNetwork.py[79] INFO Epoch 6 Batch 480 Avg loss 0.366454
02:49:33 NeuralNetwork.py[86] INFO Epoch 6 Loss 0.366238 Time elapsed 378.517372
02:49:33 NeuralNetwork.py[193] INFO Model dumped to cnn/relu-mse---epoch-6.model
02:49:33 NeuralNetwork.py[79] INFO Epoch 7 Batch 0 Avg loss 0.356187
02:50:34 NeuralNetwork.py[79] INFO Epoch 7 Batch 80 Avg loss 0.358863
02:51:34 NeuralNetwork.py[79] INFO Epoch 7 Batch 160 Avg loss 0.361324
02:52:35 NeuralNetwork.py[79] INFO Epoch 7 Batch 240 Avg loss 0.359807
02:53:36 NeuralNetwork.py[79] INFO Epoch 7 Batch 320 Avg loss 0.360060
02:54:36 NeuralNetwork.py[79] INFO Epoch 7 Batch 400 Avg loss 0.360135
02:55:37 NeuralNetwork.py[79] INFO Epoch 7 Batch 480 Avg loss 0.359782
02:55:51 NeuralNetwork.py[86] INFO Epoch 7 Loss 0.359620 Time elapsed 378.370712
02:55:51 NeuralNetwork.py[193] INFO Model dumped to cnn/relu-mse---epoch-7.model
02:55:52 NeuralNetwork.py[79] INFO Epoch 8 Batch 0 Avg loss 0.348880
02:56:52 NeuralNetwork.py[79] INFO Epoch 8 Batch 80 Avg loss 0.352997
02:57:53 NeuralNetwork.py[79] INFO Epoch 8 Batch 160 Avg loss 0.355656
02:58:53 NeuralNetwork.py[79] INFO Epoch 8 Batch 240 Avg loss 0.354165
02:59:54 NeuralNetwork.py[79] INFO Epoch 8 Batch 319 Avg loss 0.354377
03:00:54 NeuralNetwork.py[79] INFO Epoch 8 Batch 398 Avg loss 0.354791
03:01:55 NeuralNetwork.py[79] INFO Epoch 8 Batch 478 Avg loss 0.354408
03:02:11 NeuralNetwork.py[86] INFO Epoch 8 Loss 0.354279 Time elapsed 379.417480
03:02:11 NeuralNetwork.py[193] INFO Model dumped to cnn/relu-mse---epoch-8.model
03:02:11 NeuralNetwork.py[79] INFO Epoch 9 Batch 0 Avg loss 0.344927
03:03:12 NeuralNetwork.py[79] INFO Epoch 9 Batch 80 Avg loss 0.347793
03:04:13 NeuralNetwork.py[79] INFO Epoch 9 Batch 160 Avg loss 0.350508
03:05:13 NeuralNetwork.py[79] INFO Epoch 9 Batch 240 Avg loss 0.349123
03:06:14 NeuralNetwork.py[79] INFO Epoch 9 Batch 320 Avg loss 0.349406
03:07:14 NeuralNetwork.py[79] INFO Epoch 9 Batch 400 Avg loss 0.349782
03:08:15 NeuralNetwork.py[79] INFO Epoch 9 Batch 480 Avg loss 0.349654
03:08:30 NeuralNetwork.py[86] INFO Epoch 9 Loss 0.349483 Time elapsed 379.111163
03:08:30 NeuralNetwork.py[193] INFO Model dumped to cnn/relu-mse---epoch-9.model
03:08:31 NeuralNetwork.py[79] INFO Epoch 10 Batch 0 Avg loss 0.340955
03:09:31 NeuralNetwork.py[79] INFO Epoch 10 Batch 79 Avg loss 0.343089
03:10:31 NeuralNetwork.py[79] INFO Epoch 10 Batch 158 Avg loss 0.345754
03:11:32 NeuralNetwork.py[79] INFO Epoch 10 Batch 238 Avg loss 0.344421
03:12:32 NeuralNetwork.py[79] INFO Epoch 10 Batch 317 Avg loss 0.344637
03:13:32 NeuralNetwork.py[79] INFO Epoch 10 Batch 396 Avg loss 0.345314
03:14:32 NeuralNetwork.py[79] INFO Epoch 10 Batch 476 Avg loss 0.345126
03:14:50 NeuralNetwork.py[86] INFO Epoch 10 Loss 0.345006 Time elapsed 380.075878
03:14:50 NeuralNetwork.py[193] INFO Model dumped to cnn/relu-mse---epoch-10.model
03:14:51 NeuralNetwork.py[79] INFO Epoch 11 Batch 0 Avg loss 0.337304
03:15:51 NeuralNetwork.py[79] INFO Epoch 11 Batch 80 Avg loss 0.338866
03:16:52 NeuralNetwork.py[79] INFO Epoch 11 Batch 160 Avg loss 0.341715
03:17:52 NeuralNetwork.py[79] INFO Epoch 11 Batch 240 Avg loss 0.340288
03:18:52 NeuralNetwork.py[79] INFO Epoch 11 Batch 320 Avg loss 0.340454
03:19:53 NeuralNetwork.py[79] INFO Epoch 11 Batch 400 Avg loss 0.340938
03:20:53 NeuralNetwork.py[79] INFO Epoch 11 Batch 480 Avg loss 0.341004
03:21:08 NeuralNetwork.py[86] INFO Epoch 11 Loss 0.340820 Time elapsed 377.732897
03:21:08 NeuralNetwork.py[193] INFO Model dumped to cnn/relu-mse---epoch-11.model
03:21:09 NeuralNetwork.py[79] INFO Epoch 12 Batch 0 Avg loss 0.334006
03:22:09 NeuralNetwork.py[79] INFO Epoch 12 Batch 80 Avg loss 0.334964
03:23:10 NeuralNetwork.py[79] INFO Epoch 12 Batch 160 Avg loss 0.337795
03:24:10 NeuralNetwork.py[79] INFO Epoch 12 Batch 239 Avg loss 0.336373
03:25:10 NeuralNetwork.py[79] INFO Epoch 12 Batch 318 Avg loss 0.336477
03:26:11 NeuralNetwork.py[79] INFO Epoch 12 Batch 398 Avg loss 0.337063
03:27:11 NeuralNetwork.py[79] INFO Epoch 12 Batch 478 Avg loss 0.336975
03:27:27 NeuralNetwork.py[86] INFO Epoch 12 Loss 0.336814 Time elapsed 379.463627
03:27:27 NeuralNetwork.py[193] INFO Model dumped to cnn/relu-mse---epoch-12.model
03:27:28 NeuralNetwork.py[79] INFO Epoch 13 Batch 0 Avg loss 0.331303
03:28:28 NeuralNetwork.py[79] INFO Epoch 13 Batch 79 Avg loss 0.330763
03:29:28 NeuralNetwork.py[79] INFO Epoch 13 Batch 158 Avg loss 0.333450
03:30:29 NeuralNetwork.py[79] INFO Epoch 13 Batch 238 Avg loss 0.332034
03:31:29 NeuralNetwork.py[79] INFO Epoch 13 Batch 317 Avg loss 0.332008
03:32:30 NeuralNetwork.py[79] INFO Epoch 13 Batch 397 Avg loss 0.332803
03:33:30 NeuralNetwork.py[79] INFO Epoch 13 Batch 477 Avg loss 0.332679
03:33:47 NeuralNetwork.py[86] INFO Epoch 13 Loss 0.332577 Time elapsed 379.586981
03:33:47 NeuralNetwork.py[193] INFO Model dumped to cnn/relu-mse---epoch-13.model
03:33:48 NeuralNetwork.py[79] INFO Epoch 14 Batch 0 Avg loss 0.328104
03:34:48 NeuralNetwork.py[79] INFO Epoch 14 Batch 80 Avg loss 0.326242
03:35:49 NeuralNetwork.py[79] INFO Epoch 14 Batch 160 Avg loss 0.329113
03:36:50 NeuralNetwork.py[79] INFO Epoch 14 Batch 240 Avg loss 0.327560
03:37:50 NeuralNetwork.py[79] INFO Epoch 14 Batch 319 Avg loss 0.327564
03:38:50 NeuralNetwork.py[79] INFO Epoch 14 Batch 398 Avg loss 0.328290
03:39:51 NeuralNetwork.py[79] INFO Epoch 14 Batch 478 Avg loss 0.328178
03:40:07 NeuralNetwork.py[86] INFO Epoch 14 Loss 0.327986 Time elapsed 379.598829
03:40:07 NeuralNetwork.py[193] INFO Model dumped to cnn/relu-mse---epoch-14.model
03:40:08 NeuralNetwork.py[79] INFO Epoch 15 Batch 0 Avg loss 0.322472
03:41:08 NeuralNetwork.py[79] INFO Epoch 15 Batch 80 Avg loss 0.321318
03:42:09 NeuralNetwork.py[79] INFO Epoch 15 Batch 160 Avg loss 0.324453
03:43:09 NeuralNetwork.py[79] INFO Epoch 15 Batch 239 Avg loss 0.322940
03:44:10 NeuralNetwork.py[79] INFO Epoch 15 Batch 319 Avg loss 0.322845
03:45:10 NeuralNetwork.py[79] INFO Epoch 15 Batch 398 Avg loss 0.323598
03:46:10 NeuralNetwork.py[79] INFO Epoch 15 Batch 477 Avg loss 0.323437
03:46:27 NeuralNetwork.py[86] INFO Epoch 15 Loss 0.323313 Time elapsed 379.851195
03:46:27 NeuralNetwork.py[193] INFO Model dumped to cnn/relu-mse---epoch-15.model
03:46:28 NeuralNetwork.py[79] INFO Epoch 16 Batch 0 Avg loss 0.318217
03:47:28 NeuralNetwork.py[79] INFO Epoch 16 Batch 79 Avg loss 0.316717
03:48:28 NeuralNetwork.py[79] INFO Epoch 16 Batch 158 Avg loss 0.319778
03:49:28 NeuralNetwork.py[79] INFO Epoch 16 Batch 237 Avg loss 0.318412
03:50:28 NeuralNetwork.py[79] INFO Epoch 16 Batch 313 Avg loss 0.318032
03:51:29 NeuralNetwork.py[79] INFO Epoch 16 Batch 392 Avg loss 0.318796
03:52:29 NeuralNetwork.py[79] INFO Epoch 16 Batch 471 Avg loss 0.318762
03:52:50 NeuralNetwork.py[86] INFO Epoch 16 Loss 0.318571 Time elapsed 383.528729
03:52:50 NeuralNetwork.py[193] INFO Model dumped to cnn/relu-mse---epoch-16.model
03:52:51 NeuralNetwork.py[79] INFO Epoch 17 Batch 0 Avg loss 0.313465
03:53:52 NeuralNetwork.py[79] INFO Epoch 17 Batch 79 Avg loss 0.311689
03:54:52 NeuralNetwork.py[79] INFO Epoch 17 Batch 158 Avg loss 0.315088
03:55:53 NeuralNetwork.py[79] INFO Epoch 17 Batch 237 Avg loss 0.313795
03:56:53 NeuralNetwork.py[79] INFO Epoch 17 Batch 316 Avg loss 0.313375
03:57:53 NeuralNetwork.py[79] INFO Epoch 17 Batch 395 Avg loss 0.314105
03:58:53 NeuralNetwork.py[79] INFO Epoch 17 Batch 473 Avg loss 0.314056
03:59:13 NeuralNetwork.py[86] INFO Epoch 17 Loss 0.313917 Time elapsed 382.891815
03:59:13 NeuralNetwork.py[193] INFO Model dumped to cnn/relu-mse---epoch-17.model
03:59:14 NeuralNetwork.py[79] INFO Epoch 18 Batch 0 Avg loss 0.309497
04:00:15 NeuralNetwork.py[79] INFO Epoch 18 Batch 79 Avg loss 0.307641
04:01:15 NeuralNetwork.py[79] INFO Epoch 18 Batch 157 Avg loss 0.310931
04:02:15 NeuralNetwork.py[79] INFO Epoch 18 Batch 236 Avg loss 0.309638
04:03:15 NeuralNetwork.py[79] INFO Epoch 18 Batch 315 Avg loss 0.308907
04:04:15 NeuralNetwork.py[79] INFO Epoch 18 Batch 394 Avg loss 0.309748
04:05:15 NeuralNetwork.py[79] INFO Epoch 18 Batch 473 Avg loss 0.309634
04:05:35 NeuralNetwork.py[86] INFO Epoch 18 Loss 0.309497 Time elapsed 381.663663
04:05:35 NeuralNetwork.py[193] INFO Model dumped to cnn/relu-mse---epoch-18.model
04:05:36 NeuralNetwork.py[79] INFO Epoch 19 Batch 0 Avg loss 0.304827
04:06:37 NeuralNetwork.py[79] INFO Epoch 19 Batch 80 Avg loss 0.303407
04:07:37 NeuralNetwork.py[79] INFO Epoch 19 Batch 160 Avg loss 0.306993
04:08:38 NeuralNetwork.py[79] INFO Epoch 19 Batch 240 Avg loss 0.305124
04:09:39 NeuralNetwork.py[79] INFO Epoch 19 Batch 320 Avg loss 0.304601
04:10:39 NeuralNetwork.py[79] INFO Epoch 19 Batch 399 Avg loss 0.305308
04:11:40 NeuralNetwork.py[79] INFO Epoch 19 Batch 479 Avg loss 0.305127
04:11:55 NeuralNetwork.py[86] INFO Epoch 19 Loss 0.304986 Time elapsed 379.587622
04:11:55 NeuralNetwork.py[193] INFO Model dumped to cnn/relu-mse---epoch-19.model
04:11:56 NeuralNetwork.py[79] INFO Epoch 20 Batch 0 Avg loss 0.300508
04:12:56 NeuralNetwork.py[79] INFO Epoch 20 Batch 78 Avg loss 0.299316
04:13:56 NeuralNetwork.py[79] INFO Epoch 20 Batch 157 Avg loss 0.302745
04:14:57 NeuralNetwork.py[79] INFO Epoch 20 Batch 237 Avg loss 0.301172
04:15:57 NeuralNetwork.py[79] INFO Epoch 20 Batch 316 Avg loss 0.300285
04:16:57 NeuralNetwork.py[79] INFO Epoch 20 Batch 395 Avg loss 0.301032
04:17:57 NeuralNetwork.py[79] INFO Epoch 20 Batch 474 Avg loss 0.300944
04:18:16 NeuralNetwork.py[86] INFO Epoch 20 Loss 0.300788 Time elapsed 380.900169
04:18:16 NeuralNetwork.py[193] INFO Model dumped to cnn/relu-mse---epoch-20.model
04:18:17 NeuralNetwork.py[79] INFO Epoch 21 Batch 0 Avg loss 0.297021
04:19:17 NeuralNetwork.py[79] INFO Epoch 21 Batch 80 Avg loss 0.295632
04:20:18 NeuralNetwork.py[79] INFO Epoch 21 Batch 160 Avg loss 0.298971
04:21:18 NeuralNetwork.py[79] INFO Epoch 21 Batch 239 Avg loss 0.297007
04:22:18 NeuralNetwork.py[79] INFO Epoch 21 Batch 318 Avg loss 0.296346
04:23:18 NeuralNetwork.py[79] INFO Epoch 21 Batch 397 Avg loss 0.297117
04:24:18 NeuralNetwork.py[79] INFO Epoch 21 Batch 476 Avg loss 0.296792
04:24:36 NeuralNetwork.py[86] INFO Epoch 21 Loss 0.296701 Time elapsed 379.923903
04:24:36 NeuralNetwork.py[193] INFO Model dumped to cnn/relu-mse---epoch-21.model
04:24:37 NeuralNetwork.py[79] INFO Epoch 22 Batch 0 Avg loss 0.293294
04:25:37 NeuralNetwork.py[79] INFO Epoch 22 Batch 79 Avg loss 0.292193
04:26:37 NeuralNetwork.py[79] INFO Epoch 22 Batch 158 Avg loss 0.295041
04:27:37 NeuralNetwork.py[79] INFO Epoch 22 Batch 237 Avg loss 0.293382
04:28:37 NeuralNetwork.py[79] INFO Epoch 22 Batch 316 Avg loss 0.292490
04:29:37 NeuralNetwork.py[79] INFO Epoch 22 Batch 395 Avg loss 0.293442
04:30:37 NeuralNetwork.py[79] INFO Epoch 22 Batch 474 Avg loss 0.293269
04:30:56 NeuralNetwork.py[86] INFO Epoch 22 Loss 0.293088 Time elapsed 380.227802
04:30:56 NeuralNetwork.py[193] INFO Model dumped to cnn/relu-mse---epoch-22.model
04:30:57 NeuralNetwork.py[79] INFO Epoch 23 Batch 0 Avg loss 0.289227
04:31:57 NeuralNetwork.py[79] INFO Epoch 23 Batch 79 Avg loss 0.288553
04:32:57 NeuralNetwork.py[79] INFO Epoch 23 Batch 158 Avg loss 0.291500
04:33:57 NeuralNetwork.py[79] INFO Epoch 23 Batch 237 Avg loss 0.289781
04:34:58 NeuralNetwork.py[79] INFO Epoch 23 Batch 316 Avg loss 0.288870
04:35:58 NeuralNetwork.py[79] INFO Epoch 23 Batch 395 Avg loss 0.289884
04:36:58 NeuralNetwork.py[79] INFO Epoch 23 Batch 474 Avg loss 0.289663
04:37:17 NeuralNetwork.py[86] INFO Epoch 23 Loss 0.289454 Time elapsed 380.414952
04:37:17 NeuralNetwork.py[193] INFO Model dumped to cnn/relu-mse---epoch-23.model
04:37:18 NeuralNetwork.py[79] INFO Epoch 24 Batch 0 Avg loss 0.283893
04:38:18 NeuralNetwork.py[79] INFO Epoch 24 Batch 79 Avg loss 0.285245
04:39:18 NeuralNetwork.py[79] INFO Epoch 24 Batch 158 Avg loss 0.288007
04:40:18 NeuralNetwork.py[79] INFO Epoch 24 Batch 237 Avg loss 0.286432
04:41:18 NeuralNetwork.py[79] INFO Epoch 24 Batch 316 Avg loss 0.285525
04:42:18 NeuralNetwork.py[79] INFO Epoch 24 Batch 395 Avg loss 0.286586
04:43:18 NeuralNetwork.py[79] INFO Epoch 24 Batch 474 Avg loss 0.286372
04:43:37 NeuralNetwork.py[86] INFO Epoch 24 Loss 0.286184 Time elapsed 380.524319
04:43:38 NeuralNetwork.py[193] INFO Model dumped to cnn/relu-mse---epoch-24.model
04:43:38 NeuralNetwork.py[79] INFO Epoch 25 Batch 0 Avg loss 0.281296
04:44:38 NeuralNetwork.py[79] INFO Epoch 25 Batch 79 Avg loss 0.282369
04:45:39 NeuralNetwork.py[79] INFO Epoch 25 Batch 158 Avg loss 0.284787
04:46:39 NeuralNetwork.py[79] INFO Epoch 25 Batch 237 Avg loss 0.283348
04:47:39 NeuralNetwork.py[79] INFO Epoch 25 Batch 316 Avg loss 0.282442
04:48:39 NeuralNetwork.py[79] INFO Epoch 25 Batch 395 Avg loss 0.283543
04:49:39 NeuralNetwork.py[79] INFO Epoch 25 Batch 474 Avg loss 0.283319
04:49:58 NeuralNetwork.py[86] INFO Epoch 25 Loss 0.283075 Time elapsed 380.887721
04:49:58 NeuralNetwork.py[193] INFO Model dumped to cnn/relu-mse---epoch-25.model
04:49:59 NeuralNetwork.py[79] INFO Epoch 26 Batch 0 Avg loss 0.275312
04:50:59 NeuralNetwork.py[79] INFO Epoch 26 Batch 79 Avg loss 0.279574
04:52:00 NeuralNetwork.py[79] INFO Epoch 26 Batch 158 Avg loss 0.282042
04:53:00 NeuralNetwork.py[79] INFO Epoch 26 Batch 237 Avg loss 0.280682
04:54:00 NeuralNetwork.py[79] INFO Epoch 26 Batch 316 Avg loss 0.279643
04:55:00 NeuralNetwork.py[79] INFO Epoch 26 Batch 395 Avg loss 0.280752
04:56:00 NeuralNetwork.py[79] INFO Epoch 26 Batch 474 Avg loss 0.280527
04:56:19 NeuralNetwork.py[86] INFO Epoch 26 Loss 0.280232 Time elapsed 380.424076
04:56:19 NeuralNetwork.py[193] INFO Model dumped to cnn/relu-mse---epoch-26.model
04:56:20 NeuralNetwork.py[79] INFO Epoch 27 Batch 0 Avg loss 0.270241
04:57:20 NeuralNetwork.py[79] INFO Epoch 27 Batch 79 Avg loss 0.276782
04:58:20 NeuralNetwork.py[79] INFO Epoch 27 Batch 158 Avg loss 0.279250
04:59:20 NeuralNetwork.py[79] INFO Epoch 27 Batch 237 Avg loss 0.277902
05:00:20 NeuralNetwork.py[79] INFO Epoch 27 Batch 316 Avg loss 0.276817
05:01:20 NeuralNetwork.py[79] INFO Epoch 27 Batch 395 Avg loss 0.277889
05:02:21 NeuralNetwork.py[79] INFO Epoch 27 Batch 474 Avg loss 0.277689
05:02:40 NeuralNetwork.py[86] INFO Epoch 27 Loss 0.277393 Time elapsed 380.732472
05:02:40 NeuralNetwork.py[193] INFO Model dumped to cnn/relu-mse---epoch-27.model
05:02:41 NeuralNetwork.py[79] INFO Epoch 28 Batch 0 Avg loss 0.266435
05:03:41 NeuralNetwork.py[79] INFO Epoch 28 Batch 79 Avg loss 0.273929
05:04:41 NeuralNetwork.py[79] INFO Epoch 28 Batch 158 Avg loss 0.276502
05:05:41 NeuralNetwork.py[79] INFO Epoch 28 Batch 237 Avg loss 0.275271
05:06:41 NeuralNetwork.py[79] INFO Epoch 28 Batch 316 Avg loss 0.274116
05:07:41 NeuralNetwork.py[79] INFO Epoch 28 Batch 395 Avg loss 0.275318
05:08:41 NeuralNetwork.py[79] INFO Epoch 28 Batch 474 Avg loss 0.275149
05:09:00 NeuralNetwork.py[86] INFO Epoch 28 Loss 0.274836 Time elapsed 380.406146
05:09:00 NeuralNetwork.py[193] INFO Model dumped to cnn/relu-mse---epoch-28.model
05:09:01 NeuralNetwork.py[79] INFO Epoch 29 Batch 0 Avg loss 0.262897
05:10:01 NeuralNetwork.py[79] INFO Epoch 29 Batch 79 Avg loss 0.271364
05:11:01 NeuralNetwork.py[79] INFO Epoch 29 Batch 158 Avg loss 0.273937
05:12:01 NeuralNetwork.py[79] INFO Epoch 29 Batch 237 Avg loss 0.272836
05:13:01 NeuralNetwork.py[79] INFO Epoch 29 Batch 316 Avg loss 0.271752
05:14:01 NeuralNetwork.py[79] INFO Epoch 29 Batch 395 Avg loss 0.272995
05:15:01 NeuralNetwork.py[79] INFO Epoch 29 Batch 474 Avg loss 0.272816
05:15:21 NeuralNetwork.py[86] INFO Epoch 29 Loss 0.272506 Time elapsed 380.144444
05:15:21 NeuralNetwork.py[193] INFO Model dumped to cnn/relu-mse---epoch-29.model
05:15:22 NeuralNetwork.py[79] INFO Epoch 30 Batch 0 Avg loss 0.259480
05:16:22 NeuralNetwork.py[79] INFO Epoch 30 Batch 79 Avg loss 0.268971
05:17:22 NeuralNetwork.py[79] INFO Epoch 30 Batch 158 Avg loss 0.271652
05:18:22 NeuralNetwork.py[79] INFO Epoch 30 Batch 237 Avg loss 0.270614
05:19:22 NeuralNetwork.py[79] INFO Epoch 30 Batch 316 Avg loss 0.269485
05:20:22 NeuralNetwork.py[79] INFO Epoch 30 Batch 395 Avg loss 0.270650
05:21:22 NeuralNetwork.py[79] INFO Epoch 30 Batch 474 Avg loss 0.270537
05:21:41 NeuralNetwork.py[86] INFO Epoch 30 Loss 0.270256 Time elapsed 380.571473
05:21:41 NeuralNetwork.py[193] INFO Model dumped to cnn/relu-mse---epoch-30.model
05:21:42 NeuralNetwork.py[79] INFO Epoch 31 Batch 0 Avg loss 0.257480
05:22:42 NeuralNetwork.py[79] INFO Epoch 31 Batch 79 Avg loss 0.266974
05:23:42 NeuralNetwork.py[79] INFO Epoch 31 Batch 158 Avg loss 0.269427
05:24:43 NeuralNetwork.py[79] INFO Epoch 31 Batch 237 Avg loss 0.268457
05:25:43 NeuralNetwork.py[79] INFO Epoch 31 Batch 316 Avg loss 0.267318
05:26:43 NeuralNetwork.py[79] INFO Epoch 31 Batch 395 Avg loss 0.268446
05:27:43 NeuralNetwork.py[79] INFO Epoch 31 Batch 474 Avg loss 0.268369
05:28:02 NeuralNetwork.py[86] INFO Epoch 31 Loss 0.268105 Time elapsed 380.935420
05:28:02 NeuralNetwork.py[193] INFO Model dumped to cnn/relu-mse---epoch-31.model
05:28:03 NeuralNetwork.py[79] INFO Epoch 32 Batch 0 Avg loss 0.255451
05:29:04 NeuralNetwork.py[79] INFO Epoch 32 Batch 79 Avg loss 0.264517
05:30:04 NeuralNetwork.py[79] INFO Epoch 32 Batch 158 Avg loss 0.267002
05:31:04 NeuralNetwork.py[79] INFO Epoch 32 Batch 237 Avg loss 0.266203
05:32:04 NeuralNetwork.py[79] INFO Epoch 32 Batch 316 Avg loss 0.265044
05:33:04 NeuralNetwork.py[79] INFO Epoch 32 Batch 395 Avg loss 0.266154
05:34:05 NeuralNetwork.py[79] INFO Epoch 32 Batch 474 Avg loss 0.266114
05:34:24 NeuralNetwork.py[86] INFO Epoch 32 Loss 0.265870 Time elapsed 381.152632
05:34:24 NeuralNetwork.py[193] INFO Model dumped to cnn/relu-mse---epoch-32.model
05:34:25 NeuralNetwork.py[79] INFO Epoch 33 Batch 0 Avg loss 0.254125
05:35:25 NeuralNetwork.py[79] INFO Epoch 33 Batch 79 Avg loss 0.262724
05:36:25 NeuralNetwork.py[79] INFO Epoch 33 Batch 158 Avg loss 0.264993
05:37:25 NeuralNetwork.py[79] INFO Epoch 33 Batch 237 Avg loss 0.264292
05:38:25 NeuralNetwork.py[79] INFO Epoch 33 Batch 316 Avg loss 0.263128
05:39:25 NeuralNetwork.py[79] INFO Epoch 33 Batch 395 Avg loss 0.264257
05:40:25 NeuralNetwork.py[79] INFO Epoch 33 Batch 474 Avg loss 0.264167
05:40:44 NeuralNetwork.py[86] INFO Epoch 33 Loss 0.263933 Time elapsed 380.316947
05:40:44 NeuralNetwork.py[193] INFO Model dumped to cnn/relu-mse---epoch-33.model
05:40:45 NeuralNetwork.py[79] INFO Epoch 34 Batch 0 Avg loss 0.252083
05:41:45 NeuralNetwork.py[79] INFO Epoch 34 Batch 79 Avg loss 0.260680
05:42:46 NeuralNetwork.py[79] INFO Epoch 34 Batch 159 Avg loss 0.263116
05:43:46 NeuralNetwork.py[79] INFO Epoch 34 Batch 238 Avg loss 0.262366
05:44:46 NeuralNetwork.py[79] INFO Epoch 34 Batch 317 Avg loss 0.261334
05:45:46 NeuralNetwork.py[79] INFO Epoch 34 Batch 396 Avg loss 0.262379
05:46:46 NeuralNetwork.py[79] INFO Epoch 34 Batch 475 Avg loss 0.262182
05:47:05 NeuralNetwork.py[86] INFO Epoch 34 Loss 0.262010 Time elapsed 380.315672
05:47:05 NeuralNetwork.py[193] INFO Model dumped to cnn/relu-mse---epoch-34.model
05:47:05 NeuralNetwork.py[79] INFO Epoch 35 Batch 0 Avg loss 0.250214
05:48:05 NeuralNetwork.py[79] INFO Epoch 35 Batch 79 Avg loss 0.258317
05:49:06 NeuralNetwork.py[79] INFO Epoch 35 Batch 158 Avg loss 0.260661
05:50:06 NeuralNetwork.py[79] INFO Epoch 35 Batch 237 Avg loss 0.260317
05:51:06 NeuralNetwork.py[79] INFO Epoch 35 Batch 316 Avg loss 0.259188
05:52:06 NeuralNetwork.py[79] INFO Epoch 35 Batch 395 Avg loss 0.260195
05:53:06 NeuralNetwork.py[79] INFO Epoch 35 Batch 474 Avg loss 0.260130
05:53:25 NeuralNetwork.py[86] INFO Epoch 35 Loss 0.259917 Time elapsed 380.835910
05:53:26 NeuralNetwork.py[193] INFO Model dumped to cnn/relu-mse---epoch-35.model
05:53:26 NeuralNetwork.py[79] INFO Epoch 36 Batch 0 Avg loss 0.248472
05:54:26 NeuralNetwork.py[79] INFO Epoch 36 Batch 79 Avg loss 0.256324
05:55:27 NeuralNetwork.py[79] INFO Epoch 36 Batch 158 Avg loss 0.258740
05:56:27 NeuralNetwork.py[79] INFO Epoch 36 Batch 237 Avg loss 0.258469
05:57:27 NeuralNetwork.py[79] INFO Epoch 36 Batch 316 Avg loss 0.257404
05:58:27 NeuralNetwork.py[79] INFO Epoch 36 Batch 395 Avg loss 0.258409
05:59:27 NeuralNetwork.py[79] INFO Epoch 36 Batch 474 Avg loss 0.258307
05:59:46 NeuralNetwork.py[86] INFO Epoch 36 Loss 0.258096 Time elapsed 380.391747
05:59:46 NeuralNetwork.py[193] INFO Model dumped to cnn/relu-mse---epoch-36.model
05:59:47 NeuralNetwork.py[79] INFO Epoch 37 Batch 0 Avg loss 0.246498
06:00:47 NeuralNetwork.py[79] INFO Epoch 37 Batch 79 Avg loss 0.254309
06:01:48 NeuralNetwork.py[79] INFO Epoch 37 Batch 159 Avg loss 0.256936
06:02:48 NeuralNetwork.py[79] INFO Epoch 37 Batch 238 Avg loss 0.256526
06:03:48 NeuralNetwork.py[79] INFO Epoch 37 Batch 317 Avg loss 0.255619
06:04:48 NeuralNetwork.py[79] INFO Epoch 37 Batch 396 Avg loss 0.256559
06:05:48 NeuralNetwork.py[79] INFO Epoch 37 Batch 475 Avg loss 0.256395
06:06:06 NeuralNetwork.py[86] INFO Epoch 37 Loss 0.256266 Time elapsed 380.316900
06:06:07 NeuralNetwork.py[193] INFO Model dumped to cnn/relu-mse---epoch-37.model
06:06:07 NeuralNetwork.py[79] INFO Epoch 38 Batch 0 Avg loss 0.244624
06:07:07 NeuralNetwork.py[79] INFO Epoch 38 Batch 79 Avg loss 0.252356
06:08:08 NeuralNetwork.py[79] INFO Epoch 38 Batch 158 Avg loss 0.254973
06:09:08 NeuralNetwork.py[79] INFO Epoch 38 Batch 237 Avg loss 0.254898
06:10:08 NeuralNetwork.py[79] INFO Epoch 38 Batch 316 Avg loss 0.253843
06:11:08 NeuralNetwork.py[79] INFO Epoch 38 Batch 395 Avg loss 0.254680
06:12:08 NeuralNetwork.py[79] INFO Epoch 38 Batch 474 Avg loss 0.254615
06:12:27 NeuralNetwork.py[86] INFO Epoch 38 Loss 0.254425 Time elapsed 380.798560
06:12:27 NeuralNetwork.py[193] INFO Model dumped to cnn/relu-mse---epoch-38.model
06:12:28 NeuralNetwork.py[79] INFO Epoch 39 Batch 0 Avg loss 0.240767
06:13:28 NeuralNetwork.py[79] INFO Epoch 39 Batch 79 Avg loss 0.250500
06:14:28 NeuralNetwork.py[79] INFO Epoch 39 Batch 158 Avg loss 0.253306
06:15:29 NeuralNetwork.py[79] INFO Epoch 39 Batch 237 Avg loss 0.253209
06:16:29 NeuralNetwork.py[79] INFO Epoch 39 Batch 316 Avg loss 0.252136
06:17:29 NeuralNetwork.py[79] INFO Epoch 39 Batch 395 Avg loss 0.252886
06:18:29 NeuralNetwork.py[79] INFO Epoch 39 Batch 474 Avg loss 0.252820
06:18:48 NeuralNetwork.py[86] INFO Epoch 39 Loss 0.252629 Time elapsed 380.710733
06:18:48 NeuralNetwork.py[193] INFO Model dumped to cnn/relu-mse---epoch-39.model
06:18:49 NeuralNetwork.py[79] INFO Epoch 40 Batch 0 Avg loss 0.237733
06:19:49 NeuralNetwork.py[79] INFO Epoch 40 Batch 79 Avg loss 0.248808
06:20:49 NeuralNetwork.py[79] INFO Epoch 40 Batch 158 Avg loss 0.251651
06:21:50 NeuralNetwork.py[79] INFO Epoch 40 Batch 237 Avg loss 0.251584
06:22:50 NeuralNetwork.py[79] INFO Epoch 40 Batch 316 Avg loss 0.250489
06:23:50 NeuralNetwork.py[79] INFO Epoch 40 Batch 395 Avg loss 0.251281
06:24:50 NeuralNetwork.py[79] INFO Epoch 40 Batch 474 Avg loss 0.251165
06:25:09 NeuralNetwork.py[86] INFO Epoch 40 Loss 0.251005 Time elapsed 380.742410
06:25:09 NeuralNetwork.py[193] INFO Model dumped to cnn/relu-mse---epoch-40.model
06:25:10 NeuralNetwork.py[79] INFO Epoch 41 Batch 0 Avg loss 0.237542
06:26:10 NeuralNetwork.py[79] INFO Epoch 41 Batch 79 Avg loss 0.247129
06:27:10 NeuralNetwork.py[79] INFO Epoch 41 Batch 158 Avg loss 0.249792
06:28:10 NeuralNetwork.py[79] INFO Epoch 41 Batch 237 Avg loss 0.249729
06:29:11 NeuralNetwork.py[79] INFO Epoch 41 Batch 316 Avg loss 0.248691
06:30:11 NeuralNetwork.py[79] INFO Epoch 41 Batch 395 Avg loss 0.249497
06:31:11 NeuralNetwork.py[79] INFO Epoch 41 Batch 474 Avg loss 0.249434
06:31:30 NeuralNetwork.py[86] INFO Epoch 41 Loss 0.249303 Time elapsed 380.744581
06:31:30 NeuralNetwork.py[193] INFO Model dumped to cnn/relu-mse---epoch-41.model
06:31:31 NeuralNetwork.py[79] INFO Epoch 42 Batch 0 Avg loss 0.235380
06:32:31 NeuralNetwork.py[79] INFO Epoch 42 Batch 79 Avg loss 0.245621
06:33:31 NeuralNetwork.py[79] INFO Epoch 42 Batch 158 Avg loss 0.248092
06:34:31 NeuralNetwork.py[79] INFO Epoch 42 Batch 237 Avg loss 0.248041
06:35:31 NeuralNetwork.py[79] INFO Epoch 42 Batch 316 Avg loss 0.247111
06:36:32 NeuralNetwork.py[79] INFO Epoch 42 Batch 395 Avg loss 0.247948
06:37:32 NeuralNetwork.py[79] INFO Epoch 42 Batch 474 Avg loss 0.247868
06:37:51 NeuralNetwork.py[86] INFO Epoch 42 Loss 0.247729 Time elapsed 380.923598
06:37:51 NeuralNetwork.py[193] INFO Model dumped to cnn/relu-mse---epoch-42.model
06:37:52 NeuralNetwork.py[79] INFO Epoch 43 Batch 0 Avg loss 0.232562
06:38:52 NeuralNetwork.py[79] INFO Epoch 43 Batch 79 Avg loss 0.243714
06:39:52 NeuralNetwork.py[79] INFO Epoch 43 Batch 158 Avg loss 0.246176
06:40:52 NeuralNetwork.py[79] INFO Epoch 43 Batch 237 Avg loss 0.246304
06:41:53 NeuralNetwork.py[79] INFO Epoch 43 Batch 316 Avg loss 0.245389
06:42:53 NeuralNetwork.py[79] INFO Epoch 43 Batch 395 Avg loss 0.246228
06:43:53 NeuralNetwork.py[79] INFO Epoch 43 Batch 474 Avg loss 0.246159
06:44:12 NeuralNetwork.py[86] INFO Epoch 43 Loss 0.246027 Time elapsed 380.932821
06:44:12 NeuralNetwork.py[193] INFO Model dumped to cnn/relu-mse---epoch-43.model
06:44:13 NeuralNetwork.py[79] INFO Epoch 44 Batch 0 Avg loss 0.229197
06:45:13 NeuralNetwork.py[79] INFO Epoch 44 Batch 79 Avg loss 0.242255
06:46:13 NeuralNetwork.py[79] INFO Epoch 44 Batch 158 Avg loss 0.244749
06:47:13 NeuralNetwork.py[79] INFO Epoch 44 Batch 237 Avg loss 0.244896
06:48:13 NeuralNetwork.py[79] INFO Epoch 44 Batch 316 Avg loss 0.244016
06:49:13 NeuralNetwork.py[79] INFO Epoch 44 Batch 395 Avg loss 0.244782
06:50:14 NeuralNetwork.py[79] INFO Epoch 44 Batch 470 Avg loss 0.244726
06:50:36 NeuralNetwork.py[86] INFO Epoch 44 Loss 0.244514 Time elapsed 383.940910
06:50:36 NeuralNetwork.py[193] INFO Model dumped to cnn/relu-mse---epoch-44.model
06:50:37 NeuralNetwork.py[79] INFO Epoch 45 Batch 0 Avg loss 0.227113
06:51:37 NeuralNetwork.py[79] INFO Epoch 45 Batch 78 Avg loss 0.240656
06:52:38 NeuralNetwork.py[79] INFO Epoch 45 Batch 155 Avg loss 0.242881
06:53:39 NeuralNetwork.py[79] INFO Epoch 45 Batch 233 Avg loss 0.243216
06:54:39 NeuralNetwork.py[79] INFO Epoch 45 Batch 311 Avg loss 0.242525
06:55:39 NeuralNetwork.py[79] INFO Epoch 45 Batch 389 Avg loss 0.243276
06:56:40 NeuralNetwork.py[79] INFO Epoch 45 Batch 468 Avg loss 0.243223
06:57:04 NeuralNetwork.py[86] INFO Epoch 45 Loss 0.243019 Time elapsed 387.607366
06:57:04 NeuralNetwork.py[193] INFO Model dumped to cnn/relu-mse---epoch-45.model
06:57:05 NeuralNetwork.py[79] INFO Epoch 46 Batch 0 Avg loss 0.225160
06:58:05 NeuralNetwork.py[79] INFO Epoch 46 Batch 78 Avg loss 0.239120
06:59:05 NeuralNetwork.py[79] INFO Epoch 46 Batch 156 Avg loss 0.241480
07:00:05 NeuralNetwork.py[79] INFO Epoch 46 Batch 234 Avg loss 0.241761
07:01:06 NeuralNetwork.py[79] INFO Epoch 46 Batch 313 Avg loss 0.240928
07:02:06 NeuralNetwork.py[79] INFO Epoch 46 Batch 392 Avg loss 0.241723
07:03:07 NeuralNetwork.py[79] INFO Epoch 46 Batch 471 Avg loss 0.241671
07:03:28 NeuralNetwork.py[86] INFO Epoch 46 Loss 0.241526 Time elapsed 384.493639
07:03:29 NeuralNetwork.py[193] INFO Model dumped to cnn/relu-mse---epoch-46.model
07:03:29 NeuralNetwork.py[79] INFO Epoch 47 Batch 0 Avg loss 0.224720
07:04:30 NeuralNetwork.py[79] INFO Epoch 47 Batch 79 Avg loss 0.237732
07:05:31 NeuralNetwork.py[79] INFO Epoch 47 Batch 158 Avg loss 0.240025
07:06:31 NeuralNetwork.py[79] INFO Epoch 47 Batch 237 Avg loss 0.240344
07:07:32 NeuralNetwork.py[79] INFO Epoch 47 Batch 316 Avg loss 0.239552
07:08:33 NeuralNetwork.py[79] INFO Epoch 47 Batch 395 Avg loss 0.240223
07:09:33 NeuralNetwork.py[79] INFO Epoch 47 Batch 474 Avg loss 0.240209
07:09:52 NeuralNetwork.py[86] INFO Epoch 47 Loss 0.240066 Time elapsed 383.850164
07:09:53 NeuralNetwork.py[193] INFO Model dumped to cnn/relu-mse---epoch-47.model
07:09:53 NeuralNetwork.py[79] INFO Epoch 48 Batch 0 Avg loss 0.223761
07:10:54 NeuralNetwork.py[79] INFO Epoch 48 Batch 78 Avg loss 0.236254
07:11:54 NeuralNetwork.py[79] INFO Epoch 48 Batch 157 Avg loss 0.238535
07:12:55 NeuralNetwork.py[79] INFO Epoch 48 Batch 235 Avg loss 0.238809
07:13:55 NeuralNetwork.py[79] INFO Epoch 48 Batch 313 Avg loss 0.238053
07:14:55 NeuralNetwork.py[79] INFO Epoch 48 Batch 391 Avg loss 0.238793
07:15:56 NeuralNetwork.py[79] INFO Epoch 48 Batch 470 Avg loss 0.238792
07:16:18 NeuralNetwork.py[86] INFO Epoch 48 Loss 0.238597 Time elapsed 385.301964
07:16:18 NeuralNetwork.py[193] INFO Model dumped to cnn/relu-mse---epoch-48.model
07:16:19 NeuralNetwork.py[79] INFO Epoch 49 Batch 0 Avg loss 0.221789
07:17:19 NeuralNetwork.py[79] INFO Epoch 49 Batch 78 Avg loss 0.234752
07:18:19 NeuralNetwork.py[79] INFO Epoch 49 Batch 156 Avg loss 0.237081
07:19:19 NeuralNetwork.py[79] INFO Epoch 49 Batch 234 Avg loss 0.237413
07:20:19 NeuralNetwork.py[79] INFO Epoch 49 Batch 312 Avg loss 0.236794
07:21:20 NeuralNetwork.py[79] INFO Epoch 49 Batch 391 Avg loss 0.237362
07:22:21 NeuralNetwork.py[79] INFO Epoch 49 Batch 470 Avg loss 0.237328
07:22:43 NeuralNetwork.py[86] INFO Epoch 49 Loss 0.237117 Time elapsed 384.954295
07:22:43 NeuralNetwork.py[193] INFO Model dumped to cnn/relu-mse---epoch-49.model
07:22:44 NeuralNetwork.py[79] INFO Epoch 50 Batch 0 Avg loss 0.221444
07:23:44 NeuralNetwork.py[79] INFO Epoch 50 Batch 79 Avg loss 0.233496
07:24:45 NeuralNetwork.py[79] INFO Epoch 50 Batch 158 Avg loss 0.235748
07:25:45 NeuralNetwork.py[79] INFO Epoch 50 Batch 237 Avg loss 0.236138
07:26:45 NeuralNetwork.py[79] INFO Epoch 50 Batch 316 Avg loss 0.235340
07:27:45 NeuralNetwork.py[79] INFO Epoch 50 Batch 395 Avg loss 0.235952
07:28:46 NeuralNetwork.py[79] INFO Epoch 50 Batch 472 Avg loss 0.235887
07:29:06 NeuralNetwork.py[86] INFO Epoch 50 Loss 0.235741 Time elapsed 383.499019
07:29:07 NeuralNetwork.py[193] INFO Model dumped to cnn/relu-mse---epoch-50.model
07:29:07 NeuralNetwork.py[79] INFO Epoch 51 Batch 0 Avg loss 0.221115
07:30:08 NeuralNetwork.py[79] INFO Epoch 51 Batch 79 Avg loss 0.232041
07:31:08 NeuralNetwork.py[79] INFO Epoch 51 Batch 157 Avg loss 0.234282
07:32:09 NeuralNetwork.py[79] INFO Epoch 51 Batch 235 Avg loss 0.234721
07:33:09 NeuralNetwork.py[79] INFO Epoch 51 Batch 313 Avg loss 0.233933
07:34:10 NeuralNetwork.py[79] INFO Epoch 51 Batch 391 Avg loss 0.234541
07:35:10 NeuralNetwork.py[79] INFO Epoch 51 Batch 469 Avg loss 0.234537
07:35:33 NeuralNetwork.py[86] INFO Epoch 51 Loss 0.234366 Time elapsed 386.362082
07:35:33 NeuralNetwork.py[193] INFO Model dumped to cnn/relu-mse---epoch-51.model
07:35:34 NeuralNetwork.py[79] INFO Epoch 52 Batch 0 Avg loss 0.220386
07:36:34 NeuralNetwork.py[79] INFO Epoch 52 Batch 78 Avg loss 0.230832
07:37:35 NeuralNetwork.py[79] INFO Epoch 52 Batch 156 Avg loss 0.232821
07:38:35 NeuralNetwork.py[79] INFO Epoch 52 Batch 233 Avg loss 0.233289
07:39:35 NeuralNetwork.py[79] INFO Epoch 52 Batch 311 Avg loss 0.232651
07:40:35 NeuralNetwork.py[79] INFO Epoch 52 Batch 389 Avg loss 0.233171
07:41:36 NeuralNetwork.py[79] INFO Epoch 52 Batch 468 Avg loss 0.233206
07:42:00 NeuralNetwork.py[86] INFO Epoch 52 Loss 0.233006 Time elapsed 386.619970
07:42:00 NeuralNetwork.py[193] INFO Model dumped to cnn/relu-mse---epoch-52.model
07:42:01 NeuralNetwork.py[79] INFO Epoch 53 Batch 0 Avg loss 0.217734
07:43:01 NeuralNetwork.py[79] INFO Epoch 53 Batch 78 Avg loss 0.229541
07:44:01 NeuralNetwork.py[79] INFO Epoch 53 Batch 156 Avg loss 0.231462
07:45:01 NeuralNetwork.py[79] INFO Epoch 53 Batch 234 Avg loss 0.232019
07:46:01 NeuralNetwork.py[79] INFO Epoch 53 Batch 312 Avg loss 0.231330
07:47:02 NeuralNetwork.py[79] INFO Epoch 53 Batch 390 Avg loss 0.231828
07:48:02 NeuralNetwork.py[79] INFO Epoch 53 Batch 468 Avg loss 0.231852
07:48:26 NeuralNetwork.py[86] INFO Epoch 53 Loss 0.231653 Time elapsed 385.944595
07:48:26 NeuralNetwork.py[193] INFO Model dumped to cnn/relu-mse---epoch-53.model
07:48:27 NeuralNetwork.py[79] INFO Epoch 54 Batch 0 Avg loss 0.217553
07:49:27 NeuralNetwork.py[79] INFO Epoch 54 Batch 78 Avg loss 0.228122
07:50:27 NeuralNetwork.py[79] INFO Epoch 54 Batch 156 Avg loss 0.230071
07:51:27 NeuralNetwork.py[79] INFO Epoch 54 Batch 228 Avg loss 0.230685
07:52:28 NeuralNetwork.py[79] INFO Epoch 54 Batch 307 Avg loss 0.230057
07:53:28 NeuralNetwork.py[79] INFO Epoch 54 Batch 385 Avg loss 0.230593
07:54:28 NeuralNetwork.py[79] INFO Epoch 54 Batch 464 Avg loss 0.230381
07:54:55 NeuralNetwork.py[86] INFO Epoch 54 Loss 0.230255 Time elapsed 389.265138
07:54:55 NeuralNetwork.py[193] INFO Model dumped to cnn/relu-mse---epoch-54.model
07:54:56 NeuralNetwork.py[79] INFO Epoch 55 Batch 0 Avg loss 0.217887
07:55:57 NeuralNetwork.py[79] INFO Epoch 55 Batch 79 Avg loss 0.226666
07:56:57 NeuralNetwork.py[79] INFO Epoch 55 Batch 158 Avg loss 0.228629
07:57:57 NeuralNetwork.py[79] INFO Epoch 55 Batch 237 Avg loss 0.229412
07:58:58 NeuralNetwork.py[79] INFO Epoch 55 Batch 316 Avg loss 0.228568
07:59:58 NeuralNetwork.py[79] INFO Epoch 55 Batch 395 Avg loss 0.229026
08:00:59 NeuralNetwork.py[79] INFO Epoch 55 Batch 474 Avg loss 0.229063
08:01:18 NeuralNetwork.py[86] INFO Epoch 55 Loss 0.228921 Time elapsed 382.469850
08:01:18 NeuralNetwork.py[193] INFO Model dumped to cnn/relu-mse---epoch-55.model
08:01:19 NeuralNetwork.py[79] INFO Epoch 56 Batch 0 Avg loss 0.217872
08:02:19 NeuralNetwork.py[79] INFO Epoch 56 Batch 79 Avg loss 0.225204
08:03:19 NeuralNetwork.py[79] INFO Epoch 56 Batch 157 Avg loss 0.227259
08:04:19 NeuralNetwork.py[79] INFO Epoch 56 Batch 235 Avg loss 0.228006
08:05:19 NeuralNetwork.py[79] INFO Epoch 56 Batch 314 Avg loss 0.227250
08:06:20 NeuralNetwork.py[79] INFO Epoch 56 Batch 393 Avg loss 0.227622
08:07:20 NeuralNetwork.py[79] INFO Epoch 56 Batch 472 Avg loss 0.227739
08:07:41 NeuralNetwork.py[86] INFO Epoch 56 Loss 0.227610 Time elapsed 382.855494
08:07:41 NeuralNetwork.py[193] INFO Model dumped to cnn/relu-mse---epoch-56.model
08:07:42 NeuralNetwork.py[79] INFO Epoch 57 Batch 0 Avg loss 0.216683
08:08:42 NeuralNetwork.py[79] INFO Epoch 57 Batch 79 Avg loss 0.224161
08:09:42 NeuralNetwork.py[79] INFO Epoch 57 Batch 158 Avg loss 0.225952
08:10:42 NeuralNetwork.py[79] INFO Epoch 57 Batch 237 Avg loss 0.226785
08:11:43 NeuralNetwork.py[79] INFO Epoch 57 Batch 316 Avg loss 0.225976
08:12:43 NeuralNetwork.py[79] INFO Epoch 57 Batch 395 Avg loss 0.226445
08:13:44 NeuralNetwork.py[79] INFO Epoch 57 Batch 474 Avg loss 0.226558
08:14:03 NeuralNetwork.py[86] INFO Epoch 57 Loss 0.226426 Time elapsed 381.878452
08:14:03 NeuralNetwork.py[193] INFO Model dumped to cnn/relu-mse---epoch-57.model
08:14:04 NeuralNetwork.py[79] INFO Epoch 58 Batch 0 Avg loss 0.217297
08:15:04 NeuralNetwork.py[79] INFO Epoch 58 Batch 79 Avg loss 0.223217
08:16:04 NeuralNetwork.py[79] INFO Epoch 58 Batch 158 Avg loss 0.224894
08:17:05 NeuralNetwork.py[79] INFO Epoch 58 Batch 237 Avg loss 0.225658
08:18:05 NeuralNetwork.py[79] INFO Epoch 58 Batch 316 Avg loss 0.224899
08:19:05 NeuralNetwork.py[79] INFO Epoch 58 Batch 395 Avg loss 0.225330
08:20:06 NeuralNetwork.py[79] INFO Epoch 58 Batch 474 Avg loss 0.225449
08:20:25 NeuralNetwork.py[86] INFO Epoch 58 Loss 0.225313 Time elapsed 382.263501
08:20:25 NeuralNetwork.py[193] INFO Model dumped to cnn/relu-mse---epoch-58.model
08:20:26 NeuralNetwork.py[79] INFO Epoch 59 Batch 0 Avg loss 0.214508
08:21:26 NeuralNetwork.py[79] INFO Epoch 59 Batch 79 Avg loss 0.222117
08:22:27 NeuralNetwork.py[79] INFO Epoch 59 Batch 158 Avg loss 0.223719
08:23:27 NeuralNetwork.py[79] INFO Epoch 59 Batch 237 Avg loss 0.224534
08:24:27 NeuralNetwork.py[79] INFO Epoch 59 Batch 316 Avg loss 0.223762
08:25:27 NeuralNetwork.py[79] INFO Epoch 59 Batch 394 Avg loss 0.224210
08:26:28 NeuralNetwork.py[79] INFO Epoch 59 Batch 473 Avg loss 0.224284
08:26:48 NeuralNetwork.py[86] INFO Epoch 59 Loss 0.224192 Time elapsed 382.391000
08:26:48 NeuralNetwork.py[193] INFO Model dumped to cnn/relu-mse---epoch-59.model
08:26:49 NeuralNetwork.py[79] INFO Epoch 60 Batch 0 Avg loss 0.213260
08:27:49 NeuralNetwork.py[79] INFO Epoch 60 Batch 79 Avg loss 0.220750
08:28:49 NeuralNetwork.py[79] INFO Epoch 60 Batch 157 Avg loss 0.222400
08:29:50 NeuralNetwork.py[79] INFO Epoch 60 Batch 236 Avg loss 0.223238
08:30:50 NeuralNetwork.py[79] INFO Epoch 60 Batch 315 Avg loss 0.222528
08:31:51 NeuralNetwork.py[79] INFO Epoch 60 Batch 394 Avg loss 0.222984
08:32:52 NeuralNetwork.py[79] INFO Epoch 60 Batch 473 Avg loss 0.223102
08:33:12 NeuralNetwork.py[86] INFO Epoch 60 Loss 0.223006 Time elapsed 383.997037
08:33:12 NeuralNetwork.py[193] INFO Model dumped to cnn/relu-mse---epoch-60.model
08:33:13 NeuralNetwork.py[79] INFO Epoch 61 Batch 0 Avg loss 0.210905
08:34:13 NeuralNetwork.py[79] INFO Epoch 61 Batch 78 Avg loss 0.219526
08:35:13 NeuralNetwork.py[79] INFO Epoch 61 Batch 157 Avg loss 0.221216
08:36:14 NeuralNetwork.py[79] INFO Epoch 61 Batch 236 Avg loss 0.222119
08:37:14 NeuralNetwork.py[79] INFO Epoch 61 Batch 314 Avg loss 0.221488
08:38:15 NeuralNetwork.py[79] INFO Epoch 61 Batch 393 Avg loss 0.221857
08:39:16 NeuralNetwork.py[79] INFO Epoch 61 Batch 472 Avg loss 0.222096
08:39:36 NeuralNetwork.py[86] INFO Epoch 61 Loss 0.221954 Time elapsed 384.399955
08:39:36 NeuralNetwork.py[193] INFO Model dumped to cnn/relu-mse---epoch-61.model
08:39:37 NeuralNetwork.py[79] INFO Epoch 62 Batch 0 Avg loss 0.210891
08:40:38 NeuralNetwork.py[79] INFO Epoch 62 Batch 79 Avg loss 0.218388
08:41:38 NeuralNetwork.py[79] INFO Epoch 62 Batch 158 Avg loss 0.220054
08:42:39 NeuralNetwork.py[79] INFO Epoch 62 Batch 237 Avg loss 0.221004
08:43:40 NeuralNetwork.py[79] INFO Epoch 62 Batch 316 Avg loss 0.220350
08:44:40 NeuralNetwork.py[79] INFO Epoch 62 Batch 394 Avg loss 0.220832
08:45:40 NeuralNetwork.py[79] INFO Epoch 62 Batch 473 Avg loss 0.220963
08:46:00 NeuralNetwork.py[86] INFO Epoch 62 Loss 0.220878 Time elapsed 383.710955
08:46:00 NeuralNetwork.py[193] INFO Model dumped to cnn/relu-mse---epoch-62.model
08:46:01 NeuralNetwork.py[79] INFO Epoch 63 Batch 0 Avg loss 0.210191
08:47:02 NeuralNetwork.py[79] INFO Epoch 63 Batch 79 Avg loss 0.217313
08:48:03 NeuralNetwork.py[79] INFO Epoch 63 Batch 158 Avg loss 0.218817
08:49:03 NeuralNetwork.py[79] INFO Epoch 63 Batch 237 Avg loss 0.219805
08:50:03 NeuralNetwork.py[79] INFO Epoch 63 Batch 315 Avg loss 0.219189
08:51:04 NeuralNetwork.py[79] INFO Epoch 63 Batch 394 Avg loss 0.219715
08:52:04 NeuralNetwork.py[79] INFO Epoch 63 Batch 473 Avg loss 0.219873
08:52:24 NeuralNetwork.py[86] INFO Epoch 63 Loss 0.219802 Time elapsed 383.990180
08:52:24 NeuralNetwork.py[193] INFO Model dumped to cnn/relu-mse---epoch-63.model
08:52:25 NeuralNetwork.py[79] INFO Epoch 64 Batch 0 Avg loss 0.209379
08:53:26 NeuralNetwork.py[79] INFO Epoch 64 Batch 79 Avg loss 0.216333
08:54:26 NeuralNetwork.py[79] INFO Epoch 64 Batch 158 Avg loss 0.217768
08:55:27 NeuralNetwork.py[79] INFO Epoch 64 Batch 237 Avg loss 0.218742
08:56:27 NeuralNetwork.py[79] INFO Epoch 64 Batch 316 Avg loss 0.218230
08:57:28 NeuralNetwork.py[79] INFO Epoch 64 Batch 395 Avg loss 0.218766
08:58:28 NeuralNetwork.py[79] INFO Epoch 64 Batch 474 Avg loss 0.218993
08:58:47 NeuralNetwork.py[86] INFO Epoch 64 Loss 0.218892 Time elapsed 382.925964
08:58:47 NeuralNetwork.py[193] INFO Model dumped to cnn/relu-mse---epoch-64.model
08:58:48 NeuralNetwork.py[79] INFO Epoch 65 Batch 0 Avg loss 0.207130
08:59:48 NeuralNetwork.py[79] INFO Epoch 65 Batch 79 Avg loss 0.215391
09:00:49 NeuralNetwork.py[79] INFO Epoch 65 Batch 158 Avg loss 0.216838
09:01:49 NeuralNetwork.py[79] INFO Epoch 65 Batch 236 Avg loss 0.217746
09:02:49 NeuralNetwork.py[79] INFO Epoch 65 Batch 315 Avg loss 0.217293
09:03:49 NeuralNetwork.py[79] INFO Epoch 65 Batch 394 Avg loss 0.217874
09:04:50 NeuralNetwork.py[79] INFO Epoch 65 Batch 473 Avg loss 0.218046
09:05:09 NeuralNetwork.py[86] INFO Epoch 65 Loss 0.217984 Time elapsed 381.982879
09:05:10 NeuralNetwork.py[193] INFO Model dumped to cnn/relu-mse---epoch-65.model
09:05:10 NeuralNetwork.py[79] INFO Epoch 66 Batch 0 Avg loss 0.205452
09:06:11 NeuralNetwork.py[79] INFO Epoch 66 Batch 79 Avg loss 0.214364
09:07:11 NeuralNetwork.py[79] INFO Epoch 66 Batch 158 Avg loss 0.215809
09:08:11 NeuralNetwork.py[79] INFO Epoch 66 Batch 237 Avg loss 0.216729
09:09:11 NeuralNetwork.py[79] INFO Epoch 66 Batch 316 Avg loss 0.216404
09:10:12 NeuralNetwork.py[79] INFO Epoch 66 Batch 395 Avg loss 0.216920
09:11:12 NeuralNetwork.py[79] INFO Epoch 66 Batch 474 Avg loss 0.217143
09:11:31 NeuralNetwork.py[86] INFO Epoch 66 Loss 0.217033 Time elapsed 381.452430
09:11:31 NeuralNetwork.py[193] INFO Model dumped to cnn/relu-mse---epoch-66.model
09:11:32 NeuralNetwork.py[79] INFO Epoch 67 Batch 0 Avg loss 0.204938
09:12:32 NeuralNetwork.py[79] INFO Epoch 67 Batch 79 Avg loss 0.213556
09:13:32 NeuralNetwork.py[79] INFO Epoch 67 Batch 158 Avg loss 0.214980
09:14:32 NeuralNetwork.py[79] INFO Epoch 67 Batch 237 Avg loss 0.215927
09:15:32 NeuralNetwork.py[79] INFO Epoch 67 Batch 316 Avg loss 0.215609
09:16:33 NeuralNetwork.py[79] INFO Epoch 67 Batch 395 Avg loss 0.216138
09:17:33 NeuralNetwork.py[79] INFO Epoch 67 Batch 474 Avg loss 0.216372
09:17:52 NeuralNetwork.py[86] INFO Epoch 67 Loss 0.216254 Time elapsed 381.383280
09:17:53 NeuralNetwork.py[193] INFO Model dumped to cnn/relu-mse---epoch-67.model
09:17:53 NeuralNetwork.py[79] INFO Epoch 68 Batch 0 Avg loss 0.204812
09:18:54 NeuralNetwork.py[79] INFO Epoch 68 Batch 79 Avg loss 0.212734
09:19:54 NeuralNetwork.py[79] INFO Epoch 68 Batch 158 Avg loss 0.214137
09:20:54 NeuralNetwork.py[79] INFO Epoch 68 Batch 237 Avg loss 0.215079
09:21:55 NeuralNetwork.py[79] INFO Epoch 68 Batch 316 Avg loss 0.214754
09:22:55 NeuralNetwork.py[79] INFO Epoch 68 Batch 395 Avg loss 0.215293
09:23:55 NeuralNetwork.py[79] INFO Epoch 68 Batch 474 Avg loss 0.215517
09:24:14 NeuralNetwork.py[86] INFO Epoch 68 Loss 0.215404 Time elapsed 381.587743
09:24:14 NeuralNetwork.py[193] INFO Model dumped to cnn/relu-mse---epoch-68.model
09:24:15 NeuralNetwork.py[79] INFO Epoch 69 Batch 0 Avg loss 0.204482
09:25:15 NeuralNetwork.py[79] INFO Epoch 69 Batch 75 Avg loss 0.211488
09:26:16 NeuralNetwork.py[79] INFO Epoch 69 Batch 154 Avg loss 0.213207
09:27:16 NeuralNetwork.py[79] INFO Epoch 69 Batch 233 Avg loss 0.214222
09:28:17 NeuralNetwork.py[79] INFO Epoch 69 Batch 312 Avg loss 0.214001
09:29:17 NeuralNetwork.py[79] INFO Epoch 69 Batch 391 Avg loss 0.214482
09:30:17 NeuralNetwork.py[79] INFO Epoch 69 Batch 470 Avg loss 0.214761
09:30:39 NeuralNetwork.py[86] INFO Epoch 69 Loss 0.214610 Time elapsed 384.828337
09:30:39 NeuralNetwork.py[193] INFO Model dumped to cnn/relu-mse---epoch-69.model
09:30:40 NeuralNetwork.py[79] INFO Epoch 70 Batch 0 Avg loss 0.204354
09:31:40 NeuralNetwork.py[79] INFO Epoch 70 Batch 79 Avg loss 0.210944
09:32:41 NeuralNetwork.py[79] INFO Epoch 70 Batch 155 Avg loss 0.212242
09:33:41 NeuralNetwork.py[79] INFO Epoch 70 Batch 233 Avg loss 0.213248
09:34:42 NeuralNetwork.py[79] INFO Epoch 70 Batch 311 Avg loss 0.213106
09:35:42 NeuralNetwork.py[79] INFO Epoch 70 Batch 390 Avg loss 0.213632
09:36:43 NeuralNetwork.py[79] INFO Epoch 70 Batch 469 Avg loss 0.213854
09:37:06 NeuralNetwork.py[86] INFO Epoch 70 Loss 0.213741 Time elapsed 386.724563
09:37:06 NeuralNetwork.py[193] INFO Model dumped to cnn/relu-mse---epoch-70.model
09:37:07 NeuralNetwork.py[79] INFO Epoch 71 Batch 0 Avg loss 0.204095
09:38:07 NeuralNetwork.py[79] INFO Epoch 71 Batch 78 Avg loss 0.210150
09:39:07 NeuralNetwork.py[79] INFO Epoch 71 Batch 157 Avg loss 0.211681
09:40:08 NeuralNetwork.py[79] INFO Epoch 71 Batch 236 Avg loss 0.212605
09:41:08 NeuralNetwork.py[79] INFO Epoch 71 Batch 315 Avg loss 0.212291
09:42:09 NeuralNetwork.py[79] INFO Epoch 71 Batch 394 Avg loss 0.212894
09:43:09 NeuralNetwork.py[79] INFO Epoch 71 Batch 473 Avg loss 0.213085
09:43:29 NeuralNetwork.py[86] INFO Epoch 71 Loss 0.213037 Time elapsed 383.128717
09:43:29 NeuralNetwork.py[193] INFO Model dumped to cnn/relu-mse---epoch-71.model
09:43:30 NeuralNetwork.py[79] INFO Epoch 72 Batch 0 Avg loss 0.203239
09:44:31 NeuralNetwork.py[79] INFO Epoch 72 Batch 79 Avg loss 0.209251
09:45:31 NeuralNetwork.py[79] INFO Epoch 72 Batch 157 Avg loss 0.210676
09:46:31 NeuralNetwork.py[79] INFO Epoch 72 Batch 236 Avg loss 0.211708
09:47:31 NeuralNetwork.py[79] INFO Epoch 72 Batch 314 Avg loss 0.211479
09:48:32 NeuralNetwork.py[79] INFO Epoch 72 Batch 393 Avg loss 0.212031
09:49:32 NeuralNetwork.py[79] INFO Epoch 72 Batch 472 Avg loss 0.212317
09:49:53 NeuralNetwork.py[86] INFO Epoch 72 Loss 0.212247 Time elapsed 383.694126
09:49:53 NeuralNetwork.py[193] INFO Model dumped to cnn/relu-mse---epoch-72.model
09:49:54 NeuralNetwork.py[79] INFO Epoch 73 Batch 0 Avg loss 0.203130
09:50:55 NeuralNetwork.py[79] INFO Epoch 73 Batch 78 Avg loss 0.208418
09:51:55 NeuralNetwork.py[79] INFO Epoch 73 Batch 156 Avg loss 0.209837
09:52:55 NeuralNetwork.py[79] INFO Epoch 73 Batch 234 Avg loss 0.210860
09:53:56 NeuralNetwork.py[79] INFO Epoch 73 Batch 313 Avg loss 0.210607
09:54:56 NeuralNetwork.py[79] INFO Epoch 73 Batch 392 Avg loss 0.211175
09:55:57 NeuralNetwork.py[79] INFO Epoch 73 Batch 471 Avg loss 0.211481
09:56:18 NeuralNetwork.py[86] INFO Epoch 73 Loss 0.211382 Time elapsed 384.970483
09:56:18 NeuralNetwork.py[193] INFO Model dumped to cnn/relu-mse---epoch-73.model
09:56:19 NeuralNetwork.py[79] INFO Epoch 74 Batch 0 Avg loss 0.202500
09:57:19 NeuralNetwork.py[79] INFO Epoch 74 Batch 79 Avg loss 0.207519
09:58:20 NeuralNetwork.py[79] INFO Epoch 74 Batch 158 Avg loss 0.208979
09:59:21 NeuralNetwork.py[79] INFO Epoch 74 Batch 237 Avg loss 0.210062
10:00:21 NeuralNetwork.py[79] INFO Epoch 74 Batch 316 Avg loss 0.209820
10:01:22 NeuralNetwork.py[79] INFO Epoch 74 Batch 395 Avg loss 0.210371
10:02:22 NeuralNetwork.py[79] INFO Epoch 74 Batch 473 Avg loss 0.210580
10:02:42 NeuralNetwork.py[86] INFO Epoch 74 Loss 0.210567 Time elapsed 383.690915
10:02:42 NeuralNetwork.py[193] INFO Model dumped to cnn/relu-mse---epoch-74.model
10:02:43 NeuralNetwork.py[79] INFO Epoch 75 Batch 0 Avg loss 0.201976
10:03:43 NeuralNetwork.py[79] INFO Epoch 75 Batch 79 Avg loss 0.206597
10:04:44 NeuralNetwork.py[79] INFO Epoch 75 Batch 158 Avg loss 0.208098
10:05:44 NeuralNetwork.py[79] INFO Epoch 75 Batch 237 Avg loss 0.209283
10:06:45 NeuralNetwork.py[79] INFO Epoch 75 Batch 316 Avg loss 0.209113
10:07:45 NeuralNetwork.py[79] INFO Epoch 75 Batch 395 Avg loss 0.209688
10:08:45 NeuralNetwork.py[79] INFO Epoch 75 Batch 474 Avg loss 0.209944
10:09:05 NeuralNetwork.py[86] INFO Epoch 75 Loss 0.209867 Time elapsed 382.608366
10:09:05 NeuralNetwork.py[193] INFO Model dumped to cnn/relu-mse---epoch-75.model
10:09:05 NeuralNetwork.py[79] INFO Epoch 76 Batch 0 Avg loss 0.202009
10:10:06 NeuralNetwork.py[79] INFO Epoch 76 Batch 79 Avg loss 0.205999
10:11:06 NeuralNetwork.py[79] INFO Epoch 76 Batch 158 Avg loss 0.207384
10:12:07 NeuralNetwork.py[79] INFO Epoch 76 Batch 237 Avg loss 0.208640
10:13:07 NeuralNetwork.py[79] INFO Epoch 76 Batch 316 Avg loss 0.208462
10:14:08 NeuralNetwork.py[79] INFO Epoch 76 Batch 395 Avg loss 0.209031
10:15:08 NeuralNetwork.py[79] INFO Epoch 76 Batch 474 Avg loss 0.209290
10:15:28 NeuralNetwork.py[86] INFO Epoch 76 Loss 0.209213 Time elapsed 383.497084
10:15:28 NeuralNetwork.py[193] INFO Model dumped to cnn/relu-mse---epoch-76.model
10:15:29 NeuralNetwork.py[79] INFO Epoch 77 Batch 0 Avg loss 0.201810
10:16:29 NeuralNetwork.py[79] INFO Epoch 77 Batch 78 Avg loss 0.205164
10:17:29 NeuralNetwork.py[79] INFO Epoch 77 Batch 157 Avg loss 0.206635
10:18:30 NeuralNetwork.py[79] INFO Epoch 77 Batch 236 Avg loss 0.207866
10:19:30 NeuralNetwork.py[79] INFO Epoch 77 Batch 315 Avg loss 0.207668
10:20:31 NeuralNetwork.py[79] INFO Epoch 77 Batch 394 Avg loss 0.208289
10:21:31 NeuralNetwork.py[79] INFO Epoch 77 Batch 472 Avg loss 0.208560
10:21:52 NeuralNetwork.py[86] INFO Epoch 77 Loss 0.208487 Time elapsed 383.300055
10:21:52 NeuralNetwork.py[193] INFO Model dumped to cnn/relu-mse---epoch-77.model
10:21:52 NeuralNetwork.py[79] INFO Epoch 78 Batch 0 Avg loss 0.201588
10:22:53 NeuralNetwork.py[79] INFO Epoch 78 Batch 79 Avg loss 0.204648
10:23:53 NeuralNetwork.py[79] INFO Epoch 78 Batch 158 Avg loss 0.206051
10:24:53 NeuralNetwork.py[79] INFO Epoch 78 Batch 237 Avg loss 0.207246
10:25:53 NeuralNetwork.py[79] INFO Epoch 78 Batch 316 Avg loss 0.207122
10:26:53 NeuralNetwork.py[79] INFO Epoch 78 Batch 395 Avg loss 0.207708
10:27:54 NeuralNetwork.py[79] INFO Epoch 78 Batch 474 Avg loss 0.207930
10:28:13 NeuralNetwork.py[86] INFO Epoch 78 Loss 0.207842 Time elapsed 380.998504
10:28:13 NeuralNetwork.py[193] INFO Model dumped to cnn/relu-mse---epoch-78.model
10:28:13 NeuralNetwork.py[79] INFO Epoch 79 Batch 0 Avg loss 0.201232
10:29:14 NeuralNetwork.py[79] INFO Epoch 79 Batch 79 Avg loss 0.203944
10:30:14 NeuralNetwork.py[79] INFO Epoch 79 Batch 158 Avg loss 0.205265
10:31:14 NeuralNetwork.py[79] INFO Epoch 79 Batch 237 Avg loss 0.206464
10:32:14 NeuralNetwork.py[79] INFO Epoch 79 Batch 316 Avg loss 0.206329
10:33:15 NeuralNetwork.py[79] INFO Epoch 79 Batch 395 Avg loss 0.206928
10:34:15 NeuralNetwork.py[79] INFO Epoch 79 Batch 474 Avg loss 0.207148
10:34:34 NeuralNetwork.py[86] INFO Epoch 79 Loss 0.207064 Time elapsed 381.077066
10:34:34 NeuralNetwork.py[193] INFO Model dumped to cnn/relu-mse---epoch-79.model
10:34:35 NeuralNetwork.py[79] INFO Epoch 80 Batch 0 Avg loss 0.201439
10:35:35 NeuralNetwork.py[79] INFO Epoch 80 Batch 79 Avg loss 0.203191
10:36:35 NeuralNetwork.py[79] INFO Epoch 80 Batch 158 Avg loss 0.204599
10:37:35 NeuralNetwork.py[79] INFO Epoch 80 Batch 237 Avg loss 0.205873
10:38:36 NeuralNetwork.py[79] INFO Epoch 80 Batch 316 Avg loss 0.205716
10:39:36 NeuralNetwork.py[79] INFO Epoch 80 Batch 395 Avg loss 0.206304
10:40:36 NeuralNetwork.py[79] INFO Epoch 80 Batch 474 Avg loss 0.206504
10:40:55 NeuralNetwork.py[86] INFO Epoch 80 Loss 0.206425 Time elapsed 381.146053
10:40:55 NeuralNetwork.py[193] INFO Model dumped to cnn/relu-mse---epoch-80.model
10:40:56 NeuralNetwork.py[79] INFO Epoch 81 Batch 0 Avg loss 0.201145
10:41:56 NeuralNetwork.py[79] INFO Epoch 81 Batch 79 Avg loss 0.202353
10:42:56 NeuralNetwork.py[79] INFO Epoch 81 Batch 158 Avg loss 0.203786
10:43:57 NeuralNetwork.py[79] INFO Epoch 81 Batch 237 Avg loss 0.205059
10:44:57 NeuralNetwork.py[79] INFO Epoch 81 Batch 316 Avg loss 0.204920
10:45:57 NeuralNetwork.py[79] INFO Epoch 81 Batch 395 Avg loss 0.205533
10:46:57 NeuralNetwork.py[79] INFO Epoch 81 Batch 474 Avg loss 0.205754
10:47:17 NeuralNetwork.py[86] INFO Epoch 81 Loss 0.205674 Time elapsed 381.393684
10:47:17 NeuralNetwork.py[193] INFO Model dumped to cnn/relu-mse---epoch-81.model
10:47:17 NeuralNetwork.py[79] INFO Epoch 82 Batch 0 Avg loss 0.200875
10:48:18 NeuralNetwork.py[79] INFO Epoch 82 Batch 79 Avg loss 0.201868
10:49:18 NeuralNetwork.py[79] INFO Epoch 82 Batch 158 Avg loss 0.203177
10:50:19 NeuralNetwork.py[79] INFO Epoch 82 Batch 237 Avg loss 0.204446
10:51:19 NeuralNetwork.py[79] INFO Epoch 82 Batch 316 Avg loss 0.204240
10:52:19 NeuralNetwork.py[79] INFO Epoch 82 Batch 395 Avg loss 0.204825
10:53:20 NeuralNetwork.py[79] INFO Epoch 82 Batch 474 Avg loss 0.205031
10:53:39 NeuralNetwork.py[86] INFO Epoch 82 Loss 0.204958 Time elapsed 382.156902
10:53:39 NeuralNetwork.py[193] INFO Model dumped to cnn/relu-mse---epoch-82.model
10:53:40 NeuralNetwork.py[79] INFO Epoch 83 Batch 0 Avg loss 0.200846
10:54:40 NeuralNetwork.py[79] INFO Epoch 83 Batch 79 Avg loss 0.201053
10:55:40 NeuralNetwork.py[79] INFO Epoch 83 Batch 158 Avg loss 0.202398
10:56:41 NeuralNetwork.py[79] INFO Epoch 83 Batch 237 Avg loss 0.203733
10:57:41 NeuralNetwork.py[79] INFO Epoch 83 Batch 316 Avg loss 0.203553
10:58:42 NeuralNetwork.py[79] INFO Epoch 83 Batch 395 Avg loss 0.204126
10:59:42 NeuralNetwork.py[79] INFO Epoch 83 Batch 474 Avg loss 0.204315
11:00:01 NeuralNetwork.py[86] INFO Epoch 83 Loss 0.204250 Time elapsed 382.493574
11:00:02 NeuralNetwork.py[193] INFO Model dumped to cnn/relu-mse---epoch-83.model
11:00:02 NeuralNetwork.py[79] INFO Epoch 84 Batch 0 Avg loss 0.200112
11:01:03 NeuralNetwork.py[79] INFO Epoch 84 Batch 79 Avg loss 0.200435
11:02:03 NeuralNetwork.py[79] INFO Epoch 84 Batch 158 Avg loss 0.201729
11:03:04 NeuralNetwork.py[79] INFO Epoch 84 Batch 236 Avg loss 0.203049
11:04:04 NeuralNetwork.py[79] INFO Epoch 84 Batch 315 Avg loss 0.202846
11:05:05 NeuralNetwork.py[79] INFO Epoch 84 Batch 394 Avg loss 0.203484
11:06:05 NeuralNetwork.py[79] INFO Epoch 84 Batch 473 Avg loss 0.203655
11:06:25 NeuralNetwork.py[86] INFO Epoch 84 Loss 0.203639 Time elapsed 383.270944
11:06:25 NeuralNetwork.py[193] INFO Model dumped to cnn/relu-mse---epoch-84.model
11:06:26 NeuralNetwork.py[79] INFO Epoch 85 Batch 0 Avg loss 0.200405
11:07:26 NeuralNetwork.py[79] INFO Epoch 85 Batch 79 Avg loss 0.199809
11:08:26 NeuralNetwork.py[79] INFO Epoch 85 Batch 158 Avg loss 0.201076
11:09:27 NeuralNetwork.py[79] INFO Epoch 85 Batch 237 Avg loss 0.202365
11:10:27 NeuralNetwork.py[79] INFO Epoch 85 Batch 316 Avg loss 0.202232
11:11:27 NeuralNetwork.py[79] INFO Epoch 85 Batch 395 Avg loss 0.202831
11:12:27 NeuralNetwork.py[79] INFO Epoch 85 Batch 474 Avg loss 0.203042
11:12:46 NeuralNetwork.py[86] INFO Epoch 85 Loss 0.202991 Time elapsed 381.424240
11:12:47 NeuralNetwork.py[193] INFO Model dumped to cnn/relu-mse---epoch-85.model
11:12:47 NeuralNetwork.py[79] INFO Epoch 86 Batch 0 Avg loss 0.200321
11:13:48 NeuralNetwork.py[79] INFO Epoch 86 Batch 79 Avg loss 0.199104
11:14:48 NeuralNetwork.py[79] INFO Epoch 86 Batch 158 Avg loss 0.200369
11:15:48 NeuralNetwork.py[79] INFO Epoch 86 Batch 237 Avg loss 0.201706
11:16:49 NeuralNetwork.py[79] INFO Epoch 86 Batch 316 Avg loss 0.201597
11:17:49 NeuralNetwork.py[79] INFO Epoch 86 Batch 395 Avg loss 0.202231
11:18:50 NeuralNetwork.py[79] INFO Epoch 86 Batch 474 Avg loss 0.202434
11:19:09 NeuralNetwork.py[86] INFO Epoch 86 Loss 0.202375 Time elapsed 382.251802
11:19:09 NeuralNetwork.py[193] INFO Model dumped to cnn/relu-mse---epoch-86.model
11:19:10 NeuralNetwork.py[79] INFO Epoch 87 Batch 0 Avg loss 0.199776
11:20:10 NeuralNetwork.py[79] INFO Epoch 87 Batch 79 Avg loss 0.198601
11:21:11 NeuralNetwork.py[79] INFO Epoch 87 Batch 158 Avg loss 0.199732
11:22:11 NeuralNetwork.py[79] INFO Epoch 87 Batch 236 Avg loss 0.201124
11:23:11 NeuralNetwork.py[79] INFO Epoch 87 Batch 315 Avg loss 0.200956
11:24:12 NeuralNetwork.py[79] INFO Epoch 87 Batch 394 Avg loss 0.201620
11:25:12 NeuralNetwork.py[79] INFO Epoch 87 Batch 473 Avg loss 0.201796
11:25:32 NeuralNetwork.py[86] INFO Epoch 87 Loss 0.201790 Time elapsed 383.177554
11:25:32 NeuralNetwork.py[193] INFO Model dumped to cnn/relu-mse---epoch-87.model
11:25:33 NeuralNetwork.py[79] INFO Epoch 88 Batch 0 Avg loss 0.199750
11:26:34 NeuralNetwork.py[79] INFO Epoch 88 Batch 78 Avg loss 0.198018
11:27:34 NeuralNetwork.py[79] INFO Epoch 88 Batch 157 Avg loss 0.199139
11:28:35 NeuralNetwork.py[79] INFO Epoch 88 Batch 236 Avg loss 0.200591
11:29:35 NeuralNetwork.py[79] INFO Epoch 88 Batch 315 Avg loss 0.200449
11:30:35 NeuralNetwork.py[79] INFO Epoch 88 Batch 393 Avg loss 0.201086
11:31:36 NeuralNetwork.py[79] INFO Epoch 88 Batch 472 Avg loss 0.201337
11:31:56 NeuralNetwork.py[86] INFO Epoch 88 Loss 0.201277 Time elapsed 384.241366
11:31:57 NeuralNetwork.py[193] INFO Model dumped to cnn/relu-mse---epoch-88.model
11:31:57 NeuralNetwork.py[79] INFO Epoch 89 Batch 0 Avg loss 0.199868
11:32:58 NeuralNetwork.py[79] INFO Epoch 89 Batch 79 Avg loss 0.197515
11:33:59 NeuralNetwork.py[79] INFO Epoch 89 Batch 158 Avg loss 0.198663
11:34:59 NeuralNetwork.py[79] INFO Epoch 89 Batch 237 Avg loss 0.200010
11:35:59 NeuralNetwork.py[79] INFO Epoch 89 Batch 316 Avg loss 0.199939
11:36:59 NeuralNetwork.py[79] INFO Epoch 89 Batch 394 Avg loss 0.200558
11:38:00 NeuralNetwork.py[79] INFO Epoch 89 Batch 473 Avg loss 0.200710
11:38:20 NeuralNetwork.py[86] INFO Epoch 89 Loss 0.200709 Time elapsed 383.305599
11:38:20 NeuralNetwork.py[193] INFO Model dumped to cnn/relu-mse---epoch-89.model
11:38:21 NeuralNetwork.py[79] INFO Epoch 90 Batch 0 Avg loss 0.200363
11:39:21 NeuralNetwork.py[79] INFO Epoch 90 Batch 79 Avg loss 0.197042
11:40:22 NeuralNetwork.py[79] INFO Epoch 90 Batch 158 Avg loss 0.198118
11:41:22 NeuralNetwork.py[79] INFO Epoch 90 Batch 237 Avg loss 0.199497
11:42:22 NeuralNetwork.py[79] INFO Epoch 90 Batch 316 Avg loss 0.199400
11:43:22 NeuralNetwork.py[79] INFO Epoch 90 Batch 394 Avg loss 0.200019
11:44:23 NeuralNetwork.py[79] INFO Epoch 90 Batch 473 Avg loss 0.200163
11:44:43 NeuralNetwork.py[86] INFO Epoch 90 Loss 0.200178 Time elapsed 383.108430
11:44:43 NeuralNetwork.py[193] INFO Model dumped to cnn/relu-mse---epoch-90.model
11:44:44 NeuralNetwork.py[79] INFO Epoch 91 Batch 0 Avg loss 0.200458
11:45:44 NeuralNetwork.py[79] INFO Epoch 91 Batch 79 Avg loss 0.196654
11:46:45 NeuralNetwork.py[79] INFO Epoch 91 Batch 158 Avg loss 0.197652
11:47:46 NeuralNetwork.py[79] INFO Epoch 91 Batch 237 Avg loss 0.199019
11:48:46 NeuralNetwork.py[79] INFO Epoch 91 Batch 316 Avg loss 0.198911
11:49:47 NeuralNetwork.py[79] INFO Epoch 91 Batch 395 Avg loss 0.199550
11:50:47 NeuralNetwork.py[79] INFO Epoch 91 Batch 474 Avg loss 0.199740
11:51:06 NeuralNetwork.py[86] INFO Epoch 91 Loss 0.199714 Time elapsed 383.101646
11:51:06 NeuralNetwork.py[193] INFO Model dumped to cnn/relu-mse---epoch-91.model
11:51:07 NeuralNetwork.py[79] INFO Epoch 92 Batch 0 Avg loss 0.200764
11:52:08 NeuralNetwork.py[79] INFO Epoch 92 Batch 79 Avg loss 0.196024
11:53:08 NeuralNetwork.py[79] INFO Epoch 92 Batch 157 Avg loss 0.197048
11:54:08 NeuralNetwork.py[79] INFO Epoch 92 Batch 235 Avg loss 0.198436
11:55:09 NeuralNetwork.py[79] INFO Epoch 92 Batch 314 Avg loss 0.198296
11:56:09 NeuralNetwork.py[79] INFO Epoch 92 Batch 393 Avg loss 0.198940
11:57:10 NeuralNetwork.py[79] INFO Epoch 92 Batch 472 Avg loss 0.199166
11:57:30 NeuralNetwork.py[86] INFO Epoch 92 Loss 0.199124 Time elapsed 383.951319
11:57:30 NeuralNetwork.py[193] INFO Model dumped to cnn/relu-mse---epoch-92.model
11:57:31 NeuralNetwork.py[79] INFO Epoch 93 Batch 0 Avg loss 0.201169
11:58:31 NeuralNetwork.py[79] INFO Epoch 93 Batch 79 Avg loss 0.195475
11:59:32 NeuralNetwork.py[79] INFO Epoch 93 Batch 158 Avg loss 0.196556
12:00:32 NeuralNetwork.py[79] INFO Epoch 93 Batch 237 Avg loss 0.197928
12:01:32 NeuralNetwork.py[79] INFO Epoch 93 Batch 315 Avg loss 0.197756
12:02:33 NeuralNetwork.py[79] INFO Epoch 93 Batch 394 Avg loss 0.198482
12:03:33 NeuralNetwork.py[79] INFO Epoch 93 Batch 473 Avg loss 0.198636
12:03:53 NeuralNetwork.py[86] INFO Epoch 93 Loss 0.198630 Time elapsed 382.680435
12:03:53 NeuralNetwork.py[193] INFO Model dumped to cnn/relu-mse---epoch-93.model
12:03:54 NeuralNetwork.py[79] INFO Epoch 94 Batch 0 Avg loss 0.200927
12:04:54 NeuralNetwork.py[79] INFO Epoch 94 Batch 79 Avg loss 0.194791
12:05:55 NeuralNetwork.py[79] INFO Epoch 94 Batch 158 Avg loss 0.195943
12:06:55 NeuralNetwork.py[79] INFO Epoch 94 Batch 237 Avg loss 0.197358
12:07:56 NeuralNetwork.py[79] INFO Epoch 94 Batch 316 Avg loss 0.197233
12:08:56 NeuralNetwork.py[79] INFO Epoch 94 Batch 395 Avg loss 0.197938
12:09:56 NeuralNetwork.py[79] INFO Epoch 94 Batch 474 Avg loss 0.198127
12:10:15 NeuralNetwork.py[86] INFO Epoch 94 Loss 0.198094 Time elapsed 382.277906
12:10:15 NeuralNetwork.py[193] INFO Model dumped to cnn/relu-mse---epoch-94.model
12:10:16 NeuralNetwork.py[79] INFO Epoch 95 Batch 0 Avg loss 0.200793
12:11:17 NeuralNetwork.py[79] INFO Epoch 95 Batch 79 Avg loss 0.194321
12:12:17 NeuralNetwork.py[79] INFO Epoch 95 Batch 158 Avg loss 0.195463
12:13:17 NeuralNetwork.py[79] INFO Epoch 95 Batch 237 Avg loss 0.196913
12:14:17 NeuralNetwork.py[79] INFO Epoch 95 Batch 316 Avg loss 0.196792
12:15:18 NeuralNetwork.py[79] INFO Epoch 95 Batch 395 Avg loss 0.197502
12:16:19 NeuralNetwork.py[79] INFO Epoch 95 Batch 474 Avg loss 0.197697
12:16:38 NeuralNetwork.py[86] INFO Epoch 95 Loss 0.197680 Time elapsed 382.398978
12:16:38 NeuralNetwork.py[193] INFO Model dumped to cnn/relu-mse---epoch-95.model
12:16:39 NeuralNetwork.py[79] INFO Epoch 96 Batch 0 Avg loss 0.200379
12:17:39 NeuralNetwork.py[79] INFO Epoch 96 Batch 78 Avg loss 0.194014
12:18:39 NeuralNetwork.py[79] INFO Epoch 96 Batch 157 Avg loss 0.195072
12:19:40 NeuralNetwork.py[79] INFO Epoch 96 Batch 236 Avg loss 0.196452
12:20:40 NeuralNetwork.py[79] INFO Epoch 96 Batch 315 Avg loss 0.196256
12:21:41 NeuralNetwork.py[79] INFO Epoch 96 Batch 394 Avg loss 0.196996
12:22:41 NeuralNetwork.py[79] INFO Epoch 96 Batch 473 Avg loss 0.197166
12:23:01 NeuralNetwork.py[86] INFO Epoch 96 Loss 0.197175 Time elapsed 383.423920
12:23:02 NeuralNetwork.py[193] INFO Model dumped to cnn/relu-mse---epoch-96.model
12:23:02 NeuralNetwork.py[79] INFO Epoch 97 Batch 0 Avg loss 0.198926
12:24:03 NeuralNetwork.py[79] INFO Epoch 97 Batch 79 Avg loss 0.193480
12:25:03 NeuralNetwork.py[79] INFO Epoch 97 Batch 157 Avg loss 0.194544
12:26:04 NeuralNetwork.py[79] INFO Epoch 97 Batch 236 Avg loss 0.195944
12:27:05 NeuralNetwork.py[79] INFO Epoch 97 Batch 315 Avg loss 0.195753
12:28:05 NeuralNetwork.py[79] INFO Epoch 97 Batch 393 Avg loss 0.196503
12:29:05 NeuralNetwork.py[79] INFO Epoch 97 Batch 472 Avg loss 0.196733
12:29:26 NeuralNetwork.py[86] INFO Epoch 97 Loss 0.196702 Time elapsed 384.225942
12:29:26 NeuralNetwork.py[193] INFO Model dumped to cnn/relu-mse---epoch-97.model
12:29:27 NeuralNetwork.py[79] INFO Epoch 98 Batch 0 Avg loss 0.199191
12:30:27 NeuralNetwork.py[79] INFO Epoch 98 Batch 79 Avg loss 0.192960
12:31:27 NeuralNetwork.py[79] INFO Epoch 98 Batch 158 Avg loss 0.194093
12:32:28 NeuralNetwork.py[79] INFO Epoch 98 Batch 237 Avg loss 0.195552
12:33:28 NeuralNetwork.py[79] INFO Epoch 98 Batch 316 Avg loss 0.195379
12:34:29 NeuralNetwork.py[79] INFO Epoch 98 Batch 395 Avg loss 0.196105
12:35:29 NeuralNetwork.py[79] INFO Epoch 98 Batch 474 Avg loss 0.196310
12:35:48 NeuralNetwork.py[86] INFO Epoch 98 Loss 0.196288 Time elapsed 382.329240
12:35:48 NeuralNetwork.py[193] INFO Model dumped to cnn/relu-mse---epoch-98.model
12:35:49 NeuralNetwork.py[79] INFO Epoch 99 Batch 0 Avg loss 0.199164
12:36:49 NeuralNetwork.py[79] INFO Epoch 99 Batch 79 Avg loss 0.192560
12:37:50 NeuralNetwork.py[79] INFO Epoch 99 Batch 158 Avg loss 0.193743
12:38:51 NeuralNetwork.py[79] INFO Epoch 99 Batch 237 Avg loss 0.195211
12:39:51 NeuralNetwork.py[79] INFO Epoch 99 Batch 316 Avg loss 0.194996
12:40:52 NeuralNetwork.py[79] INFO Epoch 99 Batch 395 Avg loss 0.195734
12:41:52 NeuralNetwork.py[79] INFO Epoch 99 Batch 473 Avg loss 0.195885
12:42:12 NeuralNetwork.py[86] INFO Epoch 99 Loss 0.195906 Time elapsed 383.345427
12:42:12 NeuralNetwork.py[193] INFO Model dumped to cnn/relu-mse---epoch-99.model
12:42:12 NeuralNetwork.py[148] INFO Start testing: len 10000 batch_size 100
12:42:42 NeuralNetwork.py[161] INFO Done forward. Outputs: 10000
12:42:42 NeuralNetwork.py[165] INFO 10000 tested.
(0.6905, array([[765,  35,  28,  24,   5,   5,  17,  16,  89,  16],
       [ 26, 852,   2,  18,   3,   5,  18,   4,  25,  47],
       [ 97,  20, 509,  82,  58,  79,  77,  44,  24,  10],
       [ 33,  26,  53, 572,  36, 133,  72,  48,  19,   8],
       [ 47,  13,  68,  96, 535,  38,  72, 103,  22,   6],
       [ 21,  12,  42, 195,  26, 582,  39,  63,  13,   7],
       [ 14,   8,  33,  70,  22,  23, 801,  15,   9,   5],
       [ 31,   4,  22,  62,  29,  65,  21, 753,   7,   6],
       [ 50,  38,   9,  24,   0,   8,   5,   4, 844,  18],
       [ 49, 133,   8,  29,   4,   5,  17,  15,  48, 692]]))
