2014-12-14 16:30:30 NeuralNetwork.py[line:37] INFO Activation tanh loss type mse
2014-12-14 16:30:31 NeuralNetwork.py[line:60] INFO start fitting epoch 100 batchsize 100 LR [1e-05, 1e-05]
2014-12-14 16:30:31 NeuralNetwork.py[line:79] INFO Epoch 0 Batch 0 Avg loss 0.512343
2014-12-14 16:31:31 NeuralNetwork.py[line:79] INFO Epoch 0 Batch 290 Avg loss 0.425755
2014-12-14 16:32:19 NeuralNetwork.py[line:86] INFO Epoch 0 Loss 0.418476 Time elapsed 108.040689
2014-12-14 16:32:20 NeuralNetwork.py[line:193] INFO Model dumped to tanh-mse-1600-0.00001-epoch-0.model
2014-12-14 16:32:20 NeuralNetwork.py[line:93] INFO Testing...
2014-12-14 16:32:20 NeuralNetwork.py[line:148] INFO Start testing: len 10000 batch_size 100
2014-12-14 16:32:26 NeuralNetwork.py[line:161] INFO Done forward. Outputs: 10000
2014-12-14 16:32:26 NeuralNetwork.py[line:165] INFO 10000 tested.
2014-12-14 16:32:26 NeuralNetwork.py[line:94] INFO Accuracy: 0.359400
2014-12-14 16:32:27 NeuralNetwork.py[line:79] INFO Epoch 1 Batch 0 Avg loss 0.415726
2014-12-14 16:33:27 NeuralNetwork.py[line:79] INFO Epoch 1 Batch 261 Avg loss 0.400027
2014-12-14 16:34:21 NeuralNetwork.py[line:86] INFO Epoch 1 Loss 0.398219 Time elapsed 115.030243
2014-12-14 16:34:22 NeuralNetwork.py[line:193] INFO Model dumped to tanh-mse-1600-0.00001-epoch-1.model
2014-12-14 16:34:22 NeuralNetwork.py[line:93] INFO Testing...
2014-12-14 16:34:22 NeuralNetwork.py[line:148] INFO Start testing: len 10000 batch_size 100
2014-12-14 16:34:29 NeuralNetwork.py[line:161] INFO Done forward. Outputs: 10000
2014-12-14 16:34:29 NeuralNetwork.py[line:165] INFO 10000 tested.
2014-12-14 16:34:29 NeuralNetwork.py[line:94] INFO Accuracy: 0.385600
2014-12-14 16:34:30 NeuralNetwork.py[line:79] INFO Epoch 2 Batch 0 Avg loss 0.404877
2014-12-14 16:35:30 NeuralNetwork.py[line:79] INFO Epoch 2 Batch 241 Avg loss 0.390507
2014-12-14 16:36:30 NeuralNetwork.py[line:79] INFO Epoch 2 Batch 496 Avg loss 0.389221
2014-12-14 16:36:30 NeuralNetwork.py[line:86] INFO Epoch 2 Loss 0.389182 Time elapsed 121.132042
2014-12-14 16:36:31 NeuralNetwork.py[line:193] INFO Model dumped to tanh-mse-1600-0.00001-epoch-2.model
2014-12-14 16:36:31 NeuralNetwork.py[line:93] INFO Testing...
2014-12-14 16:36:31 NeuralNetwork.py[line:148] INFO Start testing: len 10000 batch_size 100
2014-12-14 16:36:38 NeuralNetwork.py[line:161] INFO Done forward. Outputs: 10000
2014-12-14 16:36:38 NeuralNetwork.py[line:165] INFO 10000 tested.
2014-12-14 16:36:38 NeuralNetwork.py[line:94] INFO Accuracy: 0.402500
2014-12-14 16:36:38 NeuralNetwork.py[line:79] INFO Epoch 3 Batch 0 Avg loss 0.396664
2014-12-14 16:37:39 NeuralNetwork.py[line:79] INFO Epoch 3 Batch 249 Avg loss 0.383113
2014-12-14 16:38:36 NeuralNetwork.py[line:86] INFO Epoch 3 Loss 0.382417 Time elapsed 117.467486
2014-12-14 16:38:36 NeuralNetwork.py[line:193] INFO Model dumped to tanh-mse-1600-0.00001-epoch-3.model
2014-12-14 16:38:36 NeuralNetwork.py[line:93] INFO Testing...
2014-12-14 16:38:36 NeuralNetwork.py[line:148] INFO Start testing: len 10000 batch_size 100
2014-12-14 16:38:43 NeuralNetwork.py[line:161] INFO Done forward. Outputs: 10000
2014-12-14 16:38:43 NeuralNetwork.py[line:165] INFO 10000 tested.
2014-12-14 16:38:43 NeuralNetwork.py[line:94] INFO Accuracy: 0.412600
2014-12-14 16:38:43 NeuralNetwork.py[line:79] INFO Epoch 4 Batch 0 Avg loss 0.390240
2014-12-14 16:39:43 NeuralNetwork.py[line:79] INFO Epoch 4 Batch 270 Avg loss 0.376947
2014-12-14 16:40:34 NeuralNetwork.py[line:86] INFO Epoch 4 Loss 0.376863 Time elapsed 111.137321
2014-12-14 16:40:35 NeuralNetwork.py[line:193] INFO Model dumped to tanh-mse-1600-0.00001-epoch-4.model
2014-12-14 16:40:35 NeuralNetwork.py[line:93] INFO Testing...
2014-12-14 16:40:35 NeuralNetwork.py[line:148] INFO Start testing: len 10000 batch_size 100
2014-12-14 16:40:43 NeuralNetwork.py[line:161] INFO Done forward. Outputs: 10000
2014-12-14 16:40:43 NeuralNetwork.py[line:165] INFO 10000 tested.
2014-12-14 16:40:43 NeuralNetwork.py[line:94] INFO Accuracy: 0.423600
2014-12-14 16:40:43 NeuralNetwork.py[line:79] INFO Epoch 5 Batch 0 Avg loss 0.384742
2014-12-14 16:41:43 NeuralNetwork.py[line:79] INFO Epoch 5 Batch 272 Avg loss 0.372052
2014-12-14 16:42:40 NeuralNetwork.py[line:86] INFO Epoch 5 Loss 0.372111 Time elapsed 117.215075
2014-12-14 16:42:41 NeuralNetwork.py[line:193] INFO Model dumped to tanh-mse-1600-0.00001-epoch-5.model
2014-12-14 16:42:41 NeuralNetwork.py[line:93] INFO Testing...
2014-12-14 16:42:41 NeuralNetwork.py[line:148] INFO Start testing: len 10000 batch_size 100
2014-12-14 16:42:49 NeuralNetwork.py[line:161] INFO Done forward. Outputs: 10000
2014-12-14 16:42:49 NeuralNetwork.py[line:165] INFO 10000 tested.
2014-12-14 16:42:49 NeuralNetwork.py[line:94] INFO Accuracy: 0.431400
2014-12-14 16:42:49 NeuralNetwork.py[line:79] INFO Epoch 6 Batch 0 Avg loss 0.380099
2014-12-14 16:43:49 NeuralNetwork.py[line:79] INFO Epoch 6 Batch 241 Avg loss 0.368164
2014-12-14 16:44:47 NeuralNetwork.py[line:86] INFO Epoch 6 Loss 0.367946 Time elapsed 117.982790
2014-12-14 16:44:47 NeuralNetwork.py[line:193] INFO Model dumped to tanh-mse-1600-0.00001-epoch-6.model
2014-12-14 16:44:47 NeuralNetwork.py[line:93] INFO Testing...
2014-12-14 16:44:47 NeuralNetwork.py[line:148] INFO Start testing: len 10000 batch_size 100
2014-12-14 16:44:54 NeuralNetwork.py[line:161] INFO Done forward. Outputs: 10000
2014-12-14 16:44:54 NeuralNetwork.py[line:165] INFO 10000 tested.
2014-12-14 16:44:54 NeuralNetwork.py[line:94] INFO Accuracy: 0.434600
2014-12-14 16:44:55 NeuralNetwork.py[line:79] INFO Epoch 7 Batch 0 Avg loss 0.376037
2014-12-14 16:45:55 NeuralNetwork.py[line:79] INFO Epoch 7 Batch 268 Avg loss 0.363777
2014-12-14 16:46:44 NeuralNetwork.py[line:86] INFO Epoch 7 Loss 0.364215 Time elapsed 109.086519
2014-12-14 16:46:44 NeuralNetwork.py[line:193] INFO Model dumped to tanh-mse-1600-0.00001-epoch-7.model
2014-12-14 16:46:44 NeuralNetwork.py[line:93] INFO Testing...
2014-12-14 16:46:44 NeuralNetwork.py[line:148] INFO Start testing: len 10000 batch_size 100
2014-12-14 16:46:51 NeuralNetwork.py[line:161] INFO Done forward. Outputs: 10000
2014-12-14 16:46:51 NeuralNetwork.py[line:165] INFO 10000 tested.
2014-12-14 16:46:51 NeuralNetwork.py[line:94] INFO Accuracy: 0.439800
2014-12-14 16:46:51 NeuralNetwork.py[line:79] INFO Epoch 8 Batch 0 Avg loss 0.372436
2014-12-14 16:47:51 NeuralNetwork.py[line:79] INFO Epoch 8 Batch 278 Avg loss 0.360505
2014-12-14 16:48:37 NeuralNetwork.py[line:86] INFO Epoch 8 Loss 0.360814 Time elapsed 105.986036
2014-12-14 16:48:38 NeuralNetwork.py[line:193] INFO Model dumped to tanh-mse-1600-0.00001-epoch-8.model
2014-12-14 16:48:38 NeuralNetwork.py[line:93] INFO Testing...
2014-12-14 16:48:38 NeuralNetwork.py[line:148] INFO Start testing: len 10000 batch_size 100
2014-12-14 16:48:45 NeuralNetwork.py[line:161] INFO Done forward. Outputs: 10000
2014-12-14 16:48:45 NeuralNetwork.py[line:165] INFO 10000 tested.
2014-12-14 16:48:45 NeuralNetwork.py[line:94] INFO Accuracy: 0.443200
2014-12-14 16:48:45 NeuralNetwork.py[line:79] INFO Epoch 9 Batch 0 Avg loss 0.369070
2014-12-14 16:49:45 NeuralNetwork.py[line:79] INFO Epoch 9 Batch 262 Avg loss 0.357105
2014-12-14 16:50:38 NeuralNetwork.py[line:86] INFO Epoch 9 Loss 0.357659 Time elapsed 112.962471
2014-12-14 16:50:38 NeuralNetwork.py[line:193] INFO Model dumped to tanh-mse-1600-0.00001-epoch-9.model
2014-12-14 16:50:38 NeuralNetwork.py[line:93] INFO Testing...
2014-12-14 16:50:38 NeuralNetwork.py[line:148] INFO Start testing: len 10000 batch_size 100
2014-12-14 16:50:45 NeuralNetwork.py[line:161] INFO Done forward. Outputs: 10000
2014-12-14 16:50:45 NeuralNetwork.py[line:165] INFO 10000 tested.
2014-12-14 16:50:46 NeuralNetwork.py[line:94] INFO Accuracy: 0.447900
2014-12-14 16:50:46 NeuralNetwork.py[line:79] INFO Epoch 10 Batch 0 Avg loss 0.366042
2014-12-14 16:51:46 NeuralNetwork.py[line:79] INFO Epoch 10 Batch 266 Avg loss 0.354065
2014-12-14 16:52:39 NeuralNetwork.py[line:86] INFO Epoch 10 Loss 0.354692 Time elapsed 113.346123
2014-12-14 16:52:39 NeuralNetwork.py[line:193] INFO Model dumped to tanh-mse-1600-0.00001-epoch-10.model
2014-12-14 16:52:39 NeuralNetwork.py[line:93] INFO Testing...
2014-12-14 16:52:39 NeuralNetwork.py[line:148] INFO Start testing: len 10000 batch_size 100
2014-12-14 16:52:47 NeuralNetwork.py[line:161] INFO Done forward. Outputs: 10000
2014-12-14 16:52:47 NeuralNetwork.py[line:165] INFO 10000 tested.
2014-12-14 16:52:47 NeuralNetwork.py[line:94] INFO Accuracy: 0.449700
2014-12-14 16:52:47 NeuralNetwork.py[line:79] INFO Epoch 11 Batch 0 Avg loss 0.363322
2014-12-14 16:53:47 NeuralNetwork.py[line:79] INFO Epoch 11 Batch 267 Avg loss 0.351160
2014-12-14 16:54:38 NeuralNetwork.py[line:86] INFO Epoch 11 Loss 0.351881 Time elapsed 111.911603
2014-12-14 16:54:39 NeuralNetwork.py[line:193] INFO Model dumped to tanh-mse-1600-0.00001-epoch-11.model
2014-12-14 16:54:39 NeuralNetwork.py[line:93] INFO Testing...
2014-12-14 16:54:39 NeuralNetwork.py[line:148] INFO Start testing: len 10000 batch_size 100
2014-12-14 16:54:46 NeuralNetwork.py[line:161] INFO Done forward. Outputs: 10000
2014-12-14 16:54:46 NeuralNetwork.py[line:165] INFO 10000 tested.
2014-12-14 16:54:46 NeuralNetwork.py[line:94] INFO Accuracy: 0.452800
2014-12-14 16:54:46 NeuralNetwork.py[line:79] INFO Epoch 12 Batch 0 Avg loss 0.360483
2014-12-14 16:55:46 NeuralNetwork.py[line:79] INFO Epoch 12 Batch 270 Avg loss 0.348483
2014-12-14 16:56:40 NeuralNetwork.py[line:86] INFO Epoch 12 Loss 0.349198 Time elapsed 114.274799
2014-12-14 16:56:41 NeuralNetwork.py[line:193] INFO Model dumped to tanh-mse-1600-0.00001-epoch-12.model
2014-12-14 16:56:41 NeuralNetwork.py[line:93] INFO Testing...
2014-12-14 16:56:41 NeuralNetwork.py[line:148] INFO Start testing: len 10000 batch_size 100
2014-12-14 16:56:48 NeuralNetwork.py[line:161] INFO Done forward. Outputs: 10000
2014-12-14 16:56:48 NeuralNetwork.py[line:165] INFO 10000 tested.
2014-12-14 16:56:48 NeuralNetwork.py[line:94] INFO Accuracy: 0.456000
2014-12-14 16:56:48 NeuralNetwork.py[line:79] INFO Epoch 13 Batch 0 Avg loss 0.357658
2014-12-14 16:57:48 NeuralNetwork.py[line:79] INFO Epoch 13 Batch 243 Avg loss 0.346332
2014-12-14 16:58:48 NeuralNetwork.py[line:79] INFO Epoch 13 Batch 492 Avg loss 0.346645
2014-12-14 16:58:50 NeuralNetwork.py[line:86] INFO Epoch 13 Loss 0.346618 Time elapsed 122.113634
2014-12-14 16:58:51 NeuralNetwork.py[line:193] INFO Model dumped to tanh-mse-1600-0.00001-epoch-13.model
2014-12-14 16:58:51 NeuralNetwork.py[line:93] INFO Testing...
2014-12-14 16:58:51 NeuralNetwork.py[line:148] INFO Start testing: len 10000 batch_size 100
2014-12-14 16:58:58 NeuralNetwork.py[line:161] INFO Done forward. Outputs: 10000
2014-12-14 16:58:58 NeuralNetwork.py[line:165] INFO 10000 tested.
2014-12-14 16:58:58 NeuralNetwork.py[line:94] INFO Accuracy: 0.459800
2014-12-14 16:58:58 NeuralNetwork.py[line:79] INFO Epoch 14 Batch 0 Avg loss 0.355092
2014-12-14 16:59:58 NeuralNetwork.py[line:79] INFO Epoch 14 Batch 244 Avg loss 0.343685
2014-12-14 17:00:58 NeuralNetwork.py[line:79] INFO Epoch 14 Batch 496 Avg loss 0.344172
2014-12-14 17:00:59 NeuralNetwork.py[line:86] INFO Epoch 14 Loss 0.344128 Time elapsed 121.000955
2014-12-14 17:00:59 NeuralNetwork.py[line:193] INFO Model dumped to tanh-mse-1600-0.00001-epoch-14.model
2014-12-14 17:00:59 NeuralNetwork.py[line:93] INFO Testing...
2014-12-14 17:00:59 NeuralNetwork.py[line:148] INFO Start testing: len 10000 batch_size 100
2014-12-14 17:01:06 NeuralNetwork.py[line:161] INFO Done forward. Outputs: 10000
2014-12-14 17:01:06 NeuralNetwork.py[line:165] INFO 10000 tested.
2014-12-14 17:01:06 NeuralNetwork.py[line:94] INFO Accuracy: 0.465000
2014-12-14 17:01:07 NeuralNetwork.py[line:79] INFO Epoch 15 Batch 0 Avg loss 0.352617
2014-12-14 17:02:07 NeuralNetwork.py[line:79] INFO Epoch 15 Batch 247 Avg loss 0.341139
2014-12-14 17:03:07 NeuralNetwork.py[line:79] INFO Epoch 15 Batch 496 Avg loss 0.341770
2014-12-14 17:03:08 NeuralNetwork.py[line:86] INFO Epoch 15 Loss 0.341725 Time elapsed 121.207428
2014-12-14 17:03:08 NeuralNetwork.py[line:193] INFO Model dumped to tanh-mse-1600-0.00001-epoch-15.model
2014-12-14 17:03:08 NeuralNetwork.py[line:93] INFO Testing...
2014-12-14 17:03:08 NeuralNetwork.py[line:148] INFO Start testing: len 10000 batch_size 100
2014-12-14 17:03:15 NeuralNetwork.py[line:161] INFO Done forward. Outputs: 10000
2014-12-14 17:03:15 NeuralNetwork.py[line:165] INFO 10000 tested.
2014-12-14 17:03:15 NeuralNetwork.py[line:94] INFO Accuracy: 0.468700
2014-12-14 17:03:16 NeuralNetwork.py[line:79] INFO Epoch 16 Batch 0 Avg loss 0.350008
2014-12-14 17:04:16 NeuralNetwork.py[line:79] INFO Epoch 16 Batch 273 Avg loss 0.338578
2014-12-14 17:05:07 NeuralNetwork.py[line:86] INFO Epoch 16 Loss 0.339397 Time elapsed 111.567047
2014-12-14 17:05:07 NeuralNetwork.py[line:193] INFO Model dumped to tanh-mse-1600-0.00001-epoch-16.model
2014-12-14 17:05:07 NeuralNetwork.py[line:93] INFO Testing...
2014-12-14 17:05:07 NeuralNetwork.py[line:148] INFO Start testing: len 10000 batch_size 100
2014-12-14 17:05:15 NeuralNetwork.py[line:161] INFO Done forward. Outputs: 10000
2014-12-14 17:05:15 NeuralNetwork.py[line:165] INFO 10000 tested.
2014-12-14 17:05:15 NeuralNetwork.py[line:94] INFO Accuracy: 0.470800
2014-12-14 17:05:15 NeuralNetwork.py[line:79] INFO Epoch 17 Batch 0 Avg loss 0.347286
2014-12-14 17:06:15 NeuralNetwork.py[line:79] INFO Epoch 17 Batch 268 Avg loss 0.336166
2014-12-14 17:07:01 NeuralNetwork.py[line:86] INFO Epoch 17 Loss 0.337135 Time elapsed 106.609276
2014-12-14 17:07:02 NeuralNetwork.py[line:193] INFO Model dumped to tanh-mse-1600-0.00001-epoch-17.model
2014-12-14 17:07:02 NeuralNetwork.py[line:93] INFO Testing...
2014-12-14 17:07:02 NeuralNetwork.py[line:148] INFO Start testing: len 10000 batch_size 100
2014-12-14 17:07:08 NeuralNetwork.py[line:161] INFO Done forward. Outputs: 10000
2014-12-14 17:07:08 NeuralNetwork.py[line:165] INFO 10000 tested.
2014-12-14 17:07:08 NeuralNetwork.py[line:94] INFO Accuracy: 0.473300
2014-12-14 17:07:09 NeuralNetwork.py[line:79] INFO Epoch 18 Batch 0 Avg loss 0.344565
2014-12-14 17:08:09 NeuralNetwork.py[line:79] INFO Epoch 18 Batch 298 Avg loss 0.334447
2014-12-14 17:08:49 NeuralNetwork.py[line:86] INFO Epoch 18 Loss 0.334938 Time elapsed 100.581843
2014-12-14 17:08:49 NeuralNetwork.py[line:193] INFO Model dumped to tanh-mse-1600-0.00001-epoch-18.model
2014-12-14 17:08:49 NeuralNetwork.py[line:93] INFO Testing...
2014-12-14 17:08:49 NeuralNetwork.py[line:148] INFO Start testing: len 10000 batch_size 100
2014-12-14 17:08:57 NeuralNetwork.py[line:161] INFO Done forward. Outputs: 10000
2014-12-14 17:08:57 NeuralNetwork.py[line:165] INFO 10000 tested.
2014-12-14 17:08:57 NeuralNetwork.py[line:94] INFO Accuracy: 0.475100
2014-12-14 17:08:57 NeuralNetwork.py[line:79] INFO Epoch 19 Batch 0 Avg loss 0.341819
2014-12-14 17:09:57 NeuralNetwork.py[line:79] INFO Epoch 19 Batch 257 Avg loss 0.332027
2014-12-14 17:10:54 NeuralNetwork.py[line:86] INFO Epoch 19 Loss 0.332794 Time elapsed 117.773986
2014-12-14 17:10:55 NeuralNetwork.py[line:193] INFO Model dumped to tanh-mse-1600-0.00001-epoch-19.model
2014-12-14 17:10:55 NeuralNetwork.py[line:93] INFO Testing...
2014-12-14 17:10:55 NeuralNetwork.py[line:148] INFO Start testing: len 10000 batch_size 100
2014-12-14 17:11:02 NeuralNetwork.py[line:161] INFO Done forward. Outputs: 10000
2014-12-14 17:11:02 NeuralNetwork.py[line:165] INFO 10000 tested.
2014-12-14 17:11:02 NeuralNetwork.py[line:94] INFO Accuracy: 0.478500
2014-12-14 17:11:02 NeuralNetwork.py[line:79] INFO Epoch 20 Batch 0 Avg loss 0.339287
2014-12-14 17:12:02 NeuralNetwork.py[line:79] INFO Epoch 20 Batch 260 Avg loss 0.329724
2014-12-14 17:12:56 NeuralNetwork.py[line:86] INFO Epoch 20 Loss 0.330701 Time elapsed 114.350146
2014-12-14 17:12:57 NeuralNetwork.py[line:193] INFO Model dumped to tanh-mse-1600-0.00001-epoch-20.model
2014-12-14 17:12:57 NeuralNetwork.py[line:93] INFO Testing...
2014-12-14 17:12:57 NeuralNetwork.py[line:148] INFO Start testing: len 10000 batch_size 100
2014-12-14 17:13:04 NeuralNetwork.py[line:161] INFO Done forward. Outputs: 10000
2014-12-14 17:13:04 NeuralNetwork.py[line:165] INFO 10000 tested.
2014-12-14 17:13:04 NeuralNetwork.py[line:94] INFO Accuracy: 0.482100
2014-12-14 17:13:04 NeuralNetwork.py[line:79] INFO Epoch 21 Batch 0 Avg loss 0.336801
2014-12-14 17:14:04 NeuralNetwork.py[line:79] INFO Epoch 21 Batch 262 Avg loss 0.327574
2014-12-14 17:14:58 NeuralNetwork.py[line:86] INFO Epoch 21 Loss 0.328659 Time elapsed 113.497466
2014-12-14 17:14:58 NeuralNetwork.py[line:193] INFO Model dumped to tanh-mse-1600-0.00001-epoch-21.model
2014-12-14 17:14:58 NeuralNetwork.py[line:93] INFO Testing...
2014-12-14 17:14:58 NeuralNetwork.py[line:148] INFO Start testing: len 10000 batch_size 100
2014-12-14 17:15:05 NeuralNetwork.py[line:161] INFO Done forward. Outputs: 10000
2014-12-14 17:15:05 NeuralNetwork.py[line:165] INFO 10000 tested.
2014-12-14 17:15:05 NeuralNetwork.py[line:94] INFO Accuracy: 0.486000
2014-12-14 17:15:05 NeuralNetwork.py[line:79] INFO Epoch 22 Batch 0 Avg loss 0.334411
2014-12-14 17:16:05 NeuralNetwork.py[line:79] INFO Epoch 22 Batch 261 Avg loss 0.325559
2014-12-14 17:16:59 NeuralNetwork.py[line:86] INFO Epoch 22 Loss 0.326663 Time elapsed 114.327138
2014-12-14 17:17:00 NeuralNetwork.py[line:193] INFO Model dumped to tanh-mse-1600-0.00001-epoch-22.model
2014-12-14 17:17:00 NeuralNetwork.py[line:93] INFO Testing...
2014-12-14 17:17:00 NeuralNetwork.py[line:148] INFO Start testing: len 10000 batch_size 100
2014-12-14 17:17:07 NeuralNetwork.py[line:161] INFO Done forward. Outputs: 10000
2014-12-14 17:17:07 NeuralNetwork.py[line:165] INFO 10000 tested.
2014-12-14 17:17:07 NeuralNetwork.py[line:94] INFO Accuracy: 0.489100
2014-12-14 17:17:07 NeuralNetwork.py[line:79] INFO Epoch 23 Batch 0 Avg loss 0.331973
2014-12-14 17:18:07 NeuralNetwork.py[line:79] INFO Epoch 23 Batch 261 Avg loss 0.323584
2014-12-14 17:19:01 NeuralNetwork.py[line:86] INFO Epoch 23 Loss 0.324705 Time elapsed 114.007147
2014-12-14 17:19:01 NeuralNetwork.py[line:193] INFO Model dumped to tanh-mse-1600-0.00001-epoch-23.model
2014-12-14 17:19:01 NeuralNetwork.py[line:93] INFO Testing...
2014-12-14 17:19:01 NeuralNetwork.py[line:148] INFO Start testing: len 10000 batch_size 100
2014-12-14 17:19:08 NeuralNetwork.py[line:161] INFO Done forward. Outputs: 10000
2014-12-14 17:19:08 NeuralNetwork.py[line:165] INFO 10000 tested.
2014-12-14 17:19:08 NeuralNetwork.py[line:94] INFO Accuracy: 0.490400
2014-12-14 17:19:09 NeuralNetwork.py[line:79] INFO Epoch 24 Batch 0 Avg loss 0.329641
2014-12-14 17:20:09 NeuralNetwork.py[line:79] INFO Epoch 24 Batch 259 Avg loss 0.321801
2014-12-14 17:21:02 NeuralNetwork.py[line:86] INFO Epoch 24 Loss 0.322776 Time elapsed 113.730833
2014-12-14 17:21:03 NeuralNetwork.py[line:193] INFO Model dumped to tanh-mse-1600-0.00001-epoch-24.model
2014-12-14 17:21:03 NeuralNetwork.py[line:93] INFO Testing...
2014-12-14 17:21:03 NeuralNetwork.py[line:148] INFO Start testing: len 10000 batch_size 100
2014-12-14 17:21:10 NeuralNetwork.py[line:161] INFO Done forward. Outputs: 10000
2014-12-14 17:21:10 NeuralNetwork.py[line:165] INFO 10000 tested.
2014-12-14 17:21:10 NeuralNetwork.py[line:94] INFO Accuracy: 0.493000
2014-12-14 17:21:10 NeuralNetwork.py[line:79] INFO Epoch 25 Batch 0 Avg loss 0.327368
2014-12-14 17:22:10 NeuralNetwork.py[line:79] INFO Epoch 25 Batch 260 Avg loss 0.319791
2014-12-14 17:23:03 NeuralNetwork.py[line:86] INFO Epoch 25 Loss 0.320876 Time elapsed 113.167889
2014-12-14 17:23:03 NeuralNetwork.py[line:193] INFO Model dumped to tanh-mse-1600-0.00001-epoch-25.model
2014-12-14 17:23:03 NeuralNetwork.py[line:93] INFO Testing...
2014-12-14 17:23:03 NeuralNetwork.py[line:148] INFO Start testing: len 10000 batch_size 100
2014-12-14 17:23:10 NeuralNetwork.py[line:161] INFO Done forward. Outputs: 10000
2014-12-14 17:23:10 NeuralNetwork.py[line:165] INFO 10000 tested.
2014-12-14 17:23:10 NeuralNetwork.py[line:94] INFO Accuracy: 0.493100
2014-12-14 17:23:10 NeuralNetwork.py[line:79] INFO Epoch 26 Batch 0 Avg loss 0.325179
2014-12-14 17:24:10 NeuralNetwork.py[line:79] INFO Epoch 26 Batch 270 Avg loss 0.317812
2014-12-14 17:25:02 NeuralNetwork.py[line:86] INFO Epoch 26 Loss 0.319001 Time elapsed 112.189697
2014-12-14 17:25:03 NeuralNetwork.py[line:193] INFO Model dumped to tanh-mse-1600-0.00001-epoch-26.model
2014-12-14 17:25:03 NeuralNetwork.py[line:93] INFO Testing...
2014-12-14 17:25:03 NeuralNetwork.py[line:148] INFO Start testing: len 10000 batch_size 100
2014-12-14 17:25:10 NeuralNetwork.py[line:161] INFO Done forward. Outputs: 10000
2014-12-14 17:25:10 NeuralNetwork.py[line:165] INFO 10000 tested.
2014-12-14 17:25:10 NeuralNetwork.py[line:94] INFO Accuracy: 0.495100
2014-12-14 17:25:10 NeuralNetwork.py[line:79] INFO Epoch 27 Batch 0 Avg loss 0.323035
2014-12-14 17:26:10 NeuralNetwork.py[line:79] INFO Epoch 27 Batch 263 Avg loss 0.315930
2014-12-14 17:27:03 NeuralNetwork.py[line:86] INFO Epoch 27 Loss 0.317154 Time elapsed 113.213172
2014-12-14 17:27:04 NeuralNetwork.py[line:193] INFO Model dumped to tanh-mse-1600-0.00001-epoch-27.model
2014-12-14 17:27:04 NeuralNetwork.py[line:93] INFO Testing...
2014-12-14 17:27:04 NeuralNetwork.py[line:148] INFO Start testing: len 10000 batch_size 100
2014-12-14 17:27:10 NeuralNetwork.py[line:161] INFO Done forward. Outputs: 10000
2014-12-14 17:27:10 NeuralNetwork.py[line:165] INFO 10000 tested.
2014-12-14 17:27:11 NeuralNetwork.py[line:94] INFO Accuracy: 0.497000
2014-12-14 17:27:11 NeuralNetwork.py[line:79] INFO Epoch 28 Batch 0 Avg loss 0.320962
2014-12-14 17:28:11 NeuralNetwork.py[line:79] INFO Epoch 28 Batch 261 Avg loss 0.314130
2014-12-14 17:29:04 NeuralNetwork.py[line:86] INFO Epoch 28 Loss 0.315347 Time elapsed 113.775772
2014-12-14 17:29:05 NeuralNetwork.py[line:193] INFO Model dumped to tanh-mse-1600-0.00001-epoch-28.model
2014-12-14 17:29:05 NeuralNetwork.py[line:93] INFO Testing...
2014-12-14 17:29:05 NeuralNetwork.py[line:148] INFO Start testing: len 10000 batch_size 100
2014-12-14 17:29:12 NeuralNetwork.py[line:161] INFO Done forward. Outputs: 10000
2014-12-14 17:29:12 NeuralNetwork.py[line:165] INFO 10000 tested.
2014-12-14 17:29:12 NeuralNetwork.py[line:94] INFO Accuracy: 0.499500
2014-12-14 17:29:12 NeuralNetwork.py[line:79] INFO Epoch 29 Batch 0 Avg loss 0.318913
2014-12-14 17:30:12 NeuralNetwork.py[line:79] INFO Epoch 29 Batch 254 Avg loss 0.312611
2014-12-14 17:31:09 NeuralNetwork.py[line:86] INFO Epoch 29 Loss 0.313536 Time elapsed 117.212346
2014-12-14 17:31:11 NeuralNetwork.py[line:193] INFO Model dumped to tanh-mse-1600-0.00001-epoch-29.model
2014-12-14 17:31:11 NeuralNetwork.py[line:93] INFO Testing...
2014-12-14 17:31:11 NeuralNetwork.py[line:148] INFO Start testing: len 10000 batch_size 100
2014-12-14 17:31:17 NeuralNetwork.py[line:161] INFO Done forward. Outputs: 10000
2014-12-14 17:31:17 NeuralNetwork.py[line:165] INFO 10000 tested.
2014-12-14 17:31:17 NeuralNetwork.py[line:94] INFO Accuracy: 0.499300
2014-12-14 17:31:18 NeuralNetwork.py[line:79] INFO Epoch 30 Batch 0 Avg loss 0.316824
2014-12-14 17:32:18 NeuralNetwork.py[line:79] INFO Epoch 30 Batch 263 Avg loss 0.310559
2014-12-14 17:33:10 NeuralNetwork.py[line:86] INFO Epoch 30 Loss 0.311763 Time elapsed 112.592057
2014-12-14 17:33:11 NeuralNetwork.py[line:193] INFO Model dumped to tanh-mse-1600-0.00001-epoch-30.model
2014-12-14 17:33:11 NeuralNetwork.py[line:93] INFO Testing...
2014-12-14 17:33:11 NeuralNetwork.py[line:148] INFO Start testing: len 10000 batch_size 100
2014-12-14 17:33:18 NeuralNetwork.py[line:161] INFO Done forward. Outputs: 10000
2014-12-14 17:33:18 NeuralNetwork.py[line:165] INFO 10000 tested.
2014-12-14 17:33:18 NeuralNetwork.py[line:94] INFO Accuracy: 0.501700
2014-12-14 17:33:18 NeuralNetwork.py[line:79] INFO Epoch 31 Batch 0 Avg loss 0.314942
2014-12-14 17:34:18 NeuralNetwork.py[line:79] INFO Epoch 31 Batch 265 Avg loss 0.308805
2014-12-14 17:35:11 NeuralNetwork.py[line:86] INFO Epoch 31 Loss 0.309996 Time elapsed 112.957364
2014-12-14 17:35:11 NeuralNetwork.py[line:193] INFO Model dumped to tanh-mse-1600-0.00001-epoch-31.model
2014-12-14 17:35:11 NeuralNetwork.py[line:93] INFO Testing...
2014-12-14 17:35:11 NeuralNetwork.py[line:148] INFO Start testing: len 10000 batch_size 100
2014-12-14 17:35:18 NeuralNetwork.py[line:161] INFO Done forward. Outputs: 10000
2014-12-14 17:35:18 NeuralNetwork.py[line:165] INFO 10000 tested.
2014-12-14 17:35:18 NeuralNetwork.py[line:94] INFO Accuracy: 0.503200
2014-12-14 17:35:18 NeuralNetwork.py[line:79] INFO Epoch 32 Batch 0 Avg loss 0.313082
2014-12-14 17:36:19 NeuralNetwork.py[line:79] INFO Epoch 32 Batch 265 Avg loss 0.307058
2014-12-14 17:37:12 NeuralNetwork.py[line:86] INFO Epoch 32 Loss 0.308249 Time elapsed 113.462535
2014-12-14 17:37:12 NeuralNetwork.py[line:193] INFO Model dumped to tanh-mse-1600-0.00001-epoch-32.model
2014-12-14 17:37:12 NeuralNetwork.py[line:93] INFO Testing...
2014-12-14 17:37:12 NeuralNetwork.py[line:148] INFO Start testing: len 10000 batch_size 100
2014-12-14 17:37:19 NeuralNetwork.py[line:161] INFO Done forward. Outputs: 10000
2014-12-14 17:37:19 NeuralNetwork.py[line:165] INFO 10000 tested.
2014-12-14 17:37:19 NeuralNetwork.py[line:94] INFO Accuracy: 0.504300
2014-12-14 17:37:19 NeuralNetwork.py[line:79] INFO Epoch 33 Batch 0 Avg loss 0.311150
2014-12-14 17:38:19 NeuralNetwork.py[line:79] INFO Epoch 33 Batch 293 Avg loss 0.305854
2014-12-14 17:39:09 NeuralNetwork.py[line:86] INFO Epoch 33 Loss 0.306515 Time elapsed 109.603656
2014-12-14 17:39:09 NeuralNetwork.py[line:193] INFO Model dumped to tanh-mse-1600-0.00001-epoch-33.model
2014-12-14 17:39:09 NeuralNetwork.py[line:93] INFO Testing...
2014-12-14 17:39:09 NeuralNetwork.py[line:148] INFO Start testing: len 10000 batch_size 100
2014-12-14 17:39:16 NeuralNetwork.py[line:161] INFO Done forward. Outputs: 10000
2014-12-14 17:39:16 NeuralNetwork.py[line:165] INFO 10000 tested.
2014-12-14 17:39:16 NeuralNetwork.py[line:94] INFO Accuracy: 0.507100
2014-12-14 17:39:16 NeuralNetwork.py[line:79] INFO Epoch 34 Batch 0 Avg loss 0.309355
2014-12-14 17:40:16 NeuralNetwork.py[line:79] INFO Epoch 34 Batch 282 Avg loss 0.304068
2014-12-14 17:41:02 NeuralNetwork.py[line:86] INFO Epoch 34 Loss 0.304810 Time elapsed 106.421005
2014-12-14 17:41:03 NeuralNetwork.py[line:193] INFO Model dumped to tanh-mse-1600-0.00001-epoch-34.model
2014-12-14 17:41:03 NeuralNetwork.py[line:93] INFO Testing...
2014-12-14 17:41:03 NeuralNetwork.py[line:148] INFO Start testing: len 10000 batch_size 100
2014-12-14 17:41:10 NeuralNetwork.py[line:161] INFO Done forward. Outputs: 10000
2014-12-14 17:41:10 NeuralNetwork.py[line:165] INFO 10000 tested.
2014-12-14 17:41:10 NeuralNetwork.py[line:94] INFO Accuracy: 0.507800
2014-12-14 17:41:10 NeuralNetwork.py[line:79] INFO Epoch 35 Batch 0 Avg loss 0.307500
2014-12-14 17:42:10 NeuralNetwork.py[line:79] INFO Epoch 35 Batch 258 Avg loss 0.302178
2014-12-14 17:43:07 NeuralNetwork.py[line:86] INFO Epoch 35 Loss 0.303142 Time elapsed 116.825220
2014-12-14 17:43:07 NeuralNetwork.py[line:193] INFO Model dumped to tanh-mse-1600-0.00001-epoch-35.model
2014-12-14 17:43:07 NeuralNetwork.py[line:93] INFO Testing...
2014-12-14 17:43:07 NeuralNetwork.py[line:148] INFO Start testing: len 10000 batch_size 100
2014-12-14 17:43:14 NeuralNetwork.py[line:161] INFO Done forward. Outputs: 10000
2014-12-14 17:43:14 NeuralNetwork.py[line:165] INFO 10000 tested.
2014-12-14 17:43:14 NeuralNetwork.py[line:94] INFO Accuracy: 0.508500
2014-12-14 17:43:15 NeuralNetwork.py[line:79] INFO Epoch 36 Batch 0 Avg loss 0.305420
2014-12-14 17:44:15 NeuralNetwork.py[line:79] INFO Epoch 36 Batch 269 Avg loss 0.300247
2014-12-14 17:45:06 NeuralNetwork.py[line:86] INFO Epoch 36 Loss 0.301461 Time elapsed 111.995623
2014-12-14 17:45:07 NeuralNetwork.py[line:193] INFO Model dumped to tanh-mse-1600-0.00001-epoch-36.model
2014-12-14 17:45:07 NeuralNetwork.py[line:93] INFO Testing...
2014-12-14 17:45:07 NeuralNetwork.py[line:148] INFO Start testing: len 10000 batch_size 100
2014-12-14 17:45:14 NeuralNetwork.py[line:161] INFO Done forward. Outputs: 10000
2014-12-14 17:45:14 NeuralNetwork.py[line:165] INFO 10000 tested.
2014-12-14 17:45:14 NeuralNetwork.py[line:94] INFO Accuracy: 0.508700
2014-12-14 17:45:14 NeuralNetwork.py[line:79] INFO Epoch 37 Batch 0 Avg loss 0.303563
2014-12-14 17:46:14 NeuralNetwork.py[line:79] INFO Epoch 37 Batch 272 Avg loss 0.298737
2014-12-14 17:47:06 NeuralNetwork.py[line:86] INFO Epoch 37 Loss 0.299793 Time elapsed 111.772580
2014-12-14 17:47:06 NeuralNetwork.py[line:193] INFO Model dumped to tanh-mse-1600-0.00001-epoch-37.model
2014-12-14 17:47:06 NeuralNetwork.py[line:93] INFO Testing...
2014-12-14 17:47:06 NeuralNetwork.py[line:148] INFO Start testing: len 10000 batch_size 100
2014-12-14 17:47:13 NeuralNetwork.py[line:161] INFO Done forward. Outputs: 10000
2014-12-14 17:47:13 NeuralNetwork.py[line:165] INFO 10000 tested.
2014-12-14 17:47:13 NeuralNetwork.py[line:94] INFO Accuracy: 0.509500
2014-12-14 17:47:13 NeuralNetwork.py[line:79] INFO Epoch 38 Batch 0 Avg loss 0.301632
2014-12-14 17:48:13 NeuralNetwork.py[line:79] INFO Epoch 38 Batch 271 Avg loss 0.297023
2014-12-14 17:49:04 NeuralNetwork.py[line:86] INFO Epoch 38 Loss 0.298137 Time elapsed 111.110898
2014-12-14 17:49:05 NeuralNetwork.py[line:193] INFO Model dumped to tanh-mse-1600-0.00001-epoch-38.model
2014-12-14 17:49:05 NeuralNetwork.py[line:93] INFO Testing...
2014-12-14 17:49:05 NeuralNetwork.py[line:148] INFO Start testing: len 10000 batch_size 100
2014-12-14 17:49:12 NeuralNetwork.py[line:161] INFO Done forward. Outputs: 10000
2014-12-14 17:49:12 NeuralNetwork.py[line:165] INFO 10000 tested.
2014-12-14 17:49:12 NeuralNetwork.py[line:94] INFO Accuracy: 0.510300
2014-12-14 17:49:12 NeuralNetwork.py[line:79] INFO Epoch 39 Batch 0 Avg loss 0.299787
2014-12-14 17:50:12 NeuralNetwork.py[line:79] INFO Epoch 39 Batch 283 Avg loss 0.295768
2014-12-14 17:50:58 NeuralNetwork.py[line:86] INFO Epoch 39 Loss 0.296496 Time elapsed 105.917432
2014-12-14 17:50:58 NeuralNetwork.py[line:193] INFO Model dumped to tanh-mse-1600-0.00001-epoch-39.model
2014-12-14 17:50:58 NeuralNetwork.py[line:93] INFO Testing...
2014-12-14 17:50:58 NeuralNetwork.py[line:148] INFO Start testing: len 10000 batch_size 100
2014-12-14 17:51:05 NeuralNetwork.py[line:161] INFO Done forward. Outputs: 10000
2014-12-14 17:51:05 NeuralNetwork.py[line:165] INFO 10000 tested.
2014-12-14 17:51:05 NeuralNetwork.py[line:94] INFO Accuracy: 0.510800
2014-12-14 17:51:06 NeuralNetwork.py[line:79] INFO Epoch 40 Batch 0 Avg loss 0.298014
2014-12-14 17:52:06 NeuralNetwork.py[line:79] INFO Epoch 40 Batch 287 Avg loss 0.294291
2014-12-14 17:52:50 NeuralNetwork.py[line:86] INFO Epoch 40 Loss 0.294888 Time elapsed 104.760172
2014-12-14 17:52:51 NeuralNetwork.py[line:193] INFO Model dumped to tanh-mse-1600-0.00001-epoch-40.model
2014-12-14 17:52:51 NeuralNetwork.py[line:93] INFO Testing...
2014-12-14 17:52:51 NeuralNetwork.py[line:148] INFO Start testing: len 10000 batch_size 100
2014-12-14 17:52:58 NeuralNetwork.py[line:161] INFO Done forward. Outputs: 10000
2014-12-14 17:52:58 NeuralNetwork.py[line:165] INFO 10000 tested.
2014-12-14 17:52:58 NeuralNetwork.py[line:94] INFO Accuracy: 0.510600
2014-12-14 17:52:58 NeuralNetwork.py[line:79] INFO Epoch 41 Batch 0 Avg loss 0.296121
2014-12-14 17:53:58 NeuralNetwork.py[line:79] INFO Epoch 41 Batch 287 Avg loss 0.292703
2014-12-14 17:54:41 NeuralNetwork.py[line:86] INFO Epoch 41 Loss 0.293279 Time elapsed 103.909811
2014-12-14 17:54:42 NeuralNetwork.py[line:193] INFO Model dumped to tanh-mse-1600-0.00001-epoch-41.model
2014-12-14 17:54:42 NeuralNetwork.py[line:93] INFO Testing...
2014-12-14 17:54:42 NeuralNetwork.py[line:148] INFO Start testing: len 10000 batch_size 100
2014-12-14 17:54:49 NeuralNetwork.py[line:161] INFO Done forward. Outputs: 10000
2014-12-14 17:54:49 NeuralNetwork.py[line:165] INFO 10000 tested.
2014-12-14 17:54:49 NeuralNetwork.py[line:94] INFO Accuracy: 0.510800
2014-12-14 17:54:49 NeuralNetwork.py[line:79] INFO Epoch 42 Batch 0 Avg loss 0.293990
2014-12-14 17:55:49 NeuralNetwork.py[line:79] INFO Epoch 42 Batch 280 Avg loss 0.291007
2014-12-14 17:56:35 NeuralNetwork.py[line:86] INFO Epoch 42 Loss 0.291720 Time elapsed 106.327827
2014-12-14 17:56:36 NeuralNetwork.py[line:193] INFO Model dumped to tanh-mse-1600-0.00001-epoch-42.model
2014-12-14 17:56:36 NeuralNetwork.py[line:93] INFO Testing...
2014-12-14 17:56:36 NeuralNetwork.py[line:148] INFO Start testing: len 10000 batch_size 100
2014-12-14 17:56:45 NeuralNetwork.py[line:161] INFO Done forward. Outputs: 10000
2014-12-14 17:56:45 NeuralNetwork.py[line:165] INFO 10000 tested.
2014-12-14 17:56:45 NeuralNetwork.py[line:94] INFO Accuracy: 0.510900
2014-12-14 17:56:45 NeuralNetwork.py[line:79] INFO Epoch 43 Batch 0 Avg loss 0.292183
2014-12-14 17:57:45 NeuralNetwork.py[line:79] INFO Epoch 43 Batch 283 Avg loss 0.289474
2014-12-14 17:58:30 NeuralNetwork.py[line:86] INFO Epoch 43 Loss 0.290127 Time elapsed 105.472925
2014-12-14 17:58:31 NeuralNetwork.py[line:193] INFO Model dumped to tanh-mse-1600-0.00001-epoch-43.model
2014-12-14 17:58:31 NeuralNetwork.py[line:93] INFO Testing...
2014-12-14 17:58:31 NeuralNetwork.py[line:148] INFO Start testing: len 10000 batch_size 100
2014-12-14 17:58:38 NeuralNetwork.py[line:161] INFO Done forward. Outputs: 10000
2014-12-14 17:58:38 NeuralNetwork.py[line:165] INFO 10000 tested.
2014-12-14 17:58:38 NeuralNetwork.py[line:94] INFO Accuracy: 0.512300
2014-12-14 17:58:38 NeuralNetwork.py[line:79] INFO Epoch 44 Batch 0 Avg loss 0.290196
2014-12-14 17:59:38 NeuralNetwork.py[line:79] INFO Epoch 44 Batch 290 Avg loss 0.287997
2014-12-14 18:00:22 NeuralNetwork.py[line:86] INFO Epoch 44 Loss 0.288577 Time elapsed 104.259142
2014-12-14 18:00:23 NeuralNetwork.py[line:193] INFO Model dumped to tanh-mse-1600-0.00001-epoch-44.model
2014-12-14 18:00:23 NeuralNetwork.py[line:93] INFO Testing...
2014-12-14 18:00:23 NeuralNetwork.py[line:148] INFO Start testing: len 10000 batch_size 100
2014-12-14 18:00:32 NeuralNetwork.py[line:161] INFO Done forward. Outputs: 10000
2014-12-14 18:00:32 NeuralNetwork.py[line:165] INFO 10000 tested.
2014-12-14 18:00:32 NeuralNetwork.py[line:94] INFO Accuracy: 0.513600
2014-12-14 18:00:32 NeuralNetwork.py[line:79] INFO Epoch 45 Batch 0 Avg loss 0.288300
2014-12-14 18:01:32 NeuralNetwork.py[line:79] INFO Epoch 45 Batch 257 Avg loss 0.286253
2014-12-14 18:02:30 NeuralNetwork.py[line:86] INFO Epoch 45 Loss 0.287016 Time elapsed 117.989155
2014-12-14 18:02:30 NeuralNetwork.py[line:193] INFO Model dumped to tanh-mse-1600-0.00001-epoch-45.model
2014-12-14 18:02:30 NeuralNetwork.py[line:93] INFO Testing...
2014-12-14 18:02:30 NeuralNetwork.py[line:148] INFO Start testing: len 10000 batch_size 100
2014-12-14 18:02:37 NeuralNetwork.py[line:161] INFO Done forward. Outputs: 10000
2014-12-14 18:02:37 NeuralNetwork.py[line:165] INFO 10000 tested.
2014-12-14 18:02:37 NeuralNetwork.py[line:94] INFO Accuracy: 0.514100
2014-12-14 18:02:37 NeuralNetwork.py[line:79] INFO Epoch 46 Batch 0 Avg loss 0.286376
2014-12-14 18:03:37 NeuralNetwork.py[line:79] INFO Epoch 46 Batch 257 Avg loss 0.284697
2014-12-14 18:04:35 NeuralNetwork.py[line:86] INFO Epoch 46 Loss 0.285442 Time elapsed 117.846782
2014-12-14 18:04:35 NeuralNetwork.py[line:193] INFO Model dumped to tanh-mse-1600-0.00001-epoch-46.model
2014-12-14 18:04:35 NeuralNetwork.py[line:93] INFO Testing...
2014-12-14 18:04:35 NeuralNetwork.py[line:148] INFO Start testing: len 10000 batch_size 100
2014-12-14 18:04:42 NeuralNetwork.py[line:161] INFO Done forward. Outputs: 10000
2014-12-14 18:04:42 NeuralNetwork.py[line:165] INFO 10000 tested.
2014-12-14 18:04:42 NeuralNetwork.py[line:94] INFO Accuracy: 0.515200
2014-12-14 18:04:42 NeuralNetwork.py[line:79] INFO Epoch 47 Batch 0 Avg loss 0.284742
2014-12-14 18:05:42 NeuralNetwork.py[line:79] INFO Epoch 47 Batch 257 Avg loss 0.283186
2014-12-14 18:06:40 NeuralNetwork.py[line:86] INFO Epoch 47 Loss 0.283918 Time elapsed 118.267259
2014-12-14 18:06:41 NeuralNetwork.py[line:193] INFO Model dumped to tanh-mse-1600-0.00001-epoch-47.model
2014-12-14 18:06:41 NeuralNetwork.py[line:93] INFO Testing...
2014-12-14 18:06:41 NeuralNetwork.py[line:148] INFO Start testing: len 10000 batch_size 100
2014-12-14 18:06:48 NeuralNetwork.py[line:161] INFO Done forward. Outputs: 10000
2014-12-14 18:06:48 NeuralNetwork.py[line:165] INFO 10000 tested.
2014-12-14 18:06:48 NeuralNetwork.py[line:94] INFO Accuracy: 0.516100
2014-12-14 18:06:48 NeuralNetwork.py[line:79] INFO Epoch 48 Batch 0 Avg loss 0.283126
2014-12-14 18:07:48 NeuralNetwork.py[line:79] INFO Epoch 48 Batch 258 Avg loss 0.281626
2014-12-14 18:08:39 NeuralNetwork.py[line:86] INFO Epoch 48 Loss 0.282373 Time elapsed 111.106922
2014-12-14 18:08:40 NeuralNetwork.py[line:193] INFO Model dumped to tanh-mse-1600-0.00001-epoch-48.model
2014-12-14 18:08:40 NeuralNetwork.py[line:93] INFO Testing...
2014-12-14 18:08:40 NeuralNetwork.py[line:148] INFO Start testing: len 10000 batch_size 100
2014-12-14 18:08:47 NeuralNetwork.py[line:161] INFO Done forward. Outputs: 10000
2014-12-14 18:08:47 NeuralNetwork.py[line:165] INFO 10000 tested.
2014-12-14 18:08:47 NeuralNetwork.py[line:94] INFO Accuracy: 0.515900
2014-12-14 18:08:47 NeuralNetwork.py[line:79] INFO Epoch 49 Batch 0 Avg loss 0.281387
2014-12-14 18:09:47 NeuralNetwork.py[line:79] INFO Epoch 49 Batch 291 Avg loss 0.280323
2014-12-14 18:10:30 NeuralNetwork.py[line:86] INFO Epoch 49 Loss 0.280831 Time elapsed 102.804860
2014-12-14 18:10:30 NeuralNetwork.py[line:193] INFO Model dumped to tanh-mse-1600-0.00001-epoch-49.model
2014-12-14 18:10:30 NeuralNetwork.py[line:93] INFO Testing...
2014-12-14 18:10:30 NeuralNetwork.py[line:148] INFO Start testing: len 10000 batch_size 100
2014-12-14 18:10:37 NeuralNetwork.py[line:161] INFO Done forward. Outputs: 10000
2014-12-14 18:10:37 NeuralNetwork.py[line:165] INFO 10000 tested.
2014-12-14 18:10:37 NeuralNetwork.py[line:94] INFO Accuracy: 0.516600
2014-12-14 18:10:37 NeuralNetwork.py[line:79] INFO Epoch 50 Batch 0 Avg loss 0.279859
2014-12-14 18:11:37 NeuralNetwork.py[line:79] INFO Epoch 50 Batch 294 Avg loss 0.278791
2014-12-14 18:12:18 NeuralNetwork.py[line:86] INFO Epoch 50 Loss 0.279350 Time elapsed 100.666365
2014-12-14 18:12:18 NeuralNetwork.py[line:193] INFO Model dumped to tanh-mse-1600-0.00001-epoch-50.model
2014-12-14 18:12:18 NeuralNetwork.py[line:93] INFO Testing...
2014-12-14 18:12:18 NeuralNetwork.py[line:148] INFO Start testing: len 10000 batch_size 100
2014-12-14 18:12:25 NeuralNetwork.py[line:161] INFO Done forward. Outputs: 10000
2014-12-14 18:12:25 NeuralNetwork.py[line:165] INFO 10000 tested.
2014-12-14 18:12:25 NeuralNetwork.py[line:94] INFO Accuracy: 0.517200
2014-12-14 18:12:25 NeuralNetwork.py[line:79] INFO Epoch 51 Batch 0 Avg loss 0.278453
2014-12-14 18:13:25 NeuralNetwork.py[line:79] INFO Epoch 51 Batch 303 Avg loss 0.277238
2014-12-14 18:14:03 NeuralNetwork.py[line:86] INFO Epoch 51 Loss 0.277842 Time elapsed 98.576092
2014-12-14 18:14:04 NeuralNetwork.py[line:193] INFO Model dumped to tanh-mse-1600-0.00001-epoch-51.model
2014-12-14 18:14:04 NeuralNetwork.py[line:93] INFO Testing...
2014-12-14 18:14:04 NeuralNetwork.py[line:148] INFO Start testing: len 10000 batch_size 100
2014-12-14 18:14:11 NeuralNetwork.py[line:161] INFO Done forward. Outputs: 10000
2014-12-14 18:14:11 NeuralNetwork.py[line:165] INFO 10000 tested.
2014-12-14 18:14:11 NeuralNetwork.py[line:94] INFO Accuracy: 0.518200
2014-12-14 18:14:11 NeuralNetwork.py[line:79] INFO Epoch 52 Batch 0 Avg loss 0.276828
2014-12-14 18:15:11 NeuralNetwork.py[line:79] INFO Epoch 52 Batch 303 Avg loss 0.275772
2014-12-14 18:15:50 NeuralNetwork.py[line:86] INFO Epoch 52 Loss 0.276366 Time elapsed 99.120871
2014-12-14 18:15:50 NeuralNetwork.py[line:193] INFO Model dumped to tanh-mse-1600-0.00001-epoch-52.model
2014-12-14 18:15:50 NeuralNetwork.py[line:93] INFO Testing...
2014-12-14 18:15:50 NeuralNetwork.py[line:148] INFO Start testing: len 10000 batch_size 100
2014-12-14 18:15:58 NeuralNetwork.py[line:161] INFO Done forward. Outputs: 10000
2014-12-14 18:15:58 NeuralNetwork.py[line:165] INFO 10000 tested.
2014-12-14 18:15:58 NeuralNetwork.py[line:94] INFO Accuracy: 0.518200
2014-12-14 18:15:58 NeuralNetwork.py[line:79] INFO Epoch 53 Batch 0 Avg loss 0.275281
2014-12-14 18:16:58 NeuralNetwork.py[line:79] INFO Epoch 53 Batch 242 Avg loss 0.274520
2014-12-14 18:17:58 NeuralNetwork.py[line:79] INFO Epoch 53 Batch 491 Avg loss 0.275003
2014-12-14 18:18:00 NeuralNetwork.py[line:86] INFO Epoch 53 Loss 0.274942 Time elapsed 122.469806
2014-12-14 18:18:01 NeuralNetwork.py[line:193] INFO Model dumped to tanh-mse-1600-0.00001-epoch-53.model
2014-12-14 18:18:01 NeuralNetwork.py[line:93] INFO Testing...
2014-12-14 18:18:01 NeuralNetwork.py[line:148] INFO Start testing: len 10000 batch_size 100
2014-12-14 18:18:08 NeuralNetwork.py[line:161] INFO Done forward. Outputs: 10000
2014-12-14 18:18:08 NeuralNetwork.py[line:165] INFO 10000 tested.
2014-12-14 18:18:08 NeuralNetwork.py[line:94] INFO Accuracy: 0.518300
2014-12-14 18:18:08 NeuralNetwork.py[line:79] INFO Epoch 54 Batch 0 Avg loss 0.273709
2014-12-14 18:19:08 NeuralNetwork.py[line:79] INFO Epoch 54 Batch 243 Avg loss 0.273058
2014-12-14 18:20:09 NeuralNetwork.py[line:79] INFO Epoch 54 Batch 494 Avg loss 0.273511
2014-12-14 18:20:10 NeuralNetwork.py[line:86] INFO Epoch 54 Loss 0.273510 Time elapsed 121.689119
2014-12-14 18:20:10 NeuralNetwork.py[line:193] INFO Model dumped to tanh-mse-1600-0.00001-epoch-54.model
2014-12-14 18:20:10 NeuralNetwork.py[line:93] INFO Testing...
2014-12-14 18:20:10 NeuralNetwork.py[line:148] INFO Start testing: len 10000 batch_size 100
2014-12-14 18:20:18 NeuralNetwork.py[line:161] INFO Done forward. Outputs: 10000
2014-12-14 18:20:18 NeuralNetwork.py[line:165] INFO 10000 tested.
2014-12-14 18:20:18 NeuralNetwork.py[line:94] INFO Accuracy: 0.518400
2014-12-14 18:20:18 NeuralNetwork.py[line:79] INFO Epoch 55 Batch 0 Avg loss 0.272122
2014-12-14 18:21:18 NeuralNetwork.py[line:79] INFO Epoch 55 Batch 259 Avg loss 0.271383
2014-12-14 18:22:06 NeuralNetwork.py[line:86] INFO Epoch 55 Loss 0.272100 Time elapsed 108.236790
2014-12-14 18:22:07 NeuralNetwork.py[line:193] INFO Model dumped to tanh-mse-1600-0.00001-epoch-55.model
2014-12-14 18:22:07 NeuralNetwork.py[line:93] INFO Testing...
2014-12-14 18:22:07 NeuralNetwork.py[line:148] INFO Start testing: len 10000 batch_size 100
2014-12-14 18:22:13 NeuralNetwork.py[line:161] INFO Done forward. Outputs: 10000
2014-12-14 18:22:13 NeuralNetwork.py[line:165] INFO 10000 tested.
2014-12-14 18:22:13 NeuralNetwork.py[line:94] INFO Accuracy: 0.519400
2014-12-14 18:22:14 NeuralNetwork.py[line:79] INFO Epoch 56 Batch 0 Avg loss 0.270333
2014-12-14 18:23:14 NeuralNetwork.py[line:79] INFO Epoch 56 Batch 308 Avg loss 0.270166
2014-12-14 18:23:53 NeuralNetwork.py[line:86] INFO Epoch 56 Loss 0.270646 Time elapsed 100.057527
2014-12-14 18:23:54 NeuralNetwork.py[line:193] INFO Model dumped to tanh-mse-1600-0.00001-epoch-56.model
2014-12-14 18:23:54 NeuralNetwork.py[line:93] INFO Testing...
2014-12-14 18:23:54 NeuralNetwork.py[line:148] INFO Start testing: len 10000 batch_size 100
2014-12-14 18:24:03 NeuralNetwork.py[line:161] INFO Done forward. Outputs: 10000
2014-12-14 18:24:03 NeuralNetwork.py[line:165] INFO 10000 tested.
2014-12-14 18:24:03 NeuralNetwork.py[line:94] INFO Accuracy: 0.520900
2014-12-14 18:24:03 NeuralNetwork.py[line:79] INFO Epoch 57 Batch 0 Avg loss 0.268550
2014-12-14 18:25:03 NeuralNetwork.py[line:79] INFO Epoch 57 Batch 248 Avg loss 0.268746
2014-12-14 18:26:03 NeuralNetwork.py[line:86] INFO Epoch 57 Loss 0.269256 Time elapsed 119.981499
2014-12-14 18:26:04 NeuralNetwork.py[line:193] INFO Model dumped to tanh-mse-1600-0.00001-epoch-57.model
2014-12-14 18:26:04 NeuralNetwork.py[line:93] INFO Testing...
2014-12-14 18:26:04 NeuralNetwork.py[line:148] INFO Start testing: len 10000 batch_size 100
2014-12-14 18:26:11 NeuralNetwork.py[line:161] INFO Done forward. Outputs: 10000
2014-12-14 18:26:11 NeuralNetwork.py[line:165] INFO 10000 tested.
2014-12-14 18:26:11 NeuralNetwork.py[line:94] INFO Accuracy: 0.520100
2014-12-14 18:26:11 NeuralNetwork.py[line:79] INFO Epoch 58 Batch 0 Avg loss 0.266545
2014-12-14 18:27:11 NeuralNetwork.py[line:79] INFO Epoch 58 Batch 247 Avg loss 0.267242
2014-12-14 18:28:10 NeuralNetwork.py[line:86] INFO Epoch 58 Loss 0.267824 Time elapsed 119.330889
2014-12-14 18:28:11 NeuralNetwork.py[line:193] INFO Model dumped to tanh-mse-1600-0.00001-epoch-58.model
2014-12-14 18:28:11 NeuralNetwork.py[line:93] INFO Testing...
2014-12-14 18:28:11 NeuralNetwork.py[line:148] INFO Start testing: len 10000 batch_size 100
2014-12-14 18:28:18 NeuralNetwork.py[line:161] INFO Done forward. Outputs: 10000
2014-12-14 18:28:18 NeuralNetwork.py[line:165] INFO 10000 tested.
2014-12-14 18:28:18 NeuralNetwork.py[line:94] INFO Accuracy: 0.520400
2014-12-14 18:28:18 NeuralNetwork.py[line:79] INFO Epoch 59 Batch 0 Avg loss 0.264664
2014-12-14 18:29:19 NeuralNetwork.py[line:79] INFO Epoch 59 Batch 251 Avg loss 0.265858
2014-12-14 18:30:15 NeuralNetwork.py[line:86] INFO Epoch 59 Loss 0.266432 Time elapsed 117.179472
2014-12-14 18:30:16 NeuralNetwork.py[line:193] INFO Model dumped to tanh-mse-1600-0.00001-epoch-59.model
2014-12-14 18:30:16 NeuralNetwork.py[line:93] INFO Testing...
2014-12-14 18:30:16 NeuralNetwork.py[line:148] INFO Start testing: len 10000 batch_size 100
2014-12-14 18:30:23 NeuralNetwork.py[line:161] INFO Done forward. Outputs: 10000
2014-12-14 18:30:23 NeuralNetwork.py[line:165] INFO 10000 tested.
2014-12-14 18:30:23 NeuralNetwork.py[line:94] INFO Accuracy: 0.520000
2014-12-14 18:30:23 NeuralNetwork.py[line:79] INFO Epoch 60 Batch 0 Avg loss 0.262993
2014-12-14 18:31:24 NeuralNetwork.py[line:79] INFO Epoch 60 Batch 252 Avg loss 0.264564
2014-12-14 18:32:21 NeuralNetwork.py[line:86] INFO Epoch 60 Loss 0.265062 Time elapsed 117.628613
2014-12-14 18:32:21 NeuralNetwork.py[line:193] INFO Model dumped to tanh-mse-1600-0.00001-epoch-60.model
2014-12-14 18:32:21 NeuralNetwork.py[line:93] INFO Testing...
2014-12-14 18:32:21 NeuralNetwork.py[line:148] INFO Start testing: len 10000 batch_size 100
2014-12-14 18:32:29 NeuralNetwork.py[line:161] INFO Done forward. Outputs: 10000
2014-12-14 18:32:29 NeuralNetwork.py[line:165] INFO 10000 tested.
2014-12-14 18:32:29 NeuralNetwork.py[line:94] INFO Accuracy: 0.520400
2014-12-14 18:32:29 NeuralNetwork.py[line:79] INFO Epoch 61 Batch 0 Avg loss 0.261365
2014-12-14 18:33:29 NeuralNetwork.py[line:79] INFO Epoch 61 Batch 246 Avg loss 0.263353
2014-12-14 18:34:28 NeuralNetwork.py[line:86] INFO Epoch 61 Loss 0.263851 Time elapsed 118.899139
2014-12-14 18:34:28 NeuralNetwork.py[line:193] INFO Model dumped to tanh-mse-1600-0.00001-epoch-61.model
2014-12-14 18:34:28 NeuralNetwork.py[line:93] INFO Testing...
2014-12-14 18:34:28 NeuralNetwork.py[line:148] INFO Start testing: len 10000 batch_size 100
2014-12-14 18:34:35 NeuralNetwork.py[line:161] INFO Done forward. Outputs: 10000
2014-12-14 18:34:35 NeuralNetwork.py[line:165] INFO 10000 tested.
2014-12-14 18:34:35 NeuralNetwork.py[line:94] INFO Accuracy: 0.519600
2014-12-14 18:34:36 NeuralNetwork.py[line:79] INFO Epoch 62 Batch 0 Avg loss 0.259787
2014-12-14 18:35:36 NeuralNetwork.py[line:79] INFO Epoch 62 Batch 252 Avg loss 0.262040
2014-12-14 18:36:34 NeuralNetwork.py[line:86] INFO Epoch 62 Loss 0.262441 Time elapsed 118.879036
2014-12-14 18:36:35 NeuralNetwork.py[line:193] INFO Model dumped to tanh-mse-1600-0.00001-epoch-62.model
2014-12-14 18:36:35 NeuralNetwork.py[line:93] INFO Testing...
2014-12-14 18:36:35 NeuralNetwork.py[line:148] INFO Start testing: len 10000 batch_size 100
2014-12-14 18:36:42 NeuralNetwork.py[line:161] INFO Done forward. Outputs: 10000
2014-12-14 18:36:42 NeuralNetwork.py[line:165] INFO 10000 tested.
2014-12-14 18:36:42 NeuralNetwork.py[line:94] INFO Accuracy: 0.520100
2014-12-14 18:36:43 NeuralNetwork.py[line:79] INFO Epoch 63 Batch 0 Avg loss 0.258470
2014-12-14 18:37:43 NeuralNetwork.py[line:79] INFO Epoch 63 Batch 253 Avg loss 0.260794
2014-12-14 18:38:41 NeuralNetwork.py[line:86] INFO Epoch 63 Loss 0.261195 Time elapsed 118.470887
2014-12-14 18:38:42 NeuralNetwork.py[line:193] INFO Model dumped to tanh-mse-1600-0.00001-epoch-63.model
2014-12-14 18:38:42 NeuralNetwork.py[line:93] INFO Testing...
2014-12-14 18:38:42 NeuralNetwork.py[line:148] INFO Start testing: len 10000 batch_size 100
2014-12-14 18:38:49 NeuralNetwork.py[line:161] INFO Done forward. Outputs: 10000
2014-12-14 18:38:49 NeuralNetwork.py[line:165] INFO 10000 tested.
2014-12-14 18:38:49 NeuralNetwork.py[line:94] INFO Accuracy: 0.521600
2014-12-14 18:38:49 NeuralNetwork.py[line:79] INFO Epoch 64 Batch 0 Avg loss 0.257413
2014-12-14 18:39:49 NeuralNetwork.py[line:79] INFO Epoch 64 Batch 251 Avg loss 0.259405
2014-12-14 18:40:47 NeuralNetwork.py[line:86] INFO Epoch 64 Loss 0.259798 Time elapsed 118.513831
2014-12-14 18:40:48 NeuralNetwork.py[line:193] INFO Model dumped to tanh-mse-1600-0.00001-epoch-64.model
2014-12-14 18:40:48 NeuralNetwork.py[line:93] INFO Testing...
2014-12-14 18:40:48 NeuralNetwork.py[line:148] INFO Start testing: len 10000 batch_size 100
2014-12-14 18:40:55 NeuralNetwork.py[line:161] INFO Done forward. Outputs: 10000
2014-12-14 18:40:55 NeuralNetwork.py[line:165] INFO 10000 tested.
2014-12-14 18:40:55 NeuralNetwork.py[line:94] INFO Accuracy: 0.521500
2014-12-14 18:40:56 NeuralNetwork.py[line:79] INFO Epoch 65 Batch 0 Avg loss 0.256001
2014-12-14 18:41:56 NeuralNetwork.py[line:79] INFO Epoch 65 Batch 256 Avg loss 0.258105
2014-12-14 18:42:53 NeuralNetwork.py[line:86] INFO Epoch 65 Loss 0.258543 Time elapsed 117.302932
2014-12-14 18:42:53 NeuralNetwork.py[line:193] INFO Model dumped to tanh-mse-1600-0.00001-epoch-65.model
2014-12-14 18:42:53 NeuralNetwork.py[line:93] INFO Testing...
2014-12-14 18:42:53 NeuralNetwork.py[line:148] INFO Start testing: len 10000 batch_size 100
2014-12-14 18:43:01 NeuralNetwork.py[line:161] INFO Done forward. Outputs: 10000
2014-12-14 18:43:01 NeuralNetwork.py[line:165] INFO 10000 tested.
2014-12-14 18:43:01 NeuralNetwork.py[line:94] INFO Accuracy: 0.521000
2014-12-14 18:43:01 NeuralNetwork.py[line:79] INFO Epoch 66 Batch 0 Avg loss 0.254325
2014-12-14 18:44:01 NeuralNetwork.py[line:79] INFO Epoch 66 Batch 257 Avg loss 0.256832
2014-12-14 18:44:58 NeuralNetwork.py[line:86] INFO Epoch 66 Loss 0.257207 Time elapsed 117.310773
2014-12-14 18:44:59 NeuralNetwork.py[line:193] INFO Model dumped to tanh-mse-1600-0.00001-epoch-66.model
2014-12-14 18:44:59 NeuralNetwork.py[line:93] INFO Testing...
2014-12-14 18:44:59 NeuralNetwork.py[line:148] INFO Start testing: len 10000 batch_size 100
2014-12-14 18:45:06 NeuralNetwork.py[line:161] INFO Done forward. Outputs: 10000
2014-12-14 18:45:06 NeuralNetwork.py[line:165] INFO 10000 tested.
2014-12-14 18:45:06 NeuralNetwork.py[line:94] INFO Accuracy: 0.521500
2014-12-14 18:45:06 NeuralNetwork.py[line:79] INFO Epoch 67 Batch 0 Avg loss 0.252600
2014-12-14 18:46:06 NeuralNetwork.py[line:79] INFO Epoch 67 Batch 260 Avg loss 0.255427
2014-12-14 18:47:02 NeuralNetwork.py[line:86] INFO Epoch 67 Loss 0.255996 Time elapsed 116.009343
2014-12-14 18:47:02 NeuralNetwork.py[line:193] INFO Model dumped to tanh-mse-1600-0.00001-epoch-67.model
2014-12-14 18:47:02 NeuralNetwork.py[line:93] INFO Testing...
2014-12-14 18:47:02 NeuralNetwork.py[line:148] INFO Start testing: len 10000 batch_size 100
2014-12-14 18:47:10 NeuralNetwork.py[line:161] INFO Done forward. Outputs: 10000
2014-12-14 18:47:10 NeuralNetwork.py[line:165] INFO 10000 tested.
2014-12-14 18:47:10 NeuralNetwork.py[line:94] INFO Accuracy: 0.522400
2014-12-14 18:47:10 NeuralNetwork.py[line:79] INFO Epoch 68 Batch 0 Avg loss 0.251471
2014-12-14 18:48:10 NeuralNetwork.py[line:79] INFO Epoch 68 Batch 263 Avg loss 0.253986
2014-12-14 18:49:05 NeuralNetwork.py[line:86] INFO Epoch 68 Loss 0.254664 Time elapsed 115.570829
2014-12-14 18:49:06 NeuralNetwork.py[line:193] INFO Model dumped to tanh-mse-1600-0.00001-epoch-68.model
2014-12-14 18:49:06 NeuralNetwork.py[line:93] INFO Testing...
2014-12-14 18:49:06 NeuralNetwork.py[line:148] INFO Start testing: len 10000 batch_size 100
2014-12-14 18:49:13 NeuralNetwork.py[line:161] INFO Done forward. Outputs: 10000
2014-12-14 18:49:13 NeuralNetwork.py[line:165] INFO 10000 tested.
2014-12-14 18:49:13 NeuralNetwork.py[line:94] INFO Accuracy: 0.522600
2014-12-14 18:49:13 NeuralNetwork.py[line:79] INFO Epoch 69 Batch 0 Avg loss 0.250424
2014-12-14 18:50:13 NeuralNetwork.py[line:79] INFO Epoch 69 Batch 263 Avg loss 0.252663
2014-12-14 18:51:08 NeuralNetwork.py[line:86] INFO Epoch 69 Loss 0.253378 Time elapsed 115.310759
2014-12-14 18:51:09 NeuralNetwork.py[line:193] INFO Model dumped to tanh-mse-1600-0.00001-epoch-69.model
2014-12-14 18:51:09 NeuralNetwork.py[line:93] INFO Testing...
2014-12-14 18:51:09 NeuralNetwork.py[line:148] INFO Start testing: len 10000 batch_size 100
2014-12-14 18:51:16 NeuralNetwork.py[line:161] INFO Done forward. Outputs: 10000
2014-12-14 18:51:16 NeuralNetwork.py[line:165] INFO 10000 tested.
2014-12-14 18:51:16 NeuralNetwork.py[line:94] INFO Accuracy: 0.521500
2014-12-14 18:51:16 NeuralNetwork.py[line:79] INFO Epoch 70 Batch 0 Avg loss 0.249450
2014-12-14 18:52:16 NeuralNetwork.py[line:79] INFO Epoch 70 Batch 264 Avg loss 0.251613
2014-12-14 18:53:10 NeuralNetwork.py[line:86] INFO Epoch 70 Loss 0.252210 Time elapsed 114.167764
2014-12-14 18:53:11 NeuralNetwork.py[line:193] INFO Model dumped to tanh-mse-1600-0.00001-epoch-70.model
2014-12-14 18:53:11 NeuralNetwork.py[line:93] INFO Testing...
2014-12-14 18:53:11 NeuralNetwork.py[line:148] INFO Start testing: len 10000 batch_size 100
2014-12-14 18:53:18 NeuralNetwork.py[line:161] INFO Done forward. Outputs: 10000
2014-12-14 18:53:18 NeuralNetwork.py[line:165] INFO 10000 tested.
2014-12-14 18:53:18 NeuralNetwork.py[line:94] INFO Accuracy: 0.522000
2014-12-14 18:53:18 NeuralNetwork.py[line:79] INFO Epoch 71 Batch 0 Avg loss 0.248080
2014-12-14 18:54:18 NeuralNetwork.py[line:79] INFO Epoch 71 Batch 260 Avg loss 0.250413
2014-12-14 18:55:12 NeuralNetwork.py[line:86] INFO Epoch 71 Loss 0.250910 Time elapsed 114.318477
2014-12-14 18:55:13 NeuralNetwork.py[line:193] INFO Model dumped to tanh-mse-1600-0.00001-epoch-71.model
2014-12-14 18:55:13 NeuralNetwork.py[line:93] INFO Testing...
2014-12-14 18:55:13 NeuralNetwork.py[line:148] INFO Start testing: len 10000 batch_size 100
2014-12-14 18:55:20 NeuralNetwork.py[line:161] INFO Done forward. Outputs: 10000
2014-12-14 18:55:20 NeuralNetwork.py[line:165] INFO 10000 tested.
2014-12-14 18:55:20 NeuralNetwork.py[line:94] INFO Accuracy: 0.522000
2014-12-14 18:55:20 NeuralNetwork.py[line:79] INFO Epoch 72 Batch 0 Avg loss 0.246706
2014-12-14 18:56:20 NeuralNetwork.py[line:79] INFO Epoch 72 Batch 263 Avg loss 0.249080
2014-12-14 18:57:15 NeuralNetwork.py[line:86] INFO Epoch 72 Loss 0.249659 Time elapsed 115.070598
2014-12-14 18:57:17 NeuralNetwork.py[line:193] INFO Model dumped to tanh-mse-1600-0.00001-epoch-72.model
2014-12-14 18:57:17 NeuralNetwork.py[line:93] INFO Testing...
2014-12-14 18:57:17 NeuralNetwork.py[line:148] INFO Start testing: len 10000 batch_size 100
2014-12-14 18:57:24 NeuralNetwork.py[line:161] INFO Done forward. Outputs: 10000
2014-12-14 18:57:24 NeuralNetwork.py[line:165] INFO 10000 tested.
2014-12-14 18:57:24 NeuralNetwork.py[line:94] INFO Accuracy: 0.522300
2014-12-14 18:57:24 NeuralNetwork.py[line:79] INFO Epoch 73 Batch 0 Avg loss 0.245341
2014-12-14 18:58:24 NeuralNetwork.py[line:79] INFO Epoch 73 Batch 259 Avg loss 0.248034
2014-12-14 18:59:13 NeuralNetwork.py[line:86] INFO Epoch 73 Loss 0.248404 Time elapsed 108.512756
2014-12-14 18:59:13 NeuralNetwork.py[line:193] INFO Model dumped to tanh-mse-1600-0.00001-epoch-73.model
2014-12-14 18:59:13 NeuralNetwork.py[line:93] INFO Testing...
2014-12-14 18:59:13 NeuralNetwork.py[line:148] INFO Start testing: len 10000 batch_size 100
2014-12-14 18:59:20 NeuralNetwork.py[line:161] INFO Done forward. Outputs: 10000
2014-12-14 18:59:20 NeuralNetwork.py[line:165] INFO 10000 tested.
2014-12-14 18:59:20 NeuralNetwork.py[line:94] INFO Accuracy: 0.522100
2014-12-14 18:59:20 NeuralNetwork.py[line:79] INFO Epoch 74 Batch 0 Avg loss 0.243800
2014-12-14 19:00:20 NeuralNetwork.py[line:79] INFO Epoch 74 Batch 306 Avg loss 0.246669
2014-12-14 19:00:58 NeuralNetwork.py[line:86] INFO Epoch 74 Loss 0.247120 Time elapsed 98.166828
2014-12-14 19:00:58 NeuralNetwork.py[line:193] INFO Model dumped to tanh-mse-1600-0.00001-epoch-74.model
2014-12-14 19:00:58 NeuralNetwork.py[line:93] INFO Testing...
2014-12-14 19:00:58 NeuralNetwork.py[line:148] INFO Start testing: len 10000 batch_size 100
2014-12-14 19:01:05 NeuralNetwork.py[line:161] INFO Done forward. Outputs: 10000
2014-12-14 19:01:05 NeuralNetwork.py[line:165] INFO 10000 tested.
2014-12-14 19:01:05 NeuralNetwork.py[line:94] INFO Accuracy: 0.523100
2014-12-14 19:01:05 NeuralNetwork.py[line:79] INFO Epoch 75 Batch 0 Avg loss 0.242238
2014-12-14 19:02:05 NeuralNetwork.py[line:79] INFO Epoch 75 Batch 304 Avg loss 0.245448
2014-12-14 19:02:44 NeuralNetwork.py[line:86] INFO Epoch 75 Loss 0.245908 Time elapsed 99.195278
2014-12-14 19:02:45 NeuralNetwork.py[line:193] INFO Model dumped to tanh-mse-1600-0.00001-epoch-75.model
2014-12-14 19:02:45 NeuralNetwork.py[line:93] INFO Testing...
2014-12-14 19:02:45 NeuralNetwork.py[line:148] INFO Start testing: len 10000 batch_size 100
2014-12-14 19:02:52 NeuralNetwork.py[line:161] INFO Done forward. Outputs: 10000
2014-12-14 19:02:52 NeuralNetwork.py[line:165] INFO 10000 tested.
2014-12-14 19:02:52 NeuralNetwork.py[line:94] INFO Accuracy: 0.523900
2014-12-14 19:02:52 NeuralNetwork.py[line:79] INFO Epoch 76 Batch 0 Avg loss 0.240510
2014-12-14 19:03:52 NeuralNetwork.py[line:79] INFO Epoch 76 Batch 292 Avg loss 0.244373
2014-12-14 19:04:34 NeuralNetwork.py[line:86] INFO Epoch 76 Loss 0.244707 Time elapsed 102.305373
2014-12-14 19:04:34 NeuralNetwork.py[line:193] INFO Model dumped to tanh-mse-1600-0.00001-epoch-76.model
2014-12-14 19:04:34 NeuralNetwork.py[line:93] INFO Testing...
2014-12-14 19:04:34 NeuralNetwork.py[line:148] INFO Start testing: len 10000 batch_size 100
2014-12-14 19:04:41 NeuralNetwork.py[line:161] INFO Done forward. Outputs: 10000
2014-12-14 19:04:41 NeuralNetwork.py[line:165] INFO 10000 tested.
2014-12-14 19:04:41 NeuralNetwork.py[line:94] INFO Accuracy: 0.524600
2014-12-14 19:04:42 NeuralNetwork.py[line:79] INFO Epoch 77 Batch 0 Avg loss 0.238920
2014-12-14 19:05:42 NeuralNetwork.py[line:79] INFO Epoch 77 Batch 311 Avg loss 0.243029
2014-12-14 19:06:17 NeuralNetwork.py[line:86] INFO Epoch 77 Loss 0.243499 Time elapsed 95.776502
2014-12-14 19:06:18 NeuralNetwork.py[line:193] INFO Model dumped to tanh-mse-1600-0.00001-epoch-77.model
2014-12-14 19:06:18 NeuralNetwork.py[line:93] INFO Testing...
2014-12-14 19:06:18 NeuralNetwork.py[line:148] INFO Start testing: len 10000 batch_size 100
2014-12-14 19:06:24 NeuralNetwork.py[line:161] INFO Done forward. Outputs: 10000
2014-12-14 19:06:24 NeuralNetwork.py[line:165] INFO 10000 tested.
2014-12-14 19:06:25 NeuralNetwork.py[line:94] INFO Accuracy: 0.524300
2014-12-14 19:06:25 NeuralNetwork.py[line:79] INFO Epoch 78 Batch 0 Avg loss 0.237591
2014-12-14 19:07:25 NeuralNetwork.py[line:79] INFO Epoch 78 Batch 296 Avg loss 0.241854
2014-12-14 19:08:07 NeuralNetwork.py[line:86] INFO Epoch 78 Loss 0.242274 Time elapsed 102.972330
2014-12-14 19:08:08 NeuralNetwork.py[line:193] INFO Model dumped to tanh-mse-1600-0.00001-epoch-78.model
2014-12-14 19:08:08 NeuralNetwork.py[line:93] INFO Testing...
2014-12-14 19:08:08 NeuralNetwork.py[line:148] INFO Start testing: len 10000 batch_size 100
2014-12-14 19:08:15 NeuralNetwork.py[line:161] INFO Done forward. Outputs: 10000
2014-12-14 19:08:15 NeuralNetwork.py[line:165] INFO 10000 tested.
2014-12-14 19:08:15 NeuralNetwork.py[line:94] INFO Accuracy: 0.522800
2014-12-14 19:08:15 NeuralNetwork.py[line:79] INFO Epoch 79 Batch 0 Avg loss 0.236467
2014-12-14 19:09:15 NeuralNetwork.py[line:79] INFO Epoch 79 Batch 292 Avg loss 0.240926
2014-12-14 19:09:59 NeuralNetwork.py[line:86] INFO Epoch 79 Loss 0.241338 Time elapsed 103.815219
2014-12-14 19:09:59 NeuralNetwork.py[line:193] INFO Model dumped to tanh-mse-1600-0.00001-epoch-79.model
2014-12-14 19:09:59 NeuralNetwork.py[line:93] INFO Testing...
2014-12-14 19:09:59 NeuralNetwork.py[line:148] INFO Start testing: len 10000 batch_size 100
2014-12-14 19:10:06 NeuralNetwork.py[line:161] INFO Done forward. Outputs: 10000
2014-12-14 19:10:06 NeuralNetwork.py[line:165] INFO 10000 tested.
2014-12-14 19:10:06 NeuralNetwork.py[line:94] INFO Accuracy: 0.525000
2014-12-14 19:10:07 NeuralNetwork.py[line:79] INFO Epoch 80 Batch 0 Avg loss 0.235967
2014-12-14 19:11:07 NeuralNetwork.py[line:79] INFO Epoch 80 Batch 290 Avg loss 0.239827
2014-12-14 19:11:52 NeuralNetwork.py[line:86] INFO Epoch 80 Loss 0.240148 Time elapsed 105.291933
2014-12-14 19:11:52 NeuralNetwork.py[line:193] INFO Model dumped to tanh-mse-1600-0.00001-epoch-80.model
2014-12-14 19:11:52 NeuralNetwork.py[line:93] INFO Testing...
2014-12-14 19:11:52 NeuralNetwork.py[line:148] INFO Start testing: len 10000 batch_size 100
2014-12-14 19:11:59 NeuralNetwork.py[line:161] INFO Done forward. Outputs: 10000
2014-12-14 19:11:59 NeuralNetwork.py[line:165] INFO 10000 tested.
2014-12-14 19:11:59 NeuralNetwork.py[line:94] INFO Accuracy: 0.525300
2014-12-14 19:11:59 NeuralNetwork.py[line:79] INFO Epoch 81 Batch 0 Avg loss 0.234528
2014-12-14 19:12:59 NeuralNetwork.py[line:79] INFO Epoch 81 Batch 317 Avg loss 0.238483
2014-12-14 19:13:34 NeuralNetwork.py[line:86] INFO Epoch 81 Loss 0.238984 Time elapsed 94.600500
2014-12-14 19:13:34 NeuralNetwork.py[line:193] INFO Model dumped to tanh-mse-1600-0.00001-epoch-81.model
2014-12-14 19:13:34 NeuralNetwork.py[line:93] INFO Testing...
2014-12-14 19:13:34 NeuralNetwork.py[line:148] INFO Start testing: len 10000 batch_size 100
2014-12-14 19:13:41 NeuralNetwork.py[line:161] INFO Done forward. Outputs: 10000
2014-12-14 19:13:41 NeuralNetwork.py[line:165] INFO 10000 tested.
2014-12-14 19:13:41 NeuralNetwork.py[line:94] INFO Accuracy: 0.524800
2014-12-14 19:13:41 NeuralNetwork.py[line:79] INFO Epoch 82 Batch 0 Avg loss 0.233112
2014-12-14 19:14:41 NeuralNetwork.py[line:79] INFO Epoch 82 Batch 320 Avg loss 0.237308
2014-12-14 19:15:16 NeuralNetwork.py[line:86] INFO Epoch 82 Loss 0.237788 Time elapsed 94.764538
2014-12-14 19:15:16 NeuralNetwork.py[line:193] INFO Model dumped to tanh-mse-1600-0.00001-epoch-82.model
2014-12-14 19:15:16 NeuralNetwork.py[line:93] INFO Testing...
2014-12-14 19:15:16 NeuralNetwork.py[line:148] INFO Start testing: len 10000 batch_size 100
2014-12-14 19:15:23 NeuralNetwork.py[line:161] INFO Done forward. Outputs: 10000
2014-12-14 19:15:23 NeuralNetwork.py[line:165] INFO 10000 tested.
2014-12-14 19:15:23 NeuralNetwork.py[line:94] INFO Accuracy: 0.525400
2014-12-14 19:15:23 NeuralNetwork.py[line:79] INFO Epoch 83 Batch 0 Avg loss 0.231818
2014-12-14 19:16:23 NeuralNetwork.py[line:79] INFO Epoch 83 Batch 329 Avg loss 0.236268
2014-12-14 19:16:56 NeuralNetwork.py[line:86] INFO Epoch 83 Loss 0.236658 Time elapsed 93.219729
2014-12-14 19:16:57 NeuralNetwork.py[line:193] INFO Model dumped to tanh-mse-1600-0.00001-epoch-83.model
2014-12-14 19:16:57 NeuralNetwork.py[line:93] INFO Testing...
2014-12-14 19:16:57 NeuralNetwork.py[line:148] INFO Start testing: len 10000 batch_size 100
2014-12-14 19:17:03 NeuralNetwork.py[line:161] INFO Done forward. Outputs: 10000
2014-12-14 19:17:03 NeuralNetwork.py[line:165] INFO 10000 tested.
2014-12-14 19:17:03 NeuralNetwork.py[line:94] INFO Accuracy: 0.525200
2014-12-14 19:17:04 NeuralNetwork.py[line:79] INFO Epoch 84 Batch 0 Avg loss 0.230745
2014-12-14 19:18:04 NeuralNetwork.py[line:79] INFO Epoch 84 Batch 304 Avg loss 0.235071
2014-12-14 19:18:43 NeuralNetwork.py[line:86] INFO Epoch 84 Loss 0.235493 Time elapsed 99.965187
2014-12-14 19:18:44 NeuralNetwork.py[line:193] INFO Model dumped to tanh-mse-1600-0.00001-epoch-84.model
2014-12-14 19:18:44 NeuralNetwork.py[line:93] INFO Testing...
2014-12-14 19:18:44 NeuralNetwork.py[line:148] INFO Start testing: len 10000 batch_size 100
2014-12-14 19:18:51 NeuralNetwork.py[line:161] INFO Done forward. Outputs: 10000
2014-12-14 19:18:51 NeuralNetwork.py[line:165] INFO 10000 tested.
2014-12-14 19:18:51 NeuralNetwork.py[line:94] INFO Accuracy: 0.524300
2014-12-14 19:18:51 NeuralNetwork.py[line:79] INFO Epoch 85 Batch 0 Avg loss 0.229620
2014-12-14 19:19:51 NeuralNetwork.py[line:79] INFO Epoch 85 Batch 300 Avg loss 0.233915
2014-12-14 19:20:32 NeuralNetwork.py[line:86] INFO Epoch 85 Loss 0.234298 Time elapsed 100.979434
2014-12-14 19:20:32 NeuralNetwork.py[line:193] INFO Model dumped to tanh-mse-1600-0.00001-epoch-85.model
2014-12-14 19:20:32 NeuralNetwork.py[line:93] INFO Testing...
2014-12-14 19:20:32 NeuralNetwork.py[line:148] INFO Start testing: len 10000 batch_size 100
2014-12-14 19:20:39 NeuralNetwork.py[line:161] INFO Done forward. Outputs: 10000
2014-12-14 19:20:39 NeuralNetwork.py[line:165] INFO 10000 tested.
2014-12-14 19:20:39 NeuralNetwork.py[line:94] INFO Accuracy: 0.524400
2014-12-14 19:20:39 NeuralNetwork.py[line:79] INFO Epoch 86 Batch 0 Avg loss 0.228597
2014-12-14 19:21:40 NeuralNetwork.py[line:79] INFO Epoch 86 Batch 313 Avg loss 0.232614
2014-12-14 19:22:17 NeuralNetwork.py[line:86] INFO Epoch 86 Loss 0.233161 Time elapsed 97.564864
2014-12-14 19:22:17 NeuralNetwork.py[line:193] INFO Model dumped to tanh-mse-1600-0.00001-epoch-86.model
2014-12-14 19:22:17 NeuralNetwork.py[line:93] INFO Testing...
2014-12-14 19:22:17 NeuralNetwork.py[line:148] INFO Start testing: len 10000 batch_size 100
2014-12-14 19:22:24 NeuralNetwork.py[line:161] INFO Done forward. Outputs: 10000
2014-12-14 19:22:24 NeuralNetwork.py[line:165] INFO 10000 tested.
2014-12-14 19:22:24 NeuralNetwork.py[line:94] INFO Accuracy: 0.523700
2014-12-14 19:22:24 NeuralNetwork.py[line:79] INFO Epoch 87 Batch 0 Avg loss 0.227531
2014-12-14 19:23:24 NeuralNetwork.py[line:79] INFO Epoch 87 Batch 291 Avg loss 0.231750
2014-12-14 19:24:09 NeuralNetwork.py[line:86] INFO Epoch 87 Loss 0.232092 Time elapsed 104.777201
2014-12-14 19:24:10 NeuralNetwork.py[line:193] INFO Model dumped to tanh-mse-1600-0.00001-epoch-87.model
2014-12-14 19:24:10 NeuralNetwork.py[line:93] INFO Testing...
2014-12-14 19:24:10 NeuralNetwork.py[line:148] INFO Start testing: len 10000 batch_size 100
2014-12-14 19:24:16 NeuralNetwork.py[line:161] INFO Done forward. Outputs: 10000
2014-12-14 19:24:16 NeuralNetwork.py[line:165] INFO 10000 tested.
2014-12-14 19:24:16 NeuralNetwork.py[line:94] INFO Accuracy: 0.523400
2014-12-14 19:24:17 NeuralNetwork.py[line:79] INFO Epoch 88 Batch 0 Avg loss 0.226014
2014-12-14 19:25:17 NeuralNetwork.py[line:79] INFO Epoch 88 Batch 295 Avg loss 0.230469
2014-12-14 19:25:59 NeuralNetwork.py[line:86] INFO Epoch 88 Loss 0.230978 Time elapsed 102.290222
2014-12-14 19:25:59 NeuralNetwork.py[line:193] INFO Model dumped to tanh-mse-1600-0.00001-epoch-88.model
2014-12-14 19:25:59 NeuralNetwork.py[line:93] INFO Testing...
2014-12-14 19:25:59 NeuralNetwork.py[line:148] INFO Start testing: len 10000 batch_size 100
2014-12-14 19:26:06 NeuralNetwork.py[line:161] INFO Done forward. Outputs: 10000
2014-12-14 19:26:06 NeuralNetwork.py[line:165] INFO 10000 tested.
2014-12-14 19:26:06 NeuralNetwork.py[line:94] INFO Accuracy: 0.524500
2014-12-14 19:26:06 NeuralNetwork.py[line:79] INFO Epoch 89 Batch 0 Avg loss 0.224583
2014-12-14 19:27:06 NeuralNetwork.py[line:79] INFO Epoch 89 Batch 297 Avg loss 0.229272
2014-12-14 19:27:47 NeuralNetwork.py[line:86] INFO Epoch 89 Loss 0.229799 Time elapsed 101.140098
2014-12-14 19:27:48 NeuralNetwork.py[line:193] INFO Model dumped to tanh-mse-1600-0.00001-epoch-89.model
2014-12-14 19:27:48 NeuralNetwork.py[line:93] INFO Testing...
2014-12-14 19:27:48 NeuralNetwork.py[line:148] INFO Start testing: len 10000 batch_size 100
2014-12-14 19:27:54 NeuralNetwork.py[line:161] INFO Done forward. Outputs: 10000
2014-12-14 19:27:54 NeuralNetwork.py[line:165] INFO 10000 tested.
2014-12-14 19:27:54 NeuralNetwork.py[line:94] INFO Accuracy: 0.525600
2014-12-14 19:27:55 NeuralNetwork.py[line:79] INFO Epoch 90 Batch 0 Avg loss 0.223695
2014-12-14 19:28:55 NeuralNetwork.py[line:79] INFO Epoch 90 Batch 282 Avg loss 0.228436
2014-12-14 19:29:42 NeuralNetwork.py[line:86] INFO Epoch 90 Loss 0.228872 Time elapsed 107.718700
2014-12-14 19:29:42 NeuralNetwork.py[line:193] INFO Model dumped to tanh-mse-1600-0.00001-epoch-90.model
2014-12-14 19:29:42 NeuralNetwork.py[line:93] INFO Testing...
2014-12-14 19:29:42 NeuralNetwork.py[line:148] INFO Start testing: len 10000 batch_size 100
2014-12-14 19:29:49 NeuralNetwork.py[line:161] INFO Done forward. Outputs: 10000
2014-12-14 19:29:49 NeuralNetwork.py[line:165] INFO 10000 tested.
2014-12-14 19:29:49 NeuralNetwork.py[line:94] INFO Accuracy: 0.526600
2014-12-14 19:29:49 NeuralNetwork.py[line:79] INFO Epoch 91 Batch 0 Avg loss 0.222550
2014-12-14 19:30:49 NeuralNetwork.py[line:79] INFO Epoch 91 Batch 315 Avg loss 0.227223
2014-12-14 19:31:26 NeuralNetwork.py[line:86] INFO Epoch 91 Loss 0.227754 Time elapsed 96.401301
2014-12-14 19:31:26 NeuralNetwork.py[line:193] INFO Model dumped to tanh-mse-1600-0.00001-epoch-91.model
2014-12-14 19:31:26 NeuralNetwork.py[line:93] INFO Testing...
2014-12-14 19:31:26 NeuralNetwork.py[line:148] INFO Start testing: len 10000 batch_size 100
2014-12-14 19:31:33 NeuralNetwork.py[line:161] INFO Done forward. Outputs: 10000
2014-12-14 19:31:33 NeuralNetwork.py[line:165] INFO 10000 tested.
2014-12-14 19:31:33 NeuralNetwork.py[line:94] INFO Accuracy: 0.526200
2014-12-14 19:31:33 NeuralNetwork.py[line:79] INFO Epoch 92 Batch 0 Avg loss 0.221402
2014-12-14 19:32:33 NeuralNetwork.py[line:79] INFO Epoch 92 Batch 305 Avg loss 0.226159
2014-12-14 19:33:12 NeuralNetwork.py[line:86] INFO Epoch 92 Loss 0.226761 Time elapsed 98.540837
2014-12-14 19:33:12 NeuralNetwork.py[line:193] INFO Model dumped to tanh-mse-1600-0.00001-epoch-92.model
2014-12-14 19:33:12 NeuralNetwork.py[line:93] INFO Testing...
2014-12-14 19:33:12 NeuralNetwork.py[line:148] INFO Start testing: len 10000 batch_size 100
2014-12-14 19:33:19 NeuralNetwork.py[line:161] INFO Done forward. Outputs: 10000
2014-12-14 19:33:19 NeuralNetwork.py[line:165] INFO 10000 tested.
2014-12-14 19:33:19 NeuralNetwork.py[line:94] INFO Accuracy: 0.526700
2014-12-14 19:33:19 NeuralNetwork.py[line:79] INFO Epoch 93 Batch 0 Avg loss 0.220265
2014-12-14 19:34:19 NeuralNetwork.py[line:79] INFO Epoch 93 Batch 320 Avg loss 0.225174
2014-12-14 19:34:51 NeuralNetwork.py[line:86] INFO Epoch 93 Loss 0.225761 Time elapsed 92.121957
2014-12-14 19:34:52 NeuralNetwork.py[line:193] INFO Model dumped to tanh-mse-1600-0.00001-epoch-93.model
2014-12-14 19:34:52 NeuralNetwork.py[line:93] INFO Testing...
2014-12-14 19:34:52 NeuralNetwork.py[line:148] INFO Start testing: len 10000 batch_size 100
2014-12-14 19:34:58 NeuralNetwork.py[line:161] INFO Done forward. Outputs: 10000
2014-12-14 19:34:58 NeuralNetwork.py[line:165] INFO 10000 tested.
2014-12-14 19:34:58 NeuralNetwork.py[line:94] INFO Accuracy: 0.526500
2014-12-14 19:34:58 NeuralNetwork.py[line:79] INFO Epoch 94 Batch 0 Avg loss 0.219218
2014-12-14 19:35:59 NeuralNetwork.py[line:79] INFO Epoch 94 Batch 343 Avg loss 0.224275
2014-12-14 19:36:25 NeuralNetwork.py[line:86] INFO Epoch 94 Loss 0.224806 Time elapsed 87.162563
2014-12-14 19:36:26 NeuralNetwork.py[line:193] INFO Model dumped to tanh-mse-1600-0.00001-epoch-94.model
2014-12-14 19:36:26 NeuralNetwork.py[line:93] INFO Testing...
2014-12-14 19:36:26 NeuralNetwork.py[line:148] INFO Start testing: len 10000 batch_size 100
2014-12-14 19:36:32 NeuralNetwork.py[line:161] INFO Done forward. Outputs: 10000
2014-12-14 19:36:32 NeuralNetwork.py[line:165] INFO 10000 tested.
2014-12-14 19:36:32 NeuralNetwork.py[line:94] INFO Accuracy: 0.525700
2014-12-14 19:36:32 NeuralNetwork.py[line:79] INFO Epoch 95 Batch 0 Avg loss 0.218351
2014-12-14 19:37:32 NeuralNetwork.py[line:79] INFO Epoch 95 Batch 356 Avg loss 0.223372
2014-12-14 19:37:56 NeuralNetwork.py[line:86] INFO Epoch 95 Loss 0.223798 Time elapsed 83.865405
2014-12-14 19:37:57 NeuralNetwork.py[line:193] INFO Model dumped to tanh-mse-1600-0.00001-epoch-95.model
2014-12-14 19:37:57 NeuralNetwork.py[line:93] INFO Testing...
2014-12-14 19:37:57 NeuralNetwork.py[line:148] INFO Start testing: len 10000 batch_size 100
2014-12-14 19:38:03 NeuralNetwork.py[line:161] INFO Done forward. Outputs: 10000
2014-12-14 19:38:03 NeuralNetwork.py[line:165] INFO 10000 tested.
2014-12-14 19:38:03 NeuralNetwork.py[line:94] INFO Accuracy: 0.527800
2014-12-14 19:38:03 NeuralNetwork.py[line:79] INFO Epoch 96 Batch 0 Avg loss 0.216856
2014-12-14 19:39:03 NeuralNetwork.py[line:79] INFO Epoch 96 Batch 330 Avg loss 0.222290
2014-12-14 19:39:34 NeuralNetwork.py[line:86] INFO Epoch 96 Loss 0.222772 Time elapsed 90.951053
2014-12-14 19:39:34 NeuralNetwork.py[line:193] INFO Model dumped to tanh-mse-1600-0.00001-epoch-96.model
2014-12-14 19:39:34 NeuralNetwork.py[line:93] INFO Testing...
2014-12-14 19:39:34 NeuralNetwork.py[line:148] INFO Start testing: len 10000 batch_size 100
2014-12-14 19:39:41 NeuralNetwork.py[line:161] INFO Done forward. Outputs: 10000
2014-12-14 19:39:41 NeuralNetwork.py[line:165] INFO 10000 tested.
2014-12-14 19:39:41 NeuralNetwork.py[line:94] INFO Accuracy: 0.528000
2014-12-14 19:39:41 NeuralNetwork.py[line:79] INFO Epoch 97 Batch 0 Avg loss 0.215931
2014-12-14 19:40:41 NeuralNetwork.py[line:79] INFO Epoch 97 Batch 333 Avg loss 0.221216
2014-12-14 19:41:10 NeuralNetwork.py[line:86] INFO Epoch 97 Loss 0.221780 Time elapsed 89.666861
2014-12-14 19:41:11 NeuralNetwork.py[line:193] INFO Model dumped to tanh-mse-1600-0.00001-epoch-97.model
2014-12-14 19:41:11 NeuralNetwork.py[line:93] INFO Testing...
2014-12-14 19:41:11 NeuralNetwork.py[line:148] INFO Start testing: len 10000 batch_size 100
2014-12-14 19:41:17 NeuralNetwork.py[line:161] INFO Done forward. Outputs: 10000
2014-12-14 19:41:17 NeuralNetwork.py[line:165] INFO 10000 tested.
2014-12-14 19:41:17 NeuralNetwork.py[line:94] INFO Accuracy: 0.527900
2014-12-14 19:41:17 NeuralNetwork.py[line:79] INFO Epoch 98 Batch 0 Avg loss 0.214971
2014-12-14 19:42:18 NeuralNetwork.py[line:79] INFO Epoch 98 Batch 338 Avg loss 0.220314
2014-12-14 19:42:46 NeuralNetwork.py[line:86] INFO Epoch 98 Loss 0.220750 Time elapsed 88.609585
2014-12-14 19:42:46 NeuralNetwork.py[line:193] INFO Model dumped to tanh-mse-1600-0.00001-epoch-98.model
2014-12-14 19:42:46 NeuralNetwork.py[line:93] INFO Testing...
2014-12-14 19:42:46 NeuralNetwork.py[line:148] INFO Start testing: len 10000 batch_size 100
2014-12-14 19:42:53 NeuralNetwork.py[line:161] INFO Done forward. Outputs: 10000
2014-12-14 19:42:53 NeuralNetwork.py[line:165] INFO 10000 tested.
2014-12-14 19:42:53 NeuralNetwork.py[line:94] INFO Accuracy: 0.530400
2014-12-14 19:42:53 NeuralNetwork.py[line:79] INFO Epoch 99 Batch 0 Avg loss 0.213884
2014-12-14 19:43:53 NeuralNetwork.py[line:79] INFO Epoch 99 Batch 377 Avg loss 0.219343
2014-12-14 19:44:12 NeuralNetwork.py[line:86] INFO Epoch 99 Loss 0.219734 Time elapsed 79.475977
2014-12-14 19:44:13 NeuralNetwork.py[line:193] INFO Model dumped to tanh-mse-1600-0.00001-epoch-99.model
2014-12-14 19:44:13 NeuralNetwork.py[line:93] INFO Testing...
2014-12-14 19:44:13 NeuralNetwork.py[line:148] INFO Start testing: len 10000 batch_size 100
2014-12-14 19:44:20 NeuralNetwork.py[line:161] INFO Done forward. Outputs: 10000
2014-12-14 19:44:20 NeuralNetwork.py[line:165] INFO 10000 tested.
2014-12-14 19:44:20 NeuralNetwork.py[line:94] INFO Accuracy: 0.529500
2014-12-14 19:44:20 NeuralNetwork.py[line:148] INFO Start testing: len 10000 batch_size 100
2014-12-14 19:44:27 NeuralNetwork.py[line:161] INFO Done forward. Outputs: 10000
2014-12-14 19:44:27 NeuralNetwork.py[line:165] INFO 10000 tested.
(0.52949999999999997, array([[551,  65,  41,  29,  27,  16,  26,  28, 176,  41],
       [ 19, 695,   7,  22,  13,  20,  23,  16,  64, 121],
       [ 90,  33, 362, 105, 116, 112,  80,  47,  32,  23],
       [ 33,  43,  52, 397,  37, 218,  91,  41,  30,  58],
       [ 55,  22, 122,  91, 421,  67,  92,  86,  28,  16],
       [ 17,  31,  75, 205,  49, 460,  57,  49,  32,  25],
       [ 13,  34,  66,  96,  94,  74, 570,  17,  19,  17],
       [ 31,  25,  45,  76,  53,  99,  20, 572,  31,  48],
       [ 66,  79,  10,  30,  17,  18,  11,  10, 707,  52],
       [ 22, 196,  11,  35,   6,  28,  22,  37,  83, 560]]))
