2014-12-14 16:30:30 NeuralNetwork.py[line:37] INFO Activation relu loss type softmax
2014-12-14 16:30:31 NeuralNetwork.py[line:60] INFO start fitting epoch 100 batchsize 100 LR [1e-05, 1e-05]
2014-12-14 16:30:31 NeuralNetwork.py[line:79] INFO Epoch 0 Batch 0 Avg loss 2.313942
2014-12-14 16:31:31 NeuralNetwork.py[line:79] INFO Epoch 0 Batch 252 Avg loss 2.074361
2014-12-14 16:32:23 NeuralNetwork.py[line:86] INFO Epoch 0 Loss 1.982605 Time elapsed 112.282618
2014-12-14 16:32:24 NeuralNetwork.py[line:193] INFO Model dumped to relu-softmax-1600-0.00001-epoch-0.model
2014-12-14 16:32:24 NeuralNetwork.py[line:93] INFO Testing...
2014-12-14 16:32:24 NeuralNetwork.py[line:148] INFO Start testing: len 10000 batch_size 100
2014-12-14 16:32:30 NeuralNetwork.py[line:161] INFO Done forward. Outputs: 10000
2014-12-14 16:32:30 NeuralNetwork.py[line:165] INFO 10000 tested.
2014-12-14 16:32:30 NeuralNetwork.py[line:94] INFO Accuracy: 0.345700
2014-12-14 16:32:30 NeuralNetwork.py[line:79] INFO Epoch 1 Batch 0 Avg loss 1.919248
2014-12-14 16:33:30 NeuralNetwork.py[line:79] INFO Epoch 1 Batch 282 Avg loss 1.805169
2014-12-14 16:34:19 NeuralNetwork.py[line:86] INFO Epoch 1 Loss 1.789481 Time elapsed 108.755653
2014-12-14 16:34:20 NeuralNetwork.py[line:193] INFO Model dumped to relu-softmax-1600-0.00001-epoch-1.model
2014-12-14 16:34:20 NeuralNetwork.py[line:93] INFO Testing...
2014-12-14 16:34:20 NeuralNetwork.py[line:148] INFO Start testing: len 10000 batch_size 100
2014-12-14 16:34:26 NeuralNetwork.py[line:161] INFO Done forward. Outputs: 10000
2014-12-14 16:34:26 NeuralNetwork.py[line:165] INFO 10000 tested.
2014-12-14 16:34:26 NeuralNetwork.py[line:94] INFO Accuracy: 0.382000
2014-12-14 16:34:26 NeuralNetwork.py[line:79] INFO Epoch 2 Batch 0 Avg loss 1.800517
2014-12-14 16:35:26 NeuralNetwork.py[line:79] INFO Epoch 2 Batch 279 Avg loss 1.712099
2014-12-14 16:36:12 NeuralNetwork.py[line:86] INFO Epoch 2 Loss 1.705218 Time elapsed 106.044469
2014-12-14 16:36:13 NeuralNetwork.py[line:193] INFO Model dumped to relu-softmax-1600-0.00001-epoch-2.model
2014-12-14 16:36:13 NeuralNetwork.py[line:93] INFO Testing...
2014-12-14 16:36:13 NeuralNetwork.py[line:148] INFO Start testing: len 10000 batch_size 100
2014-12-14 16:36:19 NeuralNetwork.py[line:161] INFO Done forward. Outputs: 10000
2014-12-14 16:36:19 NeuralNetwork.py[line:165] INFO 10000 tested.
2014-12-14 16:36:19 NeuralNetwork.py[line:94] INFO Accuracy: 0.407400
2014-12-14 16:36:19 NeuralNetwork.py[line:79] INFO Epoch 3 Batch 0 Avg loss 1.740836
2014-12-14 16:37:19 NeuralNetwork.py[line:79] INFO Epoch 3 Batch 274 Avg loss 1.645264
2014-12-14 16:38:10 NeuralNetwork.py[line:86] INFO Epoch 3 Loss 1.642846 Time elapsed 110.846332
2014-12-14 16:38:11 NeuralNetwork.py[line:193] INFO Model dumped to relu-softmax-1600-0.00001-epoch-3.model
2014-12-14 16:38:11 NeuralNetwork.py[line:93] INFO Testing...
2014-12-14 16:38:11 NeuralNetwork.py[line:148] INFO Start testing: len 10000 batch_size 100
2014-12-14 16:38:17 NeuralNetwork.py[line:161] INFO Done forward. Outputs: 10000
2014-12-14 16:38:17 NeuralNetwork.py[line:165] INFO 10000 tested.
2014-12-14 16:38:17 NeuralNetwork.py[line:94] INFO Accuracy: 0.427400
2014-12-14 16:38:18 NeuralNetwork.py[line:79] INFO Epoch 4 Batch 0 Avg loss 1.687023
2014-12-14 16:39:18 NeuralNetwork.py[line:79] INFO Epoch 4 Batch 285 Avg loss 1.595804
2014-12-14 16:40:05 NeuralNetwork.py[line:86] INFO Epoch 4 Loss 1.594524 Time elapsed 107.186958
2014-12-14 16:40:05 NeuralNetwork.py[line:193] INFO Model dumped to relu-softmax-1600-0.00001-epoch-4.model
2014-12-14 16:40:05 NeuralNetwork.py[line:93] INFO Testing...
2014-12-14 16:40:05 NeuralNetwork.py[line:148] INFO Start testing: len 10000 batch_size 100
2014-12-14 16:40:12 NeuralNetwork.py[line:161] INFO Done forward. Outputs: 10000
2014-12-14 16:40:12 NeuralNetwork.py[line:165] INFO 10000 tested.
2014-12-14 16:40:12 NeuralNetwork.py[line:94] INFO Accuracy: 0.442000
2014-12-14 16:40:13 NeuralNetwork.py[line:79] INFO Epoch 5 Batch 0 Avg loss 1.631518
2014-12-14 16:41:13 NeuralNetwork.py[line:79] INFO Epoch 5 Batch 270 Avg loss 1.552338
2014-12-14 16:42:06 NeuralNetwork.py[line:86] INFO Epoch 5 Loss 1.555839 Time elapsed 113.808127
2014-12-14 16:42:07 NeuralNetwork.py[line:193] INFO Model dumped to relu-softmax-1600-0.00001-epoch-5.model
2014-12-14 16:42:07 NeuralNetwork.py[line:93] INFO Testing...
2014-12-14 16:42:07 NeuralNetwork.py[line:148] INFO Start testing: len 10000 batch_size 100
2014-12-14 16:42:14 NeuralNetwork.py[line:161] INFO Done forward. Outputs: 10000
2014-12-14 16:42:14 NeuralNetwork.py[line:165] INFO 10000 tested.
2014-12-14 16:42:14 NeuralNetwork.py[line:94] INFO Accuracy: 0.451100
2014-12-14 16:42:14 NeuralNetwork.py[line:79] INFO Epoch 6 Batch 0 Avg loss 1.586534
2014-12-14 16:43:14 NeuralNetwork.py[line:79] INFO Epoch 6 Batch 250 Avg loss 1.520685
2014-12-14 16:44:09 NeuralNetwork.py[line:86] INFO Epoch 6 Loss 1.523479 Time elapsed 114.357703
2014-12-14 16:44:10 NeuralNetwork.py[line:193] INFO Model dumped to relu-softmax-1600-0.00001-epoch-6.model
2014-12-14 16:44:10 NeuralNetwork.py[line:93] INFO Testing...
2014-12-14 16:44:10 NeuralNetwork.py[line:148] INFO Start testing: len 10000 batch_size 100
2014-12-14 16:44:16 NeuralNetwork.py[line:161] INFO Done forward. Outputs: 10000
2014-12-14 16:44:16 NeuralNetwork.py[line:165] INFO 10000 tested.
2014-12-14 16:44:16 NeuralNetwork.py[line:94] INFO Accuracy: 0.459200
2014-12-14 16:44:16 NeuralNetwork.py[line:79] INFO Epoch 7 Batch 0 Avg loss 1.545652
2014-12-14 16:45:17 NeuralNetwork.py[line:79] INFO Epoch 7 Batch 279 Avg loss 1.490547
2014-12-14 16:46:05 NeuralNetwork.py[line:86] INFO Epoch 7 Loss 1.494795 Time elapsed 108.390954
2014-12-14 16:46:05 NeuralNetwork.py[line:193] INFO Model dumped to relu-softmax-1600-0.00001-epoch-7.model
2014-12-14 16:46:05 NeuralNetwork.py[line:93] INFO Testing...
2014-12-14 16:46:05 NeuralNetwork.py[line:148] INFO Start testing: len 10000 batch_size 100
2014-12-14 16:46:12 NeuralNetwork.py[line:161] INFO Done forward. Outputs: 10000
2014-12-14 16:46:12 NeuralNetwork.py[line:165] INFO 10000 tested.
2014-12-14 16:46:12 NeuralNetwork.py[line:94] INFO Accuracy: 0.467000
2014-12-14 16:46:12 NeuralNetwork.py[line:79] INFO Epoch 8 Batch 0 Avg loss 1.513622
2014-12-14 16:47:12 NeuralNetwork.py[line:79] INFO Epoch 8 Batch 299 Avg loss 1.462965
2014-12-14 16:47:55 NeuralNetwork.py[line:86] INFO Epoch 8 Loss 1.468605 Time elapsed 102.874336
2014-12-14 16:47:55 NeuralNetwork.py[line:193] INFO Model dumped to relu-softmax-1600-0.00001-epoch-8.model
2014-12-14 16:47:55 NeuralNetwork.py[line:93] INFO Testing...
2014-12-14 16:47:55 NeuralNetwork.py[line:148] INFO Start testing: len 10000 batch_size 100
2014-12-14 16:48:02 NeuralNetwork.py[line:161] INFO Done forward. Outputs: 10000
2014-12-14 16:48:02 NeuralNetwork.py[line:165] INFO 10000 tested.
2014-12-14 16:48:02 NeuralNetwork.py[line:94] INFO Accuracy: 0.475800
2014-12-14 16:48:02 NeuralNetwork.py[line:79] INFO Epoch 9 Batch 0 Avg loss 1.481665
2014-12-14 16:49:02 NeuralNetwork.py[line:79] INFO Epoch 9 Batch 294 Avg loss 1.439124
2014-12-14 16:49:47 NeuralNetwork.py[line:86] INFO Epoch 9 Loss 1.444629 Time elapsed 104.969724
2014-12-14 16:49:48 NeuralNetwork.py[line:193] INFO Model dumped to relu-softmax-1600-0.00001-epoch-9.model
2014-12-14 16:49:48 NeuralNetwork.py[line:93] INFO Testing...
2014-12-14 16:49:48 NeuralNetwork.py[line:148] INFO Start testing: len 10000 batch_size 100
2014-12-14 16:49:54 NeuralNetwork.py[line:161] INFO Done forward. Outputs: 10000
2014-12-14 16:49:54 NeuralNetwork.py[line:165] INFO 10000 tested.
2014-12-14 16:49:54 NeuralNetwork.py[line:94] INFO Accuracy: 0.483000
2014-12-14 16:49:54 NeuralNetwork.py[line:79] INFO Epoch 10 Batch 0 Avg loss 1.451744
2014-12-14 16:50:55 NeuralNetwork.py[line:79] INFO Epoch 10 Batch 284 Avg loss 1.416724
2014-12-14 16:51:40 NeuralNetwork.py[line:86] INFO Epoch 10 Loss 1.422501 Time elapsed 105.803241
2014-12-14 16:51:40 NeuralNetwork.py[line:193] INFO Model dumped to relu-softmax-1600-0.00001-epoch-10.model
2014-12-14 16:51:40 NeuralNetwork.py[line:93] INFO Testing...
2014-12-14 16:51:40 NeuralNetwork.py[line:148] INFO Start testing: len 10000 batch_size 100
2014-12-14 16:51:47 NeuralNetwork.py[line:161] INFO Done forward. Outputs: 10000
2014-12-14 16:51:47 NeuralNetwork.py[line:165] INFO 10000 tested.
2014-12-14 16:51:47 NeuralNetwork.py[line:94] INFO Accuracy: 0.487200
2014-12-14 16:51:47 NeuralNetwork.py[line:79] INFO Epoch 11 Batch 0 Avg loss 1.425349
2014-12-14 16:52:47 NeuralNetwork.py[line:79] INFO Epoch 11 Batch 292 Avg loss 1.395569
2014-12-14 16:53:30 NeuralNetwork.py[line:86] INFO Epoch 11 Loss 1.401761 Time elapsed 103.498215
2014-12-14 16:53:31 NeuralNetwork.py[line:193] INFO Model dumped to relu-softmax-1600-0.00001-epoch-11.model
2014-12-14 16:53:31 NeuralNetwork.py[line:93] INFO Testing...
2014-12-14 16:53:31 NeuralNetwork.py[line:148] INFO Start testing: len 10000 batch_size 100
2014-12-14 16:53:38 NeuralNetwork.py[line:161] INFO Done forward. Outputs: 10000
2014-12-14 16:53:38 NeuralNetwork.py[line:165] INFO 10000 tested.
2014-12-14 16:53:38 NeuralNetwork.py[line:94] INFO Accuracy: 0.493700
2014-12-14 16:53:38 NeuralNetwork.py[line:79] INFO Epoch 12 Batch 0 Avg loss 1.396378
2014-12-14 16:54:38 NeuralNetwork.py[line:79] INFO Epoch 12 Batch 291 Avg loss 1.375595
2014-12-14 16:55:21 NeuralNetwork.py[line:86] INFO Epoch 12 Loss 1.381984 Time elapsed 103.298667
2014-12-14 16:55:22 NeuralNetwork.py[line:193] INFO Model dumped to relu-softmax-1600-0.00001-epoch-12.model
2014-12-14 16:55:22 NeuralNetwork.py[line:93] INFO Testing...
2014-12-14 16:55:22 NeuralNetwork.py[line:148] INFO Start testing: len 10000 batch_size 100
2014-12-14 16:55:28 NeuralNetwork.py[line:161] INFO Done forward. Outputs: 10000
2014-12-14 16:55:28 NeuralNetwork.py[line:165] INFO 10000 tested.
2014-12-14 16:55:28 NeuralNetwork.py[line:94] INFO Accuracy: 0.496100
2014-12-14 16:55:28 NeuralNetwork.py[line:79] INFO Epoch 13 Batch 0 Avg loss 1.371201
2014-12-14 16:56:28 NeuralNetwork.py[line:79] INFO Epoch 13 Batch 302 Avg loss 1.356242
2014-12-14 16:57:07 NeuralNetwork.py[line:86] INFO Epoch 13 Loss 1.363617 Time elapsed 99.328912
2014-12-14 16:57:08 NeuralNetwork.py[line:193] INFO Model dumped to relu-softmax-1600-0.00001-epoch-13.model
2014-12-14 16:57:08 NeuralNetwork.py[line:93] INFO Testing...
2014-12-14 16:57:08 NeuralNetwork.py[line:148] INFO Start testing: len 10000 batch_size 100
2014-12-14 16:57:14 NeuralNetwork.py[line:161] INFO Done forward. Outputs: 10000
2014-12-14 16:57:14 NeuralNetwork.py[line:165] INFO 10000 tested.
2014-12-14 16:57:14 NeuralNetwork.py[line:94] INFO Accuracy: 0.499100
2014-12-14 16:57:14 NeuralNetwork.py[line:79] INFO Epoch 14 Batch 0 Avg loss 1.345870
2014-12-14 16:58:14 NeuralNetwork.py[line:79] INFO Epoch 14 Batch 304 Avg loss 1.337823
2014-12-14 16:58:52 NeuralNetwork.py[line:86] INFO Epoch 14 Loss 1.345764 Time elapsed 98.029194
2014-12-14 16:58:53 NeuralNetwork.py[line:193] INFO Model dumped to relu-softmax-1600-0.00001-epoch-14.model
2014-12-14 16:58:53 NeuralNetwork.py[line:93] INFO Testing...
2014-12-14 16:58:53 NeuralNetwork.py[line:148] INFO Start testing: len 10000 batch_size 100
2014-12-14 16:58:59 NeuralNetwork.py[line:161] INFO Done forward. Outputs: 10000
2014-12-14 16:58:59 NeuralNetwork.py[line:165] INFO 10000 tested.
2014-12-14 16:58:59 NeuralNetwork.py[line:94] INFO Accuracy: 0.504400
2014-12-14 16:59:00 NeuralNetwork.py[line:79] INFO Epoch 15 Batch 0 Avg loss 1.325099
2014-12-14 17:00:00 NeuralNetwork.py[line:79] INFO Epoch 15 Batch 308 Avg loss 1.322700
2014-12-14 17:00:37 NeuralNetwork.py[line:86] INFO Epoch 15 Loss 1.329213 Time elapsed 98.004576
2014-12-14 17:00:38 NeuralNetwork.py[line:193] INFO Model dumped to relu-softmax-1600-0.00001-epoch-15.model
2014-12-14 17:00:38 NeuralNetwork.py[line:93] INFO Testing...
2014-12-14 17:00:38 NeuralNetwork.py[line:148] INFO Start testing: len 10000 batch_size 100
2014-12-14 17:00:44 NeuralNetwork.py[line:161] INFO Done forward. Outputs: 10000
2014-12-14 17:00:44 NeuralNetwork.py[line:165] INFO 10000 tested.
2014-12-14 17:00:44 NeuralNetwork.py[line:94] INFO Accuracy: 0.507100
2014-12-14 17:00:45 NeuralNetwork.py[line:79] INFO Epoch 16 Batch 0 Avg loss 1.302909
2014-12-14 17:01:45 NeuralNetwork.py[line:79] INFO Epoch 16 Batch 306 Avg loss 1.305511
2014-12-14 17:02:23 NeuralNetwork.py[line:86] INFO Epoch 16 Loss 1.313019 Time elapsed 98.173406
2014-12-14 17:02:23 NeuralNetwork.py[line:193] INFO Model dumped to relu-softmax-1600-0.00001-epoch-16.model
2014-12-14 17:02:23 NeuralNetwork.py[line:93] INFO Testing...
2014-12-14 17:02:23 NeuralNetwork.py[line:148] INFO Start testing: len 10000 batch_size 100
2014-12-14 17:02:29 NeuralNetwork.py[line:161] INFO Done forward. Outputs: 10000
2014-12-14 17:02:29 NeuralNetwork.py[line:165] INFO 10000 tested.
2014-12-14 17:02:29 NeuralNetwork.py[line:94] INFO Accuracy: 0.508900
2014-12-14 17:02:30 NeuralNetwork.py[line:79] INFO Epoch 17 Batch 0 Avg loss 1.283175
2014-12-14 17:03:30 NeuralNetwork.py[line:79] INFO Epoch 17 Batch 293 Avg loss 1.290584
2014-12-14 17:04:13 NeuralNetwork.py[line:86] INFO Epoch 17 Loss 1.297550 Time elapsed 103.412141
2014-12-14 17:04:13 NeuralNetwork.py[line:193] INFO Model dumped to relu-softmax-1600-0.00001-epoch-17.model
2014-12-14 17:04:13 NeuralNetwork.py[line:93] INFO Testing...
2014-12-14 17:04:13 NeuralNetwork.py[line:148] INFO Start testing: len 10000 batch_size 100
2014-12-14 17:04:20 NeuralNetwork.py[line:161] INFO Done forward. Outputs: 10000
2014-12-14 17:04:20 NeuralNetwork.py[line:165] INFO 10000 tested.
2014-12-14 17:04:20 NeuralNetwork.py[line:94] INFO Accuracy: 0.512000
2014-12-14 17:04:20 NeuralNetwork.py[line:79] INFO Epoch 18 Batch 0 Avg loss 1.262012
2014-12-14 17:05:20 NeuralNetwork.py[line:79] INFO Epoch 18 Batch 282 Avg loss 1.274657
2014-12-14 17:06:12 NeuralNetwork.py[line:86] INFO Epoch 18 Loss 1.282304 Time elapsed 112.268856
2014-12-14 17:06:13 NeuralNetwork.py[line:193] INFO Model dumped to relu-softmax-1600-0.00001-epoch-18.model
2014-12-14 17:06:13 NeuralNetwork.py[line:93] INFO Testing...
2014-12-14 17:06:13 NeuralNetwork.py[line:148] INFO Start testing: len 10000 batch_size 100
2014-12-14 17:06:20 NeuralNetwork.py[line:161] INFO Done forward. Outputs: 10000
2014-12-14 17:06:20 NeuralNetwork.py[line:165] INFO 10000 tested.
2014-12-14 17:06:20 NeuralNetwork.py[line:94] INFO Accuracy: 0.515800
2014-12-14 17:06:20 NeuralNetwork.py[line:79] INFO Epoch 19 Batch 0 Avg loss 1.238779
2014-12-14 17:07:20 NeuralNetwork.py[line:79] INFO Epoch 19 Batch 302 Avg loss 1.260601
2014-12-14 17:07:59 NeuralNetwork.py[line:86] INFO Epoch 19 Loss 1.267948 Time elapsed 99.562401
2014-12-14 17:08:00 NeuralNetwork.py[line:193] INFO Model dumped to relu-softmax-1600-0.00001-epoch-19.model
2014-12-14 17:08:00 NeuralNetwork.py[line:93] INFO Testing...
2014-12-14 17:08:00 NeuralNetwork.py[line:148] INFO Start testing: len 10000 batch_size 100
2014-12-14 17:08:07 NeuralNetwork.py[line:161] INFO Done forward. Outputs: 10000
2014-12-14 17:08:07 NeuralNetwork.py[line:165] INFO 10000 tested.
2014-12-14 17:08:07 NeuralNetwork.py[line:94] INFO Accuracy: 0.518400
2014-12-14 17:08:07 NeuralNetwork.py[line:79] INFO Epoch 20 Batch 0 Avg loss 1.222532
2014-12-14 17:09:07 NeuralNetwork.py[line:79] INFO Epoch 20 Batch 311 Avg loss 1.246066
2014-12-14 17:09:42 NeuralNetwork.py[line:86] INFO Epoch 20 Loss 1.253466 Time elapsed 95.506546
2014-12-14 17:09:43 NeuralNetwork.py[line:193] INFO Model dumped to relu-softmax-1600-0.00001-epoch-20.model
2014-12-14 17:09:43 NeuralNetwork.py[line:93] INFO Testing...
2014-12-14 17:09:43 NeuralNetwork.py[line:148] INFO Start testing: len 10000 batch_size 100
2014-12-14 17:09:49 NeuralNetwork.py[line:161] INFO Done forward. Outputs: 10000
2014-12-14 17:09:49 NeuralNetwork.py[line:165] INFO 10000 tested.
2014-12-14 17:09:49 NeuralNetwork.py[line:94] INFO Accuracy: 0.518200
2014-12-14 17:09:49 NeuralNetwork.py[line:79] INFO Epoch 21 Batch 0 Avg loss 1.203546
2014-12-14 17:10:49 NeuralNetwork.py[line:79] INFO Epoch 21 Batch 316 Avg loss 1.232678
2014-12-14 17:11:24 NeuralNetwork.py[line:86] INFO Epoch 21 Loss 1.239425 Time elapsed 95.095357
2014-12-14 17:11:24 NeuralNetwork.py[line:193] INFO Model dumped to relu-softmax-1600-0.00001-epoch-21.model
2014-12-14 17:11:24 NeuralNetwork.py[line:93] INFO Testing...
2014-12-14 17:11:24 NeuralNetwork.py[line:148] INFO Start testing: len 10000 batch_size 100
2014-12-14 17:11:31 NeuralNetwork.py[line:161] INFO Done forward. Outputs: 10000
2014-12-14 17:11:31 NeuralNetwork.py[line:165] INFO 10000 tested.
2014-12-14 17:11:31 NeuralNetwork.py[line:94] INFO Accuracy: 0.518100
2014-12-14 17:11:31 NeuralNetwork.py[line:79] INFO Epoch 22 Batch 0 Avg loss 1.189621
2014-12-14 17:12:31 NeuralNetwork.py[line:79] INFO Epoch 22 Batch 306 Avg loss 1.216861
2014-12-14 17:13:09 NeuralNetwork.py[line:86] INFO Epoch 22 Loss 1.224880 Time elapsed 97.752241
2014-12-14 17:13:09 NeuralNetwork.py[line:193] INFO Model dumped to relu-softmax-1600-0.00001-epoch-22.model
2014-12-14 17:13:09 NeuralNetwork.py[line:93] INFO Testing...
2014-12-14 17:13:09 NeuralNetwork.py[line:148] INFO Start testing: len 10000 batch_size 100
2014-12-14 17:13:15 NeuralNetwork.py[line:161] INFO Done forward. Outputs: 10000
2014-12-14 17:13:15 NeuralNetwork.py[line:165] INFO 10000 tested.
2014-12-14 17:13:15 NeuralNetwork.py[line:94] INFO Accuracy: 0.518500
2014-12-14 17:13:16 NeuralNetwork.py[line:79] INFO Epoch 23 Batch 0 Avg loss 1.168232
2014-12-14 17:14:16 NeuralNetwork.py[line:79] INFO Epoch 23 Batch 304 Avg loss 1.203035
2014-12-14 17:14:54 NeuralNetwork.py[line:86] INFO Epoch 23 Loss 1.211224 Time elapsed 98.261712
2014-12-14 17:14:55 NeuralNetwork.py[line:193] INFO Model dumped to relu-softmax-1600-0.00001-epoch-23.model
2014-12-14 17:14:55 NeuralNetwork.py[line:93] INFO Testing...
2014-12-14 17:14:55 NeuralNetwork.py[line:148] INFO Start testing: len 10000 batch_size 100
2014-12-14 17:15:01 NeuralNetwork.py[line:161] INFO Done forward. Outputs: 10000
2014-12-14 17:15:01 NeuralNetwork.py[line:165] INFO 10000 tested.
2014-12-14 17:15:01 NeuralNetwork.py[line:94] INFO Accuracy: 0.519100
2014-12-14 17:15:01 NeuralNetwork.py[line:79] INFO Epoch 24 Batch 0 Avg loss 1.152617
2014-12-14 17:16:01 NeuralNetwork.py[line:79] INFO Epoch 24 Batch 306 Avg loss 1.190189
2014-12-14 17:16:38 NeuralNetwork.py[line:86] INFO Epoch 24 Loss 1.198119 Time elapsed 97.457070
2014-12-14 17:16:39 NeuralNetwork.py[line:193] INFO Model dumped to relu-softmax-1600-0.00001-epoch-24.model
2014-12-14 17:16:39 NeuralNetwork.py[line:93] INFO Testing...
2014-12-14 17:16:39 NeuralNetwork.py[line:148] INFO Start testing: len 10000 batch_size 100
2014-12-14 17:16:45 NeuralNetwork.py[line:161] INFO Done forward. Outputs: 10000
2014-12-14 17:16:45 NeuralNetwork.py[line:165] INFO 10000 tested.
2014-12-14 17:16:45 NeuralNetwork.py[line:94] INFO Accuracy: 0.521000
2014-12-14 17:16:46 NeuralNetwork.py[line:79] INFO Epoch 25 Batch 0 Avg loss 1.130109
2014-12-14 17:17:46 NeuralNetwork.py[line:79] INFO Epoch 25 Batch 306 Avg loss 1.176381
2014-12-14 17:18:23 NeuralNetwork.py[line:86] INFO Epoch 25 Loss 1.184357 Time elapsed 98.104891
2014-12-14 17:18:24 NeuralNetwork.py[line:193] INFO Model dumped to relu-softmax-1600-0.00001-epoch-25.model
2014-12-14 17:18:24 NeuralNetwork.py[line:93] INFO Testing...
2014-12-14 17:18:24 NeuralNetwork.py[line:148] INFO Start testing: len 10000 batch_size 100
2014-12-14 17:18:31 NeuralNetwork.py[line:161] INFO Done forward. Outputs: 10000
2014-12-14 17:18:31 NeuralNetwork.py[line:165] INFO 10000 tested.
2014-12-14 17:18:31 NeuralNetwork.py[line:94] INFO Accuracy: 0.521300
2014-12-14 17:18:31 NeuralNetwork.py[line:79] INFO Epoch 26 Batch 0 Avg loss 1.119232
2014-12-14 17:19:31 NeuralNetwork.py[line:79] INFO Epoch 26 Batch 303 Avg loss 1.163566
2014-12-14 17:20:10 NeuralNetwork.py[line:86] INFO Epoch 26 Loss 1.171073 Time elapsed 98.978399
2014-12-14 17:20:10 NeuralNetwork.py[line:193] INFO Model dumped to relu-softmax-1600-0.00001-epoch-26.model
2014-12-14 17:20:10 NeuralNetwork.py[line:93] INFO Testing...
2014-12-14 17:20:10 NeuralNetwork.py[line:148] INFO Start testing: len 10000 batch_size 100
2014-12-14 17:20:17 NeuralNetwork.py[line:161] INFO Done forward. Outputs: 10000
2014-12-14 17:20:17 NeuralNetwork.py[line:165] INFO 10000 tested.
2014-12-14 17:20:17 NeuralNetwork.py[line:94] INFO Accuracy: 0.521800
2014-12-14 17:20:17 NeuralNetwork.py[line:79] INFO Epoch 27 Batch 0 Avg loss 1.103235
2014-12-14 17:21:17 NeuralNetwork.py[line:79] INFO Epoch 27 Batch 308 Avg loss 1.151742
2014-12-14 17:21:54 NeuralNetwork.py[line:86] INFO Epoch 27 Loss 1.158340 Time elapsed 97.740550
2014-12-14 17:21:55 NeuralNetwork.py[line:193] INFO Model dumped to relu-softmax-1600-0.00001-epoch-27.model
2014-12-14 17:21:55 NeuralNetwork.py[line:93] INFO Testing...
2014-12-14 17:21:55 NeuralNetwork.py[line:148] INFO Start testing: len 10000 batch_size 100
2014-12-14 17:22:01 NeuralNetwork.py[line:161] INFO Done forward. Outputs: 10000
2014-12-14 17:22:01 NeuralNetwork.py[line:165] INFO 10000 tested.
2014-12-14 17:22:01 NeuralNetwork.py[line:94] INFO Accuracy: 0.522200
2014-12-14 17:22:01 NeuralNetwork.py[line:79] INFO Epoch 28 Batch 0 Avg loss 1.085718
2014-12-14 17:23:01 NeuralNetwork.py[line:79] INFO Epoch 28 Batch 310 Avg loss 1.138580
2014-12-14 17:23:38 NeuralNetwork.py[line:86] INFO Epoch 28 Loss 1.145959 Time elapsed 97.029084
2014-12-14 17:23:39 NeuralNetwork.py[line:193] INFO Model dumped to relu-softmax-1600-0.00001-epoch-28.model
2014-12-14 17:23:39 NeuralNetwork.py[line:93] INFO Testing...
2014-12-14 17:23:39 NeuralNetwork.py[line:148] INFO Start testing: len 10000 batch_size 100
2014-12-14 17:23:45 NeuralNetwork.py[line:161] INFO Done forward. Outputs: 10000
2014-12-14 17:23:45 NeuralNetwork.py[line:165] INFO 10000 tested.
2014-12-14 17:23:45 NeuralNetwork.py[line:94] INFO Accuracy: 0.522500
2014-12-14 17:23:46 NeuralNetwork.py[line:79] INFO Epoch 29 Batch 0 Avg loss 1.067251
2014-12-14 17:24:46 NeuralNetwork.py[line:79] INFO Epoch 29 Batch 310 Avg loss 1.125586
2014-12-14 17:25:23 NeuralNetwork.py[line:86] INFO Epoch 29 Loss 1.133136 Time elapsed 97.074864
2014-12-14 17:25:23 NeuralNetwork.py[line:193] INFO Model dumped to relu-softmax-1600-0.00001-epoch-29.model
2014-12-14 17:25:23 NeuralNetwork.py[line:93] INFO Testing...
2014-12-14 17:25:23 NeuralNetwork.py[line:148] INFO Start testing: len 10000 batch_size 100
2014-12-14 17:25:29 NeuralNetwork.py[line:161] INFO Done forward. Outputs: 10000
2014-12-14 17:25:29 NeuralNetwork.py[line:165] INFO 10000 tested.
2014-12-14 17:25:29 NeuralNetwork.py[line:94] INFO Accuracy: 0.523300
2014-12-14 17:25:30 NeuralNetwork.py[line:79] INFO Epoch 30 Batch 0 Avg loss 1.047588
2014-12-14 17:26:30 NeuralNetwork.py[line:79] INFO Epoch 30 Batch 309 Avg loss 1.113503
2014-12-14 17:27:07 NeuralNetwork.py[line:86] INFO Epoch 30 Loss 1.120646 Time elapsed 97.148117
2014-12-14 17:27:07 NeuralNetwork.py[line:193] INFO Model dumped to relu-softmax-1600-0.00001-epoch-30.model
2014-12-14 17:27:07 NeuralNetwork.py[line:93] INFO Testing...
2014-12-14 17:27:07 NeuralNetwork.py[line:148] INFO Start testing: len 10000 batch_size 100
2014-12-14 17:27:14 NeuralNetwork.py[line:161] INFO Done forward. Outputs: 10000
2014-12-14 17:27:14 NeuralNetwork.py[line:165] INFO 10000 tested.
2014-12-14 17:27:14 NeuralNetwork.py[line:94] INFO Accuracy: 0.522700
2014-12-14 17:27:14 NeuralNetwork.py[line:79] INFO Epoch 31 Batch 0 Avg loss 1.031678
2014-12-14 17:28:14 NeuralNetwork.py[line:79] INFO Epoch 31 Batch 307 Avg loss 1.101236
2014-12-14 17:28:52 NeuralNetwork.py[line:86] INFO Epoch 31 Loss 1.108930 Time elapsed 98.123445
2014-12-14 17:28:53 NeuralNetwork.py[line:193] INFO Model dumped to relu-softmax-1600-0.00001-epoch-31.model
2014-12-14 17:28:53 NeuralNetwork.py[line:93] INFO Testing...
2014-12-14 17:28:53 NeuralNetwork.py[line:148] INFO Start testing: len 10000 batch_size 100
2014-12-14 17:28:59 NeuralNetwork.py[line:161] INFO Done forward. Outputs: 10000
2014-12-14 17:28:59 NeuralNetwork.py[line:165] INFO 10000 tested.
2014-12-14 17:28:59 NeuralNetwork.py[line:94] INFO Accuracy: 0.523000
2014-12-14 17:28:59 NeuralNetwork.py[line:79] INFO Epoch 32 Batch 0 Avg loss 1.017768
2014-12-14 17:29:59 NeuralNetwork.py[line:79] INFO Epoch 32 Batch 305 Avg loss 1.088469
2014-12-14 17:30:39 NeuralNetwork.py[line:86] INFO Epoch 32 Loss 1.096531 Time elapsed 100.021940
2014-12-14 17:30:39 NeuralNetwork.py[line:193] INFO Model dumped to relu-softmax-1600-0.00001-epoch-32.model
2014-12-14 17:30:39 NeuralNetwork.py[line:93] INFO Testing...
2014-12-14 17:30:39 NeuralNetwork.py[line:148] INFO Start testing: len 10000 batch_size 100
2014-12-14 17:30:46 NeuralNetwork.py[line:161] INFO Done forward. Outputs: 10000
2014-12-14 17:30:46 NeuralNetwork.py[line:165] INFO 10000 tested.
2014-12-14 17:30:46 NeuralNetwork.py[line:94] INFO Accuracy: 0.525300
2014-12-14 17:30:46 NeuralNetwork.py[line:79] INFO Epoch 33 Batch 0 Avg loss 0.995891
2014-12-14 17:31:46 NeuralNetwork.py[line:79] INFO Epoch 33 Batch 312 Avg loss 1.076882
2014-12-14 17:32:23 NeuralNetwork.py[line:86] INFO Epoch 33 Loss 1.084077 Time elapsed 97.518097
2014-12-14 17:32:24 NeuralNetwork.py[line:193] INFO Model dumped to relu-softmax-1600-0.00001-epoch-33.model
2014-12-14 17:32:24 NeuralNetwork.py[line:93] INFO Testing...
2014-12-14 17:32:24 NeuralNetwork.py[line:148] INFO Start testing: len 10000 batch_size 100
2014-12-14 17:32:30 NeuralNetwork.py[line:161] INFO Done forward. Outputs: 10000
2014-12-14 17:32:30 NeuralNetwork.py[line:165] INFO 10000 tested.
2014-12-14 17:32:30 NeuralNetwork.py[line:94] INFO Accuracy: 0.526000
2014-12-14 17:32:30 NeuralNetwork.py[line:79] INFO Epoch 34 Batch 0 Avg loss 0.980260
2014-12-14 17:33:30 NeuralNetwork.py[line:79] INFO Epoch 34 Batch 308 Avg loss 1.065292
2014-12-14 17:34:08 NeuralNetwork.py[line:86] INFO Epoch 34 Loss 1.071464 Time elapsed 97.684181
2014-12-14 17:34:08 NeuralNetwork.py[line:193] INFO Model dumped to relu-softmax-1600-0.00001-epoch-34.model
2014-12-14 17:34:08 NeuralNetwork.py[line:93] INFO Testing...
2014-12-14 17:34:08 NeuralNetwork.py[line:148] INFO Start testing: len 10000 batch_size 100
2014-12-14 17:34:15 NeuralNetwork.py[line:161] INFO Done forward. Outputs: 10000
2014-12-14 17:34:15 NeuralNetwork.py[line:165] INFO 10000 tested.
2014-12-14 17:34:15 NeuralNetwork.py[line:94] INFO Accuracy: 0.525800
2014-12-14 17:34:15 NeuralNetwork.py[line:79] INFO Epoch 35 Batch 0 Avg loss 0.965955
2014-12-14 17:35:15 NeuralNetwork.py[line:79] INFO Epoch 35 Batch 312 Avg loss 1.052514
2014-12-14 17:35:51 NeuralNetwork.py[line:86] INFO Epoch 35 Loss 1.059369 Time elapsed 96.734878
2014-12-14 17:35:52 NeuralNetwork.py[line:193] INFO Model dumped to relu-softmax-1600-0.00001-epoch-35.model
2014-12-14 17:35:52 NeuralNetwork.py[line:93] INFO Testing...
2014-12-14 17:35:52 NeuralNetwork.py[line:148] INFO Start testing: len 10000 batch_size 100
2014-12-14 17:35:58 NeuralNetwork.py[line:161] INFO Done forward. Outputs: 10000
2014-12-14 17:35:58 NeuralNetwork.py[line:165] INFO 10000 tested.
2014-12-14 17:35:58 NeuralNetwork.py[line:94] INFO Accuracy: 0.528500
2014-12-14 17:35:58 NeuralNetwork.py[line:79] INFO Epoch 36 Batch 0 Avg loss 0.945886
2014-12-14 17:36:59 NeuralNetwork.py[line:79] INFO Epoch 36 Batch 309 Avg loss 1.040860
2014-12-14 17:37:38 NeuralNetwork.py[line:86] INFO Epoch 36 Loss 1.047462 Time elapsed 99.692896
2014-12-14 17:37:39 NeuralNetwork.py[line:193] INFO Model dumped to relu-softmax-1600-0.00001-epoch-36.model
2014-12-14 17:37:39 NeuralNetwork.py[line:93] INFO Testing...
2014-12-14 17:37:39 NeuralNetwork.py[line:148] INFO Start testing: len 10000 batch_size 100
2014-12-14 17:37:45 NeuralNetwork.py[line:161] INFO Done forward. Outputs: 10000
2014-12-14 17:37:45 NeuralNetwork.py[line:165] INFO 10000 tested.
2014-12-14 17:37:45 NeuralNetwork.py[line:94] INFO Accuracy: 0.527800
2014-12-14 17:37:45 NeuralNetwork.py[line:79] INFO Epoch 37 Batch 0 Avg loss 0.933199
2014-12-14 17:38:45 NeuralNetwork.py[line:79] INFO Epoch 37 Batch 315 Avg loss 1.028272
2014-12-14 17:39:23 NeuralNetwork.py[line:86] INFO Epoch 37 Loss 1.035187 Time elapsed 97.762415
2014-12-14 17:39:23 NeuralNetwork.py[line:193] INFO Model dumped to relu-softmax-1600-0.00001-epoch-37.model
2014-12-14 17:39:23 NeuralNetwork.py[line:93] INFO Testing...
2014-12-14 17:39:23 NeuralNetwork.py[line:148] INFO Start testing: len 10000 batch_size 100
2014-12-14 17:39:30 NeuralNetwork.py[line:161] INFO Done forward. Outputs: 10000
2014-12-14 17:39:30 NeuralNetwork.py[line:165] INFO 10000 tested.
2014-12-14 17:39:30 NeuralNetwork.py[line:94] INFO Accuracy: 0.527000
2014-12-14 17:39:30 NeuralNetwork.py[line:79] INFO Epoch 38 Batch 0 Avg loss 0.917659
2014-12-14 17:40:30 NeuralNetwork.py[line:79] INFO Epoch 38 Batch 290 Avg loss 1.017884
2014-12-14 17:41:14 NeuralNetwork.py[line:86] INFO Epoch 38 Loss 1.023418 Time elapsed 104.285359
2014-12-14 17:41:14 NeuralNetwork.py[line:193] INFO Model dumped to relu-softmax-1600-0.00001-epoch-38.model
2014-12-14 17:41:14 NeuralNetwork.py[line:93] INFO Testing...
2014-12-14 17:41:14 NeuralNetwork.py[line:148] INFO Start testing: len 10000 batch_size 100
2014-12-14 17:41:22 NeuralNetwork.py[line:161] INFO Done forward. Outputs: 10000
2014-12-14 17:41:22 NeuralNetwork.py[line:165] INFO 10000 tested.
2014-12-14 17:41:22 NeuralNetwork.py[line:94] INFO Accuracy: 0.527100
2014-12-14 17:41:22 NeuralNetwork.py[line:79] INFO Epoch 39 Batch 0 Avg loss 0.910939
2014-12-14 17:42:22 NeuralNetwork.py[line:79] INFO Epoch 39 Batch 257 Avg loss 1.006085
2014-12-14 17:43:18 NeuralNetwork.py[line:86] INFO Epoch 39 Loss 1.011055 Time elapsed 116.609237
2014-12-14 17:43:19 NeuralNetwork.py[line:193] INFO Model dumped to relu-softmax-1600-0.00001-epoch-39.model
2014-12-14 17:43:19 NeuralNetwork.py[line:93] INFO Testing...
2014-12-14 17:43:19 NeuralNetwork.py[line:148] INFO Start testing: len 10000 batch_size 100
2014-12-14 17:43:27 NeuralNetwork.py[line:161] INFO Done forward. Outputs: 10000
2014-12-14 17:43:27 NeuralNetwork.py[line:165] INFO 10000 tested.
2014-12-14 17:43:27 NeuralNetwork.py[line:94] INFO Accuracy: 0.526500
2014-12-14 17:43:27 NeuralNetwork.py[line:79] INFO Epoch 40 Batch 0 Avg loss 0.886983
2014-12-14 17:44:28 NeuralNetwork.py[line:79] INFO Epoch 40 Batch 296 Avg loss 0.993906
2014-12-14 17:45:09 NeuralNetwork.py[line:86] INFO Epoch 40 Loss 0.998646 Time elapsed 101.906803
2014-12-14 17:45:10 NeuralNetwork.py[line:193] INFO Model dumped to relu-softmax-1600-0.00001-epoch-40.model
2014-12-14 17:45:10 NeuralNetwork.py[line:93] INFO Testing...
2014-12-14 17:45:10 NeuralNetwork.py[line:148] INFO Start testing: len 10000 batch_size 100
2014-12-14 17:45:16 NeuralNetwork.py[line:161] INFO Done forward. Outputs: 10000
2014-12-14 17:45:16 NeuralNetwork.py[line:165] INFO 10000 tested.
2014-12-14 17:45:16 NeuralNetwork.py[line:94] INFO Accuracy: 0.526600
2014-12-14 17:45:17 NeuralNetwork.py[line:79] INFO Epoch 41 Batch 0 Avg loss 0.875559
2014-12-14 17:46:17 NeuralNetwork.py[line:79] INFO Epoch 41 Batch 292 Avg loss 0.981085
2014-12-14 17:46:58 NeuralNetwork.py[line:86] INFO Epoch 41 Loss 0.986417 Time elapsed 101.842829
2014-12-14 17:46:59 NeuralNetwork.py[line:193] INFO Model dumped to relu-softmax-1600-0.00001-epoch-41.model
2014-12-14 17:46:59 NeuralNetwork.py[line:93] INFO Testing...
2014-12-14 17:46:59 NeuralNetwork.py[line:148] INFO Start testing: len 10000 batch_size 100
2014-12-14 17:47:05 NeuralNetwork.py[line:161] INFO Done forward. Outputs: 10000
2014-12-14 17:47:05 NeuralNetwork.py[line:165] INFO 10000 tested.
2014-12-14 17:47:05 NeuralNetwork.py[line:94] INFO Accuracy: 0.525600
2014-12-14 17:47:05 NeuralNetwork.py[line:79] INFO Epoch 42 Batch 0 Avg loss 0.863552
2014-12-14 17:48:06 NeuralNetwork.py[line:79] INFO Epoch 42 Batch 299 Avg loss 0.968148
2014-12-14 17:48:47 NeuralNetwork.py[line:86] INFO Epoch 42 Loss 0.974051 Time elapsed 101.379380
2014-12-14 17:48:47 NeuralNetwork.py[line:193] INFO Model dumped to relu-softmax-1600-0.00001-epoch-42.model
2014-12-14 17:48:47 NeuralNetwork.py[line:93] INFO Testing...
2014-12-14 17:48:47 NeuralNetwork.py[line:148] INFO Start testing: len 10000 batch_size 100
2014-12-14 17:48:54 NeuralNetwork.py[line:161] INFO Done forward. Outputs: 10000
2014-12-14 17:48:54 NeuralNetwork.py[line:165] INFO 10000 tested.
2014-12-14 17:48:54 NeuralNetwork.py[line:94] INFO Accuracy: 0.529600
2014-12-14 17:48:54 NeuralNetwork.py[line:79] INFO Epoch 43 Batch 0 Avg loss 0.843621
2014-12-14 17:49:54 NeuralNetwork.py[line:79] INFO Epoch 43 Batch 277 Avg loss 0.957008
2014-12-14 17:50:43 NeuralNetwork.py[line:86] INFO Epoch 43 Loss 0.962275 Time elapsed 109.491467
2014-12-14 17:50:44 NeuralNetwork.py[line:193] INFO Model dumped to relu-softmax-1600-0.00001-epoch-43.model
2014-12-14 17:50:44 NeuralNetwork.py[line:93] INFO Testing...
2014-12-14 17:50:44 NeuralNetwork.py[line:148] INFO Start testing: len 10000 batch_size 100
2014-12-14 17:50:50 NeuralNetwork.py[line:161] INFO Done forward. Outputs: 10000
2014-12-14 17:50:50 NeuralNetwork.py[line:165] INFO 10000 tested.
2014-12-14 17:50:50 NeuralNetwork.py[line:94] INFO Accuracy: 0.525900
2014-12-14 17:50:50 NeuralNetwork.py[line:79] INFO Epoch 44 Batch 0 Avg loss 0.833531
2014-12-14 17:51:51 NeuralNetwork.py[line:79] INFO Epoch 44 Batch 277 Avg loss 0.945379
2014-12-14 17:52:39 NeuralNetwork.py[line:86] INFO Epoch 44 Loss 0.950862 Time elapsed 108.469837
2014-12-14 17:52:39 NeuralNetwork.py[line:193] INFO Model dumped to relu-softmax-1600-0.00001-epoch-44.model
2014-12-14 17:52:39 NeuralNetwork.py[line:93] INFO Testing...
2014-12-14 17:52:39 NeuralNetwork.py[line:148] INFO Start testing: len 10000 batch_size 100
2014-12-14 17:52:46 NeuralNetwork.py[line:161] INFO Done forward. Outputs: 10000
2014-12-14 17:52:46 NeuralNetwork.py[line:165] INFO 10000 tested.
2014-12-14 17:52:46 NeuralNetwork.py[line:94] INFO Accuracy: 0.528500
2014-12-14 17:52:46 NeuralNetwork.py[line:79] INFO Epoch 45 Batch 0 Avg loss 0.813586
2014-12-14 17:53:46 NeuralNetwork.py[line:79] INFO Epoch 45 Batch 278 Avg loss 0.934022
2014-12-14 17:54:34 NeuralNetwork.py[line:86] INFO Epoch 45 Loss 0.938874 Time elapsed 108.610770
2014-12-14 17:54:35 NeuralNetwork.py[line:193] INFO Model dumped to relu-softmax-1600-0.00001-epoch-45.model
2014-12-14 17:54:35 NeuralNetwork.py[line:93] INFO Testing...
2014-12-14 17:54:35 NeuralNetwork.py[line:148] INFO Start testing: len 10000 batch_size 100
2014-12-14 17:54:41 NeuralNetwork.py[line:161] INFO Done forward. Outputs: 10000
2014-12-14 17:54:41 NeuralNetwork.py[line:165] INFO 10000 tested.
2014-12-14 17:54:41 NeuralNetwork.py[line:94] INFO Accuracy: 0.527800
2014-12-14 17:54:42 NeuralNetwork.py[line:79] INFO Epoch 46 Batch 0 Avg loss 0.809332
2014-12-14 17:55:42 NeuralNetwork.py[line:79] INFO Epoch 46 Batch 277 Avg loss 0.922065
2014-12-14 17:56:31 NeuralNetwork.py[line:86] INFO Epoch 46 Loss 0.927179 Time elapsed 109.518109
2014-12-14 17:56:31 NeuralNetwork.py[line:193] INFO Model dumped to relu-softmax-1600-0.00001-epoch-46.model
2014-12-14 17:56:31 NeuralNetwork.py[line:93] INFO Testing...
2014-12-14 17:56:31 NeuralNetwork.py[line:148] INFO Start testing: len 10000 batch_size 100
2014-12-14 17:56:39 NeuralNetwork.py[line:161] INFO Done forward. Outputs: 10000
2014-12-14 17:56:39 NeuralNetwork.py[line:165] INFO 10000 tested.
2014-12-14 17:56:39 NeuralNetwork.py[line:94] INFO Accuracy: 0.529600
2014-12-14 17:56:39 NeuralNetwork.py[line:79] INFO Epoch 47 Batch 0 Avg loss 0.799734
2014-12-14 17:57:39 NeuralNetwork.py[line:79] INFO Epoch 47 Batch 272 Avg loss 0.911126
2014-12-14 17:58:29 NeuralNetwork.py[line:86] INFO Epoch 47 Loss 0.915815 Time elapsed 110.570543
2014-12-14 17:58:30 NeuralNetwork.py[line:193] INFO Model dumped to relu-softmax-1600-0.00001-epoch-47.model
2014-12-14 17:58:30 NeuralNetwork.py[line:93] INFO Testing...
2014-12-14 17:58:30 NeuralNetwork.py[line:148] INFO Start testing: len 10000 batch_size 100
2014-12-14 17:58:36 NeuralNetwork.py[line:161] INFO Done forward. Outputs: 10000
2014-12-14 17:58:36 NeuralNetwork.py[line:165] INFO 10000 tested.
2014-12-14 17:58:36 NeuralNetwork.py[line:94] INFO Accuracy: 0.529400
2014-12-14 17:58:37 NeuralNetwork.py[line:79] INFO Epoch 48 Batch 0 Avg loss 0.778605
2014-12-14 17:59:37 NeuralNetwork.py[line:79] INFO Epoch 48 Batch 276 Avg loss 0.899781
2014-12-14 18:00:26 NeuralNetwork.py[line:86] INFO Epoch 48 Loss 0.904027 Time elapsed 109.286559
2014-12-14 18:00:26 NeuralNetwork.py[line:193] INFO Model dumped to relu-softmax-1600-0.00001-epoch-48.model
2014-12-14 18:00:26 NeuralNetwork.py[line:93] INFO Testing...
2014-12-14 18:00:26 NeuralNetwork.py[line:148] INFO Start testing: len 10000 batch_size 100
2014-12-14 18:00:34 NeuralNetwork.py[line:161] INFO Done forward. Outputs: 10000
2014-12-14 18:00:34 NeuralNetwork.py[line:165] INFO 10000 tested.
2014-12-14 18:00:34 NeuralNetwork.py[line:94] INFO Accuracy: 0.529800
2014-12-14 18:00:34 NeuralNetwork.py[line:79] INFO Epoch 49 Batch 0 Avg loss 0.766466
2014-12-14 18:01:34 NeuralNetwork.py[line:79] INFO Epoch 49 Batch 258 Avg loss 0.888132
2014-12-14 18:02:31 NeuralNetwork.py[line:86] INFO Epoch 49 Loss 0.891688 Time elapsed 117.730982
2014-12-14 18:02:32 NeuralNetwork.py[line:193] INFO Model dumped to relu-softmax-1600-0.00001-epoch-49.model
2014-12-14 18:02:32 NeuralNetwork.py[line:93] INFO Testing...
2014-12-14 18:02:32 NeuralNetwork.py[line:148] INFO Start testing: len 10000 batch_size 100
2014-12-14 18:02:39 NeuralNetwork.py[line:161] INFO Done forward. Outputs: 10000
2014-12-14 18:02:39 NeuralNetwork.py[line:165] INFO 10000 tested.
2014-12-14 18:02:39 NeuralNetwork.py[line:94] INFO Accuracy: 0.531000
2014-12-14 18:02:39 NeuralNetwork.py[line:79] INFO Epoch 50 Batch 0 Avg loss 0.752928
2014-12-14 18:03:39 NeuralNetwork.py[line:79] INFO Epoch 50 Batch 256 Avg loss 0.876104
2014-12-14 18:04:36 NeuralNetwork.py[line:86] INFO Epoch 50 Loss 0.879814 Time elapsed 117.751352
2014-12-14 18:04:37 NeuralNetwork.py[line:193] INFO Model dumped to relu-softmax-1600-0.00001-epoch-50.model
2014-12-14 18:04:37 NeuralNetwork.py[line:93] INFO Testing...
2014-12-14 18:04:37 NeuralNetwork.py[line:148] INFO Start testing: len 10000 batch_size 100
2014-12-14 18:04:43 NeuralNetwork.py[line:161] INFO Done forward. Outputs: 10000
2014-12-14 18:04:43 NeuralNetwork.py[line:165] INFO 10000 tested.
2014-12-14 18:04:43 NeuralNetwork.py[line:94] INFO Accuracy: 0.531400
2014-12-14 18:04:43 NeuralNetwork.py[line:79] INFO Epoch 51 Batch 0 Avg loss 0.737289
2014-12-14 18:05:43 NeuralNetwork.py[line:79] INFO Epoch 51 Batch 257 Avg loss 0.865197
2014-12-14 18:06:41 NeuralNetwork.py[line:86] INFO Epoch 51 Loss 0.868186 Time elapsed 118.139137
2014-12-14 18:06:42 NeuralNetwork.py[line:193] INFO Model dumped to relu-softmax-1600-0.00001-epoch-51.model
2014-12-14 18:06:42 NeuralNetwork.py[line:93] INFO Testing...
2014-12-14 18:06:42 NeuralNetwork.py[line:148] INFO Start testing: len 10000 batch_size 100
2014-12-14 18:06:49 NeuralNetwork.py[line:161] INFO Done forward. Outputs: 10000
2014-12-14 18:06:49 NeuralNetwork.py[line:165] INFO 10000 tested.
2014-12-14 18:06:49 NeuralNetwork.py[line:94] INFO Accuracy: 0.532000
2014-12-14 18:06:49 NeuralNetwork.py[line:79] INFO Epoch 52 Batch 0 Avg loss 0.714484
2014-12-14 18:07:49 NeuralNetwork.py[line:79] INFO Epoch 52 Batch 261 Avg loss 0.852397
2014-12-14 18:08:38 NeuralNetwork.py[line:86] INFO Epoch 52 Loss 0.856851 Time elapsed 109.795517
2014-12-14 18:08:39 NeuralNetwork.py[line:193] INFO Model dumped to relu-softmax-1600-0.00001-epoch-52.model
2014-12-14 18:08:39 NeuralNetwork.py[line:93] INFO Testing...
2014-12-14 18:08:39 NeuralNetwork.py[line:148] INFO Start testing: len 10000 batch_size 100
2014-12-14 18:08:45 NeuralNetwork.py[line:161] INFO Done forward. Outputs: 10000
2014-12-14 18:08:45 NeuralNetwork.py[line:165] INFO 10000 tested.
2014-12-14 18:08:45 NeuralNetwork.py[line:94] INFO Accuracy: 0.535000
2014-12-14 18:08:46 NeuralNetwork.py[line:79] INFO Epoch 53 Batch 0 Avg loss 0.707949
2014-12-14 18:09:46 NeuralNetwork.py[line:79] INFO Epoch 53 Batch 248 Avg loss 0.842101
2014-12-14 18:10:45 NeuralNetwork.py[line:86] INFO Epoch 53 Loss 0.845735 Time elapsed 119.987894
2014-12-14 18:10:46 NeuralNetwork.py[line:193] INFO Model dumped to relu-softmax-1600-0.00001-epoch-53.model
2014-12-14 18:10:46 NeuralNetwork.py[line:93] INFO Testing...
2014-12-14 18:10:46 NeuralNetwork.py[line:148] INFO Start testing: len 10000 batch_size 100
2014-12-14 18:10:53 NeuralNetwork.py[line:161] INFO Done forward. Outputs: 10000
2014-12-14 18:10:53 NeuralNetwork.py[line:165] INFO 10000 tested.
2014-12-14 18:10:53 NeuralNetwork.py[line:94] INFO Accuracy: 0.532600
2014-12-14 18:10:53 NeuralNetwork.py[line:79] INFO Epoch 54 Batch 0 Avg loss 0.698671
2014-12-14 18:11:53 NeuralNetwork.py[line:79] INFO Epoch 54 Batch 244 Avg loss 0.829941
2014-12-14 18:12:53 NeuralNetwork.py[line:79] INFO Epoch 54 Batch 491 Avg loss 0.834794
2014-12-14 18:12:55 NeuralNetwork.py[line:86] INFO Epoch 54 Loss 0.833849 Time elapsed 122.442531
2014-12-14 18:12:56 NeuralNetwork.py[line:193] INFO Model dumped to relu-softmax-1600-0.00001-epoch-54.model
2014-12-14 18:12:56 NeuralNetwork.py[line:93] INFO Testing...
2014-12-14 18:12:56 NeuralNetwork.py[line:148] INFO Start testing: len 10000 batch_size 100
2014-12-14 18:13:02 NeuralNetwork.py[line:161] INFO Done forward. Outputs: 10000
2014-12-14 18:13:02 NeuralNetwork.py[line:165] INFO 10000 tested.
2014-12-14 18:13:02 NeuralNetwork.py[line:94] INFO Accuracy: 0.530100
2014-12-14 18:13:03 NeuralNetwork.py[line:79] INFO Epoch 55 Batch 0 Avg loss 0.691393
2014-12-14 18:14:03 NeuralNetwork.py[line:79] INFO Epoch 55 Batch 242 Avg loss 0.818960
2014-12-14 18:15:03 NeuralNetwork.py[line:79] INFO Epoch 55 Batch 489 Avg loss 0.824183
2014-12-14 18:15:05 NeuralNetwork.py[line:86] INFO Epoch 55 Loss 0.822995 Time elapsed 122.968815
2014-12-14 18:15:06 NeuralNetwork.py[line:193] INFO Model dumped to relu-softmax-1600-0.00001-epoch-55.model
2014-12-14 18:15:06 NeuralNetwork.py[line:93] INFO Testing...
2014-12-14 18:15:06 NeuralNetwork.py[line:148] INFO Start testing: len 10000 batch_size 100
2014-12-14 18:15:13 NeuralNetwork.py[line:161] INFO Done forward. Outputs: 10000
2014-12-14 18:15:13 NeuralNetwork.py[line:165] INFO 10000 tested.
2014-12-14 18:15:13 NeuralNetwork.py[line:94] INFO Accuracy: 0.531200
2014-12-14 18:15:13 NeuralNetwork.py[line:79] INFO Epoch 56 Batch 0 Avg loss 0.675626
2014-12-14 18:16:13 NeuralNetwork.py[line:79] INFO Epoch 56 Batch 244 Avg loss 0.807652
2014-12-14 18:17:13 NeuralNetwork.py[line:79] INFO Epoch 56 Batch 497 Avg loss 0.811925
2014-12-14 18:17:14 NeuralNetwork.py[line:86] INFO Epoch 56 Loss 0.811519 Time elapsed 120.831466
2014-12-14 18:17:14 NeuralNetwork.py[line:193] INFO Model dumped to relu-softmax-1600-0.00001-epoch-56.model
2014-12-14 18:17:14 NeuralNetwork.py[line:93] INFO Testing...
2014-12-14 18:17:14 NeuralNetwork.py[line:148] INFO Start testing: len 10000 batch_size 100
2014-12-14 18:17:21 NeuralNetwork.py[line:161] INFO Done forward. Outputs: 10000
2014-12-14 18:17:21 NeuralNetwork.py[line:165] INFO 10000 tested.
2014-12-14 18:17:21 NeuralNetwork.py[line:94] INFO Accuracy: 0.532900
2014-12-14 18:17:21 NeuralNetwork.py[line:79] INFO Epoch 57 Batch 0 Avg loss 0.654217
2014-12-14 18:18:21 NeuralNetwork.py[line:79] INFO Epoch 57 Batch 251 Avg loss 0.796436
2014-12-14 18:19:20 NeuralNetwork.py[line:86] INFO Epoch 57 Loss 0.799622 Time elapsed 119.305421
2014-12-14 18:19:21 NeuralNetwork.py[line:193] INFO Model dumped to relu-softmax-1600-0.00001-epoch-57.model
2014-12-14 18:19:21 NeuralNetwork.py[line:93] INFO Testing...
2014-12-14 18:19:21 NeuralNetwork.py[line:148] INFO Start testing: len 10000 batch_size 100
2014-12-14 18:19:28 NeuralNetwork.py[line:161] INFO Done forward. Outputs: 10000
2014-12-14 18:19:28 NeuralNetwork.py[line:165] INFO 10000 tested.
2014-12-14 18:19:28 NeuralNetwork.py[line:94] INFO Accuracy: 0.531600
2014-12-14 18:19:28 NeuralNetwork.py[line:79] INFO Epoch 58 Batch 0 Avg loss 0.648362
2014-12-14 18:20:29 NeuralNetwork.py[line:79] INFO Epoch 58 Batch 257 Avg loss 0.787067
2014-12-14 18:21:23 NeuralNetwork.py[line:86] INFO Epoch 58 Loss 0.788397 Time elapsed 114.812432
2014-12-14 18:21:24 NeuralNetwork.py[line:193] INFO Model dumped to relu-softmax-1600-0.00001-epoch-58.model
2014-12-14 18:21:24 NeuralNetwork.py[line:93] INFO Testing...
2014-12-14 18:21:24 NeuralNetwork.py[line:148] INFO Start testing: len 10000 batch_size 100
2014-12-14 18:21:30 NeuralNetwork.py[line:161] INFO Done forward. Outputs: 10000
2014-12-14 18:21:30 NeuralNetwork.py[line:165] INFO 10000 tested.
2014-12-14 18:21:30 NeuralNetwork.py[line:94] INFO Accuracy: 0.534200
2014-12-14 18:21:31 NeuralNetwork.py[line:79] INFO Epoch 59 Batch 0 Avg loss 0.635387
2014-12-14 18:22:31 NeuralNetwork.py[line:79] INFO Epoch 59 Batch 242 Avg loss 0.773047
2014-12-14 18:23:31 NeuralNetwork.py[line:79] INFO Epoch 59 Batch 497 Avg loss 0.777143
2014-12-14 18:23:31 NeuralNetwork.py[line:86] INFO Epoch 59 Loss 0.776782 Time elapsed 120.909288
2014-12-14 18:23:32 NeuralNetwork.py[line:193] INFO Model dumped to relu-softmax-1600-0.00001-epoch-59.model
2014-12-14 18:23:32 NeuralNetwork.py[line:93] INFO Testing...
2014-12-14 18:23:32 NeuralNetwork.py[line:148] INFO Start testing: len 10000 batch_size 100
2014-12-14 18:23:38 NeuralNetwork.py[line:161] INFO Done forward. Outputs: 10000
2014-12-14 18:23:38 NeuralNetwork.py[line:165] INFO 10000 tested.
2014-12-14 18:23:38 NeuralNetwork.py[line:94] INFO Accuracy: 0.535400
2014-12-14 18:23:39 NeuralNetwork.py[line:79] INFO Epoch 60 Batch 0 Avg loss 0.624066
2014-12-14 18:24:39 NeuralNetwork.py[line:79] INFO Epoch 60 Batch 252 Avg loss 0.763197
2014-12-14 18:25:37 NeuralNetwork.py[line:86] INFO Epoch 60 Loss 0.766336 Time elapsed 118.356560
2014-12-14 18:25:37 NeuralNetwork.py[line:193] INFO Model dumped to relu-softmax-1600-0.00001-epoch-60.model
2014-12-14 18:25:37 NeuralNetwork.py[line:93] INFO Testing...
2014-12-14 18:25:37 NeuralNetwork.py[line:148] INFO Start testing: len 10000 batch_size 100
2014-12-14 18:25:44 NeuralNetwork.py[line:161] INFO Done forward. Outputs: 10000
2014-12-14 18:25:44 NeuralNetwork.py[line:165] INFO 10000 tested.
2014-12-14 18:25:44 NeuralNetwork.py[line:94] INFO Accuracy: 0.535000
2014-12-14 18:25:44 NeuralNetwork.py[line:79] INFO Epoch 61 Batch 0 Avg loss 0.623195
2014-12-14 18:26:45 NeuralNetwork.py[line:79] INFO Epoch 61 Batch 253 Avg loss 0.752884
2014-12-14 18:27:43 NeuralNetwork.py[line:86] INFO Epoch 61 Loss 0.755493 Time elapsed 118.608784
2014-12-14 18:27:43 NeuralNetwork.py[line:193] INFO Model dumped to relu-softmax-1600-0.00001-epoch-61.model
2014-12-14 18:27:43 NeuralNetwork.py[line:93] INFO Testing...
2014-12-14 18:27:43 NeuralNetwork.py[line:148] INFO Start testing: len 10000 batch_size 100
2014-12-14 18:27:50 NeuralNetwork.py[line:161] INFO Done forward. Outputs: 10000
2014-12-14 18:27:50 NeuralNetwork.py[line:165] INFO 10000 tested.
2014-12-14 18:27:50 NeuralNetwork.py[line:94] INFO Accuracy: 0.534700
2014-12-14 18:27:50 NeuralNetwork.py[line:79] INFO Epoch 62 Batch 0 Avg loss 0.606710
2014-12-14 18:28:50 NeuralNetwork.py[line:79] INFO Epoch 62 Batch 254 Avg loss 0.742132
2014-12-14 18:29:47 NeuralNetwork.py[line:86] INFO Epoch 62 Loss 0.744687 Time elapsed 117.204604
2014-12-14 18:29:48 NeuralNetwork.py[line:193] INFO Model dumped to relu-softmax-1600-0.00001-epoch-62.model
2014-12-14 18:29:48 NeuralNetwork.py[line:93] INFO Testing...
2014-12-14 18:29:48 NeuralNetwork.py[line:148] INFO Start testing: len 10000 batch_size 100
2014-12-14 18:29:55 NeuralNetwork.py[line:161] INFO Done forward. Outputs: 10000
2014-12-14 18:29:55 NeuralNetwork.py[line:165] INFO 10000 tested.
2014-12-14 18:29:55 NeuralNetwork.py[line:94] INFO Accuracy: 0.537400
2014-12-14 18:29:55 NeuralNetwork.py[line:79] INFO Epoch 63 Batch 0 Avg loss 0.592032
2014-12-14 18:30:55 NeuralNetwork.py[line:79] INFO Epoch 63 Batch 259 Avg loss 0.730325
2014-12-14 18:31:51 NeuralNetwork.py[line:86] INFO Epoch 63 Loss 0.732212 Time elapsed 115.854769
2014-12-14 18:31:51 NeuralNetwork.py[line:193] INFO Model dumped to relu-softmax-1600-0.00001-epoch-63.model
2014-12-14 18:31:51 NeuralNetwork.py[line:93] INFO Testing...
2014-12-14 18:31:51 NeuralNetwork.py[line:148] INFO Start testing: len 10000 batch_size 100
2014-12-14 18:31:58 NeuralNetwork.py[line:161] INFO Done forward. Outputs: 10000
2014-12-14 18:31:58 NeuralNetwork.py[line:165] INFO 10000 tested.
2014-12-14 18:31:58 NeuralNetwork.py[line:94] INFO Accuracy: 0.536000
2014-12-14 18:31:58 NeuralNetwork.py[line:79] INFO Epoch 64 Batch 0 Avg loss 0.582733
2014-12-14 18:32:58 NeuralNetwork.py[line:79] INFO Epoch 64 Batch 257 Avg loss 0.720387
2014-12-14 18:33:55 NeuralNetwork.py[line:86] INFO Epoch 64 Loss 0.721961 Time elapsed 116.821652
2014-12-14 18:33:55 NeuralNetwork.py[line:193] INFO Model dumped to relu-softmax-1600-0.00001-epoch-64.model
2014-12-14 18:33:55 NeuralNetwork.py[line:93] INFO Testing...
2014-12-14 18:33:55 NeuralNetwork.py[line:148] INFO Start testing: len 10000 batch_size 100
2014-12-14 18:34:02 NeuralNetwork.py[line:161] INFO Done forward. Outputs: 10000
2014-12-14 18:34:02 NeuralNetwork.py[line:165] INFO 10000 tested.
2014-12-14 18:34:02 NeuralNetwork.py[line:94] INFO Accuracy: 0.536600
2014-12-14 18:34:03 NeuralNetwork.py[line:79] INFO Epoch 65 Batch 0 Avg loss 0.573111
2014-12-14 18:35:03 NeuralNetwork.py[line:79] INFO Epoch 65 Batch 256 Avg loss 0.709501
2014-12-14 18:35:59 NeuralNetwork.py[line:86] INFO Epoch 65 Loss 0.711293 Time elapsed 116.618507
2014-12-14 18:36:00 NeuralNetwork.py[line:193] INFO Model dumped to relu-softmax-1600-0.00001-epoch-65.model
2014-12-14 18:36:00 NeuralNetwork.py[line:93] INFO Testing...
2014-12-14 18:36:00 NeuralNetwork.py[line:148] INFO Start testing: len 10000 batch_size 100
2014-12-14 18:36:06 NeuralNetwork.py[line:161] INFO Done forward. Outputs: 10000
2014-12-14 18:36:06 NeuralNetwork.py[line:165] INFO 10000 tested.
2014-12-14 18:36:06 NeuralNetwork.py[line:94] INFO Accuracy: 0.537100
2014-12-14 18:36:07 NeuralNetwork.py[line:79] INFO Epoch 66 Batch 0 Avg loss 0.558017
2014-12-14 18:37:07 NeuralNetwork.py[line:79] INFO Epoch 66 Batch 257 Avg loss 0.700675
2014-12-14 18:38:03 NeuralNetwork.py[line:86] INFO Epoch 66 Loss 0.701481 Time elapsed 116.870227
2014-12-14 18:38:04 NeuralNetwork.py[line:193] INFO Model dumped to relu-softmax-1600-0.00001-epoch-66.model
2014-12-14 18:38:04 NeuralNetwork.py[line:93] INFO Testing...
2014-12-14 18:38:04 NeuralNetwork.py[line:148] INFO Start testing: len 10000 batch_size 100
2014-12-14 18:38:11 NeuralNetwork.py[line:161] INFO Done forward. Outputs: 10000
2014-12-14 18:38:11 NeuralNetwork.py[line:165] INFO 10000 tested.
2014-12-14 18:38:11 NeuralNetwork.py[line:94] INFO Accuracy: 0.538400
2014-12-14 18:38:11 NeuralNetwork.py[line:79] INFO Epoch 67 Batch 0 Avg loss 0.545802
2014-12-14 18:39:11 NeuralNetwork.py[line:79] INFO Epoch 67 Batch 256 Avg loss 0.690137
2014-12-14 18:40:08 NeuralNetwork.py[line:86] INFO Epoch 67 Loss 0.691022 Time elapsed 117.008210
2014-12-14 18:40:08 NeuralNetwork.py[line:193] INFO Model dumped to relu-softmax-1600-0.00001-epoch-67.model
2014-12-14 18:40:08 NeuralNetwork.py[line:93] INFO Testing...
2014-12-14 18:40:08 NeuralNetwork.py[line:148] INFO Start testing: len 10000 batch_size 100
2014-12-14 18:40:15 NeuralNetwork.py[line:161] INFO Done forward. Outputs: 10000
2014-12-14 18:40:15 NeuralNetwork.py[line:165] INFO 10000 tested.
2014-12-14 18:40:15 NeuralNetwork.py[line:94] INFO Accuracy: 0.537900
2014-12-14 18:40:15 NeuralNetwork.py[line:79] INFO Epoch 68 Batch 0 Avg loss 0.541060
2014-12-14 18:41:15 NeuralNetwork.py[line:79] INFO Epoch 68 Batch 259 Avg loss 0.678862
2014-12-14 18:42:11 NeuralNetwork.py[line:86] INFO Epoch 68 Loss 0.680628 Time elapsed 115.774503
2014-12-14 18:42:12 NeuralNetwork.py[line:193] INFO Model dumped to relu-softmax-1600-0.00001-epoch-68.model
2014-12-14 18:42:12 NeuralNetwork.py[line:93] INFO Testing...
2014-12-14 18:42:12 NeuralNetwork.py[line:148] INFO Start testing: len 10000 batch_size 100
2014-12-14 18:42:18 NeuralNetwork.py[line:161] INFO Done forward. Outputs: 10000
2014-12-14 18:42:18 NeuralNetwork.py[line:165] INFO 10000 tested.
2014-12-14 18:42:18 NeuralNetwork.py[line:94] INFO Accuracy: 0.536800
2014-12-14 18:42:19 NeuralNetwork.py[line:79] INFO Epoch 69 Batch 0 Avg loss 0.523326
2014-12-14 18:43:19 NeuralNetwork.py[line:79] INFO Epoch 69 Batch 258 Avg loss 0.669137
2014-12-14 18:44:13 NeuralNetwork.py[line:86] INFO Epoch 69 Loss 0.670441 Time elapsed 115.089330
2014-12-14 18:44:14 NeuralNetwork.py[line:193] INFO Model dumped to relu-softmax-1600-0.00001-epoch-69.model
2014-12-14 18:44:14 NeuralNetwork.py[line:93] INFO Testing...
2014-12-14 18:44:14 NeuralNetwork.py[line:148] INFO Start testing: len 10000 batch_size 100
2014-12-14 18:44:21 NeuralNetwork.py[line:161] INFO Done forward. Outputs: 10000
2014-12-14 18:44:21 NeuralNetwork.py[line:165] INFO 10000 tested.
2014-12-14 18:44:21 NeuralNetwork.py[line:94] INFO Accuracy: 0.536500
2014-12-14 18:44:21 NeuralNetwork.py[line:79] INFO Epoch 70 Batch 0 Avg loss 0.518186
2014-12-14 18:45:21 NeuralNetwork.py[line:79] INFO Epoch 70 Batch 279 Avg loss 0.658979
2014-12-14 18:46:02 NeuralNetwork.py[line:86] INFO Epoch 70 Loss 0.659630 Time elapsed 101.624514
2014-12-14 18:46:03 NeuralNetwork.py[line:193] INFO Model dumped to relu-softmax-1600-0.00001-epoch-70.model
2014-12-14 18:46:03 NeuralNetwork.py[line:93] INFO Testing...
2014-12-14 18:46:03 NeuralNetwork.py[line:148] INFO Start testing: len 10000 batch_size 100
2014-12-14 18:46:09 NeuralNetwork.py[line:161] INFO Done forward. Outputs: 10000
2014-12-14 18:46:09 NeuralNetwork.py[line:165] INFO 10000 tested.
2014-12-14 18:46:09 NeuralNetwork.py[line:94] INFO Accuracy: 0.536900
2014-12-14 18:46:09 NeuralNetwork.py[line:79] INFO Epoch 71 Batch 0 Avg loss 0.508707
2014-12-14 18:47:09 NeuralNetwork.py[line:79] INFO Epoch 71 Batch 316 Avg loss 0.646614
2014-12-14 18:47:44 NeuralNetwork.py[line:86] INFO Epoch 71 Loss 0.650095 Time elapsed 95.178675
2014-12-14 18:47:45 NeuralNetwork.py[line:193] INFO Model dumped to relu-softmax-1600-0.00001-epoch-71.model
2014-12-14 18:47:45 NeuralNetwork.py[line:93] INFO Testing...
2014-12-14 18:47:45 NeuralNetwork.py[line:148] INFO Start testing: len 10000 batch_size 100
2014-12-14 18:47:51 NeuralNetwork.py[line:161] INFO Done forward. Outputs: 10000
2014-12-14 18:47:51 NeuralNetwork.py[line:165] INFO 10000 tested.
2014-12-14 18:47:51 NeuralNetwork.py[line:94] INFO Accuracy: 0.535900
2014-12-14 18:47:51 NeuralNetwork.py[line:79] INFO Epoch 72 Batch 0 Avg loss 0.493330
2014-12-14 18:48:51 NeuralNetwork.py[line:79] INFO Epoch 72 Batch 317 Avg loss 0.636648
2014-12-14 18:49:26 NeuralNetwork.py[line:86] INFO Epoch 72 Loss 0.640534 Time elapsed 94.941399
2014-12-14 18:49:26 NeuralNetwork.py[line:193] INFO Model dumped to relu-softmax-1600-0.00001-epoch-72.model
2014-12-14 18:49:26 NeuralNetwork.py[line:93] INFO Testing...
2014-12-14 18:49:26 NeuralNetwork.py[line:148] INFO Start testing: len 10000 batch_size 100
2014-12-14 18:49:33 NeuralNetwork.py[line:161] INFO Done forward. Outputs: 10000
2014-12-14 18:49:33 NeuralNetwork.py[line:165] INFO 10000 tested.
2014-12-14 18:49:33 NeuralNetwork.py[line:94] INFO Accuracy: 0.536200
2014-12-14 18:49:33 NeuralNetwork.py[line:79] INFO Epoch 73 Batch 0 Avg loss 0.499776
2014-12-14 18:50:33 NeuralNetwork.py[line:79] INFO Epoch 73 Batch 317 Avg loss 0.628004
2014-12-14 18:51:08 NeuralNetwork.py[line:86] INFO Epoch 73 Loss 0.630771 Time elapsed 95.159183
2014-12-14 18:51:08 NeuralNetwork.py[line:193] INFO Model dumped to relu-softmax-1600-0.00001-epoch-73.model
2014-12-14 18:51:08 NeuralNetwork.py[line:93] INFO Testing...
2014-12-14 18:51:08 NeuralNetwork.py[line:148] INFO Start testing: len 10000 batch_size 100
2014-12-14 18:51:14 NeuralNetwork.py[line:161] INFO Done forward. Outputs: 10000
2014-12-14 18:51:14 NeuralNetwork.py[line:165] INFO 10000 tested.
2014-12-14 18:51:14 NeuralNetwork.py[line:94] INFO Accuracy: 0.534800
2014-12-14 18:51:15 NeuralNetwork.py[line:79] INFO Epoch 74 Batch 0 Avg loss 0.501441
2014-12-14 18:52:15 NeuralNetwork.py[line:79] INFO Epoch 74 Batch 319 Avg loss 0.619309
2014-12-14 18:52:49 NeuralNetwork.py[line:86] INFO Epoch 74 Loss 0.622700 Time elapsed 94.674710
2014-12-14 18:52:50 NeuralNetwork.py[line:193] INFO Model dumped to relu-softmax-1600-0.00001-epoch-74.model
2014-12-14 18:52:50 NeuralNetwork.py[line:93] INFO Testing...
2014-12-14 18:52:50 NeuralNetwork.py[line:148] INFO Start testing: len 10000 batch_size 100
2014-12-14 18:52:58 NeuralNetwork.py[line:161] INFO Done forward. Outputs: 10000
2014-12-14 18:52:58 NeuralNetwork.py[line:165] INFO 10000 tested.
2014-12-14 18:52:58 NeuralNetwork.py[line:94] INFO Accuracy: 0.536200
2014-12-14 18:52:58 NeuralNetwork.py[line:79] INFO Epoch 75 Batch 0 Avg loss 0.486984
2014-12-14 18:53:58 NeuralNetwork.py[line:79] INFO Epoch 75 Batch 320 Avg loss 0.609647
2014-12-14 18:54:32 NeuralNetwork.py[line:86] INFO Epoch 75 Loss 0.612592 Time elapsed 94.196287
2014-12-14 18:54:33 NeuralNetwork.py[line:193] INFO Model dumped to relu-softmax-1600-0.00001-epoch-75.model
2014-12-14 18:54:33 NeuralNetwork.py[line:93] INFO Testing...
2014-12-14 18:54:33 NeuralNetwork.py[line:148] INFO Start testing: len 10000 batch_size 100
2014-12-14 18:54:39 NeuralNetwork.py[line:161] INFO Done forward. Outputs: 10000
2014-12-14 18:54:39 NeuralNetwork.py[line:165] INFO 10000 tested.
2014-12-14 18:54:39 NeuralNetwork.py[line:94] INFO Accuracy: 0.536200
2014-12-14 18:54:39 NeuralNetwork.py[line:79] INFO Epoch 76 Batch 0 Avg loss 0.480323
2014-12-14 18:55:39 NeuralNetwork.py[line:79] INFO Epoch 76 Batch 319 Avg loss 0.600576
2014-12-14 18:56:13 NeuralNetwork.py[line:86] INFO Epoch 76 Loss 0.604072 Time elapsed 94.621800
2014-12-14 18:56:14 NeuralNetwork.py[line:193] INFO Model dumped to relu-softmax-1600-0.00001-epoch-76.model
2014-12-14 18:56:14 NeuralNetwork.py[line:93] INFO Testing...
2014-12-14 18:56:14 NeuralNetwork.py[line:148] INFO Start testing: len 10000 batch_size 100
2014-12-14 18:56:20 NeuralNetwork.py[line:161] INFO Done forward. Outputs: 10000
2014-12-14 18:56:20 NeuralNetwork.py[line:165] INFO 10000 tested.
2014-12-14 18:56:20 NeuralNetwork.py[line:94] INFO Accuracy: 0.533700
2014-12-14 18:56:20 NeuralNetwork.py[line:79] INFO Epoch 77 Batch 0 Avg loss 0.477589
2014-12-14 18:57:20 NeuralNetwork.py[line:79] INFO Epoch 77 Batch 318 Avg loss 0.590848
2014-12-14 18:57:55 NeuralNetwork.py[line:86] INFO Epoch 77 Loss 0.594044 Time elapsed 94.797036
2014-12-14 18:57:56 NeuralNetwork.py[line:193] INFO Model dumped to relu-softmax-1600-0.00001-epoch-77.model
2014-12-14 18:57:56 NeuralNetwork.py[line:93] INFO Testing...
2014-12-14 18:57:56 NeuralNetwork.py[line:148] INFO Start testing: len 10000 batch_size 100
2014-12-14 18:58:02 NeuralNetwork.py[line:161] INFO Done forward. Outputs: 10000
2014-12-14 18:58:02 NeuralNetwork.py[line:165] INFO 10000 tested.
2014-12-14 18:58:02 NeuralNetwork.py[line:94] INFO Accuracy: 0.535900
2014-12-14 18:58:02 NeuralNetwork.py[line:79] INFO Epoch 78 Batch 0 Avg loss 0.473021
2014-12-14 18:59:02 NeuralNetwork.py[line:79] INFO Epoch 78 Batch 308 Avg loss 0.583058
2014-12-14 18:59:40 NeuralNetwork.py[line:86] INFO Epoch 78 Loss 0.585731 Time elapsed 97.891059
2014-12-14 18:59:40 NeuralNetwork.py[line:193] INFO Model dumped to relu-softmax-1600-0.00001-epoch-78.model
2014-12-14 18:59:40 NeuralNetwork.py[line:93] INFO Testing...
2014-12-14 18:59:40 NeuralNetwork.py[line:148] INFO Start testing: len 10000 batch_size 100
2014-12-14 18:59:47 NeuralNetwork.py[line:161] INFO Done forward. Outputs: 10000
2014-12-14 18:59:47 NeuralNetwork.py[line:165] INFO 10000 tested.
2014-12-14 18:59:47 NeuralNetwork.py[line:94] INFO Accuracy: 0.535900
2014-12-14 18:59:47 NeuralNetwork.py[line:79] INFO Epoch 79 Batch 0 Avg loss 0.458983
2014-12-14 19:00:47 NeuralNetwork.py[line:79] INFO Epoch 79 Batch 307 Avg loss 0.573732
2014-12-14 19:01:25 NeuralNetwork.py[line:86] INFO Epoch 79 Loss 0.577086 Time elapsed 98.359144
2014-12-14 19:01:25 NeuralNetwork.py[line:193] INFO Model dumped to relu-softmax-1600-0.00001-epoch-79.model
2014-12-14 19:01:25 NeuralNetwork.py[line:93] INFO Testing...
2014-12-14 19:01:25 NeuralNetwork.py[line:148] INFO Start testing: len 10000 batch_size 100
2014-12-14 19:01:32 NeuralNetwork.py[line:161] INFO Done forward. Outputs: 10000
2014-12-14 19:01:32 NeuralNetwork.py[line:165] INFO 10000 tested.
2014-12-14 19:01:32 NeuralNetwork.py[line:94] INFO Accuracy: 0.536000
2014-12-14 19:01:32 NeuralNetwork.py[line:79] INFO Epoch 80 Batch 0 Avg loss 0.456312
2014-12-14 19:02:32 NeuralNetwork.py[line:79] INFO Epoch 80 Batch 302 Avg loss 0.567095
2014-12-14 19:03:09 NeuralNetwork.py[line:86] INFO Epoch 80 Loss 0.570095 Time elapsed 97.165214
2014-12-14 19:03:09 NeuralNetwork.py[line:193] INFO Model dumped to relu-softmax-1600-0.00001-epoch-80.model
2014-12-14 19:03:09 NeuralNetwork.py[line:93] INFO Testing...
2014-12-14 19:03:09 NeuralNetwork.py[line:148] INFO Start testing: len 10000 batch_size 100
2014-12-14 19:03:16 NeuralNetwork.py[line:161] INFO Done forward. Outputs: 10000
2014-12-14 19:03:16 NeuralNetwork.py[line:165] INFO 10000 tested.
2014-12-14 19:03:16 NeuralNetwork.py[line:94] INFO Accuracy: 0.535100
2014-12-14 19:03:16 NeuralNetwork.py[line:79] INFO Epoch 81 Batch 0 Avg loss 0.458235
2014-12-14 19:04:16 NeuralNetwork.py[line:79] INFO Epoch 81 Batch 311 Avg loss 0.559407
2014-12-14 19:04:53 NeuralNetwork.py[line:86] INFO Epoch 81 Loss 0.562664 Time elapsed 97.083205
2014-12-14 19:04:53 NeuralNetwork.py[line:193] INFO Model dumped to relu-softmax-1600-0.00001-epoch-81.model
2014-12-14 19:04:53 NeuralNetwork.py[line:93] INFO Testing...
2014-12-14 19:04:53 NeuralNetwork.py[line:148] INFO Start testing: len 10000 batch_size 100
2014-12-14 19:05:00 NeuralNetwork.py[line:161] INFO Done forward. Outputs: 10000
2014-12-14 19:05:00 NeuralNetwork.py[line:165] INFO 10000 tested.
2014-12-14 19:05:00 NeuralNetwork.py[line:94] INFO Accuracy: 0.529800
2014-12-14 19:05:00 NeuralNetwork.py[line:79] INFO Epoch 82 Batch 0 Avg loss 0.458357
2014-12-14 19:06:00 NeuralNetwork.py[line:79] INFO Epoch 82 Batch 280 Avg loss 0.552782
2014-12-14 19:06:45 NeuralNetwork.py[line:86] INFO Epoch 82 Loss 0.553975 Time elapsed 104.882444
2014-12-14 19:06:45 NeuralNetwork.py[line:193] INFO Model dumped to relu-softmax-1600-0.00001-epoch-82.model
2014-12-14 19:06:45 NeuralNetwork.py[line:93] INFO Testing...
2014-12-14 19:06:45 NeuralNetwork.py[line:148] INFO Start testing: len 10000 batch_size 100
2014-12-14 19:06:51 NeuralNetwork.py[line:161] INFO Done forward. Outputs: 10000
2014-12-14 19:06:51 NeuralNetwork.py[line:165] INFO 10000 tested.
2014-12-14 19:06:51 NeuralNetwork.py[line:94] INFO Accuracy: 0.533100
2014-12-14 19:06:52 NeuralNetwork.py[line:79] INFO Epoch 83 Batch 0 Avg loss 0.456352
2014-12-14 19:07:52 NeuralNetwork.py[line:79] INFO Epoch 83 Batch 294 Avg loss 0.545332
2014-12-14 19:08:34 NeuralNetwork.py[line:86] INFO Epoch 83 Loss 0.548023 Time elapsed 102.268201
2014-12-14 19:08:34 NeuralNetwork.py[line:193] INFO Model dumped to relu-softmax-1600-0.00001-epoch-83.model
2014-12-14 19:08:34 NeuralNetwork.py[line:93] INFO Testing...
2014-12-14 19:08:34 NeuralNetwork.py[line:148] INFO Start testing: len 10000 batch_size 100
2014-12-14 19:08:41 NeuralNetwork.py[line:161] INFO Done forward. Outputs: 10000
2014-12-14 19:08:41 NeuralNetwork.py[line:165] INFO 10000 tested.
2014-12-14 19:08:41 NeuralNetwork.py[line:94] INFO Accuracy: 0.532700
2014-12-14 19:08:41 NeuralNetwork.py[line:79] INFO Epoch 84 Batch 0 Avg loss 0.446449
2014-12-14 19:09:41 NeuralNetwork.py[line:79] INFO Epoch 84 Batch 295 Avg loss 0.539667
2014-12-14 19:10:22 NeuralNetwork.py[line:86] INFO Epoch 84 Loss 0.542199 Time elapsed 101.429083
2014-12-14 19:10:23 NeuralNetwork.py[line:193] INFO Model dumped to relu-softmax-1600-0.00001-epoch-84.model
2014-12-14 19:10:23 NeuralNetwork.py[line:93] INFO Testing...
2014-12-14 19:10:23 NeuralNetwork.py[line:148] INFO Start testing: len 10000 batch_size 100
2014-12-14 19:10:29 NeuralNetwork.py[line:161] INFO Done forward. Outputs: 10000
2014-12-14 19:10:29 NeuralNetwork.py[line:165] INFO 10000 tested.
2014-12-14 19:10:29 NeuralNetwork.py[line:94] INFO Accuracy: 0.529500
2014-12-14 19:10:29 NeuralNetwork.py[line:79] INFO Epoch 85 Batch 0 Avg loss 0.449021
2014-12-14 19:11:29 NeuralNetwork.py[line:79] INFO Epoch 85 Batch 289 Avg loss 0.536294
2014-12-14 19:12:12 NeuralNetwork.py[line:86] INFO Epoch 85 Loss 0.536701 Time elapsed 103.441710
2014-12-14 19:12:13 NeuralNetwork.py[line:193] INFO Model dumped to relu-softmax-1600-0.00001-epoch-85.model
2014-12-14 19:12:13 NeuralNetwork.py[line:93] INFO Testing...
2014-12-14 19:12:13 NeuralNetwork.py[line:148] INFO Start testing: len 10000 batch_size 100
2014-12-14 19:12:20 NeuralNetwork.py[line:161] INFO Done forward. Outputs: 10000
2014-12-14 19:12:20 NeuralNetwork.py[line:165] INFO 10000 tested.
2014-12-14 19:12:20 NeuralNetwork.py[line:94] INFO Accuracy: 0.528600
2014-12-14 19:12:20 NeuralNetwork.py[line:79] INFO Epoch 86 Batch 0 Avg loss 0.462078
2014-12-14 19:13:20 NeuralNetwork.py[line:79] INFO Epoch 86 Batch 297 Avg loss 0.529985
2014-12-14 19:13:57 NeuralNetwork.py[line:86] INFO Epoch 86 Loss 0.532546 Time elapsed 97.342759
2014-12-14 19:13:57 NeuralNetwork.py[line:193] INFO Model dumped to relu-softmax-1600-0.00001-epoch-86.model
2014-12-14 19:13:57 NeuralNetwork.py[line:93] INFO Testing...
2014-12-14 19:13:57 NeuralNetwork.py[line:148] INFO Start testing: len 10000 batch_size 100
2014-12-14 19:14:04 NeuralNetwork.py[line:161] INFO Done forward. Outputs: 10000
2014-12-14 19:14:04 NeuralNetwork.py[line:165] INFO 10000 tested.
2014-12-14 19:14:04 NeuralNetwork.py[line:94] INFO Accuracy: 0.528200
2014-12-14 19:14:04 NeuralNetwork.py[line:79] INFO Epoch 87 Batch 0 Avg loss 0.446858
2014-12-14 19:15:04 NeuralNetwork.py[line:79] INFO Epoch 87 Batch 303 Avg loss 0.526135
2014-12-14 19:15:46 NeuralNetwork.py[line:86] INFO Epoch 87 Loss 0.529736 Time elapsed 102.395410
2014-12-14 19:15:47 NeuralNetwork.py[line:193] INFO Model dumped to relu-softmax-1600-0.00001-epoch-87.model
2014-12-14 19:15:47 NeuralNetwork.py[line:93] INFO Testing...
2014-12-14 19:15:47 NeuralNetwork.py[line:148] INFO Start testing: len 10000 batch_size 100
2014-12-14 19:15:54 NeuralNetwork.py[line:161] INFO Done forward. Outputs: 10000
2014-12-14 19:15:54 NeuralNetwork.py[line:165] INFO 10000 tested.
2014-12-14 19:15:54 NeuralNetwork.py[line:94] INFO Accuracy: 0.526900
2014-12-14 19:15:54 NeuralNetwork.py[line:79] INFO Epoch 88 Batch 0 Avg loss 0.456877
2014-12-14 19:16:54 NeuralNetwork.py[line:79] INFO Epoch 88 Batch 273 Avg loss 0.528794
2014-12-14 19:17:38 NeuralNetwork.py[line:86] INFO Epoch 88 Loss 0.528763 Time elapsed 104.251837
2014-12-14 19:17:39 NeuralNetwork.py[line:193] INFO Model dumped to relu-softmax-1600-0.00001-epoch-88.model
2014-12-14 19:17:39 NeuralNetwork.py[line:93] INFO Testing...
2014-12-14 19:17:39 NeuralNetwork.py[line:148] INFO Start testing: len 10000 batch_size 100
2014-12-14 19:17:45 NeuralNetwork.py[line:161] INFO Done forward. Outputs: 10000
2014-12-14 19:17:45 NeuralNetwork.py[line:165] INFO 10000 tested.
2014-12-14 19:17:45 NeuralNetwork.py[line:94] INFO Accuracy: 0.525800
2014-12-14 19:17:45 NeuralNetwork.py[line:79] INFO Epoch 89 Batch 0 Avg loss 0.453094
2014-12-14 19:18:45 NeuralNetwork.py[line:79] INFO Epoch 89 Batch 316 Avg loss 0.525955
2014-12-14 19:19:19 NeuralNetwork.py[line:86] INFO Epoch 89 Loss 0.530740 Time elapsed 94.409873
2014-12-14 19:19:20 NeuralNetwork.py[line:193] INFO Model dumped to relu-softmax-1600-0.00001-epoch-89.model
2014-12-14 19:19:20 NeuralNetwork.py[line:93] INFO Testing...
2014-12-14 19:19:20 NeuralNetwork.py[line:148] INFO Start testing: len 10000 batch_size 100
2014-12-14 19:19:26 NeuralNetwork.py[line:161] INFO Done forward. Outputs: 10000
2014-12-14 19:19:26 NeuralNetwork.py[line:165] INFO 10000 tested.
2014-12-14 19:19:26 NeuralNetwork.py[line:94] INFO Accuracy: 0.525900
2014-12-14 19:19:26 NeuralNetwork.py[line:79] INFO Epoch 90 Batch 0 Avg loss 0.458130
2014-12-14 19:20:26 NeuralNetwork.py[line:79] INFO Epoch 90 Batch 310 Avg loss 0.530823
2014-12-14 19:21:01 NeuralNetwork.py[line:86] INFO Epoch 90 Loss 0.535339 Time elapsed 94.861697
2014-12-14 19:21:02 NeuralNetwork.py[line:193] INFO Model dumped to relu-softmax-1600-0.00001-epoch-90.model
2014-12-14 19:21:02 NeuralNetwork.py[line:93] INFO Testing...
2014-12-14 19:21:02 NeuralNetwork.py[line:148] INFO Start testing: len 10000 batch_size 100
2014-12-14 19:21:08 NeuralNetwork.py[line:161] INFO Done forward. Outputs: 10000
2014-12-14 19:21:08 NeuralNetwork.py[line:165] INFO 10000 tested.
2014-12-14 19:21:08 NeuralNetwork.py[line:94] INFO Accuracy: 0.526400
2014-12-14 19:21:08 NeuralNetwork.py[line:79] INFO Epoch 91 Batch 0 Avg loss 0.476346
2014-12-14 19:22:08 NeuralNetwork.py[line:79] INFO Epoch 91 Batch 310 Avg loss 0.537298
2014-12-14 19:22:44 NeuralNetwork.py[line:86] INFO Epoch 91 Loss 0.542101 Time elapsed 95.972748
2014-12-14 19:22:44 NeuralNetwork.py[line:193] INFO Model dumped to relu-softmax-1600-0.00001-epoch-91.model
2014-12-14 19:22:44 NeuralNetwork.py[line:93] INFO Testing...
2014-12-14 19:22:44 NeuralNetwork.py[line:148] INFO Start testing: len 10000 batch_size 100
2014-12-14 19:22:51 NeuralNetwork.py[line:161] INFO Done forward. Outputs: 10000
2014-12-14 19:22:51 NeuralNetwork.py[line:165] INFO 10000 tested.
2014-12-14 19:22:51 NeuralNetwork.py[line:94] INFO Accuracy: 0.524800
2014-12-14 19:22:51 NeuralNetwork.py[line:79] INFO Epoch 92 Batch 0 Avg loss 0.494182
2014-12-14 19:23:51 NeuralNetwork.py[line:79] INFO Epoch 92 Batch 308 Avg loss 0.551639
2014-12-14 19:24:28 NeuralNetwork.py[line:86] INFO Epoch 92 Loss 0.553482 Time elapsed 97.451342
2014-12-14 19:24:28 NeuralNetwork.py[line:193] INFO Model dumped to relu-softmax-1600-0.00001-epoch-92.model
2014-12-14 19:24:28 NeuralNetwork.py[line:93] INFO Testing...
2014-12-14 19:24:28 NeuralNetwork.py[line:148] INFO Start testing: len 10000 batch_size 100
2014-12-14 19:24:35 NeuralNetwork.py[line:161] INFO Done forward. Outputs: 10000
2014-12-14 19:24:35 NeuralNetwork.py[line:165] INFO 10000 tested.
2014-12-14 19:24:35 NeuralNetwork.py[line:94] INFO Accuracy: 0.519600
2014-12-14 19:24:35 NeuralNetwork.py[line:79] INFO Epoch 93 Batch 0 Avg loss 0.489529
2014-12-14 19:25:35 NeuralNetwork.py[line:79] INFO Epoch 93 Batch 304 Avg loss 0.561087
2014-12-14 19:26:13 NeuralNetwork.py[line:86] INFO Epoch 93 Loss 0.561066 Time elapsed 98.517122
2014-12-14 19:26:14 NeuralNetwork.py[line:193] INFO Model dumped to relu-softmax-1600-0.00001-epoch-93.model
2014-12-14 19:26:14 NeuralNetwork.py[line:93] INFO Testing...
2014-12-14 19:26:14 NeuralNetwork.py[line:148] INFO Start testing: len 10000 batch_size 100
2014-12-14 19:26:20 NeuralNetwork.py[line:161] INFO Done forward. Outputs: 10000
2014-12-14 19:26:20 NeuralNetwork.py[line:165] INFO 10000 tested.
2014-12-14 19:26:20 NeuralNetwork.py[line:94] INFO Accuracy: 0.520600
2014-12-14 19:26:21 NeuralNetwork.py[line:79] INFO Epoch 94 Batch 0 Avg loss 0.461750
2014-12-14 19:27:21 NeuralNetwork.py[line:79] INFO Epoch 94 Batch 294 Avg loss 0.570041
2014-12-14 19:28:02 NeuralNetwork.py[line:86] INFO Epoch 94 Loss 0.568985 Time elapsed 101.614894
2014-12-14 19:28:03 NeuralNetwork.py[line:193] INFO Model dumped to relu-softmax-1600-0.00001-epoch-94.model
2014-12-14 19:28:03 NeuralNetwork.py[line:93] INFO Testing...
2014-12-14 19:28:03 NeuralNetwork.py[line:148] INFO Start testing: len 10000 batch_size 100
2014-12-14 19:28:09 NeuralNetwork.py[line:161] INFO Done forward. Outputs: 10000
2014-12-14 19:28:09 NeuralNetwork.py[line:165] INFO 10000 tested.
2014-12-14 19:28:09 NeuralNetwork.py[line:94] INFO Accuracy: 0.517300
2014-12-14 19:28:09 NeuralNetwork.py[line:79] INFO Epoch 95 Batch 0 Avg loss 0.491191
2014-12-14 19:29:09 NeuralNetwork.py[line:79] INFO Epoch 95 Batch 279 Avg loss 0.575361
2014-12-14 19:29:56 NeuralNetwork.py[line:86] INFO Epoch 95 Loss 0.577184 Time elapsed 106.913660
2014-12-14 19:29:56 NeuralNetwork.py[line:193] INFO Model dumped to relu-softmax-1600-0.00001-epoch-95.model
2014-12-14 19:29:56 NeuralNetwork.py[line:93] INFO Testing...
2014-12-14 19:29:56 NeuralNetwork.py[line:148] INFO Start testing: len 10000 batch_size 100
2014-12-14 19:30:02 NeuralNetwork.py[line:161] INFO Done forward. Outputs: 10000
2014-12-14 19:30:02 NeuralNetwork.py[line:165] INFO 10000 tested.
2014-12-14 19:30:02 NeuralNetwork.py[line:94] INFO Accuracy: 0.515600
2014-12-14 19:30:03 NeuralNetwork.py[line:79] INFO Epoch 96 Batch 0 Avg loss 0.470873
2014-12-14 19:31:03 NeuralNetwork.py[line:79] INFO Epoch 96 Batch 300 Avg loss 0.577886
2014-12-14 19:31:40 NeuralNetwork.py[line:86] INFO Epoch 96 Loss 0.581366 Time elapsed 97.933750
2014-12-14 19:31:41 NeuralNetwork.py[line:193] INFO Model dumped to relu-softmax-1600-0.00001-epoch-96.model
2014-12-14 19:31:41 NeuralNetwork.py[line:93] INFO Testing...
2014-12-14 19:31:41 NeuralNetwork.py[line:148] INFO Start testing: len 10000 batch_size 100
2014-12-14 19:31:47 NeuralNetwork.py[line:161] INFO Done forward. Outputs: 10000
2014-12-14 19:31:47 NeuralNetwork.py[line:165] INFO 10000 tested.
2014-12-14 19:31:47 NeuralNetwork.py[line:94] INFO Accuracy: 0.514300
2014-12-14 19:31:47 NeuralNetwork.py[line:79] INFO Epoch 97 Batch 0 Avg loss 0.455886
2014-12-14 19:32:47 NeuralNetwork.py[line:79] INFO Epoch 97 Batch 315 Avg loss 0.577358
2014-12-14 19:33:23 NeuralNetwork.py[line:86] INFO Epoch 97 Loss 0.580633 Time elapsed 95.877040
2014-12-14 19:33:24 NeuralNetwork.py[line:193] INFO Model dumped to relu-softmax-1600-0.00001-epoch-97.model
2014-12-14 19:33:24 NeuralNetwork.py[line:93] INFO Testing...
2014-12-14 19:33:24 NeuralNetwork.py[line:148] INFO Start testing: len 10000 batch_size 100
2014-12-14 19:33:30 NeuralNetwork.py[line:161] INFO Done forward. Outputs: 10000
2014-12-14 19:33:30 NeuralNetwork.py[line:165] INFO 10000 tested.
2014-12-14 19:33:30 NeuralNetwork.py[line:94] INFO Accuracy: 0.513600
2014-12-14 19:33:30 NeuralNetwork.py[line:79] INFO Epoch 98 Batch 0 Avg loss 0.422865
2014-12-14 19:34:30 NeuralNetwork.py[line:79] INFO Epoch 98 Batch 309 Avg loss 0.574127
2014-12-14 19:35:05 NeuralNetwork.py[line:86] INFO Epoch 98 Loss 0.579371 Time elapsed 95.295796
2014-12-14 19:35:06 NeuralNetwork.py[line:193] INFO Model dumped to relu-softmax-1600-0.00001-epoch-98.model
2014-12-14 19:35:06 NeuralNetwork.py[line:93] INFO Testing...
2014-12-14 19:35:06 NeuralNetwork.py[line:148] INFO Start testing: len 10000 batch_size 100
2014-12-14 19:35:12 NeuralNetwork.py[line:161] INFO Done forward. Outputs: 10000
2014-12-14 19:35:12 NeuralNetwork.py[line:165] INFO 10000 tested.
2014-12-14 19:35:12 NeuralNetwork.py[line:94] INFO Accuracy: 0.511200
2014-12-14 19:35:12 NeuralNetwork.py[line:79] INFO Epoch 99 Batch 0 Avg loss 0.428144
2014-12-14 19:36:12 NeuralNetwork.py[line:79] INFO Epoch 99 Batch 322 Avg loss 0.558035
2014-12-14 19:36:45 NeuralNetwork.py[line:86] INFO Epoch 99 Loss 0.568340 Time elapsed 93.168629
2014-12-14 19:36:46 NeuralNetwork.py[line:193] INFO Model dumped to relu-softmax-1600-0.00001-epoch-99.model
2014-12-14 19:36:46 NeuralNetwork.py[line:93] INFO Testing...
2014-12-14 19:36:46 NeuralNetwork.py[line:148] INFO Start testing: len 10000 batch_size 100
2014-12-14 19:36:52 NeuralNetwork.py[line:161] INFO Done forward. Outputs: 10000
2014-12-14 19:36:52 NeuralNetwork.py[line:165] INFO 10000 tested.
2014-12-14 19:36:52 NeuralNetwork.py[line:94] INFO Accuracy: 0.507700
2014-12-14 19:36:52 NeuralNetwork.py[line:148] INFO Start testing: len 10000 batch_size 100
2014-12-14 19:36:58 NeuralNetwork.py[line:161] INFO Done forward. Outputs: 10000
2014-12-14 19:36:58 NeuralNetwork.py[line:165] INFO 10000 tested.
(0.50770000000000004, array([[726,  16,  34,  12,  19,  72,  19,  17,  46,  39],
       [ 75, 563,  13,  28,   6,  57,  15,  29,  43, 171],
       [100,   9, 293,  47, 111, 326,  36,  50,  10,  18],
       [ 47,  17,  43, 230,  29, 512,  54,  41,   5,  22],
       [ 90,   6,  75,  31, 398, 270,  48,  63,   6,  13],
       [ 18,   1,  19,  84,  33, 768,  22,  36,   5,  14],
       [ 22,   6,  46,  61,  78, 274, 470,  11,   5,  27],
       [ 59,   4,  29,  33,  52, 255,  13, 530,   0,  25],
       [217,  47,  21,  24,  13,  93,   5,  11, 512,  57],
       [ 86, 109,   8,  33,   9,  84,  14,  48,  22, 587]]))
