2014-12-14 16:30:31 NeuralNetwork.py[line:37] INFO Activation sigmoid loss type mse
2014-12-14 16:30:31 NeuralNetwork.py[line:60] INFO start fitting epoch 100 batchsize 100 LR [0.001, 0.001]
2014-12-14 16:30:31 NeuralNetwork.py[line:79] INFO Epoch 0 Batch 0 Avg loss 1.247530
2014-12-14 16:31:22 NeuralNetwork.py[line:86] INFO Epoch 0 Loss 0.458203 Time elapsed 51.143264
2014-12-14 16:31:22 NeuralNetwork.py[line:193] INFO Model dumped to sigmoid-mse-800-0.001-epoch-0.model
2014-12-14 16:31:22 NeuralNetwork.py[line:93] INFO Testing...
2014-12-14 16:31:22 NeuralNetwork.py[line:148] INFO Start testing: len 10000 batch_size 100
2014-12-14 16:31:26 NeuralNetwork.py[line:161] INFO Done forward. Outputs: 10000
2014-12-14 16:31:26 NeuralNetwork.py[line:165] INFO 10000 tested.
2014-12-14 16:31:26 NeuralNetwork.py[line:94] INFO Accuracy: 0.166600
2014-12-14 16:31:27 NeuralNetwork.py[line:79] INFO Epoch 1 Batch 0 Avg loss 0.447010
2014-12-14 16:32:22 NeuralNetwork.py[line:86] INFO Epoch 1 Loss 0.437852 Time elapsed 55.544398
2014-12-14 16:32:22 NeuralNetwork.py[line:193] INFO Model dumped to sigmoid-mse-800-0.001-epoch-1.model
2014-12-14 16:32:22 NeuralNetwork.py[line:93] INFO Testing...
2014-12-14 16:32:22 NeuralNetwork.py[line:148] INFO Start testing: len 10000 batch_size 100
2014-12-14 16:32:26 NeuralNetwork.py[line:161] INFO Done forward. Outputs: 10000
2014-12-14 16:32:26 NeuralNetwork.py[line:165] INFO 10000 tested.
2014-12-14 16:32:26 NeuralNetwork.py[line:94] INFO Accuracy: 0.200200
2014-12-14 16:32:26 NeuralNetwork.py[line:79] INFO Epoch 2 Batch 0 Avg loss 0.439908
2014-12-14 16:33:23 NeuralNetwork.py[line:86] INFO Epoch 2 Loss 0.428777 Time elapsed 57.431750
2014-12-14 16:33:24 NeuralNetwork.py[line:193] INFO Model dumped to sigmoid-mse-800-0.001-epoch-2.model
2014-12-14 16:33:24 NeuralNetwork.py[line:93] INFO Testing...
2014-12-14 16:33:24 NeuralNetwork.py[line:148] INFO Start testing: len 10000 batch_size 100
2014-12-14 16:33:27 NeuralNetwork.py[line:161] INFO Done forward. Outputs: 10000
2014-12-14 16:33:27 NeuralNetwork.py[line:165] INFO 10000 tested.
2014-12-14 16:33:27 NeuralNetwork.py[line:94] INFO Accuracy: 0.246200
2014-12-14 16:33:27 NeuralNetwork.py[line:79] INFO Epoch 3 Batch 0 Avg loss 0.433507
2014-12-14 16:34:24 NeuralNetwork.py[line:86] INFO Epoch 3 Loss 0.421549 Time elapsed 56.738893
2014-12-14 16:34:24 NeuralNetwork.py[line:193] INFO Model dumped to sigmoid-mse-800-0.001-epoch-3.model
2014-12-14 16:34:24 NeuralNetwork.py[line:93] INFO Testing...
2014-12-14 16:34:24 NeuralNetwork.py[line:148] INFO Start testing: len 10000 batch_size 100
2014-12-14 16:34:27 NeuralNetwork.py[line:161] INFO Done forward. Outputs: 10000
2014-12-14 16:34:27 NeuralNetwork.py[line:165] INFO 10000 tested.
2014-12-14 16:34:27 NeuralNetwork.py[line:94] INFO Accuracy: 0.284600
2014-12-14 16:34:27 NeuralNetwork.py[line:79] INFO Epoch 4 Batch 0 Avg loss 0.427787
2014-12-14 16:35:27 NeuralNetwork.py[line:79] INFO Epoch 4 Batch 488 Avg loss 0.415981
2014-12-14 16:35:29 NeuralNetwork.py[line:86] INFO Epoch 4 Loss 0.415890 Time elapsed 61.730464
2014-12-14 16:35:30 NeuralNetwork.py[line:193] INFO Model dumped to sigmoid-mse-800-0.001-epoch-4.model
2014-12-14 16:35:30 NeuralNetwork.py[line:93] INFO Testing...
2014-12-14 16:35:30 NeuralNetwork.py[line:148] INFO Start testing: len 10000 batch_size 100
2014-12-14 16:35:34 NeuralNetwork.py[line:161] INFO Done forward. Outputs: 10000
2014-12-14 16:35:34 NeuralNetwork.py[line:165] INFO 10000 tested.
2014-12-14 16:35:34 NeuralNetwork.py[line:94] INFO Accuracy: 0.304800
2014-12-14 16:35:34 NeuralNetwork.py[line:79] INFO Epoch 5 Batch 0 Avg loss 0.422534
2014-12-14 16:36:34 NeuralNetwork.py[line:79] INFO Epoch 5 Batch 492 Avg loss 0.411466
2014-12-14 16:36:35 NeuralNetwork.py[line:86] INFO Epoch 5 Loss 0.411444 Time elapsed 60.998405
2014-12-14 16:36:35 NeuralNetwork.py[line:193] INFO Model dumped to sigmoid-mse-800-0.001-epoch-5.model
2014-12-14 16:36:35 NeuralNetwork.py[line:93] INFO Testing...
2014-12-14 16:36:35 NeuralNetwork.py[line:148] INFO Start testing: len 10000 batch_size 100
2014-12-14 16:36:39 NeuralNetwork.py[line:161] INFO Done forward. Outputs: 10000
2014-12-14 16:36:39 NeuralNetwork.py[line:165] INFO 10000 tested.
2014-12-14 16:36:39 NeuralNetwork.py[line:94] INFO Accuracy: 0.323400
2014-12-14 16:36:39 NeuralNetwork.py[line:79] INFO Epoch 6 Batch 0 Avg loss 0.417565
2014-12-14 16:37:39 NeuralNetwork.py[line:79] INFO Epoch 6 Batch 478 Avg loss 0.407940
2014-12-14 16:37:41 NeuralNetwork.py[line:86] INFO Epoch 6 Loss 0.407961 Time elapsed 62.706784
2014-12-14 16:37:42 NeuralNetwork.py[line:193] INFO Model dumped to sigmoid-mse-800-0.001-epoch-6.model
2014-12-14 16:37:42 NeuralNetwork.py[line:93] INFO Testing...
2014-12-14 16:37:42 NeuralNetwork.py[line:148] INFO Start testing: len 10000 batch_size 100
2014-12-14 16:37:45 NeuralNetwork.py[line:161] INFO Done forward. Outputs: 10000
2014-12-14 16:37:45 NeuralNetwork.py[line:165] INFO 10000 tested.
2014-12-14 16:37:45 NeuralNetwork.py[line:94] INFO Accuracy: 0.337600
2014-12-14 16:37:45 NeuralNetwork.py[line:79] INFO Epoch 7 Batch 0 Avg loss 0.416576
2014-12-14 16:38:45 NeuralNetwork.py[line:79] INFO Epoch 7 Batch 474 Avg loss 0.404946
2014-12-14 16:38:49 NeuralNetwork.py[line:86] INFO Epoch 7 Loss 0.404952 Time elapsed 63.454470
2014-12-14 16:38:49 NeuralNetwork.py[line:193] INFO Model dumped to sigmoid-mse-800-0.001-epoch-7.model
2014-12-14 16:38:49 NeuralNetwork.py[line:93] INFO Testing...
2014-12-14 16:38:49 NeuralNetwork.py[line:148] INFO Start testing: len 10000 batch_size 100
2014-12-14 16:38:52 NeuralNetwork.py[line:161] INFO Done forward. Outputs: 10000
2014-12-14 16:38:52 NeuralNetwork.py[line:165] INFO 10000 tested.
2014-12-14 16:38:52 NeuralNetwork.py[line:94] INFO Accuracy: 0.344600
2014-12-14 16:38:52 NeuralNetwork.py[line:79] INFO Epoch 8 Batch 0 Avg loss 0.413288
2014-12-14 16:39:53 NeuralNetwork.py[line:79] INFO Epoch 8 Batch 463 Avg loss 0.402640
2014-12-14 16:39:57 NeuralNetwork.py[line:86] INFO Epoch 8 Loss 0.402687 Time elapsed 64.787947
2014-12-14 16:39:57 NeuralNetwork.py[line:193] INFO Model dumped to sigmoid-mse-800-0.001-epoch-8.model
2014-12-14 16:39:57 NeuralNetwork.py[line:93] INFO Testing...
2014-12-14 16:39:57 NeuralNetwork.py[line:148] INFO Start testing: len 10000 batch_size 100
2014-12-14 16:40:01 NeuralNetwork.py[line:161] INFO Done forward. Outputs: 10000
2014-12-14 16:40:01 NeuralNetwork.py[line:165] INFO 10000 tested.
2014-12-14 16:40:01 NeuralNetwork.py[line:94] INFO Accuracy: 0.348200
2014-12-14 16:40:01 NeuralNetwork.py[line:79] INFO Epoch 9 Batch 0 Avg loss 0.410531
2014-12-14 16:41:01 NeuralNetwork.py[line:79] INFO Epoch 9 Batch 445 Avg loss 0.400349
2014-12-14 16:41:10 NeuralNetwork.py[line:86] INFO Epoch 9 Loss 0.400520 Time elapsed 69.277513
2014-12-14 16:41:11 NeuralNetwork.py[line:193] INFO Model dumped to sigmoid-mse-800-0.001-epoch-9.model
2014-12-14 16:41:11 NeuralNetwork.py[line:93] INFO Testing...
2014-12-14 16:41:11 NeuralNetwork.py[line:148] INFO Start testing: len 10000 batch_size 100
2014-12-14 16:41:14 NeuralNetwork.py[line:161] INFO Done forward. Outputs: 10000
2014-12-14 16:41:14 NeuralNetwork.py[line:165] INFO 10000 tested.
2014-12-14 16:41:14 NeuralNetwork.py[line:94] INFO Accuracy: 0.354000
2014-12-14 16:41:14 NeuralNetwork.py[line:79] INFO Epoch 10 Batch 0 Avg loss 0.409427
2014-12-14 16:42:14 NeuralNetwork.py[line:79] INFO Epoch 10 Batch 450 Avg loss 0.399191
2014-12-14 16:42:20 NeuralNetwork.py[line:86] INFO Epoch 10 Loss 0.399331 Time elapsed 65.752202
2014-12-14 16:42:20 NeuralNetwork.py[line:193] INFO Model dumped to sigmoid-mse-800-0.001-epoch-10.model
2014-12-14 16:42:20 NeuralNetwork.py[line:93] INFO Testing...
2014-12-14 16:42:20 NeuralNetwork.py[line:148] INFO Start testing: len 10000 batch_size 100
2014-12-14 16:42:24 NeuralNetwork.py[line:161] INFO Done forward. Outputs: 10000
2014-12-14 16:42:24 NeuralNetwork.py[line:165] INFO 10000 tested.
2014-12-14 16:42:24 NeuralNetwork.py[line:94] INFO Accuracy: 0.359800
2014-12-14 16:42:24 NeuralNetwork.py[line:79] INFO Epoch 11 Batch 0 Avg loss 0.405189
2014-12-14 16:43:24 NeuralNetwork.py[line:79] INFO Epoch 11 Batch 419 Avg loss 0.397863
2014-12-14 16:43:37 NeuralNetwork.py[line:86] INFO Epoch 11 Loss 0.398014 Time elapsed 73.569650
2014-12-14 16:43:38 NeuralNetwork.py[line:193] INFO Model dumped to sigmoid-mse-800-0.001-epoch-11.model
2014-12-14 16:43:38 NeuralNetwork.py[line:93] INFO Testing...
2014-12-14 16:43:38 NeuralNetwork.py[line:148] INFO Start testing: len 10000 batch_size 100
2014-12-14 16:43:41 NeuralNetwork.py[line:161] INFO Done forward. Outputs: 10000
2014-12-14 16:43:41 NeuralNetwork.py[line:165] INFO 10000 tested.
2014-12-14 16:43:41 NeuralNetwork.py[line:94] INFO Accuracy: 0.356500
2014-12-14 16:43:41 NeuralNetwork.py[line:79] INFO Epoch 12 Batch 0 Avg loss 0.406856
2014-12-14 16:44:42 NeuralNetwork.py[line:79] INFO Epoch 12 Batch 365 Avg loss 0.396900
2014-12-14 16:45:03 NeuralNetwork.py[line:86] INFO Epoch 12 Loss 0.397049 Time elapsed 82.196337
2014-12-14 16:45:04 NeuralNetwork.py[line:193] INFO Model dumped to sigmoid-mse-800-0.001-epoch-12.model
2014-12-14 16:45:04 NeuralNetwork.py[line:93] INFO Testing...
2014-12-14 16:45:04 NeuralNetwork.py[line:148] INFO Start testing: len 10000 batch_size 100
2014-12-14 16:45:07 NeuralNetwork.py[line:161] INFO Done forward. Outputs: 10000
2014-12-14 16:45:07 NeuralNetwork.py[line:165] INFO 10000 tested.
2014-12-14 16:45:07 NeuralNetwork.py[line:94] INFO Accuracy: 0.361600
2014-12-14 16:45:07 NeuralNetwork.py[line:79] INFO Epoch 13 Batch 0 Avg loss 0.406318
2014-12-14 16:46:07 NeuralNetwork.py[line:79] INFO Epoch 13 Batch 380 Avg loss 0.395821
2014-12-14 16:46:25 NeuralNetwork.py[line:86] INFO Epoch 13 Loss 0.396030 Time elapsed 78.037671
2014-12-14 16:46:26 NeuralNetwork.py[line:193] INFO Model dumped to sigmoid-mse-800-0.001-epoch-13.model
2014-12-14 16:46:26 NeuralNetwork.py[line:93] INFO Testing...
2014-12-14 16:46:26 NeuralNetwork.py[line:148] INFO Start testing: len 10000 batch_size 100
2014-12-14 16:46:29 NeuralNetwork.py[line:161] INFO Done forward. Outputs: 10000
2014-12-14 16:46:29 NeuralNetwork.py[line:165] INFO 10000 tested.
2014-12-14 16:46:29 NeuralNetwork.py[line:94] INFO Accuracy: 0.368000
2014-12-14 16:46:29 NeuralNetwork.py[line:79] INFO Epoch 14 Batch 0 Avg loss 0.404203
2014-12-14 16:47:29 NeuralNetwork.py[line:79] INFO Epoch 14 Batch 353 Avg loss 0.395648
2014-12-14 16:47:53 NeuralNetwork.py[line:86] INFO Epoch 14 Loss 0.395970 Time elapsed 83.861495
2014-12-14 16:47:53 NeuralNetwork.py[line:193] INFO Model dumped to sigmoid-mse-800-0.001-epoch-14.model
2014-12-14 16:47:53 NeuralNetwork.py[line:93] INFO Testing...
2014-12-14 16:47:53 NeuralNetwork.py[line:148] INFO Start testing: len 10000 batch_size 100
2014-12-14 16:47:57 NeuralNetwork.py[line:161] INFO Done forward. Outputs: 10000
2014-12-14 16:47:57 NeuralNetwork.py[line:165] INFO 10000 tested.
2014-12-14 16:47:57 NeuralNetwork.py[line:94] INFO Accuracy: 0.360100
2014-12-14 16:47:57 NeuralNetwork.py[line:79] INFO Epoch 15 Batch 0 Avg loss 0.405983
2014-12-14 16:48:57 NeuralNetwork.py[line:79] INFO Epoch 15 Batch 375 Avg loss 0.395265
2014-12-14 16:49:17 NeuralNetwork.py[line:86] INFO Epoch 15 Loss 0.395876 Time elapsed 80.363766
2014-12-14 16:49:18 NeuralNetwork.py[line:193] INFO Model dumped to sigmoid-mse-800-0.001-epoch-15.model
2014-12-14 16:49:18 NeuralNetwork.py[line:93] INFO Testing...
2014-12-14 16:49:18 NeuralNetwork.py[line:148] INFO Start testing: len 10000 batch_size 100
2014-12-14 16:49:21 NeuralNetwork.py[line:161] INFO Done forward. Outputs: 10000
2014-12-14 16:49:21 NeuralNetwork.py[line:165] INFO 10000 tested.
2014-12-14 16:49:21 NeuralNetwork.py[line:94] INFO Accuracy: 0.359000
2014-12-14 16:49:21 NeuralNetwork.py[line:79] INFO Epoch 16 Batch 0 Avg loss 0.405350
2014-12-14 16:50:21 NeuralNetwork.py[line:79] INFO Epoch 16 Batch 341 Avg loss 0.395840
2014-12-14 16:50:47 NeuralNetwork.py[line:86] INFO Epoch 16 Loss 0.396107 Time elapsed 85.960103
2014-12-14 16:50:47 NeuralNetwork.py[line:193] INFO Model dumped to sigmoid-mse-800-0.001-epoch-16.model
2014-12-14 16:50:47 NeuralNetwork.py[line:93] INFO Testing...
2014-12-14 16:50:47 NeuralNetwork.py[line:148] INFO Start testing: len 10000 batch_size 100
2014-12-14 16:50:51 NeuralNetwork.py[line:161] INFO Done forward. Outputs: 10000
2014-12-14 16:50:51 NeuralNetwork.py[line:165] INFO 10000 tested.
2014-12-14 16:50:51 NeuralNetwork.py[line:94] INFO Accuracy: 0.359600
2014-12-14 16:50:51 NeuralNetwork.py[line:79] INFO Epoch 17 Batch 0 Avg loss 0.404645
2014-12-14 16:51:51 NeuralNetwork.py[line:79] INFO Epoch 17 Batch 409 Avg loss 0.395080
2014-12-14 16:52:04 NeuralNetwork.py[line:86] INFO Epoch 17 Loss 0.395347 Time elapsed 73.403901
2014-12-14 16:52:04 NeuralNetwork.py[line:193] INFO Model dumped to sigmoid-mse-800-0.001-epoch-17.model
2014-12-14 16:52:04 NeuralNetwork.py[line:93] INFO Testing...
2014-12-14 16:52:04 NeuralNetwork.py[line:148] INFO Start testing: len 10000 batch_size 100
2014-12-14 16:52:08 NeuralNetwork.py[line:161] INFO Done forward. Outputs: 10000
2014-12-14 16:52:08 NeuralNetwork.py[line:165] INFO 10000 tested.
2014-12-14 16:52:08 NeuralNetwork.py[line:94] INFO Accuracy: 0.362100
2014-12-14 16:52:08 NeuralNetwork.py[line:79] INFO Epoch 18 Batch 0 Avg loss 0.406384
2014-12-14 16:53:08 NeuralNetwork.py[line:79] INFO Epoch 18 Batch 392 Avg loss 0.394840
2014-12-14 16:53:26 NeuralNetwork.py[line:86] INFO Epoch 18 Loss 0.395201 Time elapsed 78.620675
2014-12-14 16:53:27 NeuralNetwork.py[line:193] INFO Model dumped to sigmoid-mse-800-0.001-epoch-18.model
2014-12-14 16:53:27 NeuralNetwork.py[line:93] INFO Testing...
2014-12-14 16:53:27 NeuralNetwork.py[line:148] INFO Start testing: len 10000 batch_size 100
2014-12-14 16:53:30 NeuralNetwork.py[line:161] INFO Done forward. Outputs: 10000
2014-12-14 16:53:30 NeuralNetwork.py[line:165] INFO 10000 tested.
2014-12-14 16:53:30 NeuralNetwork.py[line:94] INFO Accuracy: 0.363700
2014-12-14 16:53:30 NeuralNetwork.py[line:79] INFO Epoch 19 Batch 0 Avg loss 0.404896
2014-12-14 16:54:31 NeuralNetwork.py[line:79] INFO Epoch 19 Batch 356 Avg loss 0.394338
2014-12-14 16:54:56 NeuralNetwork.py[line:86] INFO Epoch 19 Loss 0.394698 Time elapsed 86.024177
2014-12-14 16:54:57 NeuralNetwork.py[line:193] INFO Model dumped to sigmoid-mse-800-0.001-epoch-19.model
2014-12-14 16:54:57 NeuralNetwork.py[line:93] INFO Testing...
2014-12-14 16:54:57 NeuralNetwork.py[line:148] INFO Start testing: len 10000 batch_size 100
2014-12-14 16:55:00 NeuralNetwork.py[line:161] INFO Done forward. Outputs: 10000
2014-12-14 16:55:00 NeuralNetwork.py[line:165] INFO 10000 tested.
2014-12-14 16:55:00 NeuralNetwork.py[line:94] INFO Accuracy: 0.368900
2014-12-14 16:55:00 NeuralNetwork.py[line:79] INFO Epoch 20 Batch 0 Avg loss 0.403463
2014-12-14 16:56:00 NeuralNetwork.py[line:79] INFO Epoch 20 Batch 325 Avg loss 0.394761
2014-12-14 16:56:34 NeuralNetwork.py[line:86] INFO Epoch 20 Loss 0.395191 Time elapsed 94.355764
2014-12-14 16:56:35 NeuralNetwork.py[line:193] INFO Model dumped to sigmoid-mse-800-0.001-epoch-20.model
2014-12-14 16:56:35 NeuralNetwork.py[line:93] INFO Testing...
2014-12-14 16:56:35 NeuralNetwork.py[line:148] INFO Start testing: len 10000 batch_size 100
2014-12-14 16:56:39 NeuralNetwork.py[line:161] INFO Done forward. Outputs: 10000
2014-12-14 16:56:39 NeuralNetwork.py[line:165] INFO 10000 tested.
2014-12-14 16:56:39 NeuralNetwork.py[line:94] INFO Accuracy: 0.364000
2014-12-14 16:56:39 NeuralNetwork.py[line:79] INFO Epoch 21 Batch 0 Avg loss 0.402892
2014-12-14 16:57:39 NeuralNetwork.py[line:79] INFO Epoch 21 Batch 320 Avg loss 0.393515
2014-12-14 16:58:14 NeuralNetwork.py[line:86] INFO Epoch 21 Loss 0.394144 Time elapsed 95.183389
2014-12-14 16:58:15 NeuralNetwork.py[line:193] INFO Model dumped to sigmoid-mse-800-0.001-epoch-21.model
2014-12-14 16:58:15 NeuralNetwork.py[line:93] INFO Testing...
2014-12-14 16:58:15 NeuralNetwork.py[line:148] INFO Start testing: len 10000 batch_size 100
2014-12-14 16:58:18 NeuralNetwork.py[line:161] INFO Done forward. Outputs: 10000
2014-12-14 16:58:18 NeuralNetwork.py[line:165] INFO 10000 tested.
2014-12-14 16:58:18 NeuralNetwork.py[line:94] INFO Accuracy: 0.365800
2014-12-14 16:58:18 NeuralNetwork.py[line:79] INFO Epoch 22 Batch 0 Avg loss 0.405012
2014-12-14 16:59:18 NeuralNetwork.py[line:79] INFO Epoch 22 Batch 291 Avg loss 0.393926
2014-12-14 17:00:02 NeuralNetwork.py[line:86] INFO Epoch 22 Loss 0.394408 Time elapsed 103.816737
2014-12-14 17:00:02 NeuralNetwork.py[line:193] INFO Model dumped to sigmoid-mse-800-0.001-epoch-22.model
2014-12-14 17:00:02 NeuralNetwork.py[line:93] INFO Testing...
2014-12-14 17:00:02 NeuralNetwork.py[line:148] INFO Start testing: len 10000 batch_size 100
2014-12-14 17:00:06 NeuralNetwork.py[line:161] INFO Done forward. Outputs: 10000
2014-12-14 17:00:06 NeuralNetwork.py[line:165] INFO 10000 tested.
2014-12-14 17:00:06 NeuralNetwork.py[line:94] INFO Accuracy: 0.357700
2014-12-14 17:00:06 NeuralNetwork.py[line:79] INFO Epoch 23 Batch 0 Avg loss 0.404373
2014-12-14 17:01:06 NeuralNetwork.py[line:79] INFO Epoch 23 Batch 300 Avg loss 0.393652
2014-12-14 17:01:50 NeuralNetwork.py[line:86] INFO Epoch 23 Loss 0.394361 Time elapsed 104.005848
2014-12-14 17:01:50 NeuralNetwork.py[line:193] INFO Model dumped to sigmoid-mse-800-0.001-epoch-23.model
2014-12-14 17:01:50 NeuralNetwork.py[line:93] INFO Testing...
2014-12-14 17:01:50 NeuralNetwork.py[line:148] INFO Start testing: len 10000 batch_size 100
2014-12-14 17:01:54 NeuralNetwork.py[line:161] INFO Done forward. Outputs: 10000
2014-12-14 17:01:54 NeuralNetwork.py[line:165] INFO 10000 tested.
2014-12-14 17:01:54 NeuralNetwork.py[line:94] INFO Accuracy: 0.364700
2014-12-14 17:01:54 NeuralNetwork.py[line:79] INFO Epoch 24 Batch 0 Avg loss 0.405753
2014-12-14 17:02:54 NeuralNetwork.py[line:79] INFO Epoch 24 Batch 289 Avg loss 0.394289
2014-12-14 17:03:38 NeuralNetwork.py[line:86] INFO Epoch 24 Loss 0.394691 Time elapsed 104.267632
2014-12-14 17:03:39 NeuralNetwork.py[line:193] INFO Model dumped to sigmoid-mse-800-0.001-epoch-24.model
2014-12-14 17:03:39 NeuralNetwork.py[line:93] INFO Testing...
2014-12-14 17:03:39 NeuralNetwork.py[line:148] INFO Start testing: len 10000 batch_size 100
2014-12-14 17:03:42 NeuralNetwork.py[line:161] INFO Done forward. Outputs: 10000
2014-12-14 17:03:42 NeuralNetwork.py[line:165] INFO 10000 tested.
2014-12-14 17:03:42 NeuralNetwork.py[line:94] INFO Accuracy: 0.362500
2014-12-14 17:03:42 NeuralNetwork.py[line:79] INFO Epoch 25 Batch 0 Avg loss 0.404277
2014-12-14 17:04:42 NeuralNetwork.py[line:79] INFO Epoch 25 Batch 303 Avg loss 0.394336
2014-12-14 17:05:19 NeuralNetwork.py[line:86] INFO Epoch 25 Loss 0.394799 Time elapsed 96.517095
2014-12-14 17:05:19 NeuralNetwork.py[line:193] INFO Model dumped to sigmoid-mse-800-0.001-epoch-25.model
2014-12-14 17:05:19 NeuralNetwork.py[line:93] INFO Testing...
2014-12-14 17:05:19 NeuralNetwork.py[line:148] INFO Start testing: len 10000 batch_size 100
2014-12-14 17:05:23 NeuralNetwork.py[line:161] INFO Done forward. Outputs: 10000
2014-12-14 17:05:23 NeuralNetwork.py[line:165] INFO 10000 tested.
2014-12-14 17:05:23 NeuralNetwork.py[line:94] INFO Accuracy: 0.368200
2014-12-14 17:05:23 NeuralNetwork.py[line:79] INFO Epoch 26 Batch 0 Avg loss 0.404139
2014-12-14 17:06:23 NeuralNetwork.py[line:79] INFO Epoch 26 Batch 340 Avg loss 0.394603
2014-12-14 17:06:51 NeuralNetwork.py[line:86] INFO Epoch 26 Loss 0.394821 Time elapsed 88.467802
2014-12-14 17:06:51 NeuralNetwork.py[line:193] INFO Model dumped to sigmoid-mse-800-0.001-epoch-26.model
2014-12-14 17:06:51 NeuralNetwork.py[line:93] INFO Testing...
2014-12-14 17:06:51 NeuralNetwork.py[line:148] INFO Start testing: len 10000 batch_size 100
2014-12-14 17:06:55 NeuralNetwork.py[line:161] INFO Done forward. Outputs: 10000
2014-12-14 17:06:55 NeuralNetwork.py[line:165] INFO 10000 tested.
2014-12-14 17:06:55 NeuralNetwork.py[line:94] INFO Accuracy: 0.364700
2014-12-14 17:06:55 NeuralNetwork.py[line:79] INFO Epoch 27 Batch 0 Avg loss 0.403271
2014-12-14 17:07:55 NeuralNetwork.py[line:79] INFO Epoch 27 Batch 334 Avg loss 0.394329
2014-12-14 17:08:25 NeuralNetwork.py[line:86] INFO Epoch 27 Loss 0.394578 Time elapsed 90.084185
2014-12-14 17:08:26 NeuralNetwork.py[line:193] INFO Model dumped to sigmoid-mse-800-0.001-epoch-27.model
2014-12-14 17:08:26 NeuralNetwork.py[line:93] INFO Testing...
2014-12-14 17:08:26 NeuralNetwork.py[line:148] INFO Start testing: len 10000 batch_size 100
2014-12-14 17:08:29 NeuralNetwork.py[line:161] INFO Done forward. Outputs: 10000
2014-12-14 17:08:29 NeuralNetwork.py[line:165] INFO 10000 tested.
2014-12-14 17:08:29 NeuralNetwork.py[line:94] INFO Accuracy: 0.362600
2014-12-14 17:08:29 NeuralNetwork.py[line:79] INFO Epoch 28 Batch 0 Avg loss 0.403637
2014-12-14 17:09:29 NeuralNetwork.py[line:79] INFO Epoch 28 Batch 328 Avg loss 0.394479
2014-12-14 17:09:59 NeuralNetwork.py[line:86] INFO Epoch 28 Loss 0.395054 Time elapsed 89.589937
2014-12-14 17:09:59 NeuralNetwork.py[line:193] INFO Model dumped to sigmoid-mse-800-0.001-epoch-28.model
2014-12-14 17:09:59 NeuralNetwork.py[line:93] INFO Testing...
2014-12-14 17:09:59 NeuralNetwork.py[line:148] INFO Start testing: len 10000 batch_size 100
2014-12-14 17:10:02 NeuralNetwork.py[line:161] INFO Done forward. Outputs: 10000
2014-12-14 17:10:02 NeuralNetwork.py[line:165] INFO 10000 tested.
2014-12-14 17:10:02 NeuralNetwork.py[line:94] INFO Accuracy: 0.363300
2014-12-14 17:10:02 NeuralNetwork.py[line:79] INFO Epoch 29 Batch 0 Avg loss 0.402822
2014-12-14 17:11:02 NeuralNetwork.py[line:79] INFO Epoch 29 Batch 394 Avg loss 0.394410
2014-12-14 17:11:19 NeuralNetwork.py[line:86] INFO Epoch 29 Loss 0.394822 Time elapsed 76.842084
2014-12-14 17:11:19 NeuralNetwork.py[line:193] INFO Model dumped to sigmoid-mse-800-0.001-epoch-29.model
2014-12-14 17:11:19 NeuralNetwork.py[line:93] INFO Testing...
2014-12-14 17:11:19 NeuralNetwork.py[line:148] INFO Start testing: len 10000 batch_size 100
2014-12-14 17:11:23 NeuralNetwork.py[line:161] INFO Done forward. Outputs: 10000
2014-12-14 17:11:23 NeuralNetwork.py[line:165] INFO 10000 tested.
2014-12-14 17:11:23 NeuralNetwork.py[line:94] INFO Accuracy: 0.362800
2014-12-14 17:11:23 NeuralNetwork.py[line:79] INFO Epoch 30 Batch 0 Avg loss 0.402964
2014-12-14 17:12:23 NeuralNetwork.py[line:79] INFO Epoch 30 Batch 360 Avg loss 0.395707
2014-12-14 17:12:48 NeuralNetwork.py[line:86] INFO Epoch 30 Loss 0.396109 Time elapsed 85.542206
2014-12-14 17:12:49 NeuralNetwork.py[line:193] INFO Model dumped to sigmoid-mse-800-0.001-epoch-30.model
2014-12-14 17:12:49 NeuralNetwork.py[line:93] INFO Testing...
2014-12-14 17:12:49 NeuralNetwork.py[line:148] INFO Start testing: len 10000 batch_size 100
2014-12-14 17:12:52 NeuralNetwork.py[line:161] INFO Done forward. Outputs: 10000
2014-12-14 17:12:52 NeuralNetwork.py[line:165] INFO 10000 tested.
2014-12-14 17:12:52 NeuralNetwork.py[line:94] INFO Accuracy: 0.366500
2014-12-14 17:12:52 NeuralNetwork.py[line:79] INFO Epoch 31 Batch 0 Avg loss 0.404015
2014-12-14 17:13:52 NeuralNetwork.py[line:79] INFO Epoch 31 Batch 351 Avg loss 0.395757
2014-12-14 17:14:21 NeuralNetwork.py[line:86] INFO Epoch 31 Loss 0.396249 Time elapsed 89.160041
2014-12-14 17:14:21 NeuralNetwork.py[line:193] INFO Model dumped to sigmoid-mse-800-0.001-epoch-31.model
2014-12-14 17:14:21 NeuralNetwork.py[line:93] INFO Testing...
2014-12-14 17:14:21 NeuralNetwork.py[line:148] INFO Start testing: len 10000 batch_size 100
2014-12-14 17:14:25 NeuralNetwork.py[line:161] INFO Done forward. Outputs: 10000
2014-12-14 17:14:25 NeuralNetwork.py[line:165] INFO 10000 tested.
2014-12-14 17:14:25 NeuralNetwork.py[line:94] INFO Accuracy: 0.364900
2014-12-14 17:14:25 NeuralNetwork.py[line:79] INFO Epoch 32 Batch 0 Avg loss 0.405262
2014-12-14 17:15:25 NeuralNetwork.py[line:79] INFO Epoch 32 Batch 310 Avg loss 0.395538
2014-12-14 17:16:02 NeuralNetwork.py[line:86] INFO Epoch 32 Loss 0.395982 Time elapsed 97.096687
2014-12-14 17:16:02 NeuralNetwork.py[line:193] INFO Model dumped to sigmoid-mse-800-0.001-epoch-32.model
2014-12-14 17:16:02 NeuralNetwork.py[line:93] INFO Testing...
2014-12-14 17:16:02 NeuralNetwork.py[line:148] INFO Start testing: len 10000 batch_size 100
2014-12-14 17:16:06 NeuralNetwork.py[line:161] INFO Done forward. Outputs: 10000
2014-12-14 17:16:06 NeuralNetwork.py[line:165] INFO 10000 tested.
2014-12-14 17:16:06 NeuralNetwork.py[line:94] INFO Accuracy: 0.364900
2014-12-14 17:16:06 NeuralNetwork.py[line:79] INFO Epoch 33 Batch 0 Avg loss 0.402382
2014-12-14 17:17:06 NeuralNetwork.py[line:79] INFO Epoch 33 Batch 357 Avg loss 0.394964
2014-12-14 17:17:31 NeuralNetwork.py[line:86] INFO Epoch 33 Loss 0.395508 Time elapsed 85.265805
2014-12-14 17:17:31 NeuralNetwork.py[line:193] INFO Model dumped to sigmoid-mse-800-0.001-epoch-33.model
2014-12-14 17:17:31 NeuralNetwork.py[line:93] INFO Testing...
2014-12-14 17:17:31 NeuralNetwork.py[line:148] INFO Start testing: len 10000 batch_size 100
2014-12-14 17:17:35 NeuralNetwork.py[line:161] INFO Done forward. Outputs: 10000
2014-12-14 17:17:35 NeuralNetwork.py[line:165] INFO 10000 tested.
2014-12-14 17:17:35 NeuralNetwork.py[line:94] INFO Accuracy: 0.363100
2014-12-14 17:17:35 NeuralNetwork.py[line:79] INFO Epoch 34 Batch 0 Avg loss 0.403089
2014-12-14 17:18:35 NeuralNetwork.py[line:79] INFO Epoch 34 Batch 378 Avg loss 0.395541
2014-12-14 17:18:53 NeuralNetwork.py[line:86] INFO Epoch 34 Loss 0.395952 Time elapsed 77.912550
2014-12-14 17:18:53 NeuralNetwork.py[line:193] INFO Model dumped to sigmoid-mse-800-0.001-epoch-34.model
2014-12-14 17:18:53 NeuralNetwork.py[line:93] INFO Testing...
2014-12-14 17:18:53 NeuralNetwork.py[line:148] INFO Start testing: len 10000 batch_size 100
2014-12-14 17:18:56 NeuralNetwork.py[line:161] INFO Done forward. Outputs: 10000
2014-12-14 17:18:56 NeuralNetwork.py[line:165] INFO 10000 tested.
2014-12-14 17:18:56 NeuralNetwork.py[line:94] INFO Accuracy: 0.363300
2014-12-14 17:18:56 NeuralNetwork.py[line:79] INFO Epoch 35 Batch 0 Avg loss 0.405238
2014-12-14 17:19:57 NeuralNetwork.py[line:79] INFO Epoch 35 Batch 353 Avg loss 0.396243
2014-12-14 17:20:19 NeuralNetwork.py[line:86] INFO Epoch 35 Loss 0.396576 Time elapsed 82.276347
2014-12-14 17:20:19 NeuralNetwork.py[line:193] INFO Model dumped to sigmoid-mse-800-0.001-epoch-35.model
2014-12-14 17:20:19 NeuralNetwork.py[line:93] INFO Testing...
2014-12-14 17:20:19 NeuralNetwork.py[line:148] INFO Start testing: len 10000 batch_size 100
2014-12-14 17:20:22 NeuralNetwork.py[line:161] INFO Done forward. Outputs: 10000
2014-12-14 17:20:22 NeuralNetwork.py[line:165] INFO 10000 tested.
2014-12-14 17:20:22 NeuralNetwork.py[line:94] INFO Accuracy: 0.363200
2014-12-14 17:20:22 NeuralNetwork.py[line:79] INFO Epoch 36 Batch 0 Avg loss 0.404623
2014-12-14 17:21:23 NeuralNetwork.py[line:79] INFO Epoch 36 Batch 337 Avg loss 0.396371
2014-12-14 17:21:54 NeuralNetwork.py[line:86] INFO Epoch 36 Loss 0.396643 Time elapsed 91.611176
2014-12-14 17:21:54 NeuralNetwork.py[line:193] INFO Model dumped to sigmoid-mse-800-0.001-epoch-36.model
2014-12-14 17:21:54 NeuralNetwork.py[line:93] INFO Testing...
2014-12-14 17:21:54 NeuralNetwork.py[line:148] INFO Start testing: len 10000 batch_size 100
2014-12-14 17:21:58 NeuralNetwork.py[line:161] INFO Done forward. Outputs: 10000
2014-12-14 17:21:58 NeuralNetwork.py[line:165] INFO 10000 tested.
2014-12-14 17:21:58 NeuralNetwork.py[line:94] INFO Accuracy: 0.369600
2014-12-14 17:21:58 NeuralNetwork.py[line:79] INFO Epoch 37 Batch 0 Avg loss 0.405182
2014-12-14 17:22:58 NeuralNetwork.py[line:79] INFO Epoch 37 Batch 309 Avg loss 0.395861
2014-12-14 17:23:37 NeuralNetwork.py[line:86] INFO Epoch 37 Loss 0.396508 Time elapsed 99.421421
2014-12-14 17:23:37 NeuralNetwork.py[line:193] INFO Model dumped to sigmoid-mse-800-0.001-epoch-37.model
2014-12-14 17:23:38 NeuralNetwork.py[line:93] INFO Testing...
2014-12-14 17:23:38 NeuralNetwork.py[line:148] INFO Start testing: len 10000 batch_size 100
2014-12-14 17:23:42 NeuralNetwork.py[line:161] INFO Done forward. Outputs: 10000
2014-12-14 17:23:42 NeuralNetwork.py[line:165] INFO 10000 tested.
2014-12-14 17:23:42 NeuralNetwork.py[line:94] INFO Accuracy: 0.362500
2014-12-14 17:23:42 NeuralNetwork.py[line:79] INFO Epoch 38 Batch 0 Avg loss 0.407206
2014-12-14 17:24:42 NeuralNetwork.py[line:79] INFO Epoch 38 Batch 315 Avg loss 0.395138
2014-12-14 17:25:13 NeuralNetwork.py[line:86] INFO Epoch 38 Loss 0.395617 Time elapsed 91.720411
2014-12-14 17:25:14 NeuralNetwork.py[line:193] INFO Model dumped to sigmoid-mse-800-0.001-epoch-38.model
2014-12-14 17:25:14 NeuralNetwork.py[line:93] INFO Testing...
2014-12-14 17:25:14 NeuralNetwork.py[line:148] INFO Start testing: len 10000 batch_size 100
2014-12-14 17:25:17 NeuralNetwork.py[line:161] INFO Done forward. Outputs: 10000
2014-12-14 17:25:17 NeuralNetwork.py[line:165] INFO 10000 tested.
2014-12-14 17:25:17 NeuralNetwork.py[line:94] INFO Accuracy: 0.362700
2014-12-14 17:25:17 NeuralNetwork.py[line:79] INFO Epoch 39 Batch 0 Avg loss 0.402877
2014-12-14 17:26:18 NeuralNetwork.py[line:79] INFO Epoch 39 Batch 350 Avg loss 0.395652
2014-12-14 17:26:43 NeuralNetwork.py[line:86] INFO Epoch 39 Loss 0.395812 Time elapsed 85.797107
2014-12-14 17:26:43 NeuralNetwork.py[line:193] INFO Model dumped to sigmoid-mse-800-0.001-epoch-39.model
2014-12-14 17:26:43 NeuralNetwork.py[line:93] INFO Testing...
2014-12-14 17:26:43 NeuralNetwork.py[line:148] INFO Start testing: len 10000 batch_size 100
2014-12-14 17:26:47 NeuralNetwork.py[line:161] INFO Done forward. Outputs: 10000
2014-12-14 17:26:47 NeuralNetwork.py[line:165] INFO 10000 tested.
2014-12-14 17:26:47 NeuralNetwork.py[line:94] INFO Accuracy: 0.363500
2014-12-14 17:26:47 NeuralNetwork.py[line:79] INFO Epoch 40 Batch 0 Avg loss 0.403931
2014-12-14 17:27:47 NeuralNetwork.py[line:79] INFO Epoch 40 Batch 362 Avg loss 0.395276
2014-12-14 17:28:08 NeuralNetwork.py[line:86] INFO Epoch 40 Loss 0.395527 Time elapsed 81.586869
2014-12-14 17:28:09 NeuralNetwork.py[line:193] INFO Model dumped to sigmoid-mse-800-0.001-epoch-40.model
2014-12-14 17:28:09 NeuralNetwork.py[line:93] INFO Testing...
2014-12-14 17:28:09 NeuralNetwork.py[line:148] INFO Start testing: len 10000 batch_size 100
2014-12-14 17:28:13 NeuralNetwork.py[line:161] INFO Done forward. Outputs: 10000
2014-12-14 17:28:13 NeuralNetwork.py[line:165] INFO 10000 tested.
2014-12-14 17:28:13 NeuralNetwork.py[line:94] INFO Accuracy: 0.370200
2014-12-14 17:28:13 NeuralNetwork.py[line:79] INFO Epoch 41 Batch 0 Avg loss 0.401622
2014-12-14 17:29:13 NeuralNetwork.py[line:79] INFO Epoch 41 Batch 349 Avg loss 0.395266
2014-12-14 17:29:41 NeuralNetwork.py[line:86] INFO Epoch 41 Loss 0.395847 Time elapsed 88.217068
2014-12-14 17:29:41 NeuralNetwork.py[line:193] INFO Model dumped to sigmoid-mse-800-0.001-epoch-41.model
2014-12-14 17:29:41 NeuralNetwork.py[line:93] INFO Testing...
2014-12-14 17:29:41 NeuralNetwork.py[line:148] INFO Start testing: len 10000 batch_size 100
2014-12-14 17:29:45 NeuralNetwork.py[line:161] INFO Done forward. Outputs: 10000
2014-12-14 17:29:45 NeuralNetwork.py[line:165] INFO 10000 tested.
2014-12-14 17:29:45 NeuralNetwork.py[line:94] INFO Accuracy: 0.354300
2014-12-14 17:29:45 NeuralNetwork.py[line:79] INFO Epoch 42 Batch 0 Avg loss 0.406714
2014-12-14 17:30:45 NeuralNetwork.py[line:79] INFO Epoch 42 Batch 346 Avg loss 0.395909
2014-12-14 17:31:11 NeuralNetwork.py[line:86] INFO Epoch 42 Loss 0.396430 Time elapsed 86.377906
2014-12-14 17:31:13 NeuralNetwork.py[line:193] INFO Model dumped to sigmoid-mse-800-0.001-epoch-42.model
2014-12-14 17:31:13 NeuralNetwork.py[line:93] INFO Testing...
2014-12-14 17:31:13 NeuralNetwork.py[line:148] INFO Start testing: len 10000 batch_size 100
2014-12-14 17:31:16 NeuralNetwork.py[line:161] INFO Done forward. Outputs: 10000
2014-12-14 17:31:16 NeuralNetwork.py[line:165] INFO 10000 tested.
2014-12-14 17:31:16 NeuralNetwork.py[line:94] INFO Accuracy: 0.355900
2014-12-14 17:31:16 NeuralNetwork.py[line:79] INFO Epoch 43 Batch 0 Avg loss 0.406065
2014-12-14 17:32:16 NeuralNetwork.py[line:79] INFO Epoch 43 Batch 316 Avg loss 0.396306
2014-12-14 17:32:50 NeuralNetwork.py[line:86] INFO Epoch 43 Loss 0.396507 Time elapsed 94.510258
2014-12-14 17:32:51 NeuralNetwork.py[line:193] INFO Model dumped to sigmoid-mse-800-0.001-epoch-43.model
2014-12-14 17:32:51 NeuralNetwork.py[line:93] INFO Testing...
2014-12-14 17:32:51 NeuralNetwork.py[line:148] INFO Start testing: len 10000 batch_size 100
2014-12-14 17:32:54 NeuralNetwork.py[line:161] INFO Done forward. Outputs: 10000
2014-12-14 17:32:54 NeuralNetwork.py[line:165] INFO 10000 tested.
2014-12-14 17:32:54 NeuralNetwork.py[line:94] INFO Accuracy: 0.364600
2014-12-14 17:32:54 NeuralNetwork.py[line:79] INFO Epoch 44 Batch 0 Avg loss 0.405850
2014-12-14 17:33:54 NeuralNetwork.py[line:79] INFO Epoch 44 Batch 318 Avg loss 0.395574
2014-12-14 17:34:31 NeuralNetwork.py[line:86] INFO Epoch 44 Loss 0.395898 Time elapsed 96.658501
2014-12-14 17:34:31 NeuralNetwork.py[line:193] INFO Model dumped to sigmoid-mse-800-0.001-epoch-44.model
2014-12-14 17:34:31 NeuralNetwork.py[line:93] INFO Testing...
2014-12-14 17:34:31 NeuralNetwork.py[line:148] INFO Start testing: len 10000 batch_size 100
2014-12-14 17:34:34 NeuralNetwork.py[line:161] INFO Done forward. Outputs: 10000
2014-12-14 17:34:34 NeuralNetwork.py[line:165] INFO 10000 tested.
2014-12-14 17:34:34 NeuralNetwork.py[line:94] INFO Accuracy: 0.365700
2014-12-14 17:34:35 NeuralNetwork.py[line:79] INFO Epoch 45 Batch 0 Avg loss 0.402736
2014-12-14 17:35:35 NeuralNetwork.py[line:79] INFO Epoch 45 Batch 317 Avg loss 0.395341
2014-12-14 17:36:12 NeuralNetwork.py[line:86] INFO Epoch 45 Loss 0.395980 Time elapsed 97.718070
2014-12-14 17:36:12 NeuralNetwork.py[line:193] INFO Model dumped to sigmoid-mse-800-0.001-epoch-45.model
2014-12-14 17:36:12 NeuralNetwork.py[line:93] INFO Testing...
2014-12-14 17:36:12 NeuralNetwork.py[line:148] INFO Start testing: len 10000 batch_size 100
2014-12-14 17:36:16 NeuralNetwork.py[line:161] INFO Done forward. Outputs: 10000
2014-12-14 17:36:16 NeuralNetwork.py[line:165] INFO 10000 tested.
2014-12-14 17:36:16 NeuralNetwork.py[line:94] INFO Accuracy: 0.362700
2014-12-14 17:36:16 NeuralNetwork.py[line:79] INFO Epoch 46 Batch 0 Avg loss 0.402947
2014-12-14 17:37:16 NeuralNetwork.py[line:79] INFO Epoch 46 Batch 332 Avg loss 0.395589
2014-12-14 17:37:47 NeuralNetwork.py[line:86] INFO Epoch 46 Loss 0.396010 Time elapsed 91.364407
2014-12-14 17:37:47 NeuralNetwork.py[line:193] INFO Model dumped to sigmoid-mse-800-0.001-epoch-46.model
2014-12-14 17:37:47 NeuralNetwork.py[line:93] INFO Testing...
2014-12-14 17:37:47 NeuralNetwork.py[line:148] INFO Start testing: len 10000 batch_size 100
2014-12-14 17:37:51 NeuralNetwork.py[line:161] INFO Done forward. Outputs: 10000
2014-12-14 17:37:51 NeuralNetwork.py[line:165] INFO 10000 tested.
2014-12-14 17:37:51 NeuralNetwork.py[line:94] INFO Accuracy: 0.367600
2014-12-14 17:37:51 NeuralNetwork.py[line:79] INFO Epoch 47 Batch 0 Avg loss 0.404682
2014-12-14 17:38:51 NeuralNetwork.py[line:79] INFO Epoch 47 Batch 329 Avg loss 0.395213
2014-12-14 17:39:22 NeuralNetwork.py[line:86] INFO Epoch 47 Loss 0.395614 Time elapsed 91.205398
2014-12-14 17:39:23 NeuralNetwork.py[line:193] INFO Model dumped to sigmoid-mse-800-0.001-epoch-47.model
2014-12-14 17:39:23 NeuralNetwork.py[line:93] INFO Testing...
2014-12-14 17:39:23 NeuralNetwork.py[line:148] INFO Start testing: len 10000 batch_size 100
2014-12-14 17:39:26 NeuralNetwork.py[line:161] INFO Done forward. Outputs: 10000
2014-12-14 17:39:26 NeuralNetwork.py[line:165] INFO 10000 tested.
2014-12-14 17:39:26 NeuralNetwork.py[line:94] INFO Accuracy: 0.354300
2014-12-14 17:39:26 NeuralNetwork.py[line:79] INFO Epoch 48 Batch 0 Avg loss 0.405811
2014-12-14 17:40:26 NeuralNetwork.py[line:79] INFO Epoch 48 Batch 335 Avg loss 0.394843
2014-12-14 17:40:54 NeuralNetwork.py[line:86] INFO Epoch 48 Loss 0.395352 Time elapsed 88.322476
2014-12-14 17:40:54 NeuralNetwork.py[line:193] INFO Model dumped to sigmoid-mse-800-0.001-epoch-48.model
2014-12-14 17:40:54 NeuralNetwork.py[line:93] INFO Testing...
2014-12-14 17:40:54 NeuralNetwork.py[line:148] INFO Start testing: len 10000 batch_size 100
2014-12-14 17:40:58 NeuralNetwork.py[line:161] INFO Done forward. Outputs: 10000
2014-12-14 17:40:58 NeuralNetwork.py[line:165] INFO 10000 tested.
2014-12-14 17:40:58 NeuralNetwork.py[line:94] INFO Accuracy: 0.362200
2014-12-14 17:40:58 NeuralNetwork.py[line:79] INFO Epoch 49 Batch 0 Avg loss 0.403274
2014-12-14 17:41:58 NeuralNetwork.py[line:79] INFO Epoch 49 Batch 337 Avg loss 0.395823
2014-12-14 17:42:27 NeuralNetwork.py[line:86] INFO Epoch 49 Loss 0.396082 Time elapsed 89.237116
2014-12-14 17:42:27 NeuralNetwork.py[line:193] INFO Model dumped to sigmoid-mse-800-0.001-epoch-49.model
2014-12-14 17:42:27 NeuralNetwork.py[line:93] INFO Testing...
2014-12-14 17:42:27 NeuralNetwork.py[line:148] INFO Start testing: len 10000 batch_size 100
2014-12-14 17:42:31 NeuralNetwork.py[line:161] INFO Done forward. Outputs: 10000
2014-12-14 17:42:31 NeuralNetwork.py[line:165] INFO 10000 tested.
2014-12-14 17:42:31 NeuralNetwork.py[line:94] INFO Accuracy: 0.365900
2014-12-14 17:42:31 NeuralNetwork.py[line:79] INFO Epoch 50 Batch 0 Avg loss 0.402102
2014-12-14 17:43:31 NeuralNetwork.py[line:79] INFO Epoch 50 Batch 336 Avg loss 0.395473
2014-12-14 17:44:02 NeuralNetwork.py[line:86] INFO Epoch 50 Loss 0.396051 Time elapsed 91.549054
2014-12-14 17:44:03 NeuralNetwork.py[line:193] INFO Model dumped to sigmoid-mse-800-0.001-epoch-50.model
2014-12-14 17:44:03 NeuralNetwork.py[line:93] INFO Testing...
2014-12-14 17:44:03 NeuralNetwork.py[line:148] INFO Start testing: len 10000 batch_size 100
2014-12-14 17:44:08 NeuralNetwork.py[line:161] INFO Done forward. Outputs: 10000
2014-12-14 17:44:08 NeuralNetwork.py[line:165] INFO 10000 tested.
2014-12-14 17:44:08 NeuralNetwork.py[line:94] INFO Accuracy: 0.354400
2014-12-14 17:44:08 NeuralNetwork.py[line:79] INFO Epoch 51 Batch 0 Avg loss 0.403173
2014-12-14 17:45:08 NeuralNetwork.py[line:79] INFO Epoch 51 Batch 318 Avg loss 0.395232
2014-12-14 17:45:41 NeuralNetwork.py[line:86] INFO Epoch 51 Loss 0.395844 Time elapsed 93.507742
2014-12-14 17:45:42 NeuralNetwork.py[line:193] INFO Model dumped to sigmoid-mse-800-0.001-epoch-51.model
2014-12-14 17:45:42 NeuralNetwork.py[line:93] INFO Testing...
2014-12-14 17:45:42 NeuralNetwork.py[line:148] INFO Start testing: len 10000 batch_size 100
2014-12-14 17:45:45 NeuralNetwork.py[line:161] INFO Done forward. Outputs: 10000
2014-12-14 17:45:45 NeuralNetwork.py[line:165] INFO 10000 tested.
2014-12-14 17:45:45 NeuralNetwork.py[line:94] INFO Accuracy: 0.368600
2014-12-14 17:45:45 NeuralNetwork.py[line:79] INFO Epoch 52 Batch 0 Avg loss 0.405188
2014-12-14 17:46:45 NeuralNetwork.py[line:79] INFO Epoch 52 Batch 318 Avg loss 0.395422
2014-12-14 17:47:17 NeuralNetwork.py[line:86] INFO Epoch 52 Loss 0.395966 Time elapsed 91.942170
2014-12-14 17:47:17 NeuralNetwork.py[line:193] INFO Model dumped to sigmoid-mse-800-0.001-epoch-52.model
2014-12-14 17:47:17 NeuralNetwork.py[line:93] INFO Testing...
2014-12-14 17:47:17 NeuralNetwork.py[line:148] INFO Start testing: len 10000 batch_size 100
2014-12-14 17:47:21 NeuralNetwork.py[line:161] INFO Done forward. Outputs: 10000
2014-12-14 17:47:21 NeuralNetwork.py[line:165] INFO 10000 tested.
2014-12-14 17:47:21 NeuralNetwork.py[line:94] INFO Accuracy: 0.359200
2014-12-14 17:47:21 NeuralNetwork.py[line:79] INFO Epoch 53 Batch 0 Avg loss 0.402002
2014-12-14 17:48:21 NeuralNetwork.py[line:79] INFO Epoch 53 Batch 321 Avg loss 0.395748
2014-12-14 17:48:55 NeuralNetwork.py[line:86] INFO Epoch 53 Loss 0.396243 Time elapsed 94.720276
2014-12-14 17:48:56 NeuralNetwork.py[line:193] INFO Model dumped to sigmoid-mse-800-0.001-epoch-53.model
2014-12-14 17:48:56 NeuralNetwork.py[line:93] INFO Testing...
2014-12-14 17:48:56 NeuralNetwork.py[line:148] INFO Start testing: len 10000 batch_size 100
2014-12-14 17:48:59 NeuralNetwork.py[line:161] INFO Done forward. Outputs: 10000
2014-12-14 17:48:59 NeuralNetwork.py[line:165] INFO 10000 tested.
2014-12-14 17:48:59 NeuralNetwork.py[line:94] INFO Accuracy: 0.369700
2014-12-14 17:48:59 NeuralNetwork.py[line:79] INFO Epoch 54 Batch 0 Avg loss 0.402682
2014-12-14 17:49:59 NeuralNetwork.py[line:79] INFO Epoch 54 Batch 312 Avg loss 0.395625
2014-12-14 17:50:35 NeuralNetwork.py[line:86] INFO Epoch 54 Loss 0.396079 Time elapsed 95.865641
2014-12-14 17:50:36 NeuralNetwork.py[line:193] INFO Model dumped to sigmoid-mse-800-0.001-epoch-54.model
2014-12-14 17:50:36 NeuralNetwork.py[line:93] INFO Testing...
2014-12-14 17:50:36 NeuralNetwork.py[line:148] INFO Start testing: len 10000 batch_size 100
2014-12-14 17:50:39 NeuralNetwork.py[line:161] INFO Done forward. Outputs: 10000
2014-12-14 17:50:39 NeuralNetwork.py[line:165] INFO 10000 tested.
2014-12-14 17:50:39 NeuralNetwork.py[line:94] INFO Accuracy: 0.360400
2014-12-14 17:50:39 NeuralNetwork.py[line:79] INFO Epoch 55 Batch 0 Avg loss 0.404581
2014-12-14 17:51:39 NeuralNetwork.py[line:79] INFO Epoch 55 Batch 313 Avg loss 0.396117
2014-12-14 17:52:18 NeuralNetwork.py[line:86] INFO Epoch 55 Loss 0.396510 Time elapsed 98.801249
2014-12-14 17:52:18 NeuralNetwork.py[line:193] INFO Model dumped to sigmoid-mse-800-0.001-epoch-55.model
2014-12-14 17:52:18 NeuralNetwork.py[line:93] INFO Testing...
2014-12-14 17:52:18 NeuralNetwork.py[line:148] INFO Start testing: len 10000 batch_size 100
2014-12-14 17:52:22 NeuralNetwork.py[line:161] INFO Done forward. Outputs: 10000
2014-12-14 17:52:22 NeuralNetwork.py[line:165] INFO 10000 tested.
2014-12-14 17:52:22 NeuralNetwork.py[line:94] INFO Accuracy: 0.359900
2014-12-14 17:52:22 NeuralNetwork.py[line:79] INFO Epoch 56 Batch 0 Avg loss 0.403080
2014-12-14 17:53:22 NeuralNetwork.py[line:79] INFO Epoch 56 Batch 319 Avg loss 0.395565
2014-12-14 17:53:57 NeuralNetwork.py[line:86] INFO Epoch 56 Loss 0.396225 Time elapsed 95.768864
2014-12-14 17:53:58 NeuralNetwork.py[line:193] INFO Model dumped to sigmoid-mse-800-0.001-epoch-56.model
2014-12-14 17:53:58 NeuralNetwork.py[line:93] INFO Testing...
2014-12-14 17:53:58 NeuralNetwork.py[line:148] INFO Start testing: len 10000 batch_size 100
2014-12-14 17:54:01 NeuralNetwork.py[line:161] INFO Done forward. Outputs: 10000
2014-12-14 17:54:01 NeuralNetwork.py[line:165] INFO 10000 tested.
2014-12-14 17:54:01 NeuralNetwork.py[line:94] INFO Accuracy: 0.362100
2014-12-14 17:54:01 NeuralNetwork.py[line:79] INFO Epoch 57 Batch 0 Avg loss 0.404176
2014-12-14 17:55:02 NeuralNetwork.py[line:79] INFO Epoch 57 Batch 319 Avg loss 0.395879
2014-12-14 17:55:35 NeuralNetwork.py[line:86] INFO Epoch 57 Loss 0.396495 Time elapsed 94.141676
2014-12-14 17:55:36 NeuralNetwork.py[line:193] INFO Model dumped to sigmoid-mse-800-0.001-epoch-57.model
2014-12-14 17:55:36 NeuralNetwork.py[line:93] INFO Testing...
2014-12-14 17:55:36 NeuralNetwork.py[line:148] INFO Start testing: len 10000 batch_size 100
2014-12-14 17:55:39 NeuralNetwork.py[line:161] INFO Done forward. Outputs: 10000
2014-12-14 17:55:39 NeuralNetwork.py[line:165] INFO 10000 tested.
2014-12-14 17:55:39 NeuralNetwork.py[line:94] INFO Accuracy: 0.363700
2014-12-14 17:55:39 NeuralNetwork.py[line:79] INFO Epoch 58 Batch 0 Avg loss 0.405052
2014-12-14 17:56:39 NeuralNetwork.py[line:79] INFO Epoch 58 Batch 319 Avg loss 0.396015
2014-12-14 17:57:12 NeuralNetwork.py[line:86] INFO Epoch 58 Loss 0.396248 Time elapsed 93.104005
2014-12-14 17:57:13 NeuralNetwork.py[line:193] INFO Model dumped to sigmoid-mse-800-0.001-epoch-58.model
2014-12-14 17:57:13 NeuralNetwork.py[line:93] INFO Testing...
2014-12-14 17:57:13 NeuralNetwork.py[line:148] INFO Start testing: len 10000 batch_size 100
2014-12-14 17:57:16 NeuralNetwork.py[line:161] INFO Done forward. Outputs: 10000
2014-12-14 17:57:16 NeuralNetwork.py[line:165] INFO 10000 tested.
2014-12-14 17:57:16 NeuralNetwork.py[line:94] INFO Accuracy: 0.362300
2014-12-14 17:57:16 NeuralNetwork.py[line:79] INFO Epoch 59 Batch 0 Avg loss 0.403957
2014-12-14 17:58:16 NeuralNetwork.py[line:79] INFO Epoch 59 Batch 302 Avg loss 0.396082
2014-12-14 17:58:52 NeuralNetwork.py[line:86] INFO Epoch 59 Loss 0.396579 Time elapsed 96.300954
2014-12-14 17:58:53 NeuralNetwork.py[line:193] INFO Model dumped to sigmoid-mse-800-0.001-epoch-59.model
2014-12-14 17:58:53 NeuralNetwork.py[line:93] INFO Testing...
2014-12-14 17:58:53 NeuralNetwork.py[line:148] INFO Start testing: len 10000 batch_size 100
2014-12-14 17:58:56 NeuralNetwork.py[line:161] INFO Done forward. Outputs: 10000
2014-12-14 17:58:56 NeuralNetwork.py[line:165] INFO 10000 tested.
2014-12-14 17:58:56 NeuralNetwork.py[line:94] INFO Accuracy: 0.359400
2014-12-14 17:58:56 NeuralNetwork.py[line:79] INFO Epoch 60 Batch 0 Avg loss 0.404900
2014-12-14 17:59:56 NeuralNetwork.py[line:79] INFO Epoch 60 Batch 337 Avg loss 0.396363
2014-12-14 18:00:25 NeuralNetwork.py[line:86] INFO Epoch 60 Loss 0.396377 Time elapsed 88.764115
2014-12-14 18:00:25 NeuralNetwork.py[line:193] INFO Model dumped to sigmoid-mse-800-0.001-epoch-60.model
2014-12-14 18:00:25 NeuralNetwork.py[line:93] INFO Testing...
2014-12-14 18:00:25 NeuralNetwork.py[line:148] INFO Start testing: len 10000 batch_size 100
2014-12-14 18:00:30 NeuralNetwork.py[line:161] INFO Done forward. Outputs: 10000
2014-12-14 18:00:30 NeuralNetwork.py[line:165] INFO 10000 tested.
2014-12-14 18:00:30 NeuralNetwork.py[line:94] INFO Accuracy: 0.367200
2014-12-14 18:00:30 NeuralNetwork.py[line:79] INFO Epoch 61 Batch 0 Avg loss 0.403928
2014-12-14 18:01:30 NeuralNetwork.py[line:79] INFO Epoch 61 Batch 367 Avg loss 0.396157
2014-12-14 18:01:50 NeuralNetwork.py[line:86] INFO Epoch 61 Loss 0.396468 Time elapsed 80.226030
2014-12-14 18:01:51 NeuralNetwork.py[line:193] INFO Model dumped to sigmoid-mse-800-0.001-epoch-61.model
2014-12-14 18:01:51 NeuralNetwork.py[line:93] INFO Testing...
2014-12-14 18:01:51 NeuralNetwork.py[line:148] INFO Start testing: len 10000 batch_size 100
2014-12-14 18:01:54 NeuralNetwork.py[line:161] INFO Done forward. Outputs: 10000
2014-12-14 18:01:54 NeuralNetwork.py[line:165] INFO 10000 tested.
2014-12-14 18:01:54 NeuralNetwork.py[line:94] INFO Accuracy: 0.363900
2014-12-14 18:01:54 NeuralNetwork.py[line:79] INFO Epoch 62 Batch 0 Avg loss 0.403766
2014-12-14 18:02:54 NeuralNetwork.py[line:79] INFO Epoch 62 Batch 390 Avg loss 0.395837
2014-12-14 18:03:10 NeuralNetwork.py[line:86] INFO Epoch 62 Loss 0.396306 Time elapsed 76.274989
2014-12-14 18:03:11 NeuralNetwork.py[line:193] INFO Model dumped to sigmoid-mse-800-0.001-epoch-62.model
2014-12-14 18:03:11 NeuralNetwork.py[line:93] INFO Testing...
2014-12-14 18:03:11 NeuralNetwork.py[line:148] INFO Start testing: len 10000 batch_size 100
2014-12-14 18:03:14 NeuralNetwork.py[line:161] INFO Done forward. Outputs: 10000
2014-12-14 18:03:14 NeuralNetwork.py[line:165] INFO 10000 tested.
2014-12-14 18:03:14 NeuralNetwork.py[line:94] INFO Accuracy: 0.364700
2014-12-14 18:03:14 NeuralNetwork.py[line:79] INFO Epoch 63 Batch 0 Avg loss 0.404810
2014-12-14 18:04:14 NeuralNetwork.py[line:79] INFO Epoch 63 Batch 410 Avg loss 0.395974
2014-12-14 18:04:26 NeuralNetwork.py[line:86] INFO Epoch 63 Loss 0.396180 Time elapsed 71.998539
2014-12-14 18:04:26 NeuralNetwork.py[line:193] INFO Model dumped to sigmoid-mse-800-0.001-epoch-63.model
2014-12-14 18:04:26 NeuralNetwork.py[line:93] INFO Testing...
2014-12-14 18:04:26 NeuralNetwork.py[line:148] INFO Start testing: len 10000 batch_size 100
2014-12-14 18:04:30 NeuralNetwork.py[line:161] INFO Done forward. Outputs: 10000
2014-12-14 18:04:30 NeuralNetwork.py[line:165] INFO 10000 tested.
2014-12-14 18:04:30 NeuralNetwork.py[line:94] INFO Accuracy: 0.361700
2014-12-14 18:04:30 NeuralNetwork.py[line:79] INFO Epoch 64 Batch 0 Avg loss 0.403924
2014-12-14 18:05:30 NeuralNetwork.py[line:79] INFO Epoch 64 Batch 453 Avg loss 0.395977
2014-12-14 18:05:37 NeuralNetwork.py[line:86] INFO Epoch 64 Loss 0.396214 Time elapsed 66.946872
2014-12-14 18:05:37 NeuralNetwork.py[line:193] INFO Model dumped to sigmoid-mse-800-0.001-epoch-64.model
2014-12-14 18:05:37 NeuralNetwork.py[line:93] INFO Testing...
2014-12-14 18:05:37 NeuralNetwork.py[line:148] INFO Start testing: len 10000 batch_size 100
2014-12-14 18:05:40 NeuralNetwork.py[line:161] INFO Done forward. Outputs: 10000
2014-12-14 18:05:40 NeuralNetwork.py[line:165] INFO 10000 tested.
2014-12-14 18:05:40 NeuralNetwork.py[line:94] INFO Accuracy: 0.360200
2014-12-14 18:05:40 NeuralNetwork.py[line:79] INFO Epoch 65 Batch 0 Avg loss 0.406052
2014-12-14 18:06:41 NeuralNetwork.py[line:79] INFO Epoch 65 Batch 427 Avg loss 0.395853
2014-12-14 18:06:50 NeuralNetwork.py[line:86] INFO Epoch 65 Loss 0.396069 Time elapsed 69.581849
2014-12-14 18:06:50 NeuralNetwork.py[line:193] INFO Model dumped to sigmoid-mse-800-0.001-epoch-65.model
2014-12-14 18:06:50 NeuralNetwork.py[line:93] INFO Testing...
2014-12-14 18:06:50 NeuralNetwork.py[line:148] INFO Start testing: len 10000 batch_size 100
2014-12-14 18:06:54 NeuralNetwork.py[line:161] INFO Done forward. Outputs: 10000
2014-12-14 18:06:54 NeuralNetwork.py[line:165] INFO 10000 tested.
2014-12-14 18:06:54 NeuralNetwork.py[line:94] INFO Accuracy: 0.365900
2014-12-14 18:06:54 NeuralNetwork.py[line:79] INFO Epoch 66 Batch 0 Avg loss 0.404607
2014-12-14 18:07:54 NeuralNetwork.py[line:79] INFO Epoch 66 Batch 396 Avg loss 0.396465
2014-12-14 18:08:11 NeuralNetwork.py[line:86] INFO Epoch 66 Loss 0.396882 Time elapsed 77.096851
2014-12-14 18:08:11 NeuralNetwork.py[line:193] INFO Model dumped to sigmoid-mse-800-0.001-epoch-66.model
2014-12-14 18:08:11 NeuralNetwork.py[line:93] INFO Testing...
2014-12-14 18:08:11 NeuralNetwork.py[line:148] INFO Start testing: len 10000 batch_size 100
2014-12-14 18:08:14 NeuralNetwork.py[line:161] INFO Done forward. Outputs: 10000
2014-12-14 18:08:14 NeuralNetwork.py[line:165] INFO 10000 tested.
2014-12-14 18:08:14 NeuralNetwork.py[line:94] INFO Accuracy: 0.364900
2014-12-14 18:08:15 NeuralNetwork.py[line:79] INFO Epoch 67 Batch 0 Avg loss 0.407258
2014-12-14 18:09:15 NeuralNetwork.py[line:79] INFO Epoch 67 Batch 366 Avg loss 0.396719
2014-12-14 18:09:36 NeuralNetwork.py[line:86] INFO Epoch 67 Loss 0.396882 Time elapsed 81.231468
2014-12-14 18:09:36 NeuralNetwork.py[line:193] INFO Model dumped to sigmoid-mse-800-0.001-epoch-67.model
2014-12-14 18:09:36 NeuralNetwork.py[line:93] INFO Testing...
2014-12-14 18:09:36 NeuralNetwork.py[line:148] INFO Start testing: len 10000 batch_size 100
2014-12-14 18:09:39 NeuralNetwork.py[line:161] INFO Done forward. Outputs: 10000
2014-12-14 18:09:39 NeuralNetwork.py[line:165] INFO 10000 tested.
2014-12-14 18:09:39 NeuralNetwork.py[line:94] INFO Accuracy: 0.364800
2014-12-14 18:09:40 NeuralNetwork.py[line:79] INFO Epoch 68 Batch 0 Avg loss 0.405735
2014-12-14 18:10:40 NeuralNetwork.py[line:79] INFO Epoch 68 Batch 389 Avg loss 0.395539
2014-12-14 18:10:56 NeuralNetwork.py[line:86] INFO Epoch 68 Loss 0.396007 Time elapsed 76.549704
2014-12-14 18:10:56 NeuralNetwork.py[line:193] INFO Model dumped to sigmoid-mse-800-0.001-epoch-68.model
2014-12-14 18:10:56 NeuralNetwork.py[line:93] INFO Testing...
2014-12-14 18:10:56 NeuralNetwork.py[line:148] INFO Start testing: len 10000 batch_size 100
2014-12-14 18:11:00 NeuralNetwork.py[line:161] INFO Done forward. Outputs: 10000
2014-12-14 18:11:00 NeuralNetwork.py[line:165] INFO 10000 tested.
2014-12-14 18:11:00 NeuralNetwork.py[line:94] INFO Accuracy: 0.363700
2014-12-14 18:11:00 NeuralNetwork.py[line:79] INFO Epoch 69 Batch 0 Avg loss 0.404159
2014-12-14 18:12:00 NeuralNetwork.py[line:79] INFO Epoch 69 Batch 348 Avg loss 0.396413
2014-12-14 18:12:24 NeuralNetwork.py[line:86] INFO Epoch 69 Loss 0.396463 Time elapsed 84.709156
2014-12-14 18:12:25 NeuralNetwork.py[line:193] INFO Model dumped to sigmoid-mse-800-0.001-epoch-69.model
2014-12-14 18:12:25 NeuralNetwork.py[line:93] INFO Testing...
2014-12-14 18:12:25 NeuralNetwork.py[line:148] INFO Start testing: len 10000 batch_size 100
2014-12-14 18:12:28 NeuralNetwork.py[line:161] INFO Done forward. Outputs: 10000
2014-12-14 18:12:28 NeuralNetwork.py[line:165] INFO 10000 tested.
2014-12-14 18:12:28 NeuralNetwork.py[line:94] INFO Accuracy: 0.368500
2014-12-14 18:12:28 NeuralNetwork.py[line:79] INFO Epoch 70 Batch 0 Avg loss 0.404463
2014-12-14 18:13:29 NeuralNetwork.py[line:79] INFO Epoch 70 Batch 341 Avg loss 0.395608
2014-12-14 18:13:57 NeuralNetwork.py[line:86] INFO Epoch 70 Loss 0.395809 Time elapsed 88.977742
2014-12-14 18:13:58 NeuralNetwork.py[line:193] INFO Model dumped to sigmoid-mse-800-0.001-epoch-70.model
2014-12-14 18:13:58 NeuralNetwork.py[line:93] INFO Testing...
2014-12-14 18:13:58 NeuralNetwork.py[line:148] INFO Start testing: len 10000 batch_size 100
2014-12-14 18:14:01 NeuralNetwork.py[line:161] INFO Done forward. Outputs: 10000
2014-12-14 18:14:01 NeuralNetwork.py[line:165] INFO 10000 tested.
2014-12-14 18:14:01 NeuralNetwork.py[line:94] INFO Accuracy: 0.361300
2014-12-14 18:14:01 NeuralNetwork.py[line:79] INFO Epoch 71 Batch 0 Avg loss 0.404181
2014-12-14 18:15:01 NeuralNetwork.py[line:79] INFO Epoch 71 Batch 362 Avg loss 0.395749
2014-12-14 18:15:24 NeuralNetwork.py[line:86] INFO Epoch 71 Loss 0.396456 Time elapsed 83.031140
2014-12-14 18:15:24 NeuralNetwork.py[line:193] INFO Model dumped to sigmoid-mse-800-0.001-epoch-71.model
2014-12-14 18:15:24 NeuralNetwork.py[line:93] INFO Testing...
2014-12-14 18:15:24 NeuralNetwork.py[line:148] INFO Start testing: len 10000 batch_size 100
2014-12-14 18:15:28 NeuralNetwork.py[line:161] INFO Done forward. Outputs: 10000
2014-12-14 18:15:28 NeuralNetwork.py[line:165] INFO 10000 tested.
2014-12-14 18:15:28 NeuralNetwork.py[line:94] INFO Accuracy: 0.362700
2014-12-14 18:15:28 NeuralNetwork.py[line:79] INFO Epoch 72 Batch 0 Avg loss 0.402839
2014-12-14 18:16:28 NeuralNetwork.py[line:79] INFO Epoch 72 Batch 390 Avg loss 0.396178
2014-12-14 18:16:44 NeuralNetwork.py[line:86] INFO Epoch 72 Loss 0.396520 Time elapsed 76.091267
2014-12-14 18:16:45 NeuralNetwork.py[line:193] INFO Model dumped to sigmoid-mse-800-0.001-epoch-72.model
2014-12-14 18:16:45 NeuralNetwork.py[line:93] INFO Testing...
2014-12-14 18:16:45 NeuralNetwork.py[line:148] INFO Start testing: len 10000 batch_size 100
2014-12-14 18:16:48 NeuralNetwork.py[line:161] INFO Done forward. Outputs: 10000
2014-12-14 18:16:48 NeuralNetwork.py[line:165] INFO 10000 tested.
2014-12-14 18:16:48 NeuralNetwork.py[line:94] INFO Accuracy: 0.354100
2014-12-14 18:16:48 NeuralNetwork.py[line:79] INFO Epoch 73 Batch 0 Avg loss 0.405714
2014-12-14 18:17:48 NeuralNetwork.py[line:79] INFO Epoch 73 Batch 400 Avg loss 0.396513
2014-12-14 18:18:03 NeuralNetwork.py[line:86] INFO Epoch 73 Loss 0.396782 Time elapsed 75.374612
2014-12-14 18:18:04 NeuralNetwork.py[line:193] INFO Model dumped to sigmoid-mse-800-0.001-epoch-73.model
2014-12-14 18:18:04 NeuralNetwork.py[line:93] INFO Testing...
2014-12-14 18:18:04 NeuralNetwork.py[line:148] INFO Start testing: len 10000 batch_size 100
2014-12-14 18:18:07 NeuralNetwork.py[line:161] INFO Done forward. Outputs: 10000
2014-12-14 18:18:07 NeuralNetwork.py[line:165] INFO 10000 tested.
2014-12-14 18:18:07 NeuralNetwork.py[line:94] INFO Accuracy: 0.363300
2014-12-14 18:18:07 NeuralNetwork.py[line:79] INFO Epoch 74 Batch 0 Avg loss 0.405047
2014-12-14 18:19:07 NeuralNetwork.py[line:79] INFO Epoch 74 Batch 367 Avg loss 0.396680
2014-12-14 18:19:32 NeuralNetwork.py[line:86] INFO Epoch 74 Loss 0.397163 Time elapsed 84.535210
2014-12-14 18:19:32 NeuralNetwork.py[line:193] INFO Model dumped to sigmoid-mse-800-0.001-epoch-74.model
2014-12-14 18:19:32 NeuralNetwork.py[line:93] INFO Testing...
2014-12-14 18:19:32 NeuralNetwork.py[line:148] INFO Start testing: len 10000 batch_size 100
2014-12-14 18:19:36 NeuralNetwork.py[line:161] INFO Done forward. Outputs: 10000
2014-12-14 18:19:36 NeuralNetwork.py[line:165] INFO 10000 tested.
2014-12-14 18:19:36 NeuralNetwork.py[line:94] INFO Accuracy: 0.365500
2014-12-14 18:19:36 NeuralNetwork.py[line:79] INFO Epoch 75 Batch 0 Avg loss 0.406343
2014-12-14 18:20:36 NeuralNetwork.py[line:79] INFO Epoch 75 Batch 296 Avg loss 0.396897
2014-12-14 18:21:13 NeuralNetwork.py[line:86] INFO Epoch 75 Loss 0.397294 Time elapsed 97.703916
2014-12-14 18:21:14 NeuralNetwork.py[line:193] INFO Model dumped to sigmoid-mse-800-0.001-epoch-75.model
2014-12-14 18:21:14 NeuralNetwork.py[line:93] INFO Testing...
2014-12-14 18:21:14 NeuralNetwork.py[line:148] INFO Start testing: len 10000 batch_size 100
2014-12-14 18:21:17 NeuralNetwork.py[line:161] INFO Done forward. Outputs: 10000
2014-12-14 18:21:17 NeuralNetwork.py[line:165] INFO 10000 tested.
2014-12-14 18:21:17 NeuralNetwork.py[line:94] INFO Accuracy: 0.354000
2014-12-14 18:21:17 NeuralNetwork.py[line:79] INFO Epoch 76 Batch 0 Avg loss 0.406407
2014-12-14 18:22:18 NeuralNetwork.py[line:79] INFO Epoch 76 Batch 315 Avg loss 0.397476
2014-12-14 18:22:54 NeuralNetwork.py[line:86] INFO Epoch 76 Loss 0.397984 Time elapsed 96.641242
2014-12-14 18:22:54 NeuralNetwork.py[line:193] INFO Model dumped to sigmoid-mse-800-0.001-epoch-76.model
2014-12-14 18:22:54 NeuralNetwork.py[line:93] INFO Testing...
2014-12-14 18:22:54 NeuralNetwork.py[line:148] INFO Start testing: len 10000 batch_size 100
2014-12-14 18:22:58 NeuralNetwork.py[line:161] INFO Done forward. Outputs: 10000
2014-12-14 18:22:58 NeuralNetwork.py[line:165] INFO 10000 tested.
2014-12-14 18:22:58 NeuralNetwork.py[line:94] INFO Accuracy: 0.365800
2014-12-14 18:22:58 NeuralNetwork.py[line:79] INFO Epoch 77 Batch 0 Avg loss 0.404502
2014-12-14 18:23:58 NeuralNetwork.py[line:79] INFO Epoch 77 Batch 314 Avg loss 0.397196
2014-12-14 18:24:35 NeuralNetwork.py[line:86] INFO Epoch 77 Loss 0.397613 Time elapsed 97.396916
2014-12-14 18:24:36 NeuralNetwork.py[line:193] INFO Model dumped to sigmoid-mse-800-0.001-epoch-77.model
2014-12-14 18:24:36 NeuralNetwork.py[line:93] INFO Testing...
2014-12-14 18:24:36 NeuralNetwork.py[line:148] INFO Start testing: len 10000 batch_size 100
2014-12-14 18:24:39 NeuralNetwork.py[line:161] INFO Done forward. Outputs: 10000
2014-12-14 18:24:39 NeuralNetwork.py[line:165] INFO 10000 tested.
2014-12-14 18:24:39 NeuralNetwork.py[line:94] INFO Accuracy: 0.357500
2014-12-14 18:24:39 NeuralNetwork.py[line:79] INFO Epoch 78 Batch 0 Avg loss 0.406324
2014-12-14 18:25:39 NeuralNetwork.py[line:79] INFO Epoch 78 Batch 333 Avg loss 0.397446
2014-12-14 18:26:07 NeuralNetwork.py[line:86] INFO Epoch 78 Loss 0.397844 Time elapsed 88.410754
2014-12-14 18:26:08 NeuralNetwork.py[line:193] INFO Model dumped to sigmoid-mse-800-0.001-epoch-78.model
2014-12-14 18:26:08 NeuralNetwork.py[line:93] INFO Testing...
2014-12-14 18:26:08 NeuralNetwork.py[line:148] INFO Start testing: len 10000 batch_size 100
2014-12-14 18:26:11 NeuralNetwork.py[line:161] INFO Done forward. Outputs: 10000
2014-12-14 18:26:11 NeuralNetwork.py[line:165] INFO 10000 tested.
2014-12-14 18:26:11 NeuralNetwork.py[line:94] INFO Accuracy: 0.358800
2014-12-14 18:26:11 NeuralNetwork.py[line:79] INFO Epoch 79 Batch 0 Avg loss 0.406316
2014-12-14 18:27:11 NeuralNetwork.py[line:79] INFO Epoch 79 Batch 356 Avg loss 0.397150
2014-12-14 18:27:36 NeuralNetwork.py[line:86] INFO Epoch 79 Loss 0.397627 Time elapsed 85.167517
2014-12-14 18:27:37 NeuralNetwork.py[line:193] INFO Model dumped to sigmoid-mse-800-0.001-epoch-79.model
2014-12-14 18:27:37 NeuralNetwork.py[line:93] INFO Testing...
2014-12-14 18:27:37 NeuralNetwork.py[line:148] INFO Start testing: len 10000 batch_size 100
2014-12-14 18:27:40 NeuralNetwork.py[line:161] INFO Done forward. Outputs: 10000
2014-12-14 18:27:40 NeuralNetwork.py[line:165] INFO 10000 tested.
2014-12-14 18:27:40 NeuralNetwork.py[line:94] INFO Accuracy: 0.365100
2014-12-14 18:27:40 NeuralNetwork.py[line:79] INFO Epoch 80 Batch 0 Avg loss 0.407744
2014-12-14 18:28:40 NeuralNetwork.py[line:79] INFO Epoch 80 Batch 333 Avg loss 0.397820
2014-12-14 18:29:08 NeuralNetwork.py[line:86] INFO Epoch 80 Loss 0.397835 Time elapsed 87.653650
2014-12-14 18:29:08 NeuralNetwork.py[line:193] INFO Model dumped to sigmoid-mse-800-0.001-epoch-80.model
2014-12-14 18:29:08 NeuralNetwork.py[line:93] INFO Testing...
2014-12-14 18:29:08 NeuralNetwork.py[line:148] INFO Start testing: len 10000 batch_size 100
2014-12-14 18:29:11 NeuralNetwork.py[line:161] INFO Done forward. Outputs: 10000
2014-12-14 18:29:11 NeuralNetwork.py[line:165] INFO 10000 tested.
2014-12-14 18:29:11 NeuralNetwork.py[line:94] INFO Accuracy: 0.360100
2014-12-14 18:29:11 NeuralNetwork.py[line:79] INFO Epoch 81 Batch 0 Avg loss 0.405664
2014-12-14 18:30:11 NeuralNetwork.py[line:79] INFO Epoch 81 Batch 351 Avg loss 0.396951
2014-12-14 18:30:35 NeuralNetwork.py[line:86] INFO Epoch 81 Loss 0.397355 Time elapsed 84.055633
2014-12-14 18:30:36 NeuralNetwork.py[line:193] INFO Model dumped to sigmoid-mse-800-0.001-epoch-81.model
2014-12-14 18:30:36 NeuralNetwork.py[line:93] INFO Testing...
2014-12-14 18:30:36 NeuralNetwork.py[line:148] INFO Start testing: len 10000 batch_size 100
2014-12-14 18:30:39 NeuralNetwork.py[line:161] INFO Done forward. Outputs: 10000
2014-12-14 18:30:39 NeuralNetwork.py[line:165] INFO 10000 tested.
2014-12-14 18:30:39 NeuralNetwork.py[line:94] INFO Accuracy: 0.365200
2014-12-14 18:30:39 NeuralNetwork.py[line:79] INFO Epoch 82 Batch 0 Avg loss 0.403703
2014-12-14 18:31:39 NeuralNetwork.py[line:79] INFO Epoch 82 Batch 387 Avg loss 0.396237
2014-12-14 18:31:56 NeuralNetwork.py[line:86] INFO Epoch 82 Loss 0.396534 Time elapsed 77.688055
2014-12-14 18:31:57 NeuralNetwork.py[line:193] INFO Model dumped to sigmoid-mse-800-0.001-epoch-82.model
2014-12-14 18:31:57 NeuralNetwork.py[line:93] INFO Testing...
2014-12-14 18:31:57 NeuralNetwork.py[line:148] INFO Start testing: len 10000 batch_size 100
2014-12-14 18:32:00 NeuralNetwork.py[line:161] INFO Done forward. Outputs: 10000
2014-12-14 18:32:00 NeuralNetwork.py[line:165] INFO 10000 tested.
2014-12-14 18:32:00 NeuralNetwork.py[line:94] INFO Accuracy: 0.361900
2014-12-14 18:32:00 NeuralNetwork.py[line:79] INFO Epoch 83 Batch 0 Avg loss 0.404314
2014-12-14 18:33:00 NeuralNetwork.py[line:79] INFO Epoch 83 Batch 366 Avg loss 0.396698
2014-12-14 18:33:21 NeuralNetwork.py[line:86] INFO Epoch 83 Loss 0.397331 Time elapsed 80.742674
2014-12-14 18:33:21 NeuralNetwork.py[line:193] INFO Model dumped to sigmoid-mse-800-0.001-epoch-83.model
2014-12-14 18:33:21 NeuralNetwork.py[line:93] INFO Testing...
2014-12-14 18:33:21 NeuralNetwork.py[line:148] INFO Start testing: len 10000 batch_size 100
2014-12-14 18:33:24 NeuralNetwork.py[line:161] INFO Done forward. Outputs: 10000
2014-12-14 18:33:24 NeuralNetwork.py[line:165] INFO 10000 tested.
2014-12-14 18:33:24 NeuralNetwork.py[line:94] INFO Accuracy: 0.360000
2014-12-14 18:33:25 NeuralNetwork.py[line:79] INFO Epoch 84 Batch 0 Avg loss 0.404840
2014-12-14 18:34:25 NeuralNetwork.py[line:79] INFO Epoch 84 Batch 382 Avg loss 0.396689
2014-12-14 18:34:43 NeuralNetwork.py[line:86] INFO Epoch 84 Loss 0.397066 Time elapsed 78.691689
2014-12-14 18:34:44 NeuralNetwork.py[line:193] INFO Model dumped to sigmoid-mse-800-0.001-epoch-84.model
2014-12-14 18:34:44 NeuralNetwork.py[line:93] INFO Testing...
2014-12-14 18:34:44 NeuralNetwork.py[line:148] INFO Start testing: len 10000 batch_size 100
2014-12-14 18:34:47 NeuralNetwork.py[line:161] INFO Done forward. Outputs: 10000
2014-12-14 18:34:47 NeuralNetwork.py[line:165] INFO 10000 tested.
2014-12-14 18:34:47 NeuralNetwork.py[line:94] INFO Accuracy: 0.365100
2014-12-14 18:34:47 NeuralNetwork.py[line:79] INFO Epoch 85 Batch 0 Avg loss 0.405887
2014-12-14 18:35:47 NeuralNetwork.py[line:79] INFO Epoch 85 Batch 380 Avg loss 0.396336
2014-12-14 18:36:06 NeuralNetwork.py[line:86] INFO Epoch 85 Loss 0.396737 Time elapsed 79.518107
2014-12-14 18:36:07 NeuralNetwork.py[line:193] INFO Model dumped to sigmoid-mse-800-0.001-epoch-85.model
2014-12-14 18:36:07 NeuralNetwork.py[line:93] INFO Testing...
2014-12-14 18:36:07 NeuralNetwork.py[line:148] INFO Start testing: len 10000 batch_size 100
2014-12-14 18:36:10 NeuralNetwork.py[line:161] INFO Done forward. Outputs: 10000
2014-12-14 18:36:10 NeuralNetwork.py[line:165] INFO 10000 tested.
2014-12-14 18:36:10 NeuralNetwork.py[line:94] INFO Accuracy: 0.365100
2014-12-14 18:36:10 NeuralNetwork.py[line:79] INFO Epoch 86 Batch 0 Avg loss 0.404444
2014-12-14 18:37:10 NeuralNetwork.py[line:79] INFO Epoch 86 Batch 388 Avg loss 0.396832
2014-12-14 18:37:28 NeuralNetwork.py[line:86] INFO Epoch 86 Loss 0.397245 Time elapsed 77.739219
2014-12-14 18:37:28 NeuralNetwork.py[line:193] INFO Model dumped to sigmoid-mse-800-0.001-epoch-86.model
2014-12-14 18:37:28 NeuralNetwork.py[line:93] INFO Testing...
2014-12-14 18:37:28 NeuralNetwork.py[line:148] INFO Start testing: len 10000 batch_size 100
2014-12-14 18:37:31 NeuralNetwork.py[line:161] INFO Done forward. Outputs: 10000
2014-12-14 18:37:31 NeuralNetwork.py[line:165] INFO 10000 tested.
2014-12-14 18:37:31 NeuralNetwork.py[line:94] INFO Accuracy: 0.363700
2014-12-14 18:37:32 NeuralNetwork.py[line:79] INFO Epoch 87 Batch 0 Avg loss 0.406591
2014-12-14 18:38:32 NeuralNetwork.py[line:79] INFO Epoch 87 Batch 363 Avg loss 0.397253
2014-12-14 18:38:54 NeuralNetwork.py[line:86] INFO Epoch 87 Loss 0.397448 Time elapsed 82.708537
2014-12-14 18:38:55 NeuralNetwork.py[line:193] INFO Model dumped to sigmoid-mse-800-0.001-epoch-87.model
2014-12-14 18:38:55 NeuralNetwork.py[line:93] INFO Testing...
2014-12-14 18:38:55 NeuralNetwork.py[line:148] INFO Start testing: len 10000 batch_size 100
2014-12-14 18:38:58 NeuralNetwork.py[line:161] INFO Done forward. Outputs: 10000
2014-12-14 18:38:58 NeuralNetwork.py[line:165] INFO 10000 tested.
2014-12-14 18:38:58 NeuralNetwork.py[line:94] INFO Accuracy: 0.358500
2014-12-14 18:38:58 NeuralNetwork.py[line:79] INFO Epoch 88 Batch 0 Avg loss 0.406184
2014-12-14 18:39:58 NeuralNetwork.py[line:79] INFO Epoch 88 Batch 345 Avg loss 0.397266
2014-12-14 18:40:23 NeuralNetwork.py[line:86] INFO Epoch 88 Loss 0.397244 Time elapsed 85.568459
2014-12-14 18:40:24 NeuralNetwork.py[line:193] INFO Model dumped to sigmoid-mse-800-0.001-epoch-88.model
2014-12-14 18:40:24 NeuralNetwork.py[line:93] INFO Testing...
2014-12-14 18:40:24 NeuralNetwork.py[line:148] INFO Start testing: len 10000 batch_size 100
2014-12-14 18:40:27 NeuralNetwork.py[line:161] INFO Done forward. Outputs: 10000
2014-12-14 18:40:27 NeuralNetwork.py[line:165] INFO 10000 tested.
2014-12-14 18:40:27 NeuralNetwork.py[line:94] INFO Accuracy: 0.358800
2014-12-14 18:40:27 NeuralNetwork.py[line:79] INFO Epoch 89 Batch 0 Avg loss 0.408159
2014-12-14 18:41:27 NeuralNetwork.py[line:79] INFO Epoch 89 Batch 329 Avg loss 0.397184
2014-12-14 18:41:56 NeuralNetwork.py[line:86] INFO Epoch 89 Loss 0.397409 Time elapsed 89.023189
2014-12-14 18:41:56 NeuralNetwork.py[line:193] INFO Model dumped to sigmoid-mse-800-0.001-epoch-89.model
2014-12-14 18:41:56 NeuralNetwork.py[line:93] INFO Testing...
2014-12-14 18:41:56 NeuralNetwork.py[line:148] INFO Start testing: len 10000 batch_size 100
2014-12-14 18:42:00 NeuralNetwork.py[line:161] INFO Done forward. Outputs: 10000
2014-12-14 18:42:00 NeuralNetwork.py[line:165] INFO 10000 tested.
2014-12-14 18:42:00 NeuralNetwork.py[line:94] INFO Accuracy: 0.366400
2014-12-14 18:42:00 NeuralNetwork.py[line:79] INFO Epoch 90 Batch 0 Avg loss 0.404080
2014-12-14 18:43:00 NeuralNetwork.py[line:79] INFO Epoch 90 Batch 377 Avg loss 0.396608
2014-12-14 18:43:20 NeuralNetwork.py[line:86] INFO Epoch 90 Loss 0.396937 Time elapsed 80.136887
2014-12-14 18:43:20 NeuralNetwork.py[line:193] INFO Model dumped to sigmoid-mse-800-0.001-epoch-90.model
2014-12-14 18:43:20 NeuralNetwork.py[line:93] INFO Testing...
2014-12-14 18:43:20 NeuralNetwork.py[line:148] INFO Start testing: len 10000 batch_size 100
2014-12-14 18:43:23 NeuralNetwork.py[line:161] INFO Done forward. Outputs: 10000
2014-12-14 18:43:23 NeuralNetwork.py[line:165] INFO 10000 tested.
2014-12-14 18:43:23 NeuralNetwork.py[line:94] INFO Accuracy: 0.363400
2014-12-14 18:43:24 NeuralNetwork.py[line:79] INFO Epoch 91 Batch 0 Avg loss 0.403849
2014-12-14 18:44:24 NeuralNetwork.py[line:79] INFO Epoch 91 Batch 331 Avg loss 0.397005
2014-12-14 18:44:55 NeuralNetwork.py[line:86] INFO Epoch 91 Loss 0.397501 Time elapsed 91.436577
2014-12-14 18:44:55 NeuralNetwork.py[line:193] INFO Model dumped to sigmoid-mse-800-0.001-epoch-91.model
2014-12-14 18:44:55 NeuralNetwork.py[line:93] INFO Testing...
2014-12-14 18:44:55 NeuralNetwork.py[line:148] INFO Start testing: len 10000 batch_size 100
2014-12-14 18:44:59 NeuralNetwork.py[line:161] INFO Done forward. Outputs: 10000
2014-12-14 18:44:59 NeuralNetwork.py[line:165] INFO 10000 tested.
2014-12-14 18:44:59 NeuralNetwork.py[line:94] INFO Accuracy: 0.365700
2014-12-14 18:44:59 NeuralNetwork.py[line:79] INFO Epoch 92 Batch 0 Avg loss 0.405718
2014-12-14 18:45:59 NeuralNetwork.py[line:79] INFO Epoch 92 Batch 328 Avg loss 0.396746
2014-12-14 18:46:32 NeuralNetwork.py[line:86] INFO Epoch 92 Loss 0.397188 Time elapsed 92.441720
2014-12-14 18:46:32 NeuralNetwork.py[line:193] INFO Model dumped to sigmoid-mse-800-0.001-epoch-92.model
2014-12-14 18:46:32 NeuralNetwork.py[line:93] INFO Testing...
2014-12-14 18:46:32 NeuralNetwork.py[line:148] INFO Start testing: len 10000 batch_size 100
2014-12-14 18:46:35 NeuralNetwork.py[line:161] INFO Done forward. Outputs: 10000
2014-12-14 18:46:35 NeuralNetwork.py[line:165] INFO 10000 tested.
2014-12-14 18:46:35 NeuralNetwork.py[line:94] INFO Accuracy: 0.348800
2014-12-14 18:46:36 NeuralNetwork.py[line:79] INFO Epoch 93 Batch 0 Avg loss 0.409523
2014-12-14 18:47:36 NeuralNetwork.py[line:79] INFO Epoch 93 Batch 321 Avg loss 0.397467
2014-12-14 18:48:09 NeuralNetwork.py[line:86] INFO Epoch 93 Loss 0.398038 Time elapsed 93.056962
2014-12-14 18:48:09 NeuralNetwork.py[line:193] INFO Model dumped to sigmoid-mse-800-0.001-epoch-93.model
2014-12-14 18:48:09 NeuralNetwork.py[line:93] INFO Testing...
2014-12-14 18:48:09 NeuralNetwork.py[line:148] INFO Start testing: len 10000 batch_size 100
2014-12-14 18:48:12 NeuralNetwork.py[line:161] INFO Done forward. Outputs: 10000
2014-12-14 18:48:12 NeuralNetwork.py[line:165] INFO 10000 tested.
2014-12-14 18:48:12 NeuralNetwork.py[line:94] INFO Accuracy: 0.364400
2014-12-14 18:48:13 NeuralNetwork.py[line:79] INFO Epoch 94 Batch 0 Avg loss 0.406982
2014-12-14 18:49:13 NeuralNetwork.py[line:79] INFO Epoch 94 Batch 309 Avg loss 0.397562
2014-12-14 18:49:48 NeuralNetwork.py[line:86] INFO Epoch 94 Loss 0.398001 Time elapsed 95.936386
2014-12-14 18:49:49 NeuralNetwork.py[line:193] INFO Model dumped to sigmoid-mse-800-0.001-epoch-94.model
2014-12-14 18:49:49 NeuralNetwork.py[line:93] INFO Testing...
2014-12-14 18:49:49 NeuralNetwork.py[line:148] INFO Start testing: len 10000 batch_size 100
2014-12-14 18:49:52 NeuralNetwork.py[line:161] INFO Done forward. Outputs: 10000
2014-12-14 18:49:52 NeuralNetwork.py[line:165] INFO 10000 tested.
2014-12-14 18:49:52 NeuralNetwork.py[line:94] INFO Accuracy: 0.360300
2014-12-14 18:49:53 NeuralNetwork.py[line:79] INFO Epoch 95 Batch 0 Avg loss 0.405197
2014-12-14 18:50:53 NeuralNetwork.py[line:79] INFO Epoch 95 Batch 322 Avg loss 0.396983
2014-12-14 18:51:25 NeuralNetwork.py[line:86] INFO Epoch 95 Loss 0.397342 Time elapsed 92.504837
2014-12-14 18:51:25 NeuralNetwork.py[line:193] INFO Model dumped to sigmoid-mse-800-0.001-epoch-95.model
2014-12-14 18:51:25 NeuralNetwork.py[line:93] INFO Testing...
2014-12-14 18:51:25 NeuralNetwork.py[line:148] INFO Start testing: len 10000 batch_size 100
2014-12-14 18:51:29 NeuralNetwork.py[line:161] INFO Done forward. Outputs: 10000
2014-12-14 18:51:29 NeuralNetwork.py[line:165] INFO 10000 tested.
2014-12-14 18:51:29 NeuralNetwork.py[line:94] INFO Accuracy: 0.356800
2014-12-14 18:51:29 NeuralNetwork.py[line:79] INFO Epoch 96 Batch 0 Avg loss 0.405249
2014-12-14 18:52:29 NeuralNetwork.py[line:79] INFO Epoch 96 Batch 317 Avg loss 0.397102
2014-12-14 18:53:03 NeuralNetwork.py[line:86] INFO Epoch 96 Loss 0.397449 Time elapsed 94.290504
2014-12-14 18:53:03 NeuralNetwork.py[line:193] INFO Model dumped to sigmoid-mse-800-0.001-epoch-96.model
2014-12-14 18:53:03 NeuralNetwork.py[line:93] INFO Testing...
2014-12-14 18:53:03 NeuralNetwork.py[line:148] INFO Start testing: len 10000 batch_size 100
2014-12-14 18:53:07 NeuralNetwork.py[line:161] INFO Done forward. Outputs: 10000
2014-12-14 18:53:07 NeuralNetwork.py[line:165] INFO 10000 tested.
2014-12-14 18:53:07 NeuralNetwork.py[line:94] INFO Accuracy: 0.358700
2014-12-14 18:53:07 NeuralNetwork.py[line:79] INFO Epoch 97 Batch 0 Avg loss 0.408271
2014-12-14 18:54:07 NeuralNetwork.py[line:79] INFO Epoch 97 Batch 291 Avg loss 0.397390
2014-12-14 18:54:47 NeuralNetwork.py[line:86] INFO Epoch 97 Loss 0.397782 Time elapsed 99.813730
2014-12-14 18:54:47 NeuralNetwork.py[line:193] INFO Model dumped to sigmoid-mse-800-0.001-epoch-97.model
2014-12-14 18:54:47 NeuralNetwork.py[line:93] INFO Testing...
2014-12-14 18:54:47 NeuralNetwork.py[line:148] INFO Start testing: len 10000 batch_size 100
2014-12-14 18:54:51 NeuralNetwork.py[line:161] INFO Done forward. Outputs: 10000
2014-12-14 18:54:51 NeuralNetwork.py[line:165] INFO 10000 tested.
2014-12-14 18:54:51 NeuralNetwork.py[line:94] INFO Accuracy: 0.359300
2014-12-14 18:54:51 NeuralNetwork.py[line:79] INFO Epoch 98 Batch 0 Avg loss 0.406499
2014-12-14 18:55:51 NeuralNetwork.py[line:79] INFO Epoch 98 Batch 316 Avg loss 0.396792
2014-12-14 18:56:29 NeuralNetwork.py[line:86] INFO Epoch 98 Loss 0.397605 Time elapsed 98.234036
2014-12-14 18:56:29 NeuralNetwork.py[line:193] INFO Model dumped to sigmoid-mse-800-0.001-epoch-98.model
2014-12-14 18:56:29 NeuralNetwork.py[line:93] INFO Testing...
2014-12-14 18:56:29 NeuralNetwork.py[line:148] INFO Start testing: len 10000 batch_size 100
2014-12-14 18:56:33 NeuralNetwork.py[line:161] INFO Done forward. Outputs: 10000
2014-12-14 18:56:33 NeuralNetwork.py[line:165] INFO 10000 tested.
2014-12-14 18:56:33 NeuralNetwork.py[line:94] INFO Accuracy: 0.363200
2014-12-14 18:56:33 NeuralNetwork.py[line:79] INFO Epoch 99 Batch 0 Avg loss 0.406568
2014-12-14 18:57:33 NeuralNetwork.py[line:79] INFO Epoch 99 Batch 298 Avg loss 0.398152
2014-12-14 18:58:12 NeuralNetwork.py[line:86] INFO Epoch 99 Loss 0.398330 Time elapsed 99.327343
2014-12-14 18:58:13 NeuralNetwork.py[line:193] INFO Model dumped to sigmoid-mse-800-0.001-epoch-99.model
2014-12-14 18:58:13 NeuralNetwork.py[line:93] INFO Testing...
2014-12-14 18:58:13 NeuralNetwork.py[line:148] INFO Start testing: len 10000 batch_size 100
2014-12-14 18:58:16 NeuralNetwork.py[line:161] INFO Done forward. Outputs: 10000
2014-12-14 18:58:16 NeuralNetwork.py[line:165] INFO 10000 tested.
2014-12-14 18:58:16 NeuralNetwork.py[line:94] INFO Accuracy: 0.357800
2014-12-14 18:58:16 NeuralNetwork.py[line:148] INFO Start testing: len 10000 batch_size 100
2014-12-14 18:58:20 NeuralNetwork.py[line:161] INFO Done forward. Outputs: 10000
2014-12-14 18:58:20 NeuralNetwork.py[line:165] INFO 10000 tested.
(0.35780000000000001, array([[365,  80,   1,   2,   9,  64,  40,  48, 337,  54],
       [ 43, 514,   1,   3,   2,  68,  66,  23, 149, 131],
       [135,  64,  12,   6, 105, 195, 284,  82,  98,  19],
       [ 45, 108,   9,  16,  19, 427, 197,  60,  70,  49],
       [ 61,  53,   9,   8, 155, 178, 356, 104,  57,  19],
       [ 39,  72,   9,   6,  32, 479, 195,  81,  65,  22],
       [ 15,  78,   8,   5,  24, 138, 648,  27,  24,  33],
       [ 65,  67,   2,   9,  56, 166, 131, 347,  67,  90],
       [ 72, 119,   0,   2,   0,  73,  13,  14, 632,  75],
       [ 46, 236,   2,   6,   3,  31,  57,  32, 177, 410]]))
