2014-12-14 16:30:30 NeuralNetwork.py[line:37] INFO Activation tanh loss type softmax
2014-12-14 16:30:30 NeuralNetwork.py[line:60] INFO start fitting epoch 100 batchsize 100 LR [1e-05, 1e-05]
2014-12-14 16:30:30 NeuralNetwork.py[line:79] INFO Epoch 0 Batch 0 Avg loss 2.303363
2014-12-14 16:31:30 NeuralNetwork.py[line:79] INFO Epoch 0 Batch 290 Avg loss 2.234049
2014-12-14 16:32:18 NeuralNetwork.py[line:86] INFO Epoch 0 Loss 2.182594 Time elapsed 108.246800
2014-12-14 16:32:19 NeuralNetwork.py[line:193] INFO Model dumped to tanh-softmax-1600-0.00001-epoch-0.model
2014-12-14 16:32:19 NeuralNetwork.py[line:93] INFO Testing...
2014-12-14 16:32:19 NeuralNetwork.py[line:148] INFO Start testing: len 10000 batch_size 100
2014-12-14 16:32:26 NeuralNetwork.py[line:161] INFO Done forward. Outputs: 10000
2014-12-14 16:32:26 NeuralNetwork.py[line:165] INFO 10000 tested.
2014-12-14 16:32:26 NeuralNetwork.py[line:94] INFO Accuracy: 0.300900
2014-12-14 16:32:26 NeuralNetwork.py[line:79] INFO Epoch 1 Batch 0 Avg loss 2.127684
2014-12-14 16:33:26 NeuralNetwork.py[line:79] INFO Epoch 1 Batch 281 Avg loss 2.020015
2014-12-14 16:34:18 NeuralNetwork.py[line:86] INFO Epoch 1 Loss 1.994578 Time elapsed 111.791467
2014-12-14 16:34:18 NeuralNetwork.py[line:193] INFO Model dumped to tanh-softmax-1600-0.00001-epoch-1.model
2014-12-14 16:34:18 NeuralNetwork.py[line:93] INFO Testing...
2014-12-14 16:34:18 NeuralNetwork.py[line:148] INFO Start testing: len 10000 batch_size 100
2014-12-14 16:34:25 NeuralNetwork.py[line:161] INFO Done forward. Outputs: 10000
2014-12-14 16:34:25 NeuralNetwork.py[line:165] INFO 10000 tested.
2014-12-14 16:34:25 NeuralNetwork.py[line:94] INFO Accuracy: 0.331200
2014-12-14 16:34:25 NeuralNetwork.py[line:79] INFO Epoch 2 Batch 0 Avg loss 2.018107
2014-12-14 16:35:26 NeuralNetwork.py[line:79] INFO Epoch 2 Batch 264 Avg loss 1.910852
2014-12-14 16:36:17 NeuralNetwork.py[line:86] INFO Epoch 2 Loss 1.898726 Time elapsed 111.350652
2014-12-14 16:36:18 NeuralNetwork.py[line:193] INFO Model dumped to tanh-softmax-1600-0.00001-epoch-2.model
2014-12-14 16:36:18 NeuralNetwork.py[line:93] INFO Testing...
2014-12-14 16:36:18 NeuralNetwork.py[line:148] INFO Start testing: len 10000 batch_size 100
2014-12-14 16:36:25 NeuralNetwork.py[line:161] INFO Done forward. Outputs: 10000
2014-12-14 16:36:25 NeuralNetwork.py[line:165] INFO 10000 tested.
2014-12-14 16:36:25 NeuralNetwork.py[line:94] INFO Accuracy: 0.350200
2014-12-14 16:36:25 NeuralNetwork.py[line:79] INFO Epoch 3 Batch 0 Avg loss 1.944615
2014-12-14 16:37:25 NeuralNetwork.py[line:79] INFO Epoch 3 Batch 253 Avg loss 1.845630
2014-12-14 16:38:22 NeuralNetwork.py[line:86] INFO Epoch 3 Loss 1.838580 Time elapsed 116.764170
2014-12-14 16:38:22 NeuralNetwork.py[line:193] INFO Model dumped to tanh-softmax-1600-0.00001-epoch-3.model
2014-12-14 16:38:22 NeuralNetwork.py[line:93] INFO Testing...
2014-12-14 16:38:22 NeuralNetwork.py[line:148] INFO Start testing: len 10000 batch_size 100
2014-12-14 16:38:31 NeuralNetwork.py[line:161] INFO Done forward. Outputs: 10000
2014-12-14 16:38:31 NeuralNetwork.py[line:165] INFO 10000 tested.
2014-12-14 16:38:31 NeuralNetwork.py[line:94] INFO Accuracy: 0.366000
2014-12-14 16:38:31 NeuralNetwork.py[line:79] INFO Epoch 4 Batch 0 Avg loss 1.890304
2014-12-14 16:39:31 NeuralNetwork.py[line:79] INFO Epoch 4 Batch 300 Avg loss 1.796623
2014-12-14 16:40:11 NeuralNetwork.py[line:86] INFO Epoch 4 Loss 1.794338 Time elapsed 100.535687
2014-12-14 16:40:12 NeuralNetwork.py[line:193] INFO Model dumped to tanh-softmax-1600-0.00001-epoch-4.model
2014-12-14 16:40:12 NeuralNetwork.py[line:93] INFO Testing...
2014-12-14 16:40:12 NeuralNetwork.py[line:148] INFO Start testing: len 10000 batch_size 100
2014-12-14 16:40:19 NeuralNetwork.py[line:161] INFO Done forward. Outputs: 10000
2014-12-14 16:40:19 NeuralNetwork.py[line:165] INFO 10000 tested.
2014-12-14 16:40:19 NeuralNetwork.py[line:94] INFO Accuracy: 0.379300
2014-12-14 16:40:19 NeuralNetwork.py[line:79] INFO Epoch 5 Batch 0 Avg loss 1.847849
2014-12-14 16:41:19 NeuralNetwork.py[line:79] INFO Epoch 5 Batch 284 Avg loss 1.761415
2014-12-14 16:42:07 NeuralNetwork.py[line:86] INFO Epoch 5 Loss 1.759417 Time elapsed 107.614310
2014-12-14 16:42:08 NeuralNetwork.py[line:193] INFO Model dumped to tanh-softmax-1600-0.00001-epoch-5.model
2014-12-14 16:42:08 NeuralNetwork.py[line:93] INFO Testing...
2014-12-14 16:42:08 NeuralNetwork.py[line:148] INFO Start testing: len 10000 batch_size 100
2014-12-14 16:42:15 NeuralNetwork.py[line:161] INFO Done forward. Outputs: 10000
2014-12-14 16:42:15 NeuralNetwork.py[line:165] INFO 10000 tested.
2014-12-14 16:42:15 NeuralNetwork.py[line:94] INFO Accuracy: 0.384600
2014-12-14 16:42:15 NeuralNetwork.py[line:79] INFO Epoch 6 Batch 0 Avg loss 1.814904
2014-12-14 16:43:15 NeuralNetwork.py[line:79] INFO Epoch 6 Batch 267 Avg loss 1.729625
2014-12-14 16:44:10 NeuralNetwork.py[line:86] INFO Epoch 6 Loss 1.730531 Time elapsed 114.957792
2014-12-14 16:44:11 NeuralNetwork.py[line:193] INFO Model dumped to tanh-softmax-1600-0.00001-epoch-6.model
2014-12-14 16:44:11 NeuralNetwork.py[line:93] INFO Testing...
2014-12-14 16:44:11 NeuralNetwork.py[line:148] INFO Start testing: len 10000 batch_size 100
2014-12-14 16:44:18 NeuralNetwork.py[line:161] INFO Done forward. Outputs: 10000
2014-12-14 16:44:18 NeuralNetwork.py[line:165] INFO 10000 tested.
2014-12-14 16:44:18 NeuralNetwork.py[line:94] INFO Accuracy: 0.393600
2014-12-14 16:44:18 NeuralNetwork.py[line:79] INFO Epoch 7 Batch 0 Avg loss 1.787074
2014-12-14 16:45:18 NeuralNetwork.py[line:79] INFO Epoch 7 Batch 263 Avg loss 1.703591
2014-12-14 16:46:12 NeuralNetwork.py[line:86] INFO Epoch 7 Loss 1.705338 Time elapsed 114.336260
2014-12-14 16:46:13 NeuralNetwork.py[line:193] INFO Model dumped to tanh-softmax-1600-0.00001-epoch-7.model
2014-12-14 16:46:13 NeuralNetwork.py[line:93] INFO Testing...
2014-12-14 16:46:13 NeuralNetwork.py[line:148] INFO Start testing: len 10000 batch_size 100
2014-12-14 16:46:20 NeuralNetwork.py[line:161] INFO Done forward. Outputs: 10000
2014-12-14 16:46:20 NeuralNetwork.py[line:165] INFO 10000 tested.
2014-12-14 16:46:20 NeuralNetwork.py[line:94] INFO Accuracy: 0.401000
2014-12-14 16:46:20 NeuralNetwork.py[line:79] INFO Epoch 8 Batch 0 Avg loss 1.763295
2014-12-14 16:47:20 NeuralNetwork.py[line:79] INFO Epoch 8 Batch 282 Avg loss 1.682638
2014-12-14 16:48:08 NeuralNetwork.py[line:86] INFO Epoch 8 Loss 1.683083 Time elapsed 107.903350
2014-12-14 16:48:08 NeuralNetwork.py[line:193] INFO Model dumped to tanh-softmax-1600-0.00001-epoch-8.model
2014-12-14 16:48:08 NeuralNetwork.py[line:93] INFO Testing...
2014-12-14 16:48:08 NeuralNetwork.py[line:148] INFO Start testing: len 10000 batch_size 100
2014-12-14 16:48:16 NeuralNetwork.py[line:161] INFO Done forward. Outputs: 10000
2014-12-14 16:48:16 NeuralNetwork.py[line:165] INFO 10000 tested.
2014-12-14 16:48:16 NeuralNetwork.py[line:94] INFO Accuracy: 0.405700
2014-12-14 16:48:16 NeuralNetwork.py[line:79] INFO Epoch 9 Batch 0 Avg loss 1.743644
2014-12-14 16:49:16 NeuralNetwork.py[line:79] INFO Epoch 9 Batch 270 Avg loss 1.660218
2014-12-14 16:50:07 NeuralNetwork.py[line:86] INFO Epoch 9 Loss 1.662915 Time elapsed 111.513535
2014-12-14 16:50:08 NeuralNetwork.py[line:193] INFO Model dumped to tanh-softmax-1600-0.00001-epoch-9.model
2014-12-14 16:50:08 NeuralNetwork.py[line:93] INFO Testing...
2014-12-14 16:50:08 NeuralNetwork.py[line:148] INFO Start testing: len 10000 batch_size 100
2014-12-14 16:50:16 NeuralNetwork.py[line:161] INFO Done forward. Outputs: 10000
2014-12-14 16:50:16 NeuralNetwork.py[line:165] INFO 10000 tested.
2014-12-14 16:50:16 NeuralNetwork.py[line:94] INFO Accuracy: 0.410500
2014-12-14 16:50:16 NeuralNetwork.py[line:79] INFO Epoch 10 Batch 0 Avg loss 1.726426
2014-12-14 16:51:16 NeuralNetwork.py[line:79] INFO Epoch 10 Batch 279 Avg loss 1.641993
2014-12-14 16:52:02 NeuralNetwork.py[line:86] INFO Epoch 10 Loss 1.644297 Time elapsed 106.792262
2014-12-14 16:52:03 NeuralNetwork.py[line:193] INFO Model dumped to tanh-softmax-1600-0.00001-epoch-10.model
2014-12-14 16:52:03 NeuralNetwork.py[line:93] INFO Testing...
2014-12-14 16:52:03 NeuralNetwork.py[line:148] INFO Start testing: len 10000 batch_size 100
2014-12-14 16:52:10 NeuralNetwork.py[line:161] INFO Done forward. Outputs: 10000
2014-12-14 16:52:10 NeuralNetwork.py[line:165] INFO 10000 tested.
2014-12-14 16:52:10 NeuralNetwork.py[line:94] INFO Accuracy: 0.415500
2014-12-14 16:52:10 NeuralNetwork.py[line:79] INFO Epoch 11 Batch 0 Avg loss 1.708668
2014-12-14 16:53:10 NeuralNetwork.py[line:79] INFO Epoch 11 Batch 283 Avg loss 1.625190
2014-12-14 16:53:56 NeuralNetwork.py[line:86] INFO Epoch 11 Loss 1.627131 Time elapsed 105.799478
2014-12-14 16:53:56 NeuralNetwork.py[line:193] INFO Model dumped to tanh-softmax-1600-0.00001-epoch-11.model
2014-12-14 16:53:56 NeuralNetwork.py[line:93] INFO Testing...
2014-12-14 16:53:56 NeuralNetwork.py[line:148] INFO Start testing: len 10000 batch_size 100
2014-12-14 16:54:06 NeuralNetwork.py[line:161] INFO Done forward. Outputs: 10000
2014-12-14 16:54:06 NeuralNetwork.py[line:165] INFO 10000 tested.
2014-12-14 16:54:06 NeuralNetwork.py[line:94] INFO Accuracy: 0.419900
2014-12-14 16:54:06 NeuralNetwork.py[line:79] INFO Epoch 12 Batch 0 Avg loss 1.695302
2014-12-14 16:55:06 NeuralNetwork.py[line:79] INFO Epoch 12 Batch 285 Avg loss 1.608980
2014-12-14 16:55:51 NeuralNetwork.py[line:86] INFO Epoch 12 Loss 1.611133 Time elapsed 105.608487
2014-12-14 16:55:52 NeuralNetwork.py[line:193] INFO Model dumped to tanh-softmax-1600-0.00001-epoch-12.model
2014-12-14 16:55:52 NeuralNetwork.py[line:93] INFO Testing...
2014-12-14 16:55:52 NeuralNetwork.py[line:148] INFO Start testing: len 10000 batch_size 100
2014-12-14 16:55:59 NeuralNetwork.py[line:161] INFO Done forward. Outputs: 10000
2014-12-14 16:55:59 NeuralNetwork.py[line:165] INFO 10000 tested.
2014-12-14 16:55:59 NeuralNetwork.py[line:94] INFO Accuracy: 0.423100
2014-12-14 16:55:59 NeuralNetwork.py[line:79] INFO Epoch 13 Batch 0 Avg loss 1.680215
2014-12-14 16:56:59 NeuralNetwork.py[line:79] INFO Epoch 13 Batch 289 Avg loss 1.592432
2014-12-14 16:57:44 NeuralNetwork.py[line:86] INFO Epoch 13 Loss 1.596013 Time elapsed 104.854037
2014-12-14 16:57:44 NeuralNetwork.py[line:193] INFO Model dumped to tanh-softmax-1600-0.00001-epoch-13.model
2014-12-14 16:57:44 NeuralNetwork.py[line:93] INFO Testing...
2014-12-14 16:57:44 NeuralNetwork.py[line:148] INFO Start testing: len 10000 batch_size 100
2014-12-14 16:57:51 NeuralNetwork.py[line:161] INFO Done forward. Outputs: 10000
2014-12-14 16:57:51 NeuralNetwork.py[line:165] INFO 10000 tested.
2014-12-14 16:57:51 NeuralNetwork.py[line:94] INFO Accuracy: 0.427100
2014-12-14 16:57:51 NeuralNetwork.py[line:79] INFO Epoch 14 Batch 0 Avg loss 1.663843
2014-12-14 16:58:51 NeuralNetwork.py[line:79] INFO Epoch 14 Batch 287 Avg loss 1.579305
2014-12-14 16:59:35 NeuralNetwork.py[line:86] INFO Epoch 14 Loss 1.582374 Time elapsed 104.221464
2014-12-14 16:59:36 NeuralNetwork.py[line:193] INFO Model dumped to tanh-softmax-1600-0.00001-epoch-14.model
2014-12-14 16:59:36 NeuralNetwork.py[line:93] INFO Testing...
2014-12-14 16:59:36 NeuralNetwork.py[line:148] INFO Start testing: len 10000 batch_size 100
2014-12-14 16:59:43 NeuralNetwork.py[line:161] INFO Done forward. Outputs: 10000
2014-12-14 16:59:43 NeuralNetwork.py[line:165] INFO 10000 tested.
2014-12-14 16:59:43 NeuralNetwork.py[line:94] INFO Accuracy: 0.431000
2014-12-14 16:59:43 NeuralNetwork.py[line:79] INFO Epoch 15 Batch 0 Avg loss 1.649735
2014-12-14 17:00:43 NeuralNetwork.py[line:79] INFO Epoch 15 Batch 290 Avg loss 1.564983
2014-12-14 17:01:27 NeuralNetwork.py[line:86] INFO Epoch 15 Loss 1.568820 Time elapsed 103.890850
2014-12-14 17:01:27 NeuralNetwork.py[line:193] INFO Model dumped to tanh-softmax-1600-0.00001-epoch-15.model
2014-12-14 17:01:27 NeuralNetwork.py[line:93] INFO Testing...
2014-12-14 17:01:27 NeuralNetwork.py[line:148] INFO Start testing: len 10000 batch_size 100
2014-12-14 17:01:34 NeuralNetwork.py[line:161] INFO Done forward. Outputs: 10000
2014-12-14 17:01:34 NeuralNetwork.py[line:165] INFO 10000 tested.
2014-12-14 17:01:34 NeuralNetwork.py[line:94] INFO Accuracy: 0.435900
2014-12-14 17:01:34 NeuralNetwork.py[line:79] INFO Epoch 16 Batch 0 Avg loss 1.635377
2014-12-14 17:02:34 NeuralNetwork.py[line:79] INFO Epoch 16 Batch 292 Avg loss 1.552206
2014-12-14 17:03:17 NeuralNetwork.py[line:86] INFO Epoch 16 Loss 1.556232 Time elapsed 103.069249
2014-12-14 17:03:17 NeuralNetwork.py[line:193] INFO Model dumped to tanh-softmax-1600-0.00001-epoch-16.model
2014-12-14 17:03:17 NeuralNetwork.py[line:93] INFO Testing...
2014-12-14 17:03:17 NeuralNetwork.py[line:148] INFO Start testing: len 10000 batch_size 100
2014-12-14 17:03:28 NeuralNetwork.py[line:161] INFO Done forward. Outputs: 10000
2014-12-14 17:03:28 NeuralNetwork.py[line:165] INFO 10000 tested.
2014-12-14 17:03:28 NeuralNetwork.py[line:94] INFO Accuracy: 0.439400
2014-12-14 17:03:28 NeuralNetwork.py[line:79] INFO Epoch 17 Batch 0 Avg loss 1.621348
2014-12-14 17:04:28 NeuralNetwork.py[line:79] INFO Epoch 17 Batch 291 Avg loss 1.540389
2014-12-14 17:05:12 NeuralNetwork.py[line:86] INFO Epoch 17 Loss 1.544336 Time elapsed 104.515215
2014-12-14 17:05:13 NeuralNetwork.py[line:193] INFO Model dumped to tanh-softmax-1600-0.00001-epoch-17.model
2014-12-14 17:05:13 NeuralNetwork.py[line:93] INFO Testing...
2014-12-14 17:05:13 NeuralNetwork.py[line:148] INFO Start testing: len 10000 batch_size 100
2014-12-14 17:05:20 NeuralNetwork.py[line:161] INFO Done forward. Outputs: 10000
2014-12-14 17:05:20 NeuralNetwork.py[line:165] INFO 10000 tested.
2014-12-14 17:05:20 NeuralNetwork.py[line:94] INFO Accuracy: 0.443400
2014-12-14 17:05:20 NeuralNetwork.py[line:79] INFO Epoch 18 Batch 0 Avg loss 1.607341
2014-12-14 17:06:20 NeuralNetwork.py[line:79] INFO Epoch 18 Batch 275 Avg loss 1.528144
2014-12-14 17:07:06 NeuralNetwork.py[line:86] INFO Epoch 18 Loss 1.533153 Time elapsed 105.970234
2014-12-14 17:07:06 NeuralNetwork.py[line:193] INFO Model dumped to tanh-softmax-1600-0.00001-epoch-18.model
2014-12-14 17:07:06 NeuralNetwork.py[line:93] INFO Testing...
2014-12-14 17:07:06 NeuralNetwork.py[line:148] INFO Start testing: len 10000 batch_size 100
2014-12-14 17:07:14 NeuralNetwork.py[line:161] INFO Done forward. Outputs: 10000
2014-12-14 17:07:14 NeuralNetwork.py[line:165] INFO 10000 tested.
2014-12-14 17:07:14 NeuralNetwork.py[line:94] INFO Accuracy: 0.445600
2014-12-14 17:07:14 NeuralNetwork.py[line:79] INFO Epoch 19 Batch 0 Avg loss 1.599780
2014-12-14 17:08:14 NeuralNetwork.py[line:79] INFO Epoch 19 Batch 286 Avg loss 1.518615
2014-12-14 17:08:58 NeuralNetwork.py[line:86] INFO Epoch 19 Loss 1.522146 Time elapsed 104.795519
2014-12-14 17:08:59 NeuralNetwork.py[line:193] INFO Model dumped to tanh-softmax-1600-0.00001-epoch-19.model
2014-12-14 17:08:59 NeuralNetwork.py[line:93] INFO Testing...
2014-12-14 17:08:59 NeuralNetwork.py[line:148] INFO Start testing: len 10000 batch_size 100
2014-12-14 17:09:06 NeuralNetwork.py[line:161] INFO Done forward. Outputs: 10000
2014-12-14 17:09:06 NeuralNetwork.py[line:165] INFO 10000 tested.
2014-12-14 17:09:06 NeuralNetwork.py[line:94] INFO Accuracy: 0.448700
2014-12-14 17:09:06 NeuralNetwork.py[line:79] INFO Epoch 20 Batch 0 Avg loss 1.589778
2014-12-14 17:10:06 NeuralNetwork.py[line:79] INFO Epoch 20 Batch 258 Avg loss 1.507415
2014-12-14 17:11:01 NeuralNetwork.py[line:86] INFO Epoch 20 Loss 1.511702 Time elapsed 114.793955
2014-12-14 17:11:02 NeuralNetwork.py[line:193] INFO Model dumped to tanh-softmax-1600-0.00001-epoch-20.model
2014-12-14 17:11:02 NeuralNetwork.py[line:93] INFO Testing...
2014-12-14 17:11:02 NeuralNetwork.py[line:148] INFO Start testing: len 10000 batch_size 100
2014-12-14 17:11:09 NeuralNetwork.py[line:161] INFO Done forward. Outputs: 10000
2014-12-14 17:11:09 NeuralNetwork.py[line:165] INFO 10000 tested.
2014-12-14 17:11:09 NeuralNetwork.py[line:94] INFO Accuracy: 0.451300
2014-12-14 17:11:09 NeuralNetwork.py[line:79] INFO Epoch 21 Batch 0 Avg loss 1.573877
2014-12-14 17:12:10 NeuralNetwork.py[line:79] INFO Epoch 21 Batch 295 Avg loss 1.496637
2014-12-14 17:12:51 NeuralNetwork.py[line:86] INFO Epoch 21 Loss 1.501546 Time elapsed 102.073567
2014-12-14 17:12:52 NeuralNetwork.py[line:193] INFO Model dumped to tanh-softmax-1600-0.00001-epoch-21.model
2014-12-14 17:12:52 NeuralNetwork.py[line:93] INFO Testing...
2014-12-14 17:12:52 NeuralNetwork.py[line:148] INFO Start testing: len 10000 batch_size 100
2014-12-14 17:12:59 NeuralNetwork.py[line:161] INFO Done forward. Outputs: 10000
2014-12-14 17:12:59 NeuralNetwork.py[line:165] INFO 10000 tested.
2014-12-14 17:12:59 NeuralNetwork.py[line:94] INFO Accuracy: 0.452300
2014-12-14 17:12:59 NeuralNetwork.py[line:79] INFO Epoch 22 Batch 0 Avg loss 1.561127
2014-12-14 17:13:59 NeuralNetwork.py[line:79] INFO Epoch 22 Batch 293 Avg loss 1.487267
2014-12-14 17:14:42 NeuralNetwork.py[line:86] INFO Epoch 22 Loss 1.491941 Time elapsed 102.713827
2014-12-14 17:14:42 NeuralNetwork.py[line:193] INFO Model dumped to tanh-softmax-1600-0.00001-epoch-22.model
2014-12-14 17:14:42 NeuralNetwork.py[line:93] INFO Testing...
2014-12-14 17:14:42 NeuralNetwork.py[line:148] INFO Start testing: len 10000 batch_size 100
2014-12-14 17:14:49 NeuralNetwork.py[line:161] INFO Done forward. Outputs: 10000
2014-12-14 17:14:49 NeuralNetwork.py[line:165] INFO 10000 tested.
2014-12-14 17:14:49 NeuralNetwork.py[line:94] INFO Accuracy: 0.454700
2014-12-14 17:14:49 NeuralNetwork.py[line:79] INFO Epoch 23 Batch 0 Avg loss 1.549772
2014-12-14 17:15:49 NeuralNetwork.py[line:79] INFO Epoch 23 Batch 294 Avg loss 1.477257
2014-12-14 17:16:31 NeuralNetwork.py[line:86] INFO Epoch 23 Loss 1.482280 Time elapsed 102.289173
2014-12-14 17:16:32 NeuralNetwork.py[line:193] INFO Model dumped to tanh-softmax-1600-0.00001-epoch-23.model
2014-12-14 17:16:32 NeuralNetwork.py[line:93] INFO Testing...
2014-12-14 17:16:32 NeuralNetwork.py[line:148] INFO Start testing: len 10000 batch_size 100
2014-12-14 17:16:39 NeuralNetwork.py[line:161] INFO Done forward. Outputs: 10000
2014-12-14 17:16:39 NeuralNetwork.py[line:165] INFO 10000 tested.
2014-12-14 17:16:39 NeuralNetwork.py[line:94] INFO Accuracy: 0.455900
2014-12-14 17:16:39 NeuralNetwork.py[line:79] INFO Epoch 24 Batch 0 Avg loss 1.534667
2014-12-14 17:17:39 NeuralNetwork.py[line:79] INFO Epoch 24 Batch 295 Avg loss 1.467479
2014-12-14 17:18:21 NeuralNetwork.py[line:86] INFO Epoch 24 Loss 1.472775 Time elapsed 102.248727
2014-12-14 17:18:22 NeuralNetwork.py[line:193] INFO Model dumped to tanh-softmax-1600-0.00001-epoch-24.model
2014-12-14 17:18:22 NeuralNetwork.py[line:93] INFO Testing...
2014-12-14 17:18:22 NeuralNetwork.py[line:148] INFO Start testing: len 10000 batch_size 100
2014-12-14 17:18:28 NeuralNetwork.py[line:161] INFO Done forward. Outputs: 10000
2014-12-14 17:18:28 NeuralNetwork.py[line:165] INFO 10000 tested.
2014-12-14 17:18:28 NeuralNetwork.py[line:94] INFO Accuracy: 0.457900
2014-12-14 17:18:29 NeuralNetwork.py[line:79] INFO Epoch 25 Batch 0 Avg loss 1.528264
2014-12-14 17:19:29 NeuralNetwork.py[line:79] INFO Epoch 25 Batch 292 Avg loss 1.458729
2014-12-14 17:20:11 NeuralNetwork.py[line:86] INFO Epoch 25 Loss 1.463551 Time elapsed 102.893728
2014-12-14 17:20:12 NeuralNetwork.py[line:193] INFO Model dumped to tanh-softmax-1600-0.00001-epoch-25.model
2014-12-14 17:20:12 NeuralNetwork.py[line:93] INFO Testing...
2014-12-14 17:20:12 NeuralNetwork.py[line:148] INFO Start testing: len 10000 batch_size 100
2014-12-14 17:20:19 NeuralNetwork.py[line:161] INFO Done forward. Outputs: 10000
2014-12-14 17:20:19 NeuralNetwork.py[line:165] INFO 10000 tested.
2014-12-14 17:20:19 NeuralNetwork.py[line:94] INFO Accuracy: 0.461000
2014-12-14 17:20:19 NeuralNetwork.py[line:79] INFO Epoch 26 Batch 0 Avg loss 1.516868
2014-12-14 17:21:19 NeuralNetwork.py[line:79] INFO Epoch 26 Batch 296 Avg loss 1.449756
2014-12-14 17:22:00 NeuralNetwork.py[line:86] INFO Epoch 26 Loss 1.454798 Time elapsed 101.616429
2014-12-14 17:22:01 NeuralNetwork.py[line:193] INFO Model dumped to tanh-softmax-1600-0.00001-epoch-26.model
2014-12-14 17:22:01 NeuralNetwork.py[line:93] INFO Testing...
2014-12-14 17:22:01 NeuralNetwork.py[line:148] INFO Start testing: len 10000 batch_size 100
2014-12-14 17:22:08 NeuralNetwork.py[line:161] INFO Done forward. Outputs: 10000
2014-12-14 17:22:08 NeuralNetwork.py[line:165] INFO 10000 tested.
2014-12-14 17:22:08 NeuralNetwork.py[line:94] INFO Accuracy: 0.462400
2014-12-14 17:22:08 NeuralNetwork.py[line:79] INFO Epoch 27 Batch 0 Avg loss 1.506348
2014-12-14 17:23:08 NeuralNetwork.py[line:79] INFO Epoch 27 Batch 293 Avg loss 1.441614
2014-12-14 17:23:50 NeuralNetwork.py[line:86] INFO Epoch 27 Loss 1.446582 Time elapsed 102.058302
2014-12-14 17:23:50 NeuralNetwork.py[line:193] INFO Model dumped to tanh-softmax-1600-0.00001-epoch-27.model
2014-12-14 17:23:50 NeuralNetwork.py[line:93] INFO Testing...
2014-12-14 17:23:50 NeuralNetwork.py[line:148] INFO Start testing: len 10000 batch_size 100
2014-12-14 17:23:57 NeuralNetwork.py[line:161] INFO Done forward. Outputs: 10000
2014-12-14 17:23:57 NeuralNetwork.py[line:165] INFO 10000 tested.
2014-12-14 17:23:57 NeuralNetwork.py[line:94] INFO Accuracy: 0.464100
2014-12-14 17:23:57 NeuralNetwork.py[line:79] INFO Epoch 28 Batch 0 Avg loss 1.498821
2014-12-14 17:24:58 NeuralNetwork.py[line:79] INFO Epoch 28 Batch 291 Avg loss 1.433702
2014-12-14 17:25:39 NeuralNetwork.py[line:86] INFO Epoch 28 Loss 1.438641 Time elapsed 102.201994
2014-12-14 17:25:40 NeuralNetwork.py[line:193] INFO Model dumped to tanh-softmax-1600-0.00001-epoch-28.model
2014-12-14 17:25:40 NeuralNetwork.py[line:93] INFO Testing...
2014-12-14 17:25:40 NeuralNetwork.py[line:148] INFO Start testing: len 10000 batch_size 100
2014-12-14 17:25:47 NeuralNetwork.py[line:161] INFO Done forward. Outputs: 10000
2014-12-14 17:25:47 NeuralNetwork.py[line:165] INFO 10000 tested.
2014-12-14 17:25:47 NeuralNetwork.py[line:94] INFO Accuracy: 0.465300
2014-12-14 17:25:47 NeuralNetwork.py[line:79] INFO Epoch 29 Batch 0 Avg loss 1.488698
2014-12-14 17:26:47 NeuralNetwork.py[line:79] INFO Epoch 29 Batch 294 Avg loss 1.426307
2014-12-14 17:27:29 NeuralNetwork.py[line:86] INFO Epoch 29 Loss 1.431535 Time elapsed 101.954248
2014-12-14 17:27:29 NeuralNetwork.py[line:193] INFO Model dumped to tanh-softmax-1600-0.00001-epoch-29.model
2014-12-14 17:27:29 NeuralNetwork.py[line:93] INFO Testing...
2014-12-14 17:27:29 NeuralNetwork.py[line:148] INFO Start testing: len 10000 batch_size 100
2014-12-14 17:27:36 NeuralNetwork.py[line:161] INFO Done forward. Outputs: 10000
2014-12-14 17:27:36 NeuralNetwork.py[line:165] INFO 10000 tested.
2014-12-14 17:27:36 NeuralNetwork.py[line:94] INFO Accuracy: 0.466300
2014-12-14 17:27:36 NeuralNetwork.py[line:79] INFO Epoch 30 Batch 0 Avg loss 1.482176
2014-12-14 17:28:37 NeuralNetwork.py[line:79] INFO Epoch 30 Batch 294 Avg loss 1.417908
2014-12-14 17:29:18 NeuralNetwork.py[line:86] INFO Epoch 30 Loss 1.423108 Time elapsed 101.894866
2014-12-14 17:29:19 NeuralNetwork.py[line:193] INFO Model dumped to tanh-softmax-1600-0.00001-epoch-30.model
2014-12-14 17:29:19 NeuralNetwork.py[line:93] INFO Testing...
2014-12-14 17:29:19 NeuralNetwork.py[line:148] INFO Start testing: len 10000 batch_size 100
2014-12-14 17:29:26 NeuralNetwork.py[line:161] INFO Done forward. Outputs: 10000
2014-12-14 17:29:26 NeuralNetwork.py[line:165] INFO 10000 tested.
2014-12-14 17:29:26 NeuralNetwork.py[line:94] INFO Accuracy: 0.470000
2014-12-14 17:29:26 NeuralNetwork.py[line:79] INFO Epoch 31 Batch 0 Avg loss 1.469218
2014-12-14 17:30:26 NeuralNetwork.py[line:79] INFO Epoch 31 Batch 287 Avg loss 1.410370
2014-12-14 17:31:10 NeuralNetwork.py[line:86] INFO Epoch 31 Loss 1.415218 Time elapsed 104.440029
2014-12-14 17:31:12 NeuralNetwork.py[line:193] INFO Model dumped to tanh-softmax-1600-0.00001-epoch-31.model
2014-12-14 17:31:12 NeuralNetwork.py[line:93] INFO Testing...
2014-12-14 17:31:12 NeuralNetwork.py[line:148] INFO Start testing: len 10000 batch_size 100
2014-12-14 17:31:19 NeuralNetwork.py[line:161] INFO Done forward. Outputs: 10000
2014-12-14 17:31:19 NeuralNetwork.py[line:165] INFO 10000 tested.
2014-12-14 17:31:19 NeuralNetwork.py[line:94] INFO Accuracy: 0.470100
2014-12-14 17:31:19 NeuralNetwork.py[line:79] INFO Epoch 32 Batch 0 Avg loss 1.459179
2014-12-14 17:32:19 NeuralNetwork.py[line:79] INFO Epoch 32 Batch 290 Avg loss 1.401726
2014-12-14 17:33:02 NeuralNetwork.py[line:86] INFO Epoch 32 Loss 1.407137 Time elapsed 102.753629
2014-12-14 17:33:03 NeuralNetwork.py[line:193] INFO Model dumped to tanh-softmax-1600-0.00001-epoch-32.model
2014-12-14 17:33:03 NeuralNetwork.py[line:93] INFO Testing...
2014-12-14 17:33:03 NeuralNetwork.py[line:148] INFO Start testing: len 10000 batch_size 100
2014-12-14 17:33:09 NeuralNetwork.py[line:161] INFO Done forward. Outputs: 10000
2014-12-14 17:33:09 NeuralNetwork.py[line:165] INFO 10000 tested.
2014-12-14 17:33:09 NeuralNetwork.py[line:94] INFO Accuracy: 0.470500
2014-12-14 17:33:10 NeuralNetwork.py[line:79] INFO Epoch 33 Batch 0 Avg loss 1.451305
2014-12-14 17:34:10 NeuralNetwork.py[line:79] INFO Epoch 33 Batch 293 Avg loss 1.394914
2014-12-14 17:34:51 NeuralNetwork.py[line:86] INFO Epoch 33 Loss 1.400733 Time elapsed 102.026110
2014-12-14 17:34:52 NeuralNetwork.py[line:193] INFO Model dumped to tanh-softmax-1600-0.00001-epoch-33.model
2014-12-14 17:34:52 NeuralNetwork.py[line:93] INFO Testing...
2014-12-14 17:34:52 NeuralNetwork.py[line:148] INFO Start testing: len 10000 batch_size 100
2014-12-14 17:34:59 NeuralNetwork.py[line:161] INFO Done forward. Outputs: 10000
2014-12-14 17:34:59 NeuralNetwork.py[line:165] INFO 10000 tested.
2014-12-14 17:34:59 NeuralNetwork.py[line:94] INFO Accuracy: 0.472600
2014-12-14 17:34:59 NeuralNetwork.py[line:79] INFO Epoch 34 Batch 0 Avg loss 1.442664
2014-12-14 17:35:59 NeuralNetwork.py[line:79] INFO Epoch 34 Batch 292 Avg loss 1.387519
2014-12-14 17:36:42 NeuralNetwork.py[line:86] INFO Epoch 34 Loss 1.393412 Time elapsed 102.841486
2014-12-14 17:36:42 NeuralNetwork.py[line:193] INFO Model dumped to tanh-softmax-1600-0.00001-epoch-34.model
2014-12-14 17:36:42 NeuralNetwork.py[line:93] INFO Testing...
2014-12-14 17:36:42 NeuralNetwork.py[line:148] INFO Start testing: len 10000 batch_size 100
2014-12-14 17:36:49 NeuralNetwork.py[line:161] INFO Done forward. Outputs: 10000
2014-12-14 17:36:49 NeuralNetwork.py[line:165] INFO 10000 tested.
2014-12-14 17:36:49 NeuralNetwork.py[line:94] INFO Accuracy: 0.471600
2014-12-14 17:36:50 NeuralNetwork.py[line:79] INFO Epoch 35 Batch 0 Avg loss 1.434040
2014-12-14 17:37:50 NeuralNetwork.py[line:79] INFO Epoch 35 Batch 297 Avg loss 1.380659
2014-12-14 17:38:30 NeuralNetwork.py[line:86] INFO Epoch 35 Loss 1.386461 Time elapsed 100.585053
2014-12-14 17:38:31 NeuralNetwork.py[line:193] INFO Model dumped to tanh-softmax-1600-0.00001-epoch-35.model
2014-12-14 17:38:31 NeuralNetwork.py[line:93] INFO Testing...
2014-12-14 17:38:31 NeuralNetwork.py[line:148] INFO Start testing: len 10000 batch_size 100
2014-12-14 17:38:39 NeuralNetwork.py[line:161] INFO Done forward. Outputs: 10000
2014-12-14 17:38:39 NeuralNetwork.py[line:165] INFO 10000 tested.
2014-12-14 17:38:39 NeuralNetwork.py[line:94] INFO Accuracy: 0.472400
2014-12-14 17:38:39 NeuralNetwork.py[line:79] INFO Epoch 36 Batch 0 Avg loss 1.423557
2014-12-14 17:39:39 NeuralNetwork.py[line:79] INFO Epoch 36 Batch 301 Avg loss 1.372939
2014-12-14 17:40:18 NeuralNetwork.py[line:86] INFO Epoch 36 Loss 1.379566 Time elapsed 99.311136
2014-12-14 17:40:19 NeuralNetwork.py[line:193] INFO Model dumped to tanh-softmax-1600-0.00001-epoch-36.model
2014-12-14 17:40:19 NeuralNetwork.py[line:93] INFO Testing...
2014-12-14 17:40:19 NeuralNetwork.py[line:148] INFO Start testing: len 10000 batch_size 100
2014-12-14 17:40:25 NeuralNetwork.py[line:161] INFO Done forward. Outputs: 10000
2014-12-14 17:40:25 NeuralNetwork.py[line:165] INFO 10000 tested.
2014-12-14 17:40:25 NeuralNetwork.py[line:94] INFO Accuracy: 0.473300
2014-12-14 17:40:26 NeuralNetwork.py[line:79] INFO Epoch 37 Batch 0 Avg loss 1.416962
2014-12-14 17:41:26 NeuralNetwork.py[line:79] INFO Epoch 37 Batch 307 Avg loss 1.367096
2014-12-14 17:42:11 NeuralNetwork.py[line:86] INFO Epoch 37 Loss 1.373123 Time elapsed 105.141604
2014-12-14 17:42:11 NeuralNetwork.py[line:193] INFO Model dumped to tanh-softmax-1600-0.00001-epoch-37.model
2014-12-14 17:42:11 NeuralNetwork.py[line:93] INFO Testing...
2014-12-14 17:42:11 NeuralNetwork.py[line:148] INFO Start testing: len 10000 batch_size 100
2014-12-14 17:42:18 NeuralNetwork.py[line:161] INFO Done forward. Outputs: 10000
2014-12-14 17:42:18 NeuralNetwork.py[line:165] INFO 10000 tested.
2014-12-14 17:42:18 NeuralNetwork.py[line:94] INFO Accuracy: 0.475600
2014-12-14 17:42:19 NeuralNetwork.py[line:79] INFO Epoch 38 Batch 0 Avg loss 1.413166
2014-12-14 17:43:19 NeuralNetwork.py[line:79] INFO Epoch 38 Batch 266 Avg loss 1.358922
2014-12-14 17:44:07 NeuralNetwork.py[line:86] INFO Epoch 38 Loss 1.367191 Time elapsed 108.537167
2014-12-14 17:44:09 NeuralNetwork.py[line:193] INFO Model dumped to tanh-softmax-1600-0.00001-epoch-38.model
2014-12-14 17:44:09 NeuralNetwork.py[line:93] INFO Testing...
2014-12-14 17:44:09 NeuralNetwork.py[line:148] INFO Start testing: len 10000 batch_size 100
2014-12-14 17:44:18 NeuralNetwork.py[line:161] INFO Done forward. Outputs: 10000
2014-12-14 17:44:18 NeuralNetwork.py[line:165] INFO 10000 tested.
2014-12-14 17:44:18 NeuralNetwork.py[line:94] INFO Accuracy: 0.476500
2014-12-14 17:44:18 NeuralNetwork.py[line:79] INFO Epoch 39 Batch 0 Avg loss 1.403333
2014-12-14 17:45:18 NeuralNetwork.py[line:79] INFO Epoch 39 Batch 287 Avg loss 1.355057
2014-12-14 17:46:02 NeuralNetwork.py[line:86] INFO Epoch 39 Loss 1.360741 Time elapsed 104.286717
2014-12-14 17:46:03 NeuralNetwork.py[line:193] INFO Model dumped to tanh-softmax-1600-0.00001-epoch-39.model
2014-12-14 17:46:03 NeuralNetwork.py[line:93] INFO Testing...
2014-12-14 17:46:03 NeuralNetwork.py[line:148] INFO Start testing: len 10000 batch_size 100
2014-12-14 17:46:09 NeuralNetwork.py[line:161] INFO Done forward. Outputs: 10000
2014-12-14 17:46:09 NeuralNetwork.py[line:165] INFO 10000 tested.
2014-12-14 17:46:09 NeuralNetwork.py[line:94] INFO Accuracy: 0.475500
2014-12-14 17:46:10 NeuralNetwork.py[line:79] INFO Epoch 40 Batch 0 Avg loss 1.400471
2014-12-14 17:47:10 NeuralNetwork.py[line:79] INFO Epoch 40 Batch 279 Avg loss 1.348121
2014-12-14 17:47:55 NeuralNetwork.py[line:86] INFO Epoch 40 Loss 1.354938 Time elapsed 105.866590
2014-12-14 17:47:56 NeuralNetwork.py[line:193] INFO Model dumped to tanh-softmax-1600-0.00001-epoch-40.model
2014-12-14 17:47:56 NeuralNetwork.py[line:93] INFO Testing...
2014-12-14 17:47:56 NeuralNetwork.py[line:148] INFO Start testing: len 10000 batch_size 100
2014-12-14 17:48:03 NeuralNetwork.py[line:161] INFO Done forward. Outputs: 10000
2014-12-14 17:48:03 NeuralNetwork.py[line:165] INFO 10000 tested.
2014-12-14 17:48:03 NeuralNetwork.py[line:94] INFO Accuracy: 0.477800
2014-12-14 17:48:03 NeuralNetwork.py[line:79] INFO Epoch 41 Batch 0 Avg loss 1.390237
2014-12-14 17:49:03 NeuralNetwork.py[line:79] INFO Epoch 41 Batch 288 Avg loss 1.343114
2014-12-14 17:49:47 NeuralNetwork.py[line:86] INFO Epoch 41 Loss 1.349042 Time elapsed 104.541702
2014-12-14 17:49:48 NeuralNetwork.py[line:193] INFO Model dumped to tanh-softmax-1600-0.00001-epoch-41.model
2014-12-14 17:49:48 NeuralNetwork.py[line:93] INFO Testing...
2014-12-14 17:49:48 NeuralNetwork.py[line:148] INFO Start testing: len 10000 batch_size 100
2014-12-14 17:49:55 NeuralNetwork.py[line:161] INFO Done forward. Outputs: 10000
2014-12-14 17:49:55 NeuralNetwork.py[line:165] INFO 10000 tested.
2014-12-14 17:49:55 NeuralNetwork.py[line:94] INFO Accuracy: 0.480800
2014-12-14 17:49:55 NeuralNetwork.py[line:79] INFO Epoch 42 Batch 0 Avg loss 1.384694
2014-12-14 17:50:55 NeuralNetwork.py[line:79] INFO Epoch 42 Batch 279 Avg loss 1.336271
2014-12-14 17:51:42 NeuralNetwork.py[line:86] INFO Epoch 42 Loss 1.342880 Time elapsed 106.992796
2014-12-14 17:51:43 NeuralNetwork.py[line:193] INFO Model dumped to tanh-softmax-1600-0.00001-epoch-42.model
2014-12-14 17:51:43 NeuralNetwork.py[line:93] INFO Testing...
2014-12-14 17:51:43 NeuralNetwork.py[line:148] INFO Start testing: len 10000 batch_size 100
2014-12-14 17:51:50 NeuralNetwork.py[line:161] INFO Done forward. Outputs: 10000
2014-12-14 17:51:50 NeuralNetwork.py[line:165] INFO 10000 tested.
2014-12-14 17:51:50 NeuralNetwork.py[line:94] INFO Accuracy: 0.480600
2014-12-14 17:51:50 NeuralNetwork.py[line:79] INFO Epoch 43 Batch 0 Avg loss 1.379193
2014-12-14 17:52:50 NeuralNetwork.py[line:79] INFO Epoch 43 Batch 283 Avg loss 1.330822
2014-12-14 17:53:35 NeuralNetwork.py[line:86] INFO Epoch 43 Loss 1.337406 Time elapsed 105.545136
2014-12-14 17:53:36 NeuralNetwork.py[line:193] INFO Model dumped to tanh-softmax-1600-0.00001-epoch-43.model
2014-12-14 17:53:36 NeuralNetwork.py[line:93] INFO Testing...
2014-12-14 17:53:36 NeuralNetwork.py[line:148] INFO Start testing: len 10000 batch_size 100
2014-12-14 17:53:43 NeuralNetwork.py[line:161] INFO Done forward. Outputs: 10000
2014-12-14 17:53:43 NeuralNetwork.py[line:165] INFO 10000 tested.
2014-12-14 17:53:43 NeuralNetwork.py[line:94] INFO Accuracy: 0.481500
2014-12-14 17:53:43 NeuralNetwork.py[line:79] INFO Epoch 44 Batch 0 Avg loss 1.371316
2014-12-14 17:54:43 NeuralNetwork.py[line:79] INFO Epoch 44 Batch 285 Avg loss 1.327448
2014-12-14 17:55:29 NeuralNetwork.py[line:86] INFO Epoch 44 Loss 1.333368 Time elapsed 106.248590
2014-12-14 17:55:30 NeuralNetwork.py[line:193] INFO Model dumped to tanh-softmax-1600-0.00001-epoch-44.model
2014-12-14 17:55:30 NeuralNetwork.py[line:93] INFO Testing...
2014-12-14 17:55:30 NeuralNetwork.py[line:148] INFO Start testing: len 10000 batch_size 100
2014-12-14 17:55:37 NeuralNetwork.py[line:161] INFO Done forward. Outputs: 10000
2014-12-14 17:55:37 NeuralNetwork.py[line:165] INFO 10000 tested.
2014-12-14 17:55:37 NeuralNetwork.py[line:94] INFO Accuracy: 0.483000
2014-12-14 17:55:37 NeuralNetwork.py[line:79] INFO Epoch 45 Batch 0 Avg loss 1.358316
2014-12-14 17:56:37 NeuralNetwork.py[line:79] INFO Epoch 45 Batch 281 Avg loss 1.322261
2014-12-14 17:57:23 NeuralNetwork.py[line:86] INFO Epoch 45 Loss 1.328774 Time elapsed 106.846709
2014-12-14 17:57:24 NeuralNetwork.py[line:193] INFO Model dumped to tanh-softmax-1600-0.00001-epoch-45.model
2014-12-14 17:57:24 NeuralNetwork.py[line:93] INFO Testing...
2014-12-14 17:57:24 NeuralNetwork.py[line:148] INFO Start testing: len 10000 batch_size 100
2014-12-14 17:57:31 NeuralNetwork.py[line:161] INFO Done forward. Outputs: 10000
2014-12-14 17:57:31 NeuralNetwork.py[line:165] INFO 10000 tested.
2014-12-14 17:57:31 NeuralNetwork.py[line:94] INFO Accuracy: 0.483000
2014-12-14 17:57:31 NeuralNetwork.py[line:79] INFO Epoch 46 Batch 0 Avg loss 1.352886
2014-12-14 17:58:31 NeuralNetwork.py[line:79] INFO Epoch 46 Batch 283 Avg loss 1.316405
2014-12-14 17:59:17 NeuralNetwork.py[line:86] INFO Epoch 46 Loss 1.323277 Time elapsed 105.677110
2014-12-14 17:59:17 NeuralNetwork.py[line:193] INFO Model dumped to tanh-softmax-1600-0.00001-epoch-46.model
2014-12-14 17:59:17 NeuralNetwork.py[line:93] INFO Testing...
2014-12-14 17:59:17 NeuralNetwork.py[line:148] INFO Start testing: len 10000 batch_size 100
2014-12-14 17:59:24 NeuralNetwork.py[line:161] INFO Done forward. Outputs: 10000
2014-12-14 17:59:24 NeuralNetwork.py[line:165] INFO 10000 tested.
2014-12-14 17:59:24 NeuralNetwork.py[line:94] INFO Accuracy: 0.482200
2014-12-14 17:59:24 NeuralNetwork.py[line:79] INFO Epoch 47 Batch 0 Avg loss 1.342541
2014-12-14 18:00:24 NeuralNetwork.py[line:79] INFO Epoch 47 Batch 285 Avg loss 1.312830
2014-12-14 18:01:08 NeuralNetwork.py[line:86] INFO Epoch 47 Loss 1.319636 Time elapsed 103.737237
2014-12-14 18:01:08 NeuralNetwork.py[line:193] INFO Model dumped to tanh-softmax-1600-0.00001-epoch-47.model
2014-12-14 18:01:08 NeuralNetwork.py[line:93] INFO Testing...
2014-12-14 18:01:08 NeuralNetwork.py[line:148] INFO Start testing: len 10000 batch_size 100
2014-12-14 18:01:15 NeuralNetwork.py[line:161] INFO Done forward. Outputs: 10000
2014-12-14 18:01:15 NeuralNetwork.py[line:165] INFO 10000 tested.
2014-12-14 18:01:15 NeuralNetwork.py[line:94] INFO Accuracy: 0.484100
2014-12-14 18:01:15 NeuralNetwork.py[line:79] INFO Epoch 48 Batch 0 Avg loss 1.341649
2014-12-14 18:02:15 NeuralNetwork.py[line:79] INFO Epoch 48 Batch 294 Avg loss 1.306541
2014-12-14 18:02:57 NeuralNetwork.py[line:86] INFO Epoch 48 Loss 1.314187 Time elapsed 102.000828
2014-12-14 18:02:58 NeuralNetwork.py[line:193] INFO Model dumped to tanh-softmax-1600-0.00001-epoch-48.model
2014-12-14 18:02:58 NeuralNetwork.py[line:93] INFO Testing...
2014-12-14 18:02:58 NeuralNetwork.py[line:148] INFO Start testing: len 10000 batch_size 100
2014-12-14 18:03:04 NeuralNetwork.py[line:161] INFO Done forward. Outputs: 10000
2014-12-14 18:03:04 NeuralNetwork.py[line:165] INFO 10000 tested.
2014-12-14 18:03:04 NeuralNetwork.py[line:94] INFO Accuracy: 0.486900
2014-12-14 18:03:05 NeuralNetwork.py[line:79] INFO Epoch 49 Batch 0 Avg loss 1.335773
2014-12-14 18:04:05 NeuralNetwork.py[line:79] INFO Epoch 49 Batch 294 Avg loss 1.303459
2014-12-14 18:04:47 NeuralNetwork.py[line:86] INFO Epoch 49 Loss 1.310598 Time elapsed 102.118809
2014-12-14 18:04:47 NeuralNetwork.py[line:193] INFO Model dumped to tanh-softmax-1600-0.00001-epoch-49.model
2014-12-14 18:04:47 NeuralNetwork.py[line:93] INFO Testing...
2014-12-14 18:04:47 NeuralNetwork.py[line:148] INFO Start testing: len 10000 batch_size 100
2014-12-14 18:04:54 NeuralNetwork.py[line:161] INFO Done forward. Outputs: 10000
2014-12-14 18:04:54 NeuralNetwork.py[line:165] INFO 10000 tested.
2014-12-14 18:04:54 NeuralNetwork.py[line:94] INFO Accuracy: 0.486900
2014-12-14 18:04:54 NeuralNetwork.py[line:79] INFO Epoch 50 Batch 0 Avg loss 1.328354
2014-12-14 18:05:54 NeuralNetwork.py[line:79] INFO Epoch 50 Batch 295 Avg loss 1.299609
2014-12-14 18:06:36 NeuralNetwork.py[line:86] INFO Epoch 50 Loss 1.306498 Time elapsed 102.496393
2014-12-14 18:06:37 NeuralNetwork.py[line:193] INFO Model dumped to tanh-softmax-1600-0.00001-epoch-50.model
2014-12-14 18:06:37 NeuralNetwork.py[line:93] INFO Testing...
2014-12-14 18:06:37 NeuralNetwork.py[line:148] INFO Start testing: len 10000 batch_size 100
2014-12-14 18:06:44 NeuralNetwork.py[line:161] INFO Done forward. Outputs: 10000
2014-12-14 18:06:44 NeuralNetwork.py[line:165] INFO 10000 tested.
2014-12-14 18:06:44 NeuralNetwork.py[line:94] INFO Accuracy: 0.487600
2014-12-14 18:06:44 NeuralNetwork.py[line:79] INFO Epoch 51 Batch 0 Avg loss 1.327074
2014-12-14 18:07:44 NeuralNetwork.py[line:79] INFO Epoch 51 Batch 293 Avg loss 1.293809
2014-12-14 18:08:30 NeuralNetwork.py[line:86] INFO Epoch 51 Loss 1.300469 Time elapsed 105.763687
2014-12-14 18:08:30 NeuralNetwork.py[line:193] INFO Model dumped to tanh-softmax-1600-0.00001-epoch-51.model
2014-12-14 18:08:30 NeuralNetwork.py[line:93] INFO Testing...
2014-12-14 18:08:30 NeuralNetwork.py[line:148] INFO Start testing: len 10000 batch_size 100
2014-12-14 18:08:37 NeuralNetwork.py[line:161] INFO Done forward. Outputs: 10000
2014-12-14 18:08:37 NeuralNetwork.py[line:165] INFO 10000 tested.
2014-12-14 18:08:37 NeuralNetwork.py[line:94] INFO Accuracy: 0.487200
2014-12-14 18:08:37 NeuralNetwork.py[line:79] INFO Epoch 52 Batch 0 Avg loss 1.319872
2014-12-14 18:09:37 NeuralNetwork.py[line:79] INFO Epoch 52 Batch 292 Avg loss 1.289485
2014-12-14 18:10:21 NeuralNetwork.py[line:86] INFO Epoch 52 Loss 1.295988 Time elapsed 103.483692
2014-12-14 18:10:21 NeuralNetwork.py[line:193] INFO Model dumped to tanh-softmax-1600-0.00001-epoch-52.model
2014-12-14 18:10:21 NeuralNetwork.py[line:93] INFO Testing...
2014-12-14 18:10:21 NeuralNetwork.py[line:148] INFO Start testing: len 10000 batch_size 100
2014-12-14 18:10:28 NeuralNetwork.py[line:161] INFO Done forward. Outputs: 10000
2014-12-14 18:10:28 NeuralNetwork.py[line:165] INFO 10000 tested.
2014-12-14 18:10:28 NeuralNetwork.py[line:94] INFO Accuracy: 0.487300
2014-12-14 18:10:28 NeuralNetwork.py[line:79] INFO Epoch 53 Batch 0 Avg loss 1.307995
2014-12-14 18:11:28 NeuralNetwork.py[line:79] INFO Epoch 53 Batch 292 Avg loss 1.284980
2014-12-14 18:12:11 NeuralNetwork.py[line:86] INFO Epoch 53 Loss 1.291660 Time elapsed 102.578985
2014-12-14 18:12:11 NeuralNetwork.py[line:193] INFO Model dumped to tanh-softmax-1600-0.00001-epoch-53.model
2014-12-14 18:12:11 NeuralNetwork.py[line:93] INFO Testing...
2014-12-14 18:12:11 NeuralNetwork.py[line:148] INFO Start testing: len 10000 batch_size 100
2014-12-14 18:12:18 NeuralNetwork.py[line:161] INFO Done forward. Outputs: 10000
2014-12-14 18:12:18 NeuralNetwork.py[line:165] INFO 10000 tested.
2014-12-14 18:12:18 NeuralNetwork.py[line:94] INFO Accuracy: 0.487700
2014-12-14 18:12:18 NeuralNetwork.py[line:79] INFO Epoch 54 Batch 0 Avg loss 1.306001
2014-12-14 18:13:18 NeuralNetwork.py[line:79] INFO Epoch 54 Batch 299 Avg loss 1.278657
2014-12-14 18:13:59 NeuralNetwork.py[line:86] INFO Epoch 54 Loss 1.286169 Time elapsed 100.787074
2014-12-14 18:13:59 NeuralNetwork.py[line:193] INFO Model dumped to tanh-softmax-1600-0.00001-epoch-54.model
2014-12-14 18:13:59 NeuralNetwork.py[line:93] INFO Testing...
2014-12-14 18:13:59 NeuralNetwork.py[line:148] INFO Start testing: len 10000 batch_size 100
2014-12-14 18:14:06 NeuralNetwork.py[line:161] INFO Done forward. Outputs: 10000
2014-12-14 18:14:06 NeuralNetwork.py[line:165] INFO 10000 tested.
2014-12-14 18:14:06 NeuralNetwork.py[line:94] INFO Accuracy: 0.489700
2014-12-14 18:14:06 NeuralNetwork.py[line:79] INFO Epoch 55 Batch 0 Avg loss 1.292201
2014-12-14 18:15:06 NeuralNetwork.py[line:79] INFO Epoch 55 Batch 297 Avg loss 1.274944
2014-12-14 18:15:47 NeuralNetwork.py[line:86] INFO Epoch 55 Loss 1.282389 Time elapsed 101.235012
2014-12-14 18:15:48 NeuralNetwork.py[line:193] INFO Model dumped to tanh-softmax-1600-0.00001-epoch-55.model
2014-12-14 18:15:48 NeuralNetwork.py[line:93] INFO Testing...
2014-12-14 18:15:48 NeuralNetwork.py[line:148] INFO Start testing: len 10000 batch_size 100
2014-12-14 18:15:54 NeuralNetwork.py[line:161] INFO Done forward. Outputs: 10000
2014-12-14 18:15:54 NeuralNetwork.py[line:165] INFO 10000 tested.
2014-12-14 18:15:54 NeuralNetwork.py[line:94] INFO Accuracy: 0.488800
2014-12-14 18:15:54 NeuralNetwork.py[line:79] INFO Epoch 56 Batch 0 Avg loss 1.290214
2014-12-14 18:16:55 NeuralNetwork.py[line:79] INFO Epoch 56 Batch 303 Avg loss 1.270174
2014-12-14 18:17:34 NeuralNetwork.py[line:86] INFO Epoch 56 Loss 1.278182 Time elapsed 99.285737
2014-12-14 18:17:34 NeuralNetwork.py[line:193] INFO Model dumped to tanh-softmax-1600-0.00001-epoch-56.model
2014-12-14 18:17:34 NeuralNetwork.py[line:93] INFO Testing...
2014-12-14 18:17:34 NeuralNetwork.py[line:148] INFO Start testing: len 10000 batch_size 100
2014-12-14 18:17:41 NeuralNetwork.py[line:161] INFO Done forward. Outputs: 10000
2014-12-14 18:17:41 NeuralNetwork.py[line:165] INFO 10000 tested.
2014-12-14 18:17:41 NeuralNetwork.py[line:94] INFO Accuracy: 0.491000
2014-12-14 18:17:41 NeuralNetwork.py[line:79] INFO Epoch 57 Batch 0 Avg loss 1.286458
2014-12-14 18:18:41 NeuralNetwork.py[line:79] INFO Epoch 57 Batch 304 Avg loss 1.266712
2014-12-14 18:19:20 NeuralNetwork.py[line:86] INFO Epoch 57 Loss 1.275137 Time elapsed 98.817722
2014-12-14 18:19:20 NeuralNetwork.py[line:193] INFO Model dumped to tanh-softmax-1600-0.00001-epoch-57.model
2014-12-14 18:19:20 NeuralNetwork.py[line:93] INFO Testing...
2014-12-14 18:19:20 NeuralNetwork.py[line:148] INFO Start testing: len 10000 batch_size 100
2014-12-14 18:19:27 NeuralNetwork.py[line:161] INFO Done forward. Outputs: 10000
2014-12-14 18:19:27 NeuralNetwork.py[line:165] INFO 10000 tested.
2014-12-14 18:19:27 NeuralNetwork.py[line:94] INFO Accuracy: 0.491100
2014-12-14 18:19:27 NeuralNetwork.py[line:79] INFO Epoch 58 Batch 0 Avg loss 1.287389
2014-12-14 18:20:27 NeuralNetwork.py[line:79] INFO Epoch 58 Batch 300 Avg loss 1.263806
2014-12-14 18:21:07 NeuralNetwork.py[line:86] INFO Epoch 58 Loss 1.270970 Time elapsed 100.374049
2014-12-14 18:21:08 NeuralNetwork.py[line:193] INFO Model dumped to tanh-softmax-1600-0.00001-epoch-58.model
2014-12-14 18:21:08 NeuralNetwork.py[line:93] INFO Testing...
2014-12-14 18:21:08 NeuralNetwork.py[line:148] INFO Start testing: len 10000 batch_size 100
2014-12-14 18:21:15 NeuralNetwork.py[line:161] INFO Done forward. Outputs: 10000
2014-12-14 18:21:15 NeuralNetwork.py[line:165] INFO 10000 tested.
2014-12-14 18:21:15 NeuralNetwork.py[line:94] INFO Accuracy: 0.491200
2014-12-14 18:21:15 NeuralNetwork.py[line:79] INFO Epoch 59 Batch 0 Avg loss 1.274549
2014-12-14 18:22:15 NeuralNetwork.py[line:79] INFO Epoch 59 Batch 301 Avg loss 1.258595
2014-12-14 18:22:55 NeuralNetwork.py[line:86] INFO Epoch 59 Loss 1.266494 Time elapsed 100.645273
2014-12-14 18:22:56 NeuralNetwork.py[line:193] INFO Model dumped to tanh-softmax-1600-0.00001-epoch-59.model
2014-12-14 18:22:56 NeuralNetwork.py[line:93] INFO Testing...
2014-12-14 18:22:56 NeuralNetwork.py[line:148] INFO Start testing: len 10000 batch_size 100
2014-12-14 18:23:03 NeuralNetwork.py[line:161] INFO Done forward. Outputs: 10000
2014-12-14 18:23:03 NeuralNetwork.py[line:165] INFO 10000 tested.
2014-12-14 18:23:03 NeuralNetwork.py[line:94] INFO Accuracy: 0.489800
2014-12-14 18:23:03 NeuralNetwork.py[line:79] INFO Epoch 60 Batch 0 Avg loss 1.273421
2014-12-14 18:24:03 NeuralNetwork.py[line:79] INFO Epoch 60 Batch 302 Avg loss 1.254523
2014-12-14 18:24:44 NeuralNetwork.py[line:86] INFO Epoch 60 Loss 1.262641 Time elapsed 101.192943
2014-12-14 18:24:44 NeuralNetwork.py[line:193] INFO Model dumped to tanh-softmax-1600-0.00001-epoch-60.model
2014-12-14 18:24:44 NeuralNetwork.py[line:93] INFO Testing...
2014-12-14 18:24:44 NeuralNetwork.py[line:148] INFO Start testing: len 10000 batch_size 100
2014-12-14 18:24:51 NeuralNetwork.py[line:161] INFO Done forward. Outputs: 10000
2014-12-14 18:24:51 NeuralNetwork.py[line:165] INFO 10000 tested.
2014-12-14 18:24:51 NeuralNetwork.py[line:94] INFO Accuracy: 0.492100
2014-12-14 18:24:51 NeuralNetwork.py[line:79] INFO Epoch 61 Batch 0 Avg loss 1.271248
2014-12-14 18:25:51 NeuralNetwork.py[line:79] INFO Epoch 61 Batch 304 Avg loss 1.252881
2014-12-14 18:26:30 NeuralNetwork.py[line:86] INFO Epoch 61 Loss 1.260378 Time elapsed 98.669714
2014-12-14 18:26:30 NeuralNetwork.py[line:193] INFO Model dumped to tanh-softmax-1600-0.00001-epoch-61.model
2014-12-14 18:26:30 NeuralNetwork.py[line:93] INFO Testing...
2014-12-14 18:26:30 NeuralNetwork.py[line:148] INFO Start testing: len 10000 batch_size 100
2014-12-14 18:26:37 NeuralNetwork.py[line:161] INFO Done forward. Outputs: 10000
2014-12-14 18:26:37 NeuralNetwork.py[line:165] INFO 10000 tested.
2014-12-14 18:26:37 NeuralNetwork.py[line:94] INFO Accuracy: 0.492700
2014-12-14 18:26:37 NeuralNetwork.py[line:79] INFO Epoch 62 Batch 0 Avg loss 1.268251
2014-12-14 18:27:37 NeuralNetwork.py[line:79] INFO Epoch 62 Batch 305 Avg loss 1.250006
2014-12-14 18:28:15 NeuralNetwork.py[line:86] INFO Epoch 62 Loss 1.257048 Time elapsed 98.357632
2014-12-14 18:28:16 NeuralNetwork.py[line:193] INFO Model dumped to tanh-softmax-1600-0.00001-epoch-62.model
2014-12-14 18:28:16 NeuralNetwork.py[line:93] INFO Testing...
2014-12-14 18:28:16 NeuralNetwork.py[line:148] INFO Start testing: len 10000 batch_size 100
2014-12-14 18:28:23 NeuralNetwork.py[line:161] INFO Done forward. Outputs: 10000
2014-12-14 18:28:23 NeuralNetwork.py[line:165] INFO 10000 tested.
2014-12-14 18:28:23 NeuralNetwork.py[line:94] INFO Accuracy: 0.492500
2014-12-14 18:28:23 NeuralNetwork.py[line:79] INFO Epoch 63 Batch 0 Avg loss 1.254223
2014-12-14 18:29:23 NeuralNetwork.py[line:79] INFO Epoch 63 Batch 304 Avg loss 1.246102
2014-12-14 18:30:02 NeuralNetwork.py[line:86] INFO Epoch 63 Loss 1.253541 Time elapsed 99.769268
2014-12-14 18:30:03 NeuralNetwork.py[line:193] INFO Model dumped to tanh-softmax-1600-0.00001-epoch-63.model
2014-12-14 18:30:03 NeuralNetwork.py[line:93] INFO Testing...
2014-12-14 18:30:03 NeuralNetwork.py[line:148] INFO Start testing: len 10000 batch_size 100
2014-12-14 18:30:10 NeuralNetwork.py[line:161] INFO Done forward. Outputs: 10000
2014-12-14 18:30:10 NeuralNetwork.py[line:165] INFO 10000 tested.
2014-12-14 18:30:10 NeuralNetwork.py[line:94] INFO Accuracy: 0.494300
2014-12-14 18:30:10 NeuralNetwork.py[line:79] INFO Epoch 64 Batch 0 Avg loss 1.254551
2014-12-14 18:31:10 NeuralNetwork.py[line:79] INFO Epoch 64 Batch 305 Avg loss 1.243420
2014-12-14 18:31:48 NeuralNetwork.py[line:86] INFO Epoch 64 Loss 1.250414 Time elapsed 98.856479
2014-12-14 18:31:49 NeuralNetwork.py[line:193] INFO Model dumped to tanh-softmax-1600-0.00001-epoch-64.model
2014-12-14 18:31:49 NeuralNetwork.py[line:93] INFO Testing...
2014-12-14 18:31:49 NeuralNetwork.py[line:148] INFO Start testing: len 10000 batch_size 100
2014-12-14 18:31:56 NeuralNetwork.py[line:161] INFO Done forward. Outputs: 10000
2014-12-14 18:31:56 NeuralNetwork.py[line:165] INFO 10000 tested.
2014-12-14 18:31:56 NeuralNetwork.py[line:94] INFO Accuracy: 0.495400
2014-12-14 18:31:56 NeuralNetwork.py[line:79] INFO Epoch 65 Batch 0 Avg loss 1.245706
2014-12-14 18:32:56 NeuralNetwork.py[line:79] INFO Epoch 65 Batch 305 Avg loss 1.238867
2014-12-14 18:33:34 NeuralNetwork.py[line:86] INFO Epoch 65 Loss 1.245929 Time elapsed 98.552231
2014-12-14 18:33:35 NeuralNetwork.py[line:193] INFO Model dumped to tanh-softmax-1600-0.00001-epoch-65.model
2014-12-14 18:33:35 NeuralNetwork.py[line:93] INFO Testing...
2014-12-14 18:33:35 NeuralNetwork.py[line:148] INFO Start testing: len 10000 batch_size 100
2014-12-14 18:33:41 NeuralNetwork.py[line:161] INFO Done forward. Outputs: 10000
2014-12-14 18:33:41 NeuralNetwork.py[line:165] INFO 10000 tested.
2014-12-14 18:33:41 NeuralNetwork.py[line:94] INFO Accuracy: 0.493900
2014-12-14 18:33:42 NeuralNetwork.py[line:79] INFO Epoch 66 Batch 0 Avg loss 1.240117
2014-12-14 18:34:42 NeuralNetwork.py[line:79] INFO Epoch 66 Batch 305 Avg loss 1.236404
2014-12-14 18:35:20 NeuralNetwork.py[line:86] INFO Epoch 66 Loss 1.243040 Time elapsed 98.735408
2014-12-14 18:35:21 NeuralNetwork.py[line:193] INFO Model dumped to tanh-softmax-1600-0.00001-epoch-66.model
2014-12-14 18:35:21 NeuralNetwork.py[line:93] INFO Testing...
2014-12-14 18:35:21 NeuralNetwork.py[line:148] INFO Start testing: len 10000 batch_size 100
2014-12-14 18:35:27 NeuralNetwork.py[line:161] INFO Done forward. Outputs: 10000
2014-12-14 18:35:27 NeuralNetwork.py[line:165] INFO 10000 tested.
2014-12-14 18:35:27 NeuralNetwork.py[line:94] INFO Accuracy: 0.496900
2014-12-14 18:35:27 NeuralNetwork.py[line:79] INFO Epoch 67 Batch 0 Avg loss 1.234148
2014-12-14 18:36:27 NeuralNetwork.py[line:79] INFO Epoch 67 Batch 305 Avg loss 1.234838
2014-12-14 18:37:06 NeuralNetwork.py[line:86] INFO Epoch 67 Loss 1.240912 Time elapsed 98.590278
2014-12-14 18:37:06 NeuralNetwork.py[line:193] INFO Model dumped to tanh-softmax-1600-0.00001-epoch-67.model
2014-12-14 18:37:06 NeuralNetwork.py[line:93] INFO Testing...
2014-12-14 18:37:06 NeuralNetwork.py[line:148] INFO Start testing: len 10000 batch_size 100
2014-12-14 18:37:13 NeuralNetwork.py[line:161] INFO Done forward. Outputs: 10000
2014-12-14 18:37:13 NeuralNetwork.py[line:165] INFO 10000 tested.
2014-12-14 18:37:13 NeuralNetwork.py[line:94] INFO Accuracy: 0.497300
2014-12-14 18:37:13 NeuralNetwork.py[line:79] INFO Epoch 68 Batch 0 Avg loss 1.235346
2014-12-14 18:38:13 NeuralNetwork.py[line:79] INFO Epoch 68 Batch 306 Avg loss 1.228780
2014-12-14 18:38:51 NeuralNetwork.py[line:86] INFO Epoch 68 Loss 1.235246 Time elapsed 98.145811
2014-12-14 18:38:52 NeuralNetwork.py[line:193] INFO Model dumped to tanh-softmax-1600-0.00001-epoch-68.model
2014-12-14 18:38:52 NeuralNetwork.py[line:93] INFO Testing...
2014-12-14 18:38:52 NeuralNetwork.py[line:148] INFO Start testing: len 10000 batch_size 100
2014-12-14 18:38:58 NeuralNetwork.py[line:161] INFO Done forward. Outputs: 10000
2014-12-14 18:38:58 NeuralNetwork.py[line:165] INFO 10000 tested.
2014-12-14 18:38:58 NeuralNetwork.py[line:94] INFO Accuracy: 0.496700
2014-12-14 18:38:59 NeuralNetwork.py[line:79] INFO Epoch 69 Batch 0 Avg loss 1.227593
2014-12-14 18:39:59 NeuralNetwork.py[line:79] INFO Epoch 69 Batch 305 Avg loss 1.227245
2014-12-14 18:40:37 NeuralNetwork.py[line:86] INFO Epoch 69 Loss 1.233594 Time elapsed 98.475634
2014-12-14 18:40:37 NeuralNetwork.py[line:193] INFO Model dumped to tanh-softmax-1600-0.00001-epoch-69.model
2014-12-14 18:40:37 NeuralNetwork.py[line:93] INFO Testing...
2014-12-14 18:40:37 NeuralNetwork.py[line:148] INFO Start testing: len 10000 batch_size 100
2014-12-14 18:40:44 NeuralNetwork.py[line:161] INFO Done forward. Outputs: 10000
2014-12-14 18:40:44 NeuralNetwork.py[line:165] INFO 10000 tested.
2014-12-14 18:40:44 NeuralNetwork.py[line:94] INFO Accuracy: 0.496300
2014-12-14 18:40:44 NeuralNetwork.py[line:79] INFO Epoch 70 Batch 0 Avg loss 1.219017
2014-12-14 18:41:44 NeuralNetwork.py[line:79] INFO Epoch 70 Batch 305 Avg loss 1.223452
2014-12-14 18:42:22 NeuralNetwork.py[line:86] INFO Epoch 70 Loss 1.229752 Time elapsed 98.369685
2014-12-14 18:42:23 NeuralNetwork.py[line:193] INFO Model dumped to tanh-softmax-1600-0.00001-epoch-70.model
2014-12-14 18:42:23 NeuralNetwork.py[line:93] INFO Testing...
2014-12-14 18:42:23 NeuralNetwork.py[line:148] INFO Start testing: len 10000 batch_size 100
2014-12-14 18:42:29 NeuralNetwork.py[line:161] INFO Done forward. Outputs: 10000
2014-12-14 18:42:29 NeuralNetwork.py[line:165] INFO 10000 tested.
2014-12-14 18:42:29 NeuralNetwork.py[line:94] INFO Accuracy: 0.494200
2014-12-14 18:42:30 NeuralNetwork.py[line:79] INFO Epoch 71 Batch 0 Avg loss 1.207452
2014-12-14 18:43:30 NeuralNetwork.py[line:79] INFO Epoch 71 Batch 304 Avg loss 1.219437
2014-12-14 18:44:08 NeuralNetwork.py[line:86] INFO Epoch 71 Loss 1.226370 Time elapsed 98.559960
2014-12-14 18:44:09 NeuralNetwork.py[line:193] INFO Model dumped to tanh-softmax-1600-0.00001-epoch-71.model
2014-12-14 18:44:09 NeuralNetwork.py[line:93] INFO Testing...
2014-12-14 18:44:09 NeuralNetwork.py[line:148] INFO Start testing: len 10000 batch_size 100
2014-12-14 18:44:15 NeuralNetwork.py[line:161] INFO Done forward. Outputs: 10000
2014-12-14 18:44:15 NeuralNetwork.py[line:165] INFO 10000 tested.
2014-12-14 18:44:15 NeuralNetwork.py[line:94] INFO Accuracy: 0.499300
2014-12-14 18:44:15 NeuralNetwork.py[line:79] INFO Epoch 72 Batch 0 Avg loss 1.207026
2014-12-14 18:45:16 NeuralNetwork.py[line:79] INFO Epoch 72 Batch 304 Avg loss 1.214300
2014-12-14 18:45:55 NeuralNetwork.py[line:86] INFO Epoch 72 Loss 1.222221 Time elapsed 99.713642
2014-12-14 18:45:56 NeuralNetwork.py[line:193] INFO Model dumped to tanh-softmax-1600-0.00001-epoch-72.model
2014-12-14 18:45:56 NeuralNetwork.py[line:93] INFO Testing...
2014-12-14 18:45:56 NeuralNetwork.py[line:148] INFO Start testing: len 10000 batch_size 100
2014-12-14 18:46:03 NeuralNetwork.py[line:161] INFO Done forward. Outputs: 10000
2014-12-14 18:46:03 NeuralNetwork.py[line:165] INFO 10000 tested.
2014-12-14 18:46:03 NeuralNetwork.py[line:94] INFO Accuracy: 0.496600
2014-12-14 18:46:03 NeuralNetwork.py[line:79] INFO Epoch 73 Batch 0 Avg loss 1.206449
2014-12-14 18:47:03 NeuralNetwork.py[line:79] INFO Epoch 73 Batch 298 Avg loss 1.212451
2014-12-14 18:47:43 NeuralNetwork.py[line:86] INFO Epoch 73 Loss 1.219856 Time elapsed 100.801557
2014-12-14 18:47:44 NeuralNetwork.py[line:193] INFO Model dumped to tanh-softmax-1600-0.00001-epoch-73.model
2014-12-14 18:47:44 NeuralNetwork.py[line:93] INFO Testing...
2014-12-14 18:47:44 NeuralNetwork.py[line:148] INFO Start testing: len 10000 batch_size 100
2014-12-14 18:47:51 NeuralNetwork.py[line:161] INFO Done forward. Outputs: 10000
2014-12-14 18:47:51 NeuralNetwork.py[line:165] INFO 10000 tested.
2014-12-14 18:47:51 NeuralNetwork.py[line:94] INFO Accuracy: 0.498300
2014-12-14 18:47:51 NeuralNetwork.py[line:79] INFO Epoch 74 Batch 0 Avg loss 1.206452
2014-12-14 18:48:51 NeuralNetwork.py[line:79] INFO Epoch 74 Batch 298 Avg loss 1.210479
2014-12-14 18:49:31 NeuralNetwork.py[line:86] INFO Epoch 74 Loss 1.217792 Time elapsed 100.648494
2014-12-14 18:49:32 NeuralNetwork.py[line:193] INFO Model dumped to tanh-softmax-1600-0.00001-epoch-74.model
2014-12-14 18:49:32 NeuralNetwork.py[line:93] INFO Testing...
2014-12-14 18:49:32 NeuralNetwork.py[line:148] INFO Start testing: len 10000 batch_size 100
2014-12-14 18:49:39 NeuralNetwork.py[line:161] INFO Done forward. Outputs: 10000
2014-12-14 18:49:39 NeuralNetwork.py[line:165] INFO 10000 tested.
2014-12-14 18:49:39 NeuralNetwork.py[line:94] INFO Accuracy: 0.496600
2014-12-14 18:49:39 NeuralNetwork.py[line:79] INFO Epoch 75 Batch 0 Avg loss 1.205181
2014-12-14 18:50:39 NeuralNetwork.py[line:79] INFO Epoch 75 Batch 297 Avg loss 1.205826
2014-12-14 18:51:19 NeuralNetwork.py[line:86] INFO Epoch 75 Loss 1.213830 Time elapsed 100.440725
2014-12-14 18:51:20 NeuralNetwork.py[line:193] INFO Model dumped to tanh-softmax-1600-0.00001-epoch-75.model
2014-12-14 18:51:20 NeuralNetwork.py[line:93] INFO Testing...
2014-12-14 18:51:20 NeuralNetwork.py[line:148] INFO Start testing: len 10000 batch_size 100
2014-12-14 18:51:26 NeuralNetwork.py[line:161] INFO Done forward. Outputs: 10000
2014-12-14 18:51:26 NeuralNetwork.py[line:165] INFO 10000 tested.
2014-12-14 18:51:26 NeuralNetwork.py[line:94] INFO Accuracy: 0.498100
2014-12-14 18:51:27 NeuralNetwork.py[line:79] INFO Epoch 76 Batch 0 Avg loss 1.198168
2014-12-14 18:52:27 NeuralNetwork.py[line:79] INFO Epoch 76 Batch 298 Avg loss 1.203290
2014-12-14 18:53:07 NeuralNetwork.py[line:86] INFO Epoch 76 Loss 1.210952 Time elapsed 100.363438
2014-12-14 18:53:07 NeuralNetwork.py[line:193] INFO Model dumped to tanh-softmax-1600-0.00001-epoch-76.model
2014-12-14 18:53:07 NeuralNetwork.py[line:93] INFO Testing...
2014-12-14 18:53:07 NeuralNetwork.py[line:148] INFO Start testing: len 10000 batch_size 100
2014-12-14 18:53:14 NeuralNetwork.py[line:161] INFO Done forward. Outputs: 10000
2014-12-14 18:53:14 NeuralNetwork.py[line:165] INFO 10000 tested.
2014-12-14 18:53:14 NeuralNetwork.py[line:94] INFO Accuracy: 0.498200
2014-12-14 18:53:14 NeuralNetwork.py[line:79] INFO Epoch 77 Batch 0 Avg loss 1.199860
2014-12-14 18:54:14 NeuralNetwork.py[line:79] INFO Epoch 77 Batch 299 Avg loss 1.201084
2014-12-14 18:54:54 NeuralNetwork.py[line:86] INFO Epoch 77 Loss 1.209111 Time elapsed 100.235523
2014-12-14 18:54:55 NeuralNetwork.py[line:193] INFO Model dumped to tanh-softmax-1600-0.00001-epoch-77.model
2014-12-14 18:54:55 NeuralNetwork.py[line:93] INFO Testing...
2014-12-14 18:54:55 NeuralNetwork.py[line:148] INFO Start testing: len 10000 batch_size 100
2014-12-14 18:55:02 NeuralNetwork.py[line:161] INFO Done forward. Outputs: 10000
2014-12-14 18:55:02 NeuralNetwork.py[line:165] INFO 10000 tested.
2014-12-14 18:55:02 NeuralNetwork.py[line:94] INFO Accuracy: 0.498000
2014-12-14 18:55:02 NeuralNetwork.py[line:79] INFO Epoch 78 Batch 0 Avg loss 1.194981
2014-12-14 18:56:02 NeuralNetwork.py[line:79] INFO Epoch 78 Batch 299 Avg loss 1.200730
2014-12-14 18:56:42 NeuralNetwork.py[line:86] INFO Epoch 78 Loss 1.209468 Time elapsed 100.028191
2014-12-14 18:56:42 NeuralNetwork.py[line:193] INFO Model dumped to tanh-softmax-1600-0.00001-epoch-78.model
2014-12-14 18:56:42 NeuralNetwork.py[line:93] INFO Testing...
2014-12-14 18:56:42 NeuralNetwork.py[line:148] INFO Start testing: len 10000 batch_size 100
2014-12-14 18:56:49 NeuralNetwork.py[line:161] INFO Done forward. Outputs: 10000
2014-12-14 18:56:49 NeuralNetwork.py[line:165] INFO 10000 tested.
2014-12-14 18:56:49 NeuralNetwork.py[line:94] INFO Accuracy: 0.499100
2014-12-14 18:56:49 NeuralNetwork.py[line:79] INFO Epoch 79 Batch 0 Avg loss 1.195523
2014-12-14 18:57:49 NeuralNetwork.py[line:79] INFO Epoch 79 Batch 301 Avg loss 1.199258
2014-12-14 18:58:28 NeuralNetwork.py[line:86] INFO Epoch 79 Loss 1.206243 Time elapsed 99.412502
2014-12-14 18:58:29 NeuralNetwork.py[line:193] INFO Model dumped to tanh-softmax-1600-0.00001-epoch-79.model
2014-12-14 18:58:29 NeuralNetwork.py[line:93] INFO Testing...
2014-12-14 18:58:29 NeuralNetwork.py[line:148] INFO Start testing: len 10000 batch_size 100
2014-12-14 18:58:36 NeuralNetwork.py[line:161] INFO Done forward. Outputs: 10000
2014-12-14 18:58:36 NeuralNetwork.py[line:165] INFO 10000 tested.
2014-12-14 18:58:36 NeuralNetwork.py[line:94] INFO Accuracy: 0.499100
2014-12-14 18:58:36 NeuralNetwork.py[line:79] INFO Epoch 80 Batch 0 Avg loss 1.189025
2014-12-14 18:59:36 NeuralNetwork.py[line:79] INFO Epoch 80 Batch 295 Avg loss 1.196359
2014-12-14 19:00:17 NeuralNetwork.py[line:86] INFO Epoch 80 Loss 1.203817 Time elapsed 100.871454
2014-12-14 19:00:17 NeuralNetwork.py[line:193] INFO Model dumped to tanh-softmax-1600-0.00001-epoch-80.model
2014-12-14 19:00:17 NeuralNetwork.py[line:93] INFO Testing...
2014-12-14 19:00:17 NeuralNetwork.py[line:148] INFO Start testing: len 10000 batch_size 100
2014-12-14 19:00:24 NeuralNetwork.py[line:161] INFO Done forward. Outputs: 10000
2014-12-14 19:00:24 NeuralNetwork.py[line:165] INFO 10000 tested.
2014-12-14 19:00:24 NeuralNetwork.py[line:94] INFO Accuracy: 0.497200
2014-12-14 19:00:24 NeuralNetwork.py[line:79] INFO Epoch 81 Batch 0 Avg loss 1.192478
2014-12-14 19:01:24 NeuralNetwork.py[line:79] INFO Epoch 81 Batch 296 Avg loss 1.195473
2014-12-14 19:02:06 NeuralNetwork.py[line:86] INFO Epoch 81 Loss 1.201951 Time elapsed 101.338017
2014-12-14 19:02:06 NeuralNetwork.py[line:193] INFO Model dumped to tanh-softmax-1600-0.00001-epoch-81.model
2014-12-14 19:02:06 NeuralNetwork.py[line:93] INFO Testing...
2014-12-14 19:02:06 NeuralNetwork.py[line:148] INFO Start testing: len 10000 batch_size 100
2014-12-14 19:02:13 NeuralNetwork.py[line:161] INFO Done forward. Outputs: 10000
2014-12-14 19:02:13 NeuralNetwork.py[line:165] INFO 10000 tested.
2014-12-14 19:02:13 NeuralNetwork.py[line:94] INFO Accuracy: 0.501200
2014-12-14 19:02:13 NeuralNetwork.py[line:79] INFO Epoch 82 Batch 0 Avg loss 1.179025
2014-12-14 19:03:13 NeuralNetwork.py[line:79] INFO Epoch 82 Batch 306 Avg loss 1.192880
2014-12-14 19:03:54 NeuralNetwork.py[line:86] INFO Epoch 82 Loss 1.198800 Time elapsed 100.388361
2014-12-14 19:03:54 NeuralNetwork.py[line:193] INFO Model dumped to tanh-softmax-1600-0.00001-epoch-82.model
2014-12-14 19:03:54 NeuralNetwork.py[line:93] INFO Testing...
2014-12-14 19:03:54 NeuralNetwork.py[line:148] INFO Start testing: len 10000 batch_size 100
2014-12-14 19:04:01 NeuralNetwork.py[line:161] INFO Done forward. Outputs: 10000
2014-12-14 19:04:01 NeuralNetwork.py[line:165] INFO 10000 tested.
2014-12-14 19:04:01 NeuralNetwork.py[line:94] INFO Accuracy: 0.499100
2014-12-14 19:04:01 NeuralNetwork.py[line:79] INFO Epoch 83 Batch 0 Avg loss 1.184753
2014-12-14 19:05:01 NeuralNetwork.py[line:79] INFO Epoch 83 Batch 297 Avg loss 1.189618
2014-12-14 19:05:41 NeuralNetwork.py[line:86] INFO Epoch 83 Loss 1.195249 Time elapsed 99.789109
2014-12-14 19:05:41 NeuralNetwork.py[line:193] INFO Model dumped to tanh-softmax-1600-0.00001-epoch-83.model
2014-12-14 19:05:41 NeuralNetwork.py[line:93] INFO Testing...
2014-12-14 19:05:41 NeuralNetwork.py[line:148] INFO Start testing: len 10000 batch_size 100
2014-12-14 19:05:48 NeuralNetwork.py[line:161] INFO Done forward. Outputs: 10000
2014-12-14 19:05:48 NeuralNetwork.py[line:165] INFO 10000 tested.
2014-12-14 19:05:48 NeuralNetwork.py[line:94] INFO Accuracy: 0.498300
2014-12-14 19:05:48 NeuralNetwork.py[line:79] INFO Epoch 84 Batch 0 Avg loss 1.177102
2014-12-14 19:06:48 NeuralNetwork.py[line:79] INFO Epoch 84 Batch 304 Avg loss 1.184898
2014-12-14 19:07:26 NeuralNetwork.py[line:86] INFO Epoch 84 Loss 1.191899 Time elapsed 97.832922
2014-12-14 19:07:26 NeuralNetwork.py[line:193] INFO Model dumped to tanh-softmax-1600-0.00001-epoch-84.model
2014-12-14 19:07:26 NeuralNetwork.py[line:93] INFO Testing...
2014-12-14 19:07:26 NeuralNetwork.py[line:148] INFO Start testing: len 10000 batch_size 100
2014-12-14 19:07:33 NeuralNetwork.py[line:161] INFO Done forward. Outputs: 10000
2014-12-14 19:07:33 NeuralNetwork.py[line:165] INFO 10000 tested.
2014-12-14 19:07:33 NeuralNetwork.py[line:94] INFO Accuracy: 0.500700
2014-12-14 19:07:33 NeuralNetwork.py[line:79] INFO Epoch 85 Batch 0 Avg loss 1.172514
2014-12-14 19:08:33 NeuralNetwork.py[line:79] INFO Epoch 85 Batch 313 Avg loss 1.185259
2014-12-14 19:09:08 NeuralNetwork.py[line:86] INFO Epoch 85 Loss 1.191548 Time elapsed 95.742424
2014-12-14 19:09:10 NeuralNetwork.py[line:193] INFO Model dumped to tanh-softmax-1600-0.00001-epoch-85.model
2014-12-14 19:09:10 NeuralNetwork.py[line:93] INFO Testing...
2014-12-14 19:09:10 NeuralNetwork.py[line:148] INFO Start testing: len 10000 batch_size 100
2014-12-14 19:09:17 NeuralNetwork.py[line:161] INFO Done forward. Outputs: 10000
2014-12-14 19:09:17 NeuralNetwork.py[line:165] INFO 10000 tested.
2014-12-14 19:09:17 NeuralNetwork.py[line:94] INFO Accuracy: 0.499400
2014-12-14 19:09:17 NeuralNetwork.py[line:79] INFO Epoch 86 Batch 0 Avg loss 1.176314
2014-12-14 19:10:17 NeuralNetwork.py[line:79] INFO Epoch 86 Batch 304 Avg loss 1.181730
2014-12-14 19:10:55 NeuralNetwork.py[line:86] INFO Epoch 86 Loss 1.188513 Time elapsed 98.934871
2014-12-14 19:10:57 NeuralNetwork.py[line:193] INFO Model dumped to tanh-softmax-1600-0.00001-epoch-86.model
2014-12-14 19:10:57 NeuralNetwork.py[line:93] INFO Testing...
2014-12-14 19:10:57 NeuralNetwork.py[line:148] INFO Start testing: len 10000 batch_size 100
2014-12-14 19:11:03 NeuralNetwork.py[line:161] INFO Done forward. Outputs: 10000
2014-12-14 19:11:03 NeuralNetwork.py[line:165] INFO 10000 tested.
2014-12-14 19:11:04 NeuralNetwork.py[line:94] INFO Accuracy: 0.500200
2014-12-14 19:11:04 NeuralNetwork.py[line:79] INFO Epoch 87 Batch 0 Avg loss 1.164082
2014-12-14 19:12:04 NeuralNetwork.py[line:79] INFO Epoch 87 Batch 302 Avg loss 1.179324
2014-12-14 19:12:43 NeuralNetwork.py[line:86] INFO Epoch 87 Loss 1.187626 Time elapsed 99.031166
2014-12-14 19:12:43 NeuralNetwork.py[line:193] INFO Model dumped to tanh-softmax-1600-0.00001-epoch-87.model
2014-12-14 19:12:43 NeuralNetwork.py[line:93] INFO Testing...
2014-12-14 19:12:43 NeuralNetwork.py[line:148] INFO Start testing: len 10000 batch_size 100
2014-12-14 19:12:50 NeuralNetwork.py[line:161] INFO Done forward. Outputs: 10000
2014-12-14 19:12:50 NeuralNetwork.py[line:165] INFO 10000 tested.
2014-12-14 19:12:50 NeuralNetwork.py[line:94] INFO Accuracy: 0.501600
2014-12-14 19:12:50 NeuralNetwork.py[line:79] INFO Epoch 88 Batch 0 Avg loss 1.169991
2014-12-14 19:13:50 NeuralNetwork.py[line:79] INFO Epoch 88 Batch 310 Avg loss 1.180549
2014-12-14 19:14:27 NeuralNetwork.py[line:86] INFO Epoch 88 Loss 1.188016 Time elapsed 97.318888
2014-12-14 19:14:28 NeuralNetwork.py[line:193] INFO Model dumped to tanh-softmax-1600-0.00001-epoch-88.model
2014-12-14 19:14:28 NeuralNetwork.py[line:93] INFO Testing...
2014-12-14 19:14:28 NeuralNetwork.py[line:148] INFO Start testing: len 10000 batch_size 100
2014-12-14 19:14:34 NeuralNetwork.py[line:161] INFO Done forward. Outputs: 10000
2014-12-14 19:14:34 NeuralNetwork.py[line:165] INFO 10000 tested.
2014-12-14 19:14:34 NeuralNetwork.py[line:94] INFO Accuracy: 0.503000
2014-12-14 19:14:35 NeuralNetwork.py[line:79] INFO Epoch 89 Batch 0 Avg loss 1.160593
2014-12-14 19:15:35 NeuralNetwork.py[line:79] INFO Epoch 89 Batch 301 Avg loss 1.181161
2014-12-14 19:16:16 NeuralNetwork.py[line:86] INFO Epoch 89 Loss 1.187633 Time elapsed 101.131715
2014-12-14 19:16:16 NeuralNetwork.py[line:193] INFO Model dumped to tanh-softmax-1600-0.00001-epoch-89.model
2014-12-14 19:16:16 NeuralNetwork.py[line:93] INFO Testing...
2014-12-14 19:16:16 NeuralNetwork.py[line:148] INFO Start testing: len 10000 batch_size 100
2014-12-14 19:16:23 NeuralNetwork.py[line:161] INFO Done forward. Outputs: 10000
2014-12-14 19:16:23 NeuralNetwork.py[line:165] INFO 10000 tested.
2014-12-14 19:16:23 NeuralNetwork.py[line:94] INFO Accuracy: 0.501100
2014-12-14 19:16:23 NeuralNetwork.py[line:79] INFO Epoch 90 Batch 0 Avg loss 1.162476
2014-12-14 19:17:23 NeuralNetwork.py[line:79] INFO Epoch 90 Batch 299 Avg loss 1.177119
2014-12-14 19:18:02 NeuralNetwork.py[line:86] INFO Epoch 90 Loss 1.185351 Time elapsed 99.361064
2014-12-14 19:18:03 NeuralNetwork.py[line:193] INFO Model dumped to tanh-softmax-1600-0.00001-epoch-90.model
2014-12-14 19:18:03 NeuralNetwork.py[line:93] INFO Testing...
2014-12-14 19:18:03 NeuralNetwork.py[line:148] INFO Start testing: len 10000 batch_size 100
2014-12-14 19:18:09 NeuralNetwork.py[line:161] INFO Done forward. Outputs: 10000
2014-12-14 19:18:09 NeuralNetwork.py[line:165] INFO 10000 tested.
2014-12-14 19:18:09 NeuralNetwork.py[line:94] INFO Accuracy: 0.502000
2014-12-14 19:18:10 NeuralNetwork.py[line:79] INFO Epoch 91 Batch 0 Avg loss 1.165045
2014-12-14 19:19:10 NeuralNetwork.py[line:79] INFO Epoch 91 Batch 297 Avg loss 1.174845
2014-12-14 19:19:51 NeuralNetwork.py[line:86] INFO Epoch 91 Loss 1.182869 Time elapsed 101.284337
2014-12-14 19:19:51 NeuralNetwork.py[line:193] INFO Model dumped to tanh-softmax-1600-0.00001-epoch-91.model
2014-12-14 19:19:51 NeuralNetwork.py[line:93] INFO Testing...
2014-12-14 19:19:51 NeuralNetwork.py[line:148] INFO Start testing: len 10000 batch_size 100
2014-12-14 19:19:58 NeuralNetwork.py[line:161] INFO Done forward. Outputs: 10000
2014-12-14 19:19:58 NeuralNetwork.py[line:165] INFO 10000 tested.
2014-12-14 19:19:58 NeuralNetwork.py[line:94] INFO Accuracy: 0.501200
2014-12-14 19:19:58 NeuralNetwork.py[line:79] INFO Epoch 92 Batch 0 Avg loss 1.158762
2014-12-14 19:20:58 NeuralNetwork.py[line:79] INFO Epoch 92 Batch 293 Avg loss 1.173470
2014-12-14 19:21:34 NeuralNetwork.py[line:86] INFO Epoch 92 Loss 1.181042 Time elapsed 96.368642
2014-12-14 19:21:35 NeuralNetwork.py[line:193] INFO Model dumped to tanh-softmax-1600-0.00001-epoch-92.model
2014-12-14 19:21:35 NeuralNetwork.py[line:93] INFO Testing...
2014-12-14 19:21:35 NeuralNetwork.py[line:148] INFO Start testing: len 10000 batch_size 100
2014-12-14 19:21:41 NeuralNetwork.py[line:161] INFO Done forward. Outputs: 10000
2014-12-14 19:21:41 NeuralNetwork.py[line:165] INFO 10000 tested.
2014-12-14 19:21:41 NeuralNetwork.py[line:94] INFO Accuracy: 0.501000
2014-12-14 19:21:42 NeuralNetwork.py[line:79] INFO Epoch 93 Batch 0 Avg loss 1.160483
2014-12-14 19:22:42 NeuralNetwork.py[line:79] INFO Epoch 93 Batch 331 Avg loss 1.173456
2014-12-14 19:23:14 NeuralNetwork.py[line:86] INFO Epoch 93 Loss 1.178941 Time elapsed 92.388902
2014-12-14 19:23:15 NeuralNetwork.py[line:193] INFO Model dumped to tanh-softmax-1600-0.00001-epoch-93.model
2014-12-14 19:23:15 NeuralNetwork.py[line:93] INFO Testing...
2014-12-14 19:23:15 NeuralNetwork.py[line:148] INFO Start testing: len 10000 batch_size 100
2014-12-14 19:23:21 NeuralNetwork.py[line:161] INFO Done forward. Outputs: 10000
2014-12-14 19:23:21 NeuralNetwork.py[line:165] INFO 10000 tested.
2014-12-14 19:23:21 NeuralNetwork.py[line:94] INFO Accuracy: 0.502900
2014-12-14 19:23:21 NeuralNetwork.py[line:79] INFO Epoch 94 Batch 0 Avg loss 1.155564
2014-12-14 19:24:21 NeuralNetwork.py[line:79] INFO Epoch 94 Batch 310 Avg loss 1.170608
2014-12-14 19:24:59 NeuralNetwork.py[line:86] INFO Epoch 94 Loss 1.178481 Time elapsed 98.295228
2014-12-14 19:25:00 NeuralNetwork.py[line:193] INFO Model dumped to tanh-softmax-1600-0.00001-epoch-94.model
2014-12-14 19:25:00 NeuralNetwork.py[line:93] INFO Testing...
2014-12-14 19:25:00 NeuralNetwork.py[line:148] INFO Start testing: len 10000 batch_size 100
2014-12-14 19:25:07 NeuralNetwork.py[line:161] INFO Done forward. Outputs: 10000
2014-12-14 19:25:07 NeuralNetwork.py[line:165] INFO 10000 tested.
2014-12-14 19:25:07 NeuralNetwork.py[line:94] INFO Accuracy: 0.500800
2014-12-14 19:25:07 NeuralNetwork.py[line:79] INFO Epoch 95 Batch 0 Avg loss 1.159739
2014-12-14 19:26:07 NeuralNetwork.py[line:79] INFO Epoch 95 Batch 294 Avg loss 1.169429
2014-12-14 19:26:49 NeuralNetwork.py[line:86] INFO Epoch 95 Loss 1.176711 Time elapsed 101.642906
2014-12-14 19:26:50 NeuralNetwork.py[line:193] INFO Model dumped to tanh-softmax-1600-0.00001-epoch-95.model
2014-12-14 19:26:50 NeuralNetwork.py[line:93] INFO Testing...
2014-12-14 19:26:50 NeuralNetwork.py[line:148] INFO Start testing: len 10000 batch_size 100
2014-12-14 19:26:57 NeuralNetwork.py[line:161] INFO Done forward. Outputs: 10000
2014-12-14 19:26:57 NeuralNetwork.py[line:165] INFO 10000 tested.
2014-12-14 19:26:57 NeuralNetwork.py[line:94] INFO Accuracy: 0.500600
2014-12-14 19:26:57 NeuralNetwork.py[line:79] INFO Epoch 96 Batch 0 Avg loss 1.149882
2014-12-14 19:27:57 NeuralNetwork.py[line:79] INFO Epoch 96 Batch 293 Avg loss 1.166459
2014-12-14 19:28:36 NeuralNetwork.py[line:86] INFO Epoch 96 Loss 1.174690 Time elapsed 99.710516
2014-12-14 19:28:37 NeuralNetwork.py[line:193] INFO Model dumped to tanh-softmax-1600-0.00001-epoch-96.model
2014-12-14 19:28:37 NeuralNetwork.py[line:93] INFO Testing...
2014-12-14 19:28:37 NeuralNetwork.py[line:148] INFO Start testing: len 10000 batch_size 100
2014-12-14 19:28:44 NeuralNetwork.py[line:161] INFO Done forward. Outputs: 10000
2014-12-14 19:28:44 NeuralNetwork.py[line:165] INFO 10000 tested.
2014-12-14 19:28:44 NeuralNetwork.py[line:94] INFO Accuracy: 0.500200
2014-12-14 19:28:44 NeuralNetwork.py[line:79] INFO Epoch 97 Batch 0 Avg loss 1.144795
2014-12-14 19:29:44 NeuralNetwork.py[line:79] INFO Epoch 97 Batch 310 Avg loss 1.165616
2014-12-14 19:30:20 NeuralNetwork.py[line:86] INFO Epoch 97 Loss 1.172109 Time elapsed 96.885858
2014-12-14 19:30:21 NeuralNetwork.py[line:193] INFO Model dumped to tanh-softmax-1600-0.00001-epoch-97.model
2014-12-14 19:30:21 NeuralNetwork.py[line:93] INFO Testing...
2014-12-14 19:30:21 NeuralNetwork.py[line:148] INFO Start testing: len 10000 batch_size 100
2014-12-14 19:30:28 NeuralNetwork.py[line:161] INFO Done forward. Outputs: 10000
2014-12-14 19:30:28 NeuralNetwork.py[line:165] INFO 10000 tested.
2014-12-14 19:30:28 NeuralNetwork.py[line:94] INFO Accuracy: 0.497700
2014-12-14 19:30:28 NeuralNetwork.py[line:79] INFO Epoch 98 Batch 0 Avg loss 1.141443
2014-12-14 19:31:28 NeuralNetwork.py[line:79] INFO Epoch 98 Batch 330 Avg loss 1.164017
2014-12-14 19:31:57 NeuralNetwork.py[line:86] INFO Epoch 98 Loss 1.170499 Time elapsed 89.879498
2014-12-14 19:31:58 NeuralNetwork.py[line:193] INFO Model dumped to tanh-softmax-1600-0.00001-epoch-98.model
2014-12-14 19:31:58 NeuralNetwork.py[line:93] INFO Testing...
2014-12-14 19:31:58 NeuralNetwork.py[line:148] INFO Start testing: len 10000 batch_size 100
2014-12-14 19:32:04 NeuralNetwork.py[line:161] INFO Done forward. Outputs: 10000
2014-12-14 19:32:04 NeuralNetwork.py[line:165] INFO 10000 tested.
2014-12-14 19:32:04 NeuralNetwork.py[line:94] INFO Accuracy: 0.501500
2014-12-14 19:32:04 NeuralNetwork.py[line:79] INFO Epoch 99 Batch 0 Avg loss 1.146450
2014-12-14 19:33:05 NeuralNetwork.py[line:79] INFO Epoch 99 Batch 342 Avg loss 1.165542
2014-12-14 19:33:32 NeuralNetwork.py[line:86] INFO Epoch 99 Loss 1.170078 Time elapsed 88.127057
2014-12-14 19:33:33 NeuralNetwork.py[line:193] INFO Model dumped to tanh-softmax-1600-0.00001-epoch-99.model
2014-12-14 19:33:33 NeuralNetwork.py[line:93] INFO Testing...
2014-12-14 19:33:33 NeuralNetwork.py[line:148] INFO Start testing: len 10000 batch_size 100
2014-12-14 19:33:39 NeuralNetwork.py[line:161] INFO Done forward. Outputs: 10000
2014-12-14 19:33:39 NeuralNetwork.py[line:165] INFO 10000 tested.
2014-12-14 19:33:39 NeuralNetwork.py[line:94] INFO Accuracy: 0.501200
2014-12-14 19:33:39 NeuralNetwork.py[line:148] INFO Start testing: len 10000 batch_size 100
2014-12-14 19:33:46 NeuralNetwork.py[line:161] INFO Done forward. Outputs: 10000
2014-12-14 19:33:46 NeuralNetwork.py[line:165] INFO 10000 tested.
(0.50119999999999998, array([[548,  55,  52,  26,  19,  19,  23,  48, 133,  77],
       [ 22, 658,   5,  15,   8,  29,  18,  30,  40, 175],
       [ 98,  37, 325,  89,  81, 109, 116,  94,  21,  30],
       [ 24,  44,  66, 357,  27, 205, 119,  65,  22,  71],
       [ 58,  22, 123,  79, 336,  93, 124, 114,  26,  25],
       [ 20,  26,  80, 214,  43, 407,  77,  81,  21,  31],
       [ 10,  24,  60, 107,  63,  77, 585,  31,  17,  26],
       [ 25,  32,  35,  75,  44,  85,  34, 593,  18,  59],
       [ 94, 102,   4,  29,  13,  32,  10,  17, 612,  87],
       [ 32, 205,   5,  33,   5,  25,  24,  39,  41, 591]]))
